This is pdfTeX, Version 3.141592653-2.6-1.40.27 (TeX Live 2025) (preloaded format=pdflatex 2025.3.8)  15 DEC 2025 20:07
entering extended mode
 restricted \write18 enabled.
 %&-line parsing enabled.
**final_report.tex
(./final_report.tex
LaTeX2e <2024-11-01> patch level 2
L3 programming layer <2025-01-18>
(/usr/local/texlive/2025/texmf-dist/tex/latex/base/article.cls
Document Class: article 2024/06/29 v1.4n Standard LaTeX document class
(/usr/local/texlive/2025/texmf-dist/tex/latex/base/size12.clo
File: size12.clo 2024/06/29 v1.4n Standard LaTeX file (size option)
)
\c@part=\count196
\c@section=\count197
\c@subsection=\count198
\c@subsubsection=\count199
\c@paragraph=\count266
\c@subparagraph=\count267
\c@figure=\count268
\c@table=\count269
\abovecaptionskip=\skip49
\belowcaptionskip=\skip50
\bibindent=\dimen141
)
(/usr/local/texlive/2025/texmf-dist/tex/latex/setspace/setspace.sty
Package: setspace 2022/12/04 v6.7b set line spacing
)
(/usr/local/texlive/2025/texmf-dist/tex/latex/psnfss/times.sty
Package: times 2020/03/25 PSNFSS-v9.3 (SPQR) 
)
(/usr/local/texlive/2025/texmf-dist/tex/latex/graphics/epsfig.sty
Package: epsfig 2024/01/14 v1.7b (e)psfig emulation (SPQR)

(/usr/local/texlive/2025/texmf-dist/tex/latex/graphics/graphicx.sty
Package: graphicx 2021/09/16 v1.2d Enhanced LaTeX Graphics (DPC,SPQR)

(/usr/local/texlive/2025/texmf-dist/tex/latex/graphics/keyval.sty
Package: keyval 2022/05/29 v1.15 key=value parser (DPC)
\KV@toks@=\toks17
)
(/usr/local/texlive/2025/texmf-dist/tex/latex/graphics/graphics.sty
Package: graphics 2024/08/06 v1.4g Standard LaTeX Graphics (DPC,SPQR)

(/usr/local/texlive/2025/texmf-dist/tex/latex/graphics/trig.sty
Package: trig 2023/12/02 v1.11 sin cos tan (DPC)
)
(/usr/local/texlive/2025/texmf-dist/tex/latex/graphics-cfg/graphics.cfg
File: graphics.cfg 2016/06/04 v1.11 sample graphics configuration
)
Package graphics Info: Driver file: pdftex.def on input line 106.

(/usr/local/texlive/2025/texmf-dist/tex/latex/graphics-def/pdftex.def
File: pdftex.def 2024/04/13 v1.2c Graphics/color driver for pdftex
))
\Gin@req@height=\dimen142
\Gin@req@width=\dimen143
)
\epsfxsize=\dimen144
\epsfysize=\dimen145
)
(/usr/local/texlive/2025/texmf-dist/tex/latex/amsmath/amsmath.sty
Package: amsmath 2024/11/05 v2.17t AMS math features
\@mathmargin=\skip51

For additional information on amsmath, use the `?' option.
(/usr/local/texlive/2025/texmf-dist/tex/latex/amsmath/amstext.sty
Package: amstext 2021/08/26 v2.01 AMS text

(/usr/local/texlive/2025/texmf-dist/tex/latex/amsmath/amsgen.sty
File: amsgen.sty 1999/11/30 v2.0 generic functions
\@emptytoks=\toks18
\ex@=\dimen146
))
(/usr/local/texlive/2025/texmf-dist/tex/latex/amsmath/amsbsy.sty
Package: amsbsy 1999/11/29 v1.2d Bold Symbols
\pmbraise@=\dimen147
)
(/usr/local/texlive/2025/texmf-dist/tex/latex/amsmath/amsopn.sty
Package: amsopn 2022/04/08 v2.04 operator names
)
\inf@bad=\count270
LaTeX Info: Redefining \frac on input line 233.
\uproot@=\count271
\leftroot@=\count272
LaTeX Info: Redefining \overline on input line 398.
LaTeX Info: Redefining \colon on input line 409.
\classnum@=\count273
\DOTSCASE@=\count274
LaTeX Info: Redefining \ldots on input line 495.
LaTeX Info: Redefining \dots on input line 498.
LaTeX Info: Redefining \cdots on input line 619.
\Mathstrutbox@=\box52
\strutbox@=\box53
LaTeX Info: Redefining \big on input line 721.
LaTeX Info: Redefining \Big on input line 722.
LaTeX Info: Redefining \bigg on input line 723.
LaTeX Info: Redefining \Bigg on input line 724.
\big@size=\dimen148
LaTeX Font Info:    Redeclaring font encoding OML on input line 742.
LaTeX Font Info:    Redeclaring font encoding OMS on input line 743.
\macc@depth=\count275
LaTeX Info: Redefining \bmod on input line 904.
LaTeX Info: Redefining \pmod on input line 909.
LaTeX Info: Redefining \smash on input line 939.
LaTeX Info: Redefining \relbar on input line 969.
LaTeX Info: Redefining \Relbar on input line 970.
\c@MaxMatrixCols=\count276
\dotsspace@=\muskip17
\c@parentequation=\count277
\dspbrk@lvl=\count278
\tag@help=\toks19
\row@=\count279
\column@=\count280
\maxfields@=\count281
\andhelp@=\toks20
\eqnshift@=\dimen149
\alignsep@=\dimen150
\tagshift@=\dimen151
\tagwidth@=\dimen152
\totwidth@=\dimen153
\lineht@=\dimen154
\@envbody=\toks21
\multlinegap=\skip52
\multlinetaggap=\skip53
\mathdisplay@stack=\toks22
LaTeX Info: Redefining \[ on input line 2953.
LaTeX Info: Redefining \] on input line 2954.
)
(/usr/local/texlive/2025/texmf-dist/tex/latex/amsfonts/amssymb.sty
Package: amssymb 2013/01/14 v3.01 AMS font symbols

(/usr/local/texlive/2025/texmf-dist/tex/latex/amsfonts/amsfonts.sty
Package: amsfonts 2013/01/14 v3.01 Basic AMSFonts support
\symAMSa=\mathgroup4
\symAMSb=\mathgroup5
LaTeX Font Info:    Redeclaring math symbol \hbar on input line 98.
LaTeX Font Info:    Overwriting math alphabet `\mathfrak' in version `bold'
(Font)                  U/euf/m/n --> U/euf/b/n on input line 106.
))
(/usr/local/texlive/2025/texmf-dist/tex/latex/booktabs/booktabs.sty
Package: booktabs 2020/01/12 v1.61803398 Publication quality tables
\heavyrulewidth=\dimen155
\lightrulewidth=\dimen156
\cmidrulewidth=\dimen157
\belowrulesep=\dimen158
\belowbottomsep=\dimen159
\aboverulesep=\dimen160
\abovetopsep=\dimen161
\cmidrulesep=\dimen162
\cmidrulekern=\dimen163
\defaultaddspace=\dimen164
\@cmidla=\count282
\@cmidlb=\count283
\@aboverulesep=\dimen165
\@belowrulesep=\dimen166
\@thisruleclass=\count284
\@lastruleclass=\count285
\@thisrulewidth=\dimen167
)
(/usr/local/texlive/2025/texmf-dist/tex/latex/multirow/multirow.sty
Package: multirow 2024/11/12 v2.9 Span multiple rows of a table
\multirow@colwidth=\skip54
\multirow@cntb=\count286
\multirow@dima=\skip55
\bigstrutjot=\dimen168
)
(/usr/local/texlive/2025/texmf-dist/tex/latex/hyperref/hyperref.sty
Package: hyperref 2024-11-05 v7.01l Hypertext links for LaTeX

(/usr/local/texlive/2025/texmf-dist/tex/generic/iftex/iftex.sty
Package: iftex 2024/12/12 v1.0g TeX engine tests
)
(/usr/local/texlive/2025/texmf-dist/tex/latex/kvsetkeys/kvsetkeys.sty
Package: kvsetkeys 2022-10-05 v1.19 Key value parser (HO)
)
(/usr/local/texlive/2025/texmf-dist/tex/generic/kvdefinekeys/kvdefinekeys.sty
Package: kvdefinekeys 2019-12-19 v1.6 Define keys (HO)
)
(/usr/local/texlive/2025/texmf-dist/tex/generic/pdfescape/pdfescape.sty
Package: pdfescape 2019/12/09 v1.15 Implements pdfTeX's escape features (HO)

(/usr/local/texlive/2025/texmf-dist/tex/generic/ltxcmds/ltxcmds.sty
Package: ltxcmds 2023-12-04 v1.26 LaTeX kernel commands for general use (HO)
)
(/usr/local/texlive/2025/texmf-dist/tex/generic/pdftexcmds/pdftexcmds.sty
Package: pdftexcmds 2020-06-27 v0.33 Utility functions of pdfTeX for LuaTeX (HO
)

(/usr/local/texlive/2025/texmf-dist/tex/generic/infwarerr/infwarerr.sty
Package: infwarerr 2019/12/03 v1.5 Providing info/warning/error messages (HO)
)
Package pdftexcmds Info: \pdf@primitive is available.
Package pdftexcmds Info: \pdf@ifprimitive is available.
Package pdftexcmds Info: \pdfdraftmode found.
))
(/usr/local/texlive/2025/texmf-dist/tex/latex/hycolor/hycolor.sty
Package: hycolor 2020-01-27 v1.10 Color options for hyperref/bookmark (HO)
)
(/usr/local/texlive/2025/texmf-dist/tex/latex/hyperref/nameref.sty
Package: nameref 2023-11-26 v2.56 Cross-referencing by name of section

(/usr/local/texlive/2025/texmf-dist/tex/latex/refcount/refcount.sty
Package: refcount 2019/12/15 v3.6 Data extraction from label references (HO)
)
(/usr/local/texlive/2025/texmf-dist/tex/generic/gettitlestring/gettitlestring.s
ty
Package: gettitlestring 2019/12/15 v1.6 Cleanup title references (HO)
 (/usr/local/texlive/2025/texmf-dist/tex/latex/kvoptions/kvoptions.sty
Package: kvoptions 2022-06-15 v3.15 Key value format for package options (HO)
))
\c@section@level=\count287
)
(/usr/local/texlive/2025/texmf-dist/tex/latex/etoolbox/etoolbox.sty
Package: etoolbox 2025/02/11 v2.5l e-TeX tools for LaTeX (JAW)
\etb@tempcnta=\count288
)
(/usr/local/texlive/2025/texmf-dist/tex/generic/stringenc/stringenc.sty
Package: stringenc 2019/11/29 v1.12 Convert strings between diff. encodings (HO
)
)
\@linkdim=\dimen169
\Hy@linkcounter=\count289
\Hy@pagecounter=\count290

(/usr/local/texlive/2025/texmf-dist/tex/latex/hyperref/pd1enc.def
File: pd1enc.def 2024-11-05 v7.01l Hyperref: PDFDocEncoding definition (HO)
Now handling font encoding PD1 ...
... no UTF-8 mapping file for font encoding PD1
)
(/usr/local/texlive/2025/texmf-dist/tex/generic/intcalc/intcalc.sty
Package: intcalc 2019/12/15 v1.3 Expandable calculations with integers (HO)
)
\Hy@SavedSpaceFactor=\count291

(/usr/local/texlive/2025/texmf-dist/tex/latex/hyperref/puenc.def
File: puenc.def 2024-11-05 v7.01l Hyperref: PDF Unicode definition (HO)
Now handling font encoding PU ...
... no UTF-8 mapping file for font encoding PU
)
Package hyperref Info: Option `breaklinks' set `true' on input line 4040.
Package hyperref Info: Option `colorlinks' set `true' on input line 4040.
Package hyperref Info: Option `bookmarks' set `false' on input line 4040.
Package hyperref Info: Hyper figures OFF on input line 4157.
Package hyperref Info: Link nesting OFF on input line 4162.
Package hyperref Info: Hyper index ON on input line 4165.
Package hyperref Info: Plain pages OFF on input line 4172.
Package hyperref Info: Backreferencing ON on input line 4175.
Package hyperref Info: Implicit mode ON; LaTeX internals redefined.
Package hyperref Info: Bookmarks OFF on input line 4430.

(/usr/local/texlive/2025/texmf-dist/tex/latex/hyperref/backref.sty
Package: backref 2023-11-26 v1.44 Bibliographical back referencing

(/usr/local/texlive/2025/texmf-dist/tex/latex/rerunfilecheck/rerunfilecheck.sty
Package: rerunfilecheck 2022-07-10 v1.10 Rerun checks for auxiliary files (HO)
(/usr/local/texlive/2025/texmf-dist/tex/latex/base/atveryend-ltx.sty
Package: atveryend-ltx 2020/08/19 v1.0a Emulation of the original atveryend pac
kage
with kernel methods
)
(/usr/local/texlive/2025/texmf-dist/tex/generic/uniquecounter/uniquecounter.sty
Package: uniquecounter 2019/12/15 v1.4 Provide unlimited unique counter (HO)
(/usr/local/texlive/2025/texmf-dist/tex/generic/bigintcalc/bigintcalc.sty
Package: bigintcalc 2019/12/15 v1.5 Expandable calculations on big integers (HO
)
))
Package uniquecounter Info: New unique counter `rerunfilecheck' on input line 2
85.
))
\c@Hy@tempcnt=\count292

(/usr/local/texlive/2025/texmf-dist/tex/latex/url/url.sty
\Urlmuskip=\muskip18
Package: url 2013/09/16  ver 3.4  Verb mode for urls, etc.
)
LaTeX Info: Redefining \url on input line 4763.
\XeTeXLinkMargin=\dimen170

(/usr/local/texlive/2025/texmf-dist/tex/generic/bitset/bitset.sty
Package: bitset 2019/12/09 v1.3 Handle bit-vector datatype (HO)
)
\Fld@menulength=\count293
\Field@Width=\dimen171
\Fld@charsize=\dimen172
Package hyperref Info: Hyper figures OFF on input line 6042.
Package hyperref Info: Link nesting OFF on input line 6047.
Package hyperref Info: Hyper index ON on input line 6050.
Package hyperref Info: backreferencing ON on input line 6055.
Package hyperref Info: Link coloring ON on input line 6060.
Package hyperref Info: Link coloring with OCG OFF on input line 6067.
Package hyperref Info: PDF/A mode OFF on input line 6072.

(/usr/local/texlive/2025/texmf-dist/tex/latex/base/atbegshi-ltx.sty
Package: atbegshi-ltx 2021/01/10 v1.0c Emulation of the original atbegshi
package with kernel methods
)
\Hy@abspage=\count294
\c@Item=\count295
\c@Hfootnote=\count296
)
Package hyperref Info: Driver (autodetected): hpdftex.

(/usr/local/texlive/2025/texmf-dist/tex/latex/hyperref/hpdftex.def
File: hpdftex.def 2024-11-05 v7.01l Hyperref driver for pdfTeX
\Fld@listcount=\count297
\c@bookmark@seq@number=\count298
\Hy@SectionHShift=\skip56
)
LaTeX Font Info:    Trying to load font information for OT1+ptm on input line 1
9.

(/usr/local/texlive/2025/texmf-dist/tex/latex/psnfss/ot1ptm.fd
File: ot1ptm.fd 2001/06/04 font definitions for OT1/ptm.
)
(/usr/local/texlive/2025/texmf-dist/tex/latex/l3backend/l3backend-pdftex.def
File: l3backend-pdftex.def 2024-05-08 L3 backend support: PDF output (pdfTeX)
\l__color_backend_stack_int=\count299
\l__pdf_internal_box=\box54
)
(./final_report.aux)
\openout1 = `final_report.aux'.

LaTeX Font Info:    Checking defaults for OML/cmm/m/it on input line 19.
LaTeX Font Info:    ... okay on input line 19.
LaTeX Font Info:    Checking defaults for OMS/cmsy/m/n on input line 19.
LaTeX Font Info:    ... okay on input line 19.
LaTeX Font Info:    Checking defaults for OT1/cmr/m/n on input line 19.
LaTeX Font Info:    ... okay on input line 19.
LaTeX Font Info:    Checking defaults for T1/cmr/m/n on input line 19.
LaTeX Font Info:    ... okay on input line 19.
LaTeX Font Info:    Checking defaults for TS1/cmr/m/n on input line 19.
LaTeX Font Info:    ... okay on input line 19.
LaTeX Font Info:    Checking defaults for OMX/cmex/m/n on input line 19.
LaTeX Font Info:    ... okay on input line 19.
LaTeX Font Info:    Checking defaults for U/cmr/m/n on input line 19.
LaTeX Font Info:    ... okay on input line 19.
LaTeX Font Info:    Checking defaults for PD1/pdf/m/n on input line 19.
LaTeX Font Info:    ... okay on input line 19.
LaTeX Font Info:    Checking defaults for PU/pdf/m/n on input line 19.
LaTeX Font Info:    ... okay on input line 19.

(/usr/local/texlive/2025/texmf-dist/tex/context/base/mkii/supp-pdf.mkii
[Loading MPS to PDF converter (version 2006.09.02).]
\scratchcounter=\count300
\scratchdimen=\dimen173
\scratchbox=\box55
\nofMPsegments=\count301
\nofMParguments=\count302
\everyMPshowfont=\toks23
\MPscratchCnt=\count303
\MPscratchDim=\dimen174
\MPnumerator=\count304
\makeMPintoPDFobject=\count305
\everyMPtoPDFconversion=\toks24
) (/usr/local/texlive/2025/texmf-dist/tex/latex/epstopdf-pkg/epstopdf-base.sty
Package: epstopdf-base 2020-01-24 v2.11 Base part for package epstopdf
Package epstopdf-base Info: Redefining graphics rule for `.eps' on input line 4
85.

(/usr/local/texlive/2025/texmf-dist/tex/latex/latexconfig/epstopdf-sys.cfg
File: epstopdf-sys.cfg 2010/07/13 v1.3 Configuration of (r)epstopdf for TeX Liv
e
))
(/usr/local/texlive/2025/texmf-dist/tex/latex/graphics/color.sty
Package: color 2024/06/23 v1.3e Standard LaTeX Color (DPC)

(/usr/local/texlive/2025/texmf-dist/tex/latex/graphics-cfg/color.cfg
File: color.cfg 2016/01/02 v1.6 sample color configuration
)
Package color Info: Driver file: pdftex.def on input line 149.

(/usr/local/texlive/2025/texmf-dist/tex/latex/graphics/mathcolor.ltx))
Package hyperref Info: Link coloring ON on input line 19.
LaTeX Font Info:    Trying to load font information for U+msa on input line 30.


(/usr/local/texlive/2025/texmf-dist/tex/latex/amsfonts/umsa.fd
File: umsa.fd 2013/01/14 v3.01 AMS symbols A
)
LaTeX Font Info:    Trying to load font information for U+msb on input line 30.


(/usr/local/texlive/2025/texmf-dist/tex/latex/amsfonts/umsb.fd
File: umsb.fd 2013/01/14 v3.01 AMS symbols B
)
LaTeX Font Info:    Trying to load font information for OT1+pcr on input line 3
0.

(/usr/local/texlive/2025/texmf-dist/tex/latex/psnfss/ot1pcr.fd
File: ot1pcr.fd 2001/06/04 font definitions for OT1/pcr.
)
LaTeX Font Info:    Trying to load font information for OMS+pcr on input line 3
0.

(/usr/local/texlive/2025/texmf-dist/tex/latex/psnfss/omspcr.fd
File: omspcr.fd 
)
LaTeX Font Info:    Font shape `OMS/pcr/m/n' in size <10.95> not available
(Font)              Font shape `OMS/cmsy/m/n' tried instead on input line 30.


[1

{/usr/local/texlive/2025/texmf-var/fonts/map/pdftex/updmap/pdftex.map}{/usr/loc
al/texlive/2025/texmf-dist/fonts/enc/dvips/base/8r.enc}]
Overfull \hbox (5.396pt too wide) in paragraph at lines 43--44
\OT1/ptm/m/n/12 This project ad-dresses the chal-lenge of au-to-mated syn-theti
c video de-tec-tion through
 []

LaTeX Font Info:    Trying to load font information for TS1+ptm on input line 4
5.
(/usr/local/texlive/2025/texmf-dist/tex/latex/psnfss/ts1ptm.fd
File: ts1ptm.fd 2001/06/04 font definitions for TS1/ptm.
)

[2]
Overfull \hbox (1.53168pt too wide) in paragraph at lines 62--63
[]\OT1/ptm/m/n/12 We com-bine hand-crafted fea-ture en-gi-neer-ing with deep le
arn-ing ap-proaches,
 []


Overfull \hbox (14.26439pt too wide) in paragraph at lines 72--74
\OT1/ptm/b/n/12 Stage 1: Video In-ges-tion and Pre-pro-cess-ing. \OT1/ptm/m/n/1
2 For-mat stan-dard-iza-tion (MP4/H.264),
 []



[3]
Overfull \hbox (6.82303pt too wide) in paragraph at lines 78--80
\OT1/ptm/m/n/12 resid-u-als, DCT co-ef-fi-cients, edge/boundary anal-y-sis, blu
r/sharpness met-rics, codec-
 []


Overfull \hbox (5.45316pt too wide) in paragraph at lines 94--95
[]\OT1/ptm/m/n/12 An ex-tended Lo-gis-tic Re-gres-sion model in-cor-po-rates 26
 fea-tures af-ter collinear-
 []



[4]
Overfull \hbox (7.11066pt too wide) in paragraph at lines 104--105
[]\OT1/ptm/b/n/12 Inception-v3\OT1/ptm/m/n/12 : Ex-tracts 2432-dimensional fea-
tures from ImageNet-pretrained
 []


Overfull \hbox (0.33066pt too wide) in paragraph at lines 105--106
[]\OT1/ptm/b/n/12 I3D\OT1/ptm/m/n/12 : Ex-tracts 2432-dimensional spa-tiotem-po
-ral fea-tures from Kinetics-400-
 []


Overfull \hbox (4.66402pt too wide) in paragraph at lines 109--111
\OT1/ptm/b/n/12 ViT-GRU. \OT1/ptm/m/n/12 This ar-chi-tec-ture ex-tracts 3072-di
mensional fea-tures from Vi-sion Trans-
 []


Overfull \hbox (14.01231pt too wide) in paragraph at lines 109--111
\OT1/ptm/m/n/12 early stop-ping reach-ing max-i-mum it-er-a-tions (200/200) wit
h-out im-prove-ment, achiev-
 []



[5]
Overfull \hbox (9.69286pt too wide) in paragraph at lines 128--130
\OT1/ptm/m/n/12 vec-tors (2432--3072 di-men-sions). Af-ter re-mov-ing zero-vari
ance and highly collinear
 []



[6]
Overfull \hbox (38.05254pt too wide) in paragraph at lines 165--182
 [][] 
 []


Overfull \hbox (9.48439pt too wide) in paragraph at lines 189--190
[]\OT1/ptm/m/n/12 XGBoost on pre-trained fea-tures demon-strates sub-stan-tial 
trans-fer learn-ing value:
 []

<../data/stage5/sklearn_logreg/roc_pr_curves.png, id=71, 867.24pt x 361.35pt>
File: ../data/stage5/sklearn_logreg/roc_pr_curves.png Graphic file (type png)
<use ../data/stage5/sklearn_logreg/roc_pr_curves.png>
Package pdftex.def Info: ../data/stage5/sklearn_logreg/roc_pr_curves.png  used 
on input line 193.
(pdftex.def)             Requested size: 312.00119pt x 130.00319pt.
<../data/stage5/gradient_boosting/xgboost/roc_pr_curves.png, id=73, 867.24pt x 
361.35pt>
File: ../data/stage5/gradient_boosting/xgboost/roc_pr_curves.png Graphic file (
type png)
<use ../data/stage5/gradient_boosting/xgboost/roc_pr_curves.png>
Package pdftex.def Info: ../data/stage5/gradient_boosting/xgboost/roc_pr_curves
.png  used on input line 195.
(pdftex.def)             Requested size: 312.00119pt x 130.00319pt.


[7]
<../data/stage5/logistic_regression/plots/cv_fold_comparison.png, id=87, 1071.0
414pt x 706.8006pt>
File: ../data/stage5/logistic_regression/plots/cv_fold_comparison.png Graphic f
ile (type png)
<use ../data/stage5/logistic_regression/plots/cv_fold_comparison.png>
Package pdftex.def Info: ../data/stage5/logistic_regression/plots/cv_fold_compa
rison.png  used on input line 206.
(pdftex.def)             Requested size: 175.49881pt x 115.8082pt.
<../data/stage5/svm/plots/cv_fold_comparison.png, id=88, 1071.0414pt x 706.8006
pt>
File: ../data/stage5/svm/plots/cv_fold_comparison.png Graphic file (type png)
<use ../data/stage5/svm/plots/cv_fold_comparison.png>
Package pdftex.def Info: ../data/stage5/svm/plots/cv_fold_comparison.png  used 
on input line 208.
(pdftex.def)             Requested size: 175.49881pt x 115.8082pt.

Overfull \hbox (21.23128pt too wide) in paragraph at lines 213--214
[]\OT1/ptm/m/n/12 Traditional ML mod-els (Lo-gis-tic Re-gres-sion, SVM) ex-hibi
t higher cross-validation
 []



[8 <../data/stage5/sklearn_logreg/roc_pr_curves.png> <../data/stage5/gradient_b
oosting/xgboost/roc_pr_curves.png>]
<../data/stage5/xgboost_i3d/plots/cv_fold_comparison.png, id=100, 1071.0414pt x
 706.8006pt>
File: ../data/stage5/xgboost_i3d/plots/cv_fold_comparison.png Graphic file (typ
e png)
<use ../data/stage5/xgboost_i3d/plots/cv_fold_comparison.png>
Package pdftex.def Info: ../data/stage5/xgboost_i3d/plots/cv_fold_comparison.pn
g  used on input line 222.
(pdftex.def)             Requested size: 175.49881pt x 115.8082pt.
<../data/stage5/xgboost_r2plus1d/plots/cv_fold_comparison.png, id=101, 1071.041
4pt x 706.8006pt>
File: ../data/stage5/xgboost_r2plus1d/plots/cv_fold_comparison.png Graphic file
 (type png)
<use ../data/stage5/xgboost_r2plus1d/plots/cv_fold_comparison.png>
Package pdftex.def Info: ../data/stage5/xgboost_r2plus1d/plots/cv_fold_comparis
on.png  used on input line 224.
(pdftex.def)             Requested size: 175.49881pt x 115.8082pt.

Overfull \hbox (8.5107pt too wide) in paragraph at lines 229--230
[]\OT1/ptm/m/n/12 Ensemble mod-els demon-strate ex-cel-lent cross-validation st
a-bil-ity ($\OML/cmm/m/it/12 ^^[[] \OMS/cmsy/m/n/12 ^^Y \OT1/cmr/m/n/12 0\OML/c
mm/m/it/12 :\OT1/cmr/m/n/12 010$\OT1/ptm/m/n/12 --
 []

<../data/stage5/xgboost_vit_gru/plots/cv_fold_comparison.png, id=102, 1071.0414
pt x 706.8006pt>
File: ../data/stage5/xgboost_vit_gru/plots/cv_fold_comparison.png Graphic file 
(type png)
<use ../data/stage5/xgboost_vit_gru/plots/cv_fold_comparison.png>
Package pdftex.def Info: ../data/stage5/xgboost_vit_gru/plots/cv_fold_compariso
n.png  used on input line 233.
(pdftex.def)             Requested size: 234.00238pt x 154.41812pt.

Overfull \hbox (4.08105pt too wide) in paragraph at lines 238--239
\OT1/ptm/m/n/12 ViT-GRU achieves sus-pi-ciously con-sis-tent near-perfect per-f
or-mance (F1 $\OT1/cmr/m/n/12 = 0\OML/cmm/m/it/12 :\OT1/cmr/m/n/12 996 \OMS/cms
y/m/n/12 ^^F
 []



[9 <../data/stage5/logistic_regression/plots/cv_fold_comparison.png> <../data/s
tage5/svm/plots/cv_fold_comparison.png> <../data/stage5/xgboost_i3d/plots/cv_fo
ld_comparison.png> <../data/stage5/xgboost_r2plus1d/plots/cv_fold_comparison.pn
g>]
<../data/stage5/logistic_regression/plots/hyperparameter_search.png, id=115, 85
5.9177pt x 419.166pt>
File: ../data/stage5/logistic_regression/plots/hyperparameter_search.png Graphi
c file (type png)
<use ../data/stage5/logistic_regression/plots/hyperparameter_search.png>
Package pdftex.def Info: ../data/stage5/logistic_regression/plots/hyperparamete
r_search.png  used on input line 246.
(pdftex.def)             Requested size: 175.49881pt x 85.94237pt.
<../data/stage5/svm/plots/hyperparameter_search.png, id=116, 855.9177pt x 419.1
66pt>
File: ../data/stage5/svm/plots/hyperparameter_search.png Graphic file (type png
)
<use ../data/stage5/svm/plots/hyperparameter_search.png>
Package pdftex.def Info: ../data/stage5/svm/plots/hyperparameter_search.png  us
ed on input line 248.
(pdftex.def)             Requested size: 175.49881pt x 85.94237pt.


[10 <../data/stage5/xgboost_vit_gru/plots/cv_fold_comparison.png>]
Overfull \hbox (9.2265pt too wide) in paragraph at lines 285--286
\OT1/ptm/m/n/12 ($\OML/cmm/m/it/12 ^^[[] \OT1/cmr/m/n/12 = 0\OML/cmm/m/it/12 :\
OT1/cmr/m/n/12 015$\OT1/ptm/m/n/12 ) and XGBoost-R(2+1)D ($\OML/cmm/m/it/12 ^^[
[] \OT1/cmr/m/n/12 = 0\OML/cmm/m/it/12 :\OT1/cmr/m/n/12 010$\OT1/ptm/m/n/12 ) w
ith XGBoost-Inception
 []


Overfull \hbox (1.746pt too wide) in paragraph at lines 287--288
[]\OT1/ptm/b/n/12 Overfitting in-di-ca-tors are vis-i-ble in CV plots\OT1/ptm/m
/n/12 : ViT-GRU's cross-validation
 []


Overfull \hbox (17.40266pt too wide) in paragraph at lines 287--288
\OT1/ptm/m/n/12 with min-i-mal vari-ance ($\OML/cmm/m/it/12 ^^[[] \OT1/cmr/m/n/
12 = 0\OML/cmm/m/it/12 :\OT1/cmr/m/n/12 002$\OT1/ptm/m/n/12 ), con-trast-ing sh
arply with ViT-Transformer
 []



[11 <../data/stage5/logistic_regression/plots/hyperparameter_search.png> <../da
ta/stage5/svm/plots/hyperparameter_search.png>]
Overfull \hbox (1.92688pt too wide) in paragraph at lines 289--290
[]\OT1/ptm/b/n/12 Ensemble mod-els bal-ance per-for-mance and sta-bil-ity\OT1/p
tm/m/n/12 : XGBoost-R(2+1)D
 []


Overfull \hbox (2.94708pt too wide) in paragraph at lines 299--300
[]\OT1/ptm/b/n/12 High per-for-mance, ques-tion-able gen-er-al-iza-tion\OT1/ptm
/m/n/12 : XG-Boost on hand-crafted
 []


Overfull \hbox (24.89413pt too wide) in paragraph at lines 301--302
[]\OT1/ptm/b/n/12 Moderate per-for-mance, ex-cel-lent gen-er-al-iza-tion\OT1/pt
m/m/n/12 : XGBoost-R(2+1)D achieves
 []


Overfull \hbox (5.9587pt too wide) in paragraph at lines 312--313
[]\OT1/ptm/m/n/12 Gradient boost-ing ef-fec-tively cap-tures non-linear fea-tur
e in-ter-ac-tions, achiev-
 []



[12]

[13]
Overfull \hbox (31.56653pt too wide) in paragraph at lines 369--370
[]\OT1/ptm/b/n/12 Ensemble ap-proaches op-ti-mize the performance-stability tra
de-off\OT1/ptm/m/n/12 : XGBoost-
 []



[14]
Overfull \hbox (5.56012pt too wide) in paragraph at lines 374--375
[]\OT1/ptm/m/n/12 The ROC/PR curves (Fig-ure [][]1[][]) com-ple-ment the cross-
validation anal-y-sis: while
 []


Overfull \hbox (4.34024pt too wide) in paragraph at lines 384--394
 [][] 
 []


Overfull \hbox (0.57204pt too wide) in paragraph at lines 396--397
\OT1/ptm/m/n/12 ef-fec-tively sim-u-lates real-world plat-form pro-cess-ing, re
-duc-ing per-for-mance degra-
 []



[15]

[16]
Overfull \hbox (3.47089pt too wide) in paragraph at lines 457--458
[]\OT1/ptm/b/n/12 Abnormally low vari-ance\OT1/ptm/m/n/12 : Cross-validation st
an-dard de-vi-a-tion $\OML/cmm/m/it/12 ^^[[] \OT1/cmr/m/n/12 = 0\OML/cmm/m/it/1
2 :\OT1/cmr/m/n/12 002$
 []



[17]

[18]

[19]

[20]
Overfull \hbox (5.68248pt too wide) in paragraph at lines 554--555
[]\OT1/ptm/b/n/12 Memory-intensive ar-chi-tec-tures\OT1/ptm/m/n/12 : Full Slow-
Fast and X3D train-ing ex-ceeded
 []



[21] (./final_report.brf)
\tf@brf=\write3
\openout3 = `final_report.brf'.



[22]
Overfull \hbox (10.5903pt too wide) in paragraph at lines 645--646
\OT1/ptm/m/n/12 anal-y-sis, blur/sharpness met-rics, codec-centric cues cap-tur
-ing domain-specific
 []



[23]
Overfull \hbox (11.01184pt too wide) in paragraph at lines 657--658
\OT1/ptm/m/n/12 cu-rately re-flect pre-dic-tion re-li-a-bil-ity. Con-fi-dence t
hresh-old-ing routes low-confidence
 []



[24]
Overfull \hbox (5.3102pt too wide) in paragraph at lines 669--670
[]\OT1/ptm/b/n/12 Blur/sharpness met-rics (3 fea-tures)\OT1/ptm/m/n/12 : Lapla-
cian vari-ance and gra-di-ent statis-
 []


Overfull \hbox (5.1549pt too wide) in paragraph at lines 671--672
[]\OT1/ptm/b/n/12 Codec pa-ram-e-ters (3 fea-tures)\OT1/ptm/m/n/12 : Bi-trate, 
fps, and res-o-lu-tion meta-data. These
 []



[25]
Overfull \hbox (27.73973pt too wide) in paragraph at lines 695--696
\OT1/ptm/m/n/12 large-scale video datasets (Im-a-geNet for In-cep-tion/ViT, Kin
etics-400 for I3D/R(2+1)D),
 []



[26]

[27]

[28]

[29]

[30]

[31] (./final_report.aux)
 ***********
LaTeX2e <2024-11-01> patch level 2
L3 programming layer <2025-01-18>
 ***********
Package rerunfilecheck Info: File `final_report.brf' has not changed.
(rerunfilecheck)             Checksum: 8BDB18A75AFE55FC1AE165B0365BD259;485.
 ) 
Here is how much of TeX's memory you used:
 10592 strings out of 473190
 164985 string characters out of 5715801
 559559 words of memory out of 5000000
 33533 multiletter control sequences out of 15000+600000
 592616 words of font info for 110 fonts, out of 8000000 for 9000
 1141 hyphenation exceptions out of 8191
 90i,13n,93p,1265b,565s stack positions out of 10000i,1000n,20000p,200000b,200000s
</usr/local/texlive/2025/texmf-dist/fonts/type1/public/amsfonts/cm/cmmi10.pfb
></usr/local/texlive/2025/texmf-dist/fonts/type1/public/amsfonts/cm/cmmi12.pfb>
</usr/local/texlive/2025/texmf-dist/fonts/type1/public/amsfonts/cm/cmr10.pfb></
usr/local/texlive/2025/texmf-dist/fonts/type1/public/amsfonts/cm/cmr12.pfb></us
r/local/texlive/2025/texmf-dist/fonts/type1/public/amsfonts/cm/cmr8.pfb></usr/l
ocal/texlive/2025/texmf-dist/fonts/type1/public/amsfonts/cm/cmsy10.pfb></usr/lo
cal/texlive/2025/texmf-dist/fonts/type1/public/amsfonts/cm/cmsy7.pfb></usr/loca
l/texlive/2025/texmf-dist/fonts/type1/public/amsfonts/cm/cmsy8.pfb></usr/local/
texlive/2025/texmf-dist/fonts/type1/urw/courier/ucrr8a.pfb></usr/local/texlive/
2025/texmf-dist/fonts/type1/urw/times/utmb8a.pfb></usr/local/texlive/2025/texmf
-dist/fonts/type1/urw/times/utmr8a.pfb></usr/local/texlive/2025/texmf-dist/font
s/type1/urw/times/utmri8a.pfb>
Output written on final_report.pdf (31 pages, 2179801 bytes).
PDF statistics:
 419 PDF objects out of 1000 (max. 8388607)
 339 compressed objects within 4 object streams
 152 named destinations out of 1000 (max. 500000)
 46 words of extra memory for PDF output out of 10000 (max. 10000000)

