==========================================
STAGE 5ALPHA LOG FILE INITIALIZED
Timestamp: Fri Dec 12 18:02:31 EST 2025
Log file: /gpfs/accounts/si670f25_class_root/si670f25_class/santoshd/fvc/logs/stage5/stage5alpha_38059721.log
==========================================
Executing command...
Python: /gpfs/accounts/si670f25_class_root/si670f25_class/santoshd/fvc/venv/bin/python3
Script: /gpfs/accounts/si670f25_class_root/si670f25_class/santoshd/fvc/src/scripts/train_sklearn_logreg.py
Arguments: --project-root /gpfs/accounts/si670f25_class_root/si670f25_class/santoshd/fvc --scaled-metadata /gpfs/accounts/si670f25_class_root/si670f25_class/santoshd/fvc/data/scaled_videos/scaled_metadata.arrow --features-stage2 /gpfs/accounts/si670f25_class_root/si670f25_class/santoshd/fvc/data/features_stage2/features_metadata.arrow --features-stage4 /gpfs/accounts/si670f25_class_root/si670f25_class/santoshd/fvc/data/features_stage4/features_scaled_metadata.arrow --output-dir data/stage5/sklearn_logreg --n-splits 5 --delete-existing
==========================================
2025-12-12 18:03:54,796 [INFO] [__main__:92] ================================================================================
2025-12-12 18:03:54,797 [INFO] [__main__:93] STAGE 5ALPHA: sklearn LogisticRegression Training Script Starting
2025-12-12 18:03:54,797 [INFO] [__main__:94] ================================================================================
2025-12-12 18:03:54,797 [INFO] [__main__:619] Parsing command line arguments...
2025-12-12 18:03:54,803 [INFO] [__main__:638] Arguments parsed successfully:
2025-12-12 18:03:54,803 [INFO] [__main__:639]   project-root: /gpfs/accounts/si670f25_class_root/si670f25_class/santoshd/fvc
2025-12-12 18:03:54,803 [INFO] [__main__:640]   scaled-metadata: /gpfs/accounts/si670f25_class_root/si670f25_class/santoshd/fvc/data/scaled_videos/scaled_metadata.arrow
2025-12-12 18:03:54,803 [INFO] [__main__:641]   features-stage2: /gpfs/accounts/si670f25_class_root/si670f25_class/santoshd/fvc/data/features_stage2/features_metadata.arrow
2025-12-12 18:03:54,804 [INFO] [__main__:642]   features-stage4: /gpfs/accounts/si670f25_class_root/si670f25_class/santoshd/fvc/data/features_stage4/features_scaled_metadata.arrow
2025-12-12 18:03:54,804 [INFO] [__main__:643]   output-dir: data/stage5/sklearn_logreg
2025-12-12 18:03:54,804 [INFO] [__main__:644]   n-splits: 5
2025-12-12 18:03:54,804 [INFO] [__main__:645]   delete-existing: True
2025-12-12 18:03:54,822 [INFO] [__main__:159] Deleted existing output directory (clean mode): /gpfs/accounts/si670f25_class_root/si670f25_class/santoshd/fvc/data/stage5/sklearn_logreg
2025-12-12 18:03:54,823 [INFO] [__main__:169] Loading scaled metadata...
2025-12-12 18:03:56,766 [INFO] [__main__:181] Data validation passed: 3278 rows (> 3000 required)
2025-12-12 18:03:56,767 [INFO] [__main__:183] ✓ Data validation check successful
2025-12-12 18:03:57,031 [INFO] [__main__:208] Labels: [0, 1] -> {0: 0, 1: 1}
2025-12-12 18:03:57,031 [INFO] [__main__:209] Loaded 3278 videos
2025-12-12 18:03:57,031 [INFO] [__main__:212] Loading features from Stage 2/4...
2025-12-12 18:03:57,035 [INFO] [lib.training.feature_preprocessing:318] Loading Stage 2 features...
2025-12-12 18:03:57,035 [INFO] [lib.training.feature_preprocessing:319] Stage 2 path: /gpfs/accounts/si670f25_class_root/si670f25_class/santoshd/fvc/data/features_stage2/features_metadata.arrow
2025-12-12 18:03:57,333 [INFO] [lib.training.feature_preprocessing:329] ✓ Loaded Stage 2 metadata: 3278 rows, 18 columns
2025-12-12 18:04:32,056 [INFO] [lib.training.feature_preprocessing:367] Converting Stage 2 features to numpy array...
2025-12-12 18:04:32,060 [INFO] [lib.training.feature_preprocessing:371] Stage 2 array shape: (3278, 15), dtype: float64
2025-12-12 18:04:32,060 [INFO] [lib.training.feature_preprocessing:374] Loaded 15 Stage 2 features (3278/3278 videos matched)
2025-12-12 18:04:32,064 [INFO] [lib.training.feature_preprocessing:401] Loading Stage 4 features...
2025-12-12 18:04:32,064 [INFO] [lib.training.feature_preprocessing:402] Stage 4 path: /gpfs/accounts/si670f25_class_root/si670f25_class/santoshd/fvc/data/features_stage4/features_scaled_metadata.arrow
2025-12-12 18:04:32,131 [INFO] [lib.training.feature_preprocessing:412] ✓ Loaded Stage 4 metadata: 3277 rows, 26 columns
2025-12-12 18:05:07,892 [INFO] [lib.training.feature_preprocessing:450] Converting Stage 4 features to numpy array...
2025-12-12 18:05:07,898 [INFO] [lib.training.feature_preprocessing:454] Stage 4 array shape: (3278, 23), dtype: float64
2025-12-12 18:05:07,898 [INFO] [lib.training.feature_preprocessing:457] Loaded 23 Stage 4 features (3277/3278 videos matched)
2025-12-12 18:05:07,898 [INFO] [lib.training.feature_preprocessing:486] Combining 2 feature arrays...
2025-12-12 18:05:07,898 [INFO] [lib.training.feature_preprocessing:487] Feature array shapes: [(3278, 15), (3278, 23)]
2025-12-12 18:05:07,898 [INFO] [lib.training.feature_preprocessing:492] Combined 38 features from 2 stages
2025-12-12 18:05:07,899 [INFO] [lib.training.feature_preprocessing:493] Combined feature matrix shape: (3278, 38), dtype: float64
2025-12-12 18:05:07,899 [INFO] [lib.training.feature_preprocessing:494] Combined feature matrix size: 0.95 MB
2025-12-12 18:05:07,899 [INFO] [lib.training.feature_preprocessing:515] Stage 2: 3278 videos, Stage 4: 3277 videos
2025-12-12 18:05:07,899 [INFO] [lib.training.feature_preprocessing:516] Intersection (videos with BOTH Stage 2 AND Stage 4): 3277 videos
2025-12-12 18:05:07,899 [INFO] [lib.training.feature_preprocessing:530] ✓ Found 3277 videos with valid features
2025-12-12 18:05:07,903 [INFO] [lib.training.feature_training_pipeline:186] Removing collinear features BEFORE data splits (to avoid data leakage)...
2025-12-12 18:05:07,903 [INFO] [lib.training.feature_training_pipeline:187]   Original feature count: 38
2025-12-12 18:05:07,906 [INFO] [lib.training.feature_preprocessing:77] Removed 2 features with zero variance
2025-12-12 18:05:07,908 [INFO] [lib.training.feature_preprocessing:139] Removed 10 collinear features (correlation >= 0.95)
2025-12-12 18:05:07,908 [INFO] [lib.training.feature_preprocessing:160] Final feature count: 26/38 (68.4% retained)
2025-12-12 18:05:07,909 [INFO] [lib.training.feature_training_pipeline:196]   Final feature count after collinearity removal: 26/38 (68.4% retained)
2025-12-12 18:05:07,909 [INFO] [__main__:231] Filtered to 3277 videos with valid features
2025-12-12 18:05:07,909 [INFO] [__main__:236] ✓ Loaded 26 features for 3277 videos
2025-12-12 18:05:07,909 [INFO] [__main__:237]   Input dimension: 26
2025-12-12 18:05:07,909 [INFO] [__main__:248] Creating 60-20-20 stratified train-val-test split...
2025-12-12 18:05:07,913 [INFO] [__main__:256] Train: 1966, Val: 655, Test: 656
2025-12-12 18:05:07,913 [INFO] [__main__:264] ================================================================================
2025-12-12 18:05:07,913 [INFO] [__main__:265] HYPERPARAMETER SEARCH: Using 20% stratified sample for efficiency
2025-12-12 18:05:07,913 [INFO] [__main__:266] ================================================================================
2025-12-12 18:05:07,916 [INFO] [__main__:284] Hyperparameter search sample: 524 rows (20.0% of 2621 total)
2025-12-12 18:05:07,917 [INFO] [__main__:285]   Sample train: 419, Sample val: 105
2025-12-12 18:05:07,917 [INFO] [__main__:314] Hyperparameter search: 60 combinations
2025-12-12 18:05:07,917 [INFO] [__main__:323] Scaling features for hyperparameter search (20% sample)...
2025-12-12 18:05:07,917 [INFO] [__main__:324] Sample train shape: (419, 26), dtype: float64
2025-12-12 18:05:07,918 [INFO] [__main__:341] Feature scaling completed for hyperparameter search. Scaled shape: (419, 26)
2025-12-12 18:05:07,918 [INFO] [__main__:359] Grid search 1/60: {'C': 0.01, 'max_iter': 1000, 'penalty': 'l1', 'solver': 'liblinear'}
2025-12-12 18:05:07,918 [INFO] [__main__:363] Training LogisticRegression with params: {'C': 0.01, 'max_iter': 1000, 'penalty': 'l1', 'solver': 'liblinear'} (20% sample)
2025-12-12 18:05:07,918 [INFO] [__main__:364] Training data: 419 samples, 26 features
2025-12-12 18:05:07,920 [INFO] [__main__:375] ✓ Model.fit() completed successfully
2025-12-12 18:05:07,920 [INFO] [__main__:387] Running model.predict_proba() on validation set (20% sample)...
2025-12-12 18:05:07,931 [INFO] [__main__:392] ✓ predict_proba() completed (shape: (105, 2))
2025-12-12 18:05:07,934 [INFO] [__main__:359] Grid search 2/60: {'C': 0.01, 'max_iter': 1000, 'penalty': 'l1', 'solver': 'saga'}
2025-12-12 18:05:07,934 [INFO] [__main__:363] Training LogisticRegression with params: {'C': 0.01, 'max_iter': 1000, 'penalty': 'l1', 'solver': 'saga'} (20% sample)
2025-12-12 18:05:07,934 [INFO] [__main__:364] Training data: 419 samples, 26 features
2025-12-12 18:05:08,032 [INFO] [__main__:375] ✓ Model.fit() completed successfully
2025-12-12 18:05:08,032 [INFO] [__main__:387] Running model.predict_proba() on validation set (20% sample)...
2025-12-12 18:05:08,033 [INFO] [__main__:392] ✓ predict_proba() completed (shape: (105, 2))
2025-12-12 18:05:08,038 [INFO] [__main__:359] Grid search 3/60: {'C': 0.01, 'max_iter': 1000, 'penalty': 'l2', 'solver': 'liblinear'}
2025-12-12 18:05:08,039 [INFO] [__main__:363] Training LogisticRegression with params: {'C': 0.01, 'max_iter': 1000, 'penalty': 'l2', 'solver': 'liblinear'} (20% sample)
2025-12-12 18:05:08,039 [INFO] [__main__:364] Training data: 419 samples, 26 features
2025-12-12 18:05:08,206 [INFO] [__main__:375] ✓ Model.fit() completed successfully
2025-12-12 18:05:08,207 [INFO] [__main__:387] Running model.predict_proba() on validation set (20% sample)...
2025-12-12 18:05:08,207 [INFO] [__main__:392] ✓ predict_proba() completed (shape: (105, 2))
2025-12-12 18:05:08,212 [INFO] [__main__:359] Grid search 4/60: {'C': 0.01, 'max_iter': 1000, 'penalty': 'l2', 'solver': 'saga'}
2025-12-12 18:05:08,213 [INFO] [__main__:363] Training LogisticRegression with params: {'C': 0.01, 'max_iter': 1000, 'penalty': 'l2', 'solver': 'saga'} (20% sample)
2025-12-12 18:05:08,213 [INFO] [__main__:364] Training data: 419 samples, 26 features
2025-12-12 18:05:08,221 [INFO] [__main__:375] ✓ Model.fit() completed successfully
2025-12-12 18:05:08,221 [INFO] [__main__:387] Running model.predict_proba() on validation set (20% sample)...
2025-12-12 18:05:08,222 [INFO] [__main__:392] ✓ predict_proba() completed (shape: (105, 2))
2025-12-12 18:05:08,224 [INFO] [__main__:359] Grid search 5/60: {'C': 0.01, 'l1_ratio': 0.1, 'max_iter': 1000, 'penalty': 'elasticnet', 'solver': 'saga'}
2025-12-12 18:05:08,224 [INFO] [__main__:363] Training LogisticRegression with params: {'C': 0.01, 'l1_ratio': 0.1, 'max_iter': 1000, 'penalty': 'elasticnet', 'solver': 'saga'} (20% sample)
2025-12-12 18:05:08,224 [INFO] [__main__:364] Training data: 419 samples, 26 features
2025-12-12 18:05:08,229 [INFO] [__main__:375] ✓ Model.fit() completed successfully
2025-12-12 18:05:08,229 [INFO] [__main__:387] Running model.predict_proba() on validation set (20% sample)...
2025-12-12 18:05:08,230 [INFO] [__main__:392] ✓ predict_proba() completed (shape: (105, 2))
2025-12-12 18:05:08,231 [INFO] [__main__:359] Grid search 6/60: {'C': 0.01, 'max_iter': 1000, 'penalty': 'l1', 'solver': 'liblinear'}
2025-12-12 18:05:08,231 [INFO] [__main__:363] Training LogisticRegression with params: {'C': 0.01, 'max_iter': 1000, 'penalty': 'l1', 'solver': 'liblinear'} (20% sample)
2025-12-12 18:05:08,232 [INFO] [__main__:364] Training data: 419 samples, 26 features
2025-12-12 18:05:08,233 [INFO] [__main__:375] ✓ Model.fit() completed successfully
2025-12-12 18:05:08,233 [INFO] [__main__:387] Running model.predict_proba() on validation set (20% sample)...
2025-12-12 18:05:08,233 [INFO] [__main__:392] ✓ predict_proba() completed (shape: (105, 2))
2025-12-12 18:05:08,235 [INFO] [__main__:359] Grid search 7/60: {'C': 0.01, 'max_iter': 1000, 'penalty': 'l1', 'solver': 'saga'}
2025-12-12 18:05:08,235 [INFO] [__main__:363] Training LogisticRegression with params: {'C': 0.01, 'max_iter': 1000, 'penalty': 'l1', 'solver': 'saga'} (20% sample)
2025-12-12 18:05:08,235 [INFO] [__main__:364] Training data: 419 samples, 26 features
2025-12-12 18:05:08,237 [INFO] [__main__:375] ✓ Model.fit() completed successfully
2025-12-12 18:05:08,238 [INFO] [__main__:387] Running model.predict_proba() on validation set (20% sample)...
2025-12-12 18:05:08,238 [INFO] [__main__:392] ✓ predict_proba() completed (shape: (105, 2))
2025-12-12 18:05:08,240 [INFO] [__main__:359] Grid search 8/60: {'C': 0.01, 'max_iter': 1000, 'penalty': 'l2', 'solver': 'liblinear'}
2025-12-12 18:05:08,240 [INFO] [__main__:363] Training LogisticRegression with params: {'C': 0.01, 'max_iter': 1000, 'penalty': 'l2', 'solver': 'liblinear'} (20% sample)
2025-12-12 18:05:08,240 [INFO] [__main__:364] Training data: 419 samples, 26 features
2025-12-12 18:05:08,241 [INFO] [__main__:375] ✓ Model.fit() completed successfully
2025-12-12 18:05:08,241 [INFO] [__main__:387] Running model.predict_proba() on validation set (20% sample)...
2025-12-12 18:05:08,242 [INFO] [__main__:392] ✓ predict_proba() completed (shape: (105, 2))
2025-12-12 18:05:08,244 [INFO] [__main__:359] Grid search 9/60: {'C': 0.01, 'max_iter': 1000, 'penalty': 'l2', 'solver': 'saga'}
2025-12-12 18:05:08,244 [INFO] [__main__:363] Training LogisticRegression with params: {'C': 0.01, 'max_iter': 1000, 'penalty': 'l2', 'solver': 'saga'} (20% sample)
2025-12-12 18:05:08,244 [INFO] [__main__:364] Training data: 419 samples, 26 features
2025-12-12 18:05:08,248 [INFO] [__main__:375] ✓ Model.fit() completed successfully
2025-12-12 18:05:08,248 [INFO] [__main__:387] Running model.predict_proba() on validation set (20% sample)...
2025-12-12 18:05:08,248 [INFO] [__main__:392] ✓ predict_proba() completed (shape: (105, 2))
2025-12-12 18:05:08,250 [INFO] [__main__:359] Grid search 10/60: {'C': 0.01, 'l1_ratio': 0.5, 'max_iter': 1000, 'penalty': 'elasticnet', 'solver': 'saga'}
2025-12-12 18:05:08,250 [INFO] [__main__:363] Training LogisticRegression with params: {'C': 0.01, 'l1_ratio': 0.5, 'max_iter': 1000, 'penalty': 'elasticnet', 'solver': 'saga'} (20% sample)
2025-12-12 18:05:08,250 [INFO] [__main__:364] Training data: 419 samples, 26 features
2025-12-12 18:05:08,253 [INFO] [__main__:375] ✓ Model.fit() completed successfully
2025-12-12 18:05:08,253 [INFO] [__main__:387] Running model.predict_proba() on validation set (20% sample)...
2025-12-12 18:05:08,253 [INFO] [__main__:392] ✓ predict_proba() completed (shape: (105, 2))
2025-12-12 18:05:08,255 [INFO] [__main__:359] Grid search 11/60: {'C': 0.01, 'max_iter': 1000, 'penalty': 'l1', 'solver': 'liblinear'}
2025-12-12 18:05:08,255 [INFO] [__main__:363] Training LogisticRegression with params: {'C': 0.01, 'max_iter': 1000, 'penalty': 'l1', 'solver': 'liblinear'} (20% sample)
2025-12-12 18:05:08,255 [INFO] [__main__:364] Training data: 419 samples, 26 features
2025-12-12 18:05:08,256 [INFO] [__main__:375] ✓ Model.fit() completed successfully
2025-12-12 18:05:08,256 [INFO] [__main__:387] Running model.predict_proba() on validation set (20% sample)...
2025-12-12 18:05:08,257 [INFO] [__main__:392] ✓ predict_proba() completed (shape: (105, 2))
2025-12-12 18:05:08,258 [INFO] [__main__:359] Grid search 12/60: {'C': 0.01, 'max_iter': 1000, 'penalty': 'l1', 'solver': 'saga'}
2025-12-12 18:05:08,258 [INFO] [__main__:363] Training LogisticRegression with params: {'C': 0.01, 'max_iter': 1000, 'penalty': 'l1', 'solver': 'saga'} (20% sample)
2025-12-12 18:05:08,259 [INFO] [__main__:364] Training data: 419 samples, 26 features
2025-12-12 18:05:08,261 [INFO] [__main__:375] ✓ Model.fit() completed successfully
2025-12-12 18:05:08,261 [INFO] [__main__:387] Running model.predict_proba() on validation set (20% sample)...
2025-12-12 18:05:08,261 [INFO] [__main__:392] ✓ predict_proba() completed (shape: (105, 2))
2025-12-12 18:05:08,263 [INFO] [__main__:359] Grid search 13/60: {'C': 0.01, 'max_iter': 1000, 'penalty': 'l2', 'solver': 'liblinear'}
2025-12-12 18:05:08,263 [INFO] [__main__:363] Training LogisticRegression with params: {'C': 0.01, 'max_iter': 1000, 'penalty': 'l2', 'solver': 'liblinear'} (20% sample)
2025-12-12 18:05:08,263 [INFO] [__main__:364] Training data: 419 samples, 26 features
2025-12-12 18:05:08,265 [INFO] [__main__:375] ✓ Model.fit() completed successfully
2025-12-12 18:05:08,265 [INFO] [__main__:387] Running model.predict_proba() on validation set (20% sample)...
2025-12-12 18:05:08,265 [INFO] [__main__:392] ✓ predict_proba() completed (shape: (105, 2))
2025-12-12 18:05:08,267 [INFO] [__main__:359] Grid search 14/60: {'C': 0.01, 'max_iter': 1000, 'penalty': 'l2', 'solver': 'saga'}
2025-12-12 18:05:08,267 [INFO] [__main__:363] Training LogisticRegression with params: {'C': 0.01, 'max_iter': 1000, 'penalty': 'l2', 'solver': 'saga'} (20% sample)
2025-12-12 18:05:08,267 [INFO] [__main__:364] Training data: 419 samples, 26 features
2025-12-12 18:05:08,271 [INFO] [__main__:375] ✓ Model.fit() completed successfully
2025-12-12 18:05:08,271 [INFO] [__main__:387] Running model.predict_proba() on validation set (20% sample)...
2025-12-12 18:05:08,271 [INFO] [__main__:392] ✓ predict_proba() completed (shape: (105, 2))
2025-12-12 18:05:08,273 [INFO] [__main__:359] Grid search 15/60: {'C': 0.01, 'l1_ratio': 0.9, 'max_iter': 1000, 'penalty': 'elasticnet', 'solver': 'saga'}
2025-12-12 18:05:08,273 [INFO] [__main__:363] Training LogisticRegression with params: {'C': 0.01, 'l1_ratio': 0.9, 'max_iter': 1000, 'penalty': 'elasticnet', 'solver': 'saga'} (20% sample)
2025-12-12 18:05:08,273 [INFO] [__main__:364] Training data: 419 samples, 26 features
2025-12-12 18:05:08,276 [INFO] [__main__:375] ✓ Model.fit() completed successfully
2025-12-12 18:05:08,276 [INFO] [__main__:387] Running model.predict_proba() on validation set (20% sample)...
2025-12-12 18:05:08,276 [INFO] [__main__:392] ✓ predict_proba() completed (shape: (105, 2))
2025-12-12 18:05:08,278 [INFO] [__main__:359] Grid search 16/60: {'C': 0.1, 'max_iter': 1000, 'penalty': 'l1', 'solver': 'liblinear'}
2025-12-12 18:05:08,278 [INFO] [__main__:363] Training LogisticRegression with params: {'C': 0.1, 'max_iter': 1000, 'penalty': 'l1', 'solver': 'liblinear'} (20% sample)
2025-12-12 18:05:08,278 [INFO] [__main__:364] Training data: 419 samples, 26 features
2025-12-12 18:05:08,280 [INFO] [__main__:375] ✓ Model.fit() completed successfully
2025-12-12 18:05:08,280 [INFO] [__main__:387] Running model.predict_proba() on validation set (20% sample)...
2025-12-12 18:05:08,280 [INFO] [__main__:392] ✓ predict_proba() completed (shape: (105, 2))
2025-12-12 18:05:08,282 [INFO] [__main__:359] Grid search 17/60: {'C': 0.1, 'max_iter': 1000, 'penalty': 'l1', 'solver': 'saga'}
2025-12-12 18:05:08,282 [INFO] [__main__:363] Training LogisticRegression with params: {'C': 0.1, 'max_iter': 1000, 'penalty': 'l1', 'solver': 'saga'} (20% sample)
2025-12-12 18:05:08,282 [INFO] [__main__:364] Training data: 419 samples, 26 features
2025-12-12 18:05:08,313 [INFO] [__main__:375] ✓ Model.fit() completed successfully
2025-12-12 18:05:08,313 [INFO] [__main__:387] Running model.predict_proba() on validation set (20% sample)...
2025-12-12 18:05:08,313 [INFO] [__main__:392] ✓ predict_proba() completed (shape: (105, 2))
2025-12-12 18:05:08,315 [INFO] [__main__:359] Grid search 18/60: {'C': 0.1, 'max_iter': 1000, 'penalty': 'l2', 'solver': 'liblinear'}
2025-12-12 18:05:08,315 [INFO] [__main__:363] Training LogisticRegression with params: {'C': 0.1, 'max_iter': 1000, 'penalty': 'l2', 'solver': 'liblinear'} (20% sample)
2025-12-12 18:05:08,315 [INFO] [__main__:364] Training data: 419 samples, 26 features
2025-12-12 18:05:08,318 [INFO] [__main__:375] ✓ Model.fit() completed successfully
2025-12-12 18:05:08,318 [INFO] [__main__:387] Running model.predict_proba() on validation set (20% sample)...
2025-12-12 18:05:08,318 [INFO] [__main__:392] ✓ predict_proba() completed (shape: (105, 2))
2025-12-12 18:05:08,320 [INFO] [__main__:359] Grid search 19/60: {'C': 0.1, 'max_iter': 1000, 'penalty': 'l2', 'solver': 'saga'}
2025-12-12 18:05:08,320 [INFO] [__main__:363] Training LogisticRegression with params: {'C': 0.1, 'max_iter': 1000, 'penalty': 'l2', 'solver': 'saga'} (20% sample)
2025-12-12 18:05:08,320 [INFO] [__main__:364] Training data: 419 samples, 26 features
2025-12-12 18:05:08,334 [INFO] [__main__:375] ✓ Model.fit() completed successfully
2025-12-12 18:05:08,334 [INFO] [__main__:387] Running model.predict_proba() on validation set (20% sample)...
2025-12-12 18:05:08,335 [INFO] [__main__:392] ✓ predict_proba() completed (shape: (105, 2))
2025-12-12 18:05:08,337 [INFO] [__main__:359] Grid search 20/60: {'C': 0.1, 'l1_ratio': 0.1, 'max_iter': 1000, 'penalty': 'elasticnet', 'solver': 'saga'}
2025-12-12 18:05:08,337 [INFO] [__main__:363] Training LogisticRegression with params: {'C': 0.1, 'l1_ratio': 0.1, 'max_iter': 1000, 'penalty': 'elasticnet', 'solver': 'saga'} (20% sample)
2025-12-12 18:05:08,337 [INFO] [__main__:364] Training data: 419 samples, 26 features
2025-12-12 18:05:08,354 [INFO] [__main__:375] ✓ Model.fit() completed successfully
2025-12-12 18:05:08,354 [INFO] [__main__:387] Running model.predict_proba() on validation set (20% sample)...
2025-12-12 18:05:08,354 [INFO] [__main__:392] ✓ predict_proba() completed (shape: (105, 2))
2025-12-12 18:05:08,356 [INFO] [__main__:359] Grid search 21/60: {'C': 0.1, 'max_iter': 1000, 'penalty': 'l1', 'solver': 'liblinear'}
2025-12-12 18:05:08,356 [INFO] [__main__:363] Training LogisticRegression with params: {'C': 0.1, 'max_iter': 1000, 'penalty': 'l1', 'solver': 'liblinear'} (20% sample)
2025-12-12 18:05:08,356 [INFO] [__main__:364] Training data: 419 samples, 26 features
2025-12-12 18:05:08,358 [INFO] [__main__:375] ✓ Model.fit() completed successfully
2025-12-12 18:05:08,359 [INFO] [__main__:387] Running model.predict_proba() on validation set (20% sample)...
2025-12-12 18:05:08,359 [INFO] [__main__:392] ✓ predict_proba() completed (shape: (105, 2))
2025-12-12 18:05:08,361 [INFO] [__main__:359] Grid search 22/60: {'C': 0.1, 'max_iter': 1000, 'penalty': 'l1', 'solver': 'saga'}
2025-12-12 18:05:08,361 [INFO] [__main__:363] Training LogisticRegression with params: {'C': 0.1, 'max_iter': 1000, 'penalty': 'l1', 'solver': 'saga'} (20% sample)
2025-12-12 18:05:08,361 [INFO] [__main__:364] Training data: 419 samples, 26 features
2025-12-12 18:05:08,392 [INFO] [__main__:375] ✓ Model.fit() completed successfully
2025-12-12 18:05:08,392 [INFO] [__main__:387] Running model.predict_proba() on validation set (20% sample)...
2025-12-12 18:05:08,392 [INFO] [__main__:392] ✓ predict_proba() completed (shape: (105, 2))
2025-12-12 18:05:08,394 [INFO] [__main__:359] Grid search 23/60: {'C': 0.1, 'max_iter': 1000, 'penalty': 'l2', 'solver': 'liblinear'}
2025-12-12 18:05:08,394 [INFO] [__main__:363] Training LogisticRegression with params: {'C': 0.1, 'max_iter': 1000, 'penalty': 'l2', 'solver': 'liblinear'} (20% sample)
2025-12-12 18:05:08,394 [INFO] [__main__:364] Training data: 419 samples, 26 features
2025-12-12 18:05:08,396 [INFO] [__main__:375] ✓ Model.fit() completed successfully
2025-12-12 18:05:08,397 [INFO] [__main__:387] Running model.predict_proba() on validation set (20% sample)...
2025-12-12 18:05:08,397 [INFO] [__main__:392] ✓ predict_proba() completed (shape: (105, 2))
2025-12-12 18:05:08,399 [INFO] [__main__:359] Grid search 24/60: {'C': 0.1, 'max_iter': 1000, 'penalty': 'l2', 'solver': 'saga'}
2025-12-12 18:05:08,399 [INFO] [__main__:363] Training LogisticRegression with params: {'C': 0.1, 'max_iter': 1000, 'penalty': 'l2', 'solver': 'saga'} (20% sample)
2025-12-12 18:05:08,399 [INFO] [__main__:364] Training data: 419 samples, 26 features
2025-12-12 18:05:08,413 [INFO] [__main__:375] ✓ Model.fit() completed successfully
2025-12-12 18:05:08,413 [INFO] [__main__:387] Running model.predict_proba() on validation set (20% sample)...
2025-12-12 18:05:08,414 [INFO] [__main__:392] ✓ predict_proba() completed (shape: (105, 2))
2025-12-12 18:05:08,415 [INFO] [__main__:359] Grid search 25/60: {'C': 0.1, 'l1_ratio': 0.5, 'max_iter': 1000, 'penalty': 'elasticnet', 'solver': 'saga'}
2025-12-12 18:05:08,416 [INFO] [__main__:363] Training LogisticRegression with params: {'C': 0.1, 'l1_ratio': 0.5, 'max_iter': 1000, 'penalty': 'elasticnet', 'solver': 'saga'} (20% sample)
2025-12-12 18:05:08,416 [INFO] [__main__:364] Training data: 419 samples, 26 features
2025-12-12 18:05:08,433 [INFO] [__main__:375] ✓ Model.fit() completed successfully
2025-12-12 18:05:08,433 [INFO] [__main__:387] Running model.predict_proba() on validation set (20% sample)...
2025-12-12 18:05:08,433 [INFO] [__main__:392] ✓ predict_proba() completed (shape: (105, 2))
2025-12-12 18:05:08,435 [INFO] [__main__:359] Grid search 26/60: {'C': 0.1, 'max_iter': 1000, 'penalty': 'l1', 'solver': 'liblinear'}
2025-12-12 18:05:08,435 [INFO] [__main__:363] Training LogisticRegression with params: {'C': 0.1, 'max_iter': 1000, 'penalty': 'l1', 'solver': 'liblinear'} (20% sample)
2025-12-12 18:05:08,435 [INFO] [__main__:364] Training data: 419 samples, 26 features
2025-12-12 18:05:08,437 [INFO] [__main__:375] ✓ Model.fit() completed successfully
2025-12-12 18:05:08,438 [INFO] [__main__:387] Running model.predict_proba() on validation set (20% sample)...
2025-12-12 18:05:08,438 [INFO] [__main__:392] ✓ predict_proba() completed (shape: (105, 2))
2025-12-12 18:05:08,440 [INFO] [__main__:359] Grid search 27/60: {'C': 0.1, 'max_iter': 1000, 'penalty': 'l1', 'solver': 'saga'}
2025-12-12 18:05:08,440 [INFO] [__main__:363] Training LogisticRegression with params: {'C': 0.1, 'max_iter': 1000, 'penalty': 'l1', 'solver': 'saga'} (20% sample)
2025-12-12 18:05:08,440 [INFO] [__main__:364] Training data: 419 samples, 26 features
2025-12-12 18:05:08,471 [INFO] [__main__:375] ✓ Model.fit() completed successfully
2025-12-12 18:05:08,471 [INFO] [__main__:387] Running model.predict_proba() on validation set (20% sample)...
2025-12-12 18:05:08,471 [INFO] [__main__:392] ✓ predict_proba() completed (shape: (105, 2))
2025-12-12 18:05:08,473 [INFO] [__main__:359] Grid search 28/60: {'C': 0.1, 'max_iter': 1000, 'penalty': 'l2', 'solver': 'liblinear'}
2025-12-12 18:05:08,473 [INFO] [__main__:363] Training LogisticRegression with params: {'C': 0.1, 'max_iter': 1000, 'penalty': 'l2', 'solver': 'liblinear'} (20% sample)
2025-12-12 18:05:08,473 [INFO] [__main__:364] Training data: 419 samples, 26 features
2025-12-12 18:05:08,475 [INFO] [__main__:375] ✓ Model.fit() completed successfully
2025-12-12 18:05:08,475 [INFO] [__main__:387] Running model.predict_proba() on validation set (20% sample)...
2025-12-12 18:05:08,476 [INFO] [__main__:392] ✓ predict_proba() completed (shape: (105, 2))
2025-12-12 18:05:08,477 [INFO] [__main__:359] Grid search 29/60: {'C': 0.1, 'max_iter': 1000, 'penalty': 'l2', 'solver': 'saga'}
2025-12-12 18:05:08,478 [INFO] [__main__:363] Training LogisticRegression with params: {'C': 0.1, 'max_iter': 1000, 'penalty': 'l2', 'solver': 'saga'} (20% sample)
2025-12-12 18:05:08,478 [INFO] [__main__:364] Training data: 419 samples, 26 features
2025-12-12 18:05:08,492 [INFO] [__main__:375] ✓ Model.fit() completed successfully
2025-12-12 18:05:08,492 [INFO] [__main__:387] Running model.predict_proba() on validation set (20% sample)...
2025-12-12 18:05:08,492 [INFO] [__main__:392] ✓ predict_proba() completed (shape: (105, 2))
2025-12-12 18:05:08,494 [INFO] [__main__:359] Grid search 30/60: {'C': 0.1, 'l1_ratio': 0.9, 'max_iter': 1000, 'penalty': 'elasticnet', 'solver': 'saga'}
2025-12-12 18:05:08,495 [INFO] [__main__:363] Training LogisticRegression with params: {'C': 0.1, 'l1_ratio': 0.9, 'max_iter': 1000, 'penalty': 'elasticnet', 'solver': 'saga'} (20% sample)
2025-12-12 18:05:08,495 [INFO] [__main__:364] Training data: 419 samples, 26 features
2025-12-12 18:05:08,516 [INFO] [__main__:375] ✓ Model.fit() completed successfully
2025-12-12 18:05:08,516 [INFO] [__main__:387] Running model.predict_proba() on validation set (20% sample)...
2025-12-12 18:05:08,516 [INFO] [__main__:392] ✓ predict_proba() completed (shape: (105, 2))
2025-12-12 18:05:08,518 [INFO] [__main__:359] Grid search 31/60: {'C': 1.0, 'max_iter': 1000, 'penalty': 'l1', 'solver': 'liblinear'}
2025-12-12 18:05:08,518 [INFO] [__main__:363] Training LogisticRegression with params: {'C': 1.0, 'max_iter': 1000, 'penalty': 'l1', 'solver': 'liblinear'} (20% sample)
2025-12-12 18:05:08,518 [INFO] [__main__:364] Training data: 419 samples, 26 features
2025-12-12 18:05:08,531 [INFO] [__main__:375] ✓ Model.fit() completed successfully
2025-12-12 18:05:08,532 [INFO] [__main__:387] Running model.predict_proba() on validation set (20% sample)...
2025-12-12 18:05:08,532 [INFO] [__main__:392] ✓ predict_proba() completed (shape: (105, 2))
2025-12-12 18:05:08,534 [INFO] [__main__:359] Grid search 32/60: {'C': 1.0, 'max_iter': 1000, 'penalty': 'l1', 'solver': 'saga'}
2025-12-12 18:05:08,534 [INFO] [__main__:363] Training LogisticRegression with params: {'C': 1.0, 'max_iter': 1000, 'penalty': 'l1', 'solver': 'saga'} (20% sample)
2025-12-12 18:05:08,534 [INFO] [__main__:364] Training data: 419 samples, 26 features
2025-12-12 18:05:08,657 [INFO] [__main__:375] ✓ Model.fit() completed successfully
2025-12-12 18:05:08,657 [INFO] [__main__:387] Running model.predict_proba() on validation set (20% sample)...
2025-12-12 18:05:08,657 [INFO] [__main__:392] ✓ predict_proba() completed (shape: (105, 2))
2025-12-12 18:05:08,659 [INFO] [__main__:359] Grid search 33/60: {'C': 1.0, 'max_iter': 1000, 'penalty': 'l2', 'solver': 'liblinear'}
2025-12-12 18:05:08,659 [INFO] [__main__:363] Training LogisticRegression with params: {'C': 1.0, 'max_iter': 1000, 'penalty': 'l2', 'solver': 'liblinear'} (20% sample)
2025-12-12 18:05:08,660 [INFO] [__main__:364] Training data: 419 samples, 26 features
2025-12-12 18:05:08,662 [INFO] [__main__:375] ✓ Model.fit() completed successfully
2025-12-12 18:05:08,663 [INFO] [__main__:387] Running model.predict_proba() on validation set (20% sample)...
2025-12-12 18:05:08,663 [INFO] [__main__:392] ✓ predict_proba() completed (shape: (105, 2))
2025-12-12 18:05:08,665 [INFO] [__main__:359] Grid search 34/60: {'C': 1.0, 'max_iter': 1000, 'penalty': 'l2', 'solver': 'saga'}
2025-12-12 18:05:08,665 [INFO] [__main__:363] Training LogisticRegression with params: {'C': 1.0, 'max_iter': 1000, 'penalty': 'l2', 'solver': 'saga'} (20% sample)
2025-12-12 18:05:08,665 [INFO] [__main__:364] Training data: 419 samples, 26 features
2025-12-12 18:05:08,732 [INFO] [__main__:375] ✓ Model.fit() completed successfully
2025-12-12 18:05:08,732 [INFO] [__main__:387] Running model.predict_proba() on validation set (20% sample)...
2025-12-12 18:05:08,732 [INFO] [__main__:392] ✓ predict_proba() completed (shape: (105, 2))
2025-12-12 18:05:08,734 [INFO] [__main__:359] Grid search 35/60: {'C': 1.0, 'l1_ratio': 0.1, 'max_iter': 1000, 'penalty': 'elasticnet', 'solver': 'saga'}
2025-12-12 18:05:08,735 [INFO] [__main__:363] Training LogisticRegression with params: {'C': 1.0, 'l1_ratio': 0.1, 'max_iter': 1000, 'penalty': 'elasticnet', 'solver': 'saga'} (20% sample)
2025-12-12 18:05:08,735 [INFO] [__main__:364] Training data: 419 samples, 26 features
2025-12-12 18:05:08,823 [INFO] [__main__:375] ✓ Model.fit() completed successfully
2025-12-12 18:05:08,823 [INFO] [__main__:387] Running model.predict_proba() on validation set (20% sample)...
2025-12-12 18:05:08,823 [INFO] [__main__:392] ✓ predict_proba() completed (shape: (105, 2))
2025-12-12 18:05:08,825 [INFO] [__main__:359] Grid search 36/60: {'C': 1.0, 'max_iter': 1000, 'penalty': 'l1', 'solver': 'liblinear'}
2025-12-12 18:05:08,825 [INFO] [__main__:363] Training LogisticRegression with params: {'C': 1.0, 'max_iter': 1000, 'penalty': 'l1', 'solver': 'liblinear'} (20% sample)
2025-12-12 18:05:08,825 [INFO] [__main__:364] Training data: 419 samples, 26 features
2025-12-12 18:05:08,839 [INFO] [__main__:375] ✓ Model.fit() completed successfully
2025-12-12 18:05:08,839 [INFO] [__main__:387] Running model.predict_proba() on validation set (20% sample)...
2025-12-12 18:05:08,839 [INFO] [__main__:392] ✓ predict_proba() completed (shape: (105, 2))
2025-12-12 18:05:08,841 [INFO] [__main__:359] Grid search 37/60: {'C': 1.0, 'max_iter': 1000, 'penalty': 'l1', 'solver': 'saga'}
2025-12-12 18:05:08,841 [INFO] [__main__:363] Training LogisticRegression with params: {'C': 1.0, 'max_iter': 1000, 'penalty': 'l1', 'solver': 'saga'} (20% sample)
2025-12-12 18:05:08,841 [INFO] [__main__:364] Training data: 419 samples, 26 features
2025-12-12 18:05:08,964 [INFO] [__main__:375] ✓ Model.fit() completed successfully
2025-12-12 18:05:08,964 [INFO] [__main__:387] Running model.predict_proba() on validation set (20% sample)...
2025-12-12 18:05:08,965 [INFO] [__main__:392] ✓ predict_proba() completed (shape: (105, 2))
2025-12-12 18:05:08,966 [INFO] [__main__:359] Grid search 38/60: {'C': 1.0, 'max_iter': 1000, 'penalty': 'l2', 'solver': 'liblinear'}
2025-12-12 18:05:08,967 [INFO] [__main__:363] Training LogisticRegression with params: {'C': 1.0, 'max_iter': 1000, 'penalty': 'l2', 'solver': 'liblinear'} (20% sample)
2025-12-12 18:05:08,967 [INFO] [__main__:364] Training data: 419 samples, 26 features
2025-12-12 18:05:08,970 [INFO] [__main__:375] ✓ Model.fit() completed successfully
2025-12-12 18:05:08,970 [INFO] [__main__:387] Running model.predict_proba() on validation set (20% sample)...
2025-12-12 18:05:08,970 [INFO] [__main__:392] ✓ predict_proba() completed (shape: (105, 2))
2025-12-12 18:05:08,972 [INFO] [__main__:359] Grid search 39/60: {'C': 1.0, 'max_iter': 1000, 'penalty': 'l2', 'solver': 'saga'}
2025-12-12 18:05:08,972 [INFO] [__main__:363] Training LogisticRegression with params: {'C': 1.0, 'max_iter': 1000, 'penalty': 'l2', 'solver': 'saga'} (20% sample)
2025-12-12 18:05:08,972 [INFO] [__main__:364] Training data: 419 samples, 26 features
2025-12-12 18:05:09,039 [INFO] [__main__:375] ✓ Model.fit() completed successfully
2025-12-12 18:05:09,039 [INFO] [__main__:387] Running model.predict_proba() on validation set (20% sample)...
2025-12-12 18:05:09,040 [INFO] [__main__:392] ✓ predict_proba() completed (shape: (105, 2))
2025-12-12 18:05:09,042 [INFO] [__main__:359] Grid search 40/60: {'C': 1.0, 'l1_ratio': 0.5, 'max_iter': 1000, 'penalty': 'elasticnet', 'solver': 'saga'}
2025-12-12 18:05:09,042 [INFO] [__main__:363] Training LogisticRegression with params: {'C': 1.0, 'l1_ratio': 0.5, 'max_iter': 1000, 'penalty': 'elasticnet', 'solver': 'saga'} (20% sample)
2025-12-12 18:05:09,042 [INFO] [__main__:364] Training data: 419 samples, 26 features
2025-12-12 18:05:09,143 [INFO] [__main__:375] ✓ Model.fit() completed successfully
2025-12-12 18:05:09,143 [INFO] [__main__:387] Running model.predict_proba() on validation set (20% sample)...
2025-12-12 18:05:09,144 [INFO] [__main__:392] ✓ predict_proba() completed (shape: (105, 2))
2025-12-12 18:05:09,146 [INFO] [__main__:359] Grid search 41/60: {'C': 1.0, 'max_iter': 1000, 'penalty': 'l1', 'solver': 'liblinear'}
2025-12-12 18:05:09,146 [INFO] [__main__:363] Training LogisticRegression with params: {'C': 1.0, 'max_iter': 1000, 'penalty': 'l1', 'solver': 'liblinear'} (20% sample)
2025-12-12 18:05:09,146 [INFO] [__main__:364] Training data: 419 samples, 26 features
2025-12-12 18:05:09,159 [INFO] [__main__:375] ✓ Model.fit() completed successfully
2025-12-12 18:05:09,159 [INFO] [__main__:387] Running model.predict_proba() on validation set (20% sample)...
2025-12-12 18:05:09,159 [INFO] [__main__:392] ✓ predict_proba() completed (shape: (105, 2))
2025-12-12 18:05:09,161 [INFO] [__main__:359] Grid search 42/60: {'C': 1.0, 'max_iter': 1000, 'penalty': 'l1', 'solver': 'saga'}
2025-12-12 18:05:09,162 [INFO] [__main__:363] Training LogisticRegression with params: {'C': 1.0, 'max_iter': 1000, 'penalty': 'l1', 'solver': 'saga'} (20% sample)
2025-12-12 18:05:09,162 [INFO] [__main__:364] Training data: 419 samples, 26 features
2025-12-12 18:05:09,285 [INFO] [__main__:375] ✓ Model.fit() completed successfully
2025-12-12 18:05:09,285 [INFO] [__main__:387] Running model.predict_proba() on validation set (20% sample)...
2025-12-12 18:05:09,285 [INFO] [__main__:392] ✓ predict_proba() completed (shape: (105, 2))
2025-12-12 18:05:09,287 [INFO] [__main__:359] Grid search 43/60: {'C': 1.0, 'max_iter': 1000, 'penalty': 'l2', 'solver': 'liblinear'}
2025-12-12 18:05:09,287 [INFO] [__main__:363] Training LogisticRegression with params: {'C': 1.0, 'max_iter': 1000, 'penalty': 'l2', 'solver': 'liblinear'} (20% sample)
2025-12-12 18:05:09,287 [INFO] [__main__:364] Training data: 419 samples, 26 features
2025-12-12 18:05:09,290 [INFO] [__main__:375] ✓ Model.fit() completed successfully
2025-12-12 18:05:09,290 [INFO] [__main__:387] Running model.predict_proba() on validation set (20% sample)...
2025-12-12 18:05:09,291 [INFO] [__main__:392] ✓ predict_proba() completed (shape: (105, 2))
2025-12-12 18:05:09,293 [INFO] [__main__:359] Grid search 44/60: {'C': 1.0, 'max_iter': 1000, 'penalty': 'l2', 'solver': 'saga'}
2025-12-12 18:05:09,293 [INFO] [__main__:363] Training LogisticRegression with params: {'C': 1.0, 'max_iter': 1000, 'penalty': 'l2', 'solver': 'saga'} (20% sample)
2025-12-12 18:05:09,293 [INFO] [__main__:364] Training data: 419 samples, 26 features
2025-12-12 18:05:09,360 [INFO] [__main__:375] ✓ Model.fit() completed successfully
2025-12-12 18:05:09,360 [INFO] [__main__:387] Running model.predict_proba() on validation set (20% sample)...
2025-12-12 18:05:09,360 [INFO] [__main__:392] ✓ predict_proba() completed (shape: (105, 2))
2025-12-12 18:05:09,362 [INFO] [__main__:359] Grid search 45/60: {'C': 1.0, 'l1_ratio': 0.9, 'max_iter': 1000, 'penalty': 'elasticnet', 'solver': 'saga'}
2025-12-12 18:05:09,362 [INFO] [__main__:363] Training LogisticRegression with params: {'C': 1.0, 'l1_ratio': 0.9, 'max_iter': 1000, 'penalty': 'elasticnet', 'solver': 'saga'} (20% sample)
2025-12-12 18:05:09,363 [INFO] [__main__:364] Training data: 419 samples, 26 features
2025-12-12 18:05:09,479 [INFO] [__main__:375] ✓ Model.fit() completed successfully
2025-12-12 18:05:09,479 [INFO] [__main__:387] Running model.predict_proba() on validation set (20% sample)...
2025-12-12 18:05:09,480 [INFO] [__main__:392] ✓ predict_proba() completed (shape: (105, 2))
2025-12-12 18:05:09,482 [INFO] [__main__:359] Grid search 46/60: {'C': 10.0, 'max_iter': 1000, 'penalty': 'l1', 'solver': 'liblinear'}
2025-12-12 18:05:09,482 [INFO] [__main__:363] Training LogisticRegression with params: {'C': 10.0, 'max_iter': 1000, 'penalty': 'l1', 'solver': 'liblinear'} (20% sample)
2025-12-12 18:05:09,482 [INFO] [__main__:364] Training data: 419 samples, 26 features
2025-12-12 18:05:09,502 [INFO] [__main__:375] ✓ Model.fit() completed successfully
2025-12-12 18:05:09,503 [INFO] [__main__:387] Running model.predict_proba() on validation set (20% sample)...
2025-12-12 18:05:09,503 [INFO] [__main__:392] ✓ predict_proba() completed (shape: (105, 2))
2025-12-12 18:05:09,505 [INFO] [__main__:359] Grid search 47/60: {'C': 10.0, 'max_iter': 1000, 'penalty': 'l1', 'solver': 'saga'}
2025-12-12 18:05:09,505 [INFO] [__main__:363] Training LogisticRegression with params: {'C': 10.0, 'max_iter': 1000, 'penalty': 'l1', 'solver': 'saga'} (20% sample)
2025-12-12 18:05:09,505 [INFO] [__main__:364] Training data: 419 samples, 26 features
2025-12-12 18:05:09,683 [INFO] [__main__:375] ✓ Model.fit() completed successfully
2025-12-12 18:05:09,683 [INFO] [__main__:387] Running model.predict_proba() on validation set (20% sample)...
2025-12-12 18:05:09,684 [INFO] [__main__:392] ✓ predict_proba() completed (shape: (105, 2))
2025-12-12 18:05:09,686 [INFO] [__main__:359] Grid search 48/60: {'C': 10.0, 'max_iter': 1000, 'penalty': 'l2', 'solver': 'liblinear'}
2025-12-12 18:05:09,686 [INFO] [__main__:363] Training LogisticRegression with params: {'C': 10.0, 'max_iter': 1000, 'penalty': 'l2', 'solver': 'liblinear'} (20% sample)
2025-12-12 18:05:09,686 [INFO] [__main__:364] Training data: 419 samples, 26 features
2025-12-12 18:05:09,689 [INFO] [__main__:375] ✓ Model.fit() completed successfully
2025-12-12 18:05:09,689 [INFO] [__main__:387] Running model.predict_proba() on validation set (20% sample)...
2025-12-12 18:05:09,689 [INFO] [__main__:392] ✓ predict_proba() completed (shape: (105, 2))
2025-12-12 18:05:09,691 [INFO] [__main__:359] Grid search 49/60: {'C': 10.0, 'max_iter': 1000, 'penalty': 'l2', 'solver': 'saga'}
2025-12-12 18:05:09,691 [INFO] [__main__:363] Training LogisticRegression with params: {'C': 10.0, 'max_iter': 1000, 'penalty': 'l2', 'solver': 'saga'} (20% sample)
2025-12-12 18:05:09,691 [INFO] [__main__:364] Training data: 419 samples, 26 features
2025-12-12 18:05:09,827 [INFO] [__main__:375] ✓ Model.fit() completed successfully
2025-12-12 18:05:09,827 [INFO] [__main__:387] Running model.predict_proba() on validation set (20% sample)...
2025-12-12 18:05:09,827 [INFO] [__main__:392] ✓ predict_proba() completed (shape: (105, 2))
2025-12-12 18:05:09,829 [INFO] [__main__:359] Grid search 50/60: {'C': 10.0, 'l1_ratio': 0.1, 'max_iter': 1000, 'penalty': 'elasticnet', 'solver': 'saga'}
2025-12-12 18:05:09,830 [INFO] [__main__:363] Training LogisticRegression with params: {'C': 10.0, 'l1_ratio': 0.1, 'max_iter': 1000, 'penalty': 'elasticnet', 'solver': 'saga'} (20% sample)
2025-12-12 18:05:09,830 [INFO] [__main__:364] Training data: 419 samples, 26 features
2025-12-12 18:05:09,995 [INFO] [__main__:375] ✓ Model.fit() completed successfully
2025-12-12 18:05:09,995 [INFO] [__main__:387] Running model.predict_proba() on validation set (20% sample)...
2025-12-12 18:05:09,996 [INFO] [__main__:392] ✓ predict_proba() completed (shape: (105, 2))
2025-12-12 18:05:09,998 [INFO] [__main__:359] Grid search 51/60: {'C': 10.0, 'max_iter': 1000, 'penalty': 'l1', 'solver': 'liblinear'}
2025-12-12 18:05:09,998 [INFO] [__main__:363] Training LogisticRegression with params: {'C': 10.0, 'max_iter': 1000, 'penalty': 'l1', 'solver': 'liblinear'} (20% sample)
2025-12-12 18:05:09,998 [INFO] [__main__:364] Training data: 419 samples, 26 features
2025-12-12 18:05:10,018 [INFO] [__main__:375] ✓ Model.fit() completed successfully
2025-12-12 18:05:10,018 [INFO] [__main__:387] Running model.predict_proba() on validation set (20% sample)...
2025-12-12 18:05:10,019 [INFO] [__main__:392] ✓ predict_proba() completed (shape: (105, 2))
2025-12-12 18:05:10,021 [INFO] [__main__:359] Grid search 52/60: {'C': 10.0, 'max_iter': 1000, 'penalty': 'l1', 'solver': 'saga'}
2025-12-12 18:05:10,021 [INFO] [__main__:363] Training LogisticRegression with params: {'C': 10.0, 'max_iter': 1000, 'penalty': 'l1', 'solver': 'saga'} (20% sample)
2025-12-12 18:05:10,021 [INFO] [__main__:364] Training data: 419 samples, 26 features
2025-12-12 18:05:10,199 [INFO] [__main__:375] ✓ Model.fit() completed successfully
2025-12-12 18:05:10,199 [INFO] [__main__:387] Running model.predict_proba() on validation set (20% sample)...
2025-12-12 18:05:10,199 [INFO] [__main__:392] ✓ predict_proba() completed (shape: (105, 2))
2025-12-12 18:05:10,201 [INFO] [__main__:359] Grid search 53/60: {'C': 10.0, 'max_iter': 1000, 'penalty': 'l2', 'solver': 'liblinear'}
2025-12-12 18:05:10,201 [INFO] [__main__:363] Training LogisticRegression with params: {'C': 10.0, 'max_iter': 1000, 'penalty': 'l2', 'solver': 'liblinear'} (20% sample)
2025-12-12 18:05:10,201 [INFO] [__main__:364] Training data: 419 samples, 26 features
2025-12-12 18:05:10,205 [INFO] [__main__:375] ✓ Model.fit() completed successfully
2025-12-12 18:05:10,205 [INFO] [__main__:387] Running model.predict_proba() on validation set (20% sample)...
2025-12-12 18:05:10,205 [INFO] [__main__:392] ✓ predict_proba() completed (shape: (105, 2))
2025-12-12 18:05:10,207 [INFO] [__main__:359] Grid search 54/60: {'C': 10.0, 'max_iter': 1000, 'penalty': 'l2', 'solver': 'saga'}
2025-12-12 18:05:10,207 [INFO] [__main__:363] Training LogisticRegression with params: {'C': 10.0, 'max_iter': 1000, 'penalty': 'l2', 'solver': 'saga'} (20% sample)
2025-12-12 18:05:10,207 [INFO] [__main__:364] Training data: 419 samples, 26 features
2025-12-12 18:05:10,343 [INFO] [__main__:375] ✓ Model.fit() completed successfully
2025-12-12 18:05:10,343 [INFO] [__main__:387] Running model.predict_proba() on validation set (20% sample)...
2025-12-12 18:05:10,343 [INFO] [__main__:392] ✓ predict_proba() completed (shape: (105, 2))
2025-12-12 18:05:10,345 [INFO] [__main__:359] Grid search 55/60: {'C': 10.0, 'l1_ratio': 0.5, 'max_iter': 1000, 'penalty': 'elasticnet', 'solver': 'saga'}
2025-12-12 18:05:10,345 [INFO] [__main__:363] Training LogisticRegression with params: {'C': 10.0, 'l1_ratio': 0.5, 'max_iter': 1000, 'penalty': 'elasticnet', 'solver': 'saga'} (20% sample)
2025-12-12 18:05:10,345 [INFO] [__main__:364] Training data: 419 samples, 26 features
2025-12-12 18:05:10,516 [INFO] [__main__:375] ✓ Model.fit() completed successfully
2025-12-12 18:05:10,516 [INFO] [__main__:387] Running model.predict_proba() on validation set (20% sample)...
2025-12-12 18:05:10,517 [INFO] [__main__:392] ✓ predict_proba() completed (shape: (105, 2))
2025-12-12 18:05:10,519 [INFO] [__main__:359] Grid search 56/60: {'C': 10.0, 'max_iter': 1000, 'penalty': 'l1', 'solver': 'liblinear'}
2025-12-12 18:05:10,519 [INFO] [__main__:363] Training LogisticRegression with params: {'C': 10.0, 'max_iter': 1000, 'penalty': 'l1', 'solver': 'liblinear'} (20% sample)
2025-12-12 18:05:10,519 [INFO] [__main__:364] Training data: 419 samples, 26 features
2025-12-12 18:05:10,539 [INFO] [__main__:375] ✓ Model.fit() completed successfully
2025-12-12 18:05:10,540 [INFO] [__main__:387] Running model.predict_proba() on validation set (20% sample)...
2025-12-12 18:05:10,540 [INFO] [__main__:392] ✓ predict_proba() completed (shape: (105, 2))
2025-12-12 18:05:10,542 [INFO] [__main__:359] Grid search 57/60: {'C': 10.0, 'max_iter': 1000, 'penalty': 'l1', 'solver': 'saga'}
2025-12-12 18:05:10,542 [INFO] [__main__:363] Training LogisticRegression with params: {'C': 10.0, 'max_iter': 1000, 'penalty': 'l1', 'solver': 'saga'} (20% sample)
2025-12-12 18:05:10,542 [INFO] [__main__:364] Training data: 419 samples, 26 features
2025-12-12 18:05:10,722 [INFO] [__main__:375] ✓ Model.fit() completed successfully
2025-12-12 18:05:10,722 [INFO] [__main__:387] Running model.predict_proba() on validation set (20% sample)...
2025-12-12 18:05:10,722 [INFO] [__main__:392] ✓ predict_proba() completed (shape: (105, 2))
2025-12-12 18:05:10,725 [INFO] [__main__:359] Grid search 58/60: {'C': 10.0, 'max_iter': 1000, 'penalty': 'l2', 'solver': 'liblinear'}
2025-12-12 18:05:10,725 [INFO] [__main__:363] Training LogisticRegression with params: {'C': 10.0, 'max_iter': 1000, 'penalty': 'l2', 'solver': 'liblinear'} (20% sample)
2025-12-12 18:05:10,725 [INFO] [__main__:364] Training data: 419 samples, 26 features
2025-12-12 18:05:10,728 [INFO] [__main__:375] ✓ Model.fit() completed successfully
2025-12-12 18:05:10,728 [INFO] [__main__:387] Running model.predict_proba() on validation set (20% sample)...
2025-12-12 18:05:10,729 [INFO] [__main__:392] ✓ predict_proba() completed (shape: (105, 2))
2025-12-12 18:05:10,731 [INFO] [__main__:359] Grid search 59/60: {'C': 10.0, 'max_iter': 1000, 'penalty': 'l2', 'solver': 'saga'}
2025-12-12 18:05:10,731 [INFO] [__main__:363] Training LogisticRegression with params: {'C': 10.0, 'max_iter': 1000, 'penalty': 'l2', 'solver': 'saga'} (20% sample)
2025-12-12 18:05:10,731 [INFO] [__main__:364] Training data: 419 samples, 26 features
2025-12-12 18:05:10,866 [INFO] [__main__:375] ✓ Model.fit() completed successfully
2025-12-12 18:05:10,866 [INFO] [__main__:387] Running model.predict_proba() on validation set (20% sample)...
2025-12-12 18:05:10,867 [INFO] [__main__:392] ✓ predict_proba() completed (shape: (105, 2))
2025-12-12 18:05:10,869 [INFO] [__main__:359] Grid search 60/60: {'C': 10.0, 'l1_ratio': 0.9, 'max_iter': 1000, 'penalty': 'elasticnet', 'solver': 'saga'}
2025-12-12 18:05:10,869 [INFO] [__main__:363] Training LogisticRegression with params: {'C': 10.0, 'l1_ratio': 0.9, 'max_iter': 1000, 'penalty': 'elasticnet', 'solver': 'saga'} (20% sample)
2025-12-12 18:05:10,869 [INFO] [__main__:364] Training data: 419 samples, 26 features
2025-12-12 18:05:11,046 [INFO] [__main__:375] ✓ Model.fit() completed successfully
2025-12-12 18:05:11,047 [INFO] [__main__:387] Running model.predict_proba() on validation set (20% sample)...
2025-12-12 18:05:11,047 [INFO] [__main__:392] ✓ predict_proba() completed (shape: (105, 2))
2025-12-12 18:05:11,049 [INFO] [__main__:438] Best hyperparameters from 20% sample: {'C': 0.01, 'l1_ratio': 0.1, 'max_iter': 1000, 'penalty': 'elasticnet', 'solver': 'saga'} (val_f1: 0.7481)
2025-12-12 18:05:11,049 [INFO] [__main__:441] ================================================================================
2025-12-12 18:05:11,049 [INFO] [__main__:442] FINAL TRAINING: Using full dataset with best hyperparameters
2025-12-12 18:05:11,049 [INFO] [__main__:443] ================================================================================
2025-12-12 18:05:11,049 [INFO] [__main__:446] Scaling full dataset for final training...
2025-12-12 18:05:11,051 [INFO] [__main__:456] Full dataset scaled. Train: 1966, Val: 655, Test: 656
2025-12-12 18:05:11,052 [INFO] [__main__:467] CV fold 1/5
2025-12-12 18:05:11,078 [INFO] [__main__:467] CV fold 2/5
2025-12-12 18:05:11,103 [INFO] [__main__:467] CV fold 3/5
2025-12-12 18:05:11,126 [INFO] [__main__:467] CV fold 4/5
2025-12-12 18:05:11,152 [INFO] [__main__:467] CV fold 5/5
2025-12-12 18:05:11,178 [INFO] [__main__:498] CV F1: 0.6337 ± 0.0365
2025-12-12 18:05:11,178 [INFO] [__main__:499] CV AUC: 0.6787
2025-12-12 18:05:11,178 [INFO] [__main__:502] Training final model on full training+validation set...
2025-12-12 18:05:11,207 [INFO] [__main__:522] Test F1: 0.6337
2025-12-12 18:05:11,207 [INFO] [__main__:523] Test AUC: 0.6978
2025-12-12 18:05:11,207 [INFO] [__main__:524] Test AP: 0.6767
2025-12-12 18:05:11,207 [INFO] [__main__:525] Test Acc: 0.6159
2025-12-12 18:05:11,933 [INFO] [__main__:607] Training complete. Results saved to: /gpfs/accounts/si670f25_class_root/si670f25_class/santoshd/fvc/data/stage5/sklearn_logreg
2025-12-12 18:05:11,933 [INFO] [__main__:608] ================================================================================
2025-12-12 18:05:11,933 [INFO] [__main__:609] STAGE 5ALPHA TRAINING COMPLETED SUCCESSFULLY
2025-12-12 18:05:11,933 [INFO] [__main__:610] ================================================================================
==========================================
Python script completed with exit code: 0
==========================================
