2025-12-12 17:23:07,438 [INFO] [__main__:42] ================================================================================
2025-12-12 17:23:07,438 [INFO] [__main__:43] STAGE 5BETA: Gradient Boosting Training Script Starting
2025-12-12 17:23:07,438 [INFO] [__main__:44] ================================================================================
2025-12-12 17:23:07,438 [WARNING] [__main__:61] LightGBM not available
2025-12-12 17:23:07,439 [WARNING] [__main__:68] CatBoost not available
2025-12-12 17:23:07,439 [INFO] [__main__:526] Parsing command line arguments...
2025-12-12 17:23:07,442 [INFO] [__main__:547] Arguments parsed successfully:
2025-12-12 17:23:07,443 [INFO] [__main__:548]   project-root: /gpfs/accounts/si670f25_class_root/si670f25_class/santoshd/fvc
2025-12-12 17:23:07,443 [INFO] [__main__:549]   scaled-metadata: /gpfs/accounts/si670f25_class_root/si670f25_class/santoshd/fvc/data/scaled_videos/scaled_metadata.arrow
2025-12-12 17:23:07,443 [INFO] [__main__:550]   features-stage2: /gpfs/accounts/si670f25_class_root/si670f25_class/santoshd/fvc/data/features_stage2/features_metadata.arrow
2025-12-12 17:23:07,443 [INFO] [__main__:551]   features-stage4: /gpfs/accounts/si670f25_class_root/si670f25_class/santoshd/fvc/data/features_stage4/features_scaled_metadata.arrow
2025-12-12 17:23:07,443 [INFO] [__main__:552]   output-dir: data/stage5/gradient_boosting
2025-12-12 17:23:07,443 [INFO] [__main__:553]   n-splits: 5
2025-12-12 17:23:07,443 [INFO] [__main__:554]   models: ['xgboost']
2025-12-12 17:23:07,443 [INFO] [__main__:555]   delete-existing: True
2025-12-12 17:23:07,458 [INFO] [__main__:108] Deleted existing output directory (clean mode): /gpfs/accounts/si670f25_class_root/si670f25_class/santoshd/fvc/data/stage5/gradient_boosting
2025-12-12 17:23:07,459 [INFO] [__main__:115] Loading scaled metadata...
2025-12-12 17:23:08,584 [INFO] [__main__:127] Data validation passed: 3278 rows (> 3000 required)
2025-12-12 17:23:08,584 [INFO] [__main__:128] ✓ Data validation check successful
2025-12-12 17:23:08,645 [INFO] [__main__:143] Labels: [0, 1] -> {0: 0, 1: 1}
2025-12-12 17:23:08,646 [INFO] [__main__:144] Loaded 3278 videos
2025-12-12 17:23:08,646 [INFO] [__main__:147] Loading features from Stage 2/4...
2025-12-12 17:23:08,650 [INFO] [lib.training.feature_preprocessing:318] Loading Stage 2 features...
2025-12-12 17:23:08,650 [INFO] [lib.training.feature_preprocessing:319] Stage 2 path: /gpfs/accounts/si670f25_class_root/si670f25_class/santoshd/fvc/data/features_stage2/features_metadata.arrow
2025-12-12 17:23:08,690 [INFO] [lib.training.feature_preprocessing:329] ✓ Loaded Stage 2 metadata: 3278 rows, 18 columns
2025-12-12 17:23:42,946 [INFO] [lib.training.feature_preprocessing:367] Converting Stage 2 features to numpy array...
2025-12-12 17:23:42,950 [INFO] [lib.training.feature_preprocessing:371] Stage 2 array shape: (3278, 15), dtype: float64
2025-12-12 17:23:42,951 [INFO] [lib.training.feature_preprocessing:374] Loaded 15 Stage 2 features (3278/3278 videos matched)
2025-12-12 17:23:42,965 [INFO] [lib.training.feature_preprocessing:401] Loading Stage 4 features...
2025-12-12 17:23:42,965 [INFO] [lib.training.feature_preprocessing:402] Stage 4 path: /gpfs/accounts/si670f25_class_root/si670f25_class/santoshd/fvc/data/features_stage4/features_scaled_metadata.arrow
2025-12-12 17:23:43,030 [INFO] [lib.training.feature_preprocessing:412] ✓ Loaded Stage 4 metadata: 3277 rows, 26 columns
2025-12-12 17:24:18,989 [INFO] [lib.training.feature_preprocessing:450] Converting Stage 4 features to numpy array...
2025-12-12 17:24:18,995 [INFO] [lib.training.feature_preprocessing:454] Stage 4 array shape: (3278, 23), dtype: float64
2025-12-12 17:24:18,995 [INFO] [lib.training.feature_preprocessing:457] Loaded 23 Stage 4 features (3277/3278 videos matched)
2025-12-12 17:24:18,995 [INFO] [lib.training.feature_preprocessing:486] Combining 2 feature arrays...
2025-12-12 17:24:18,995 [INFO] [lib.training.feature_preprocessing:487] Feature array shapes: [(3278, 15), (3278, 23)]
2025-12-12 17:24:18,995 [INFO] [lib.training.feature_preprocessing:492] Combined 38 features from 2 stages
2025-12-12 17:24:18,995 [INFO] [lib.training.feature_preprocessing:493] Combined feature matrix shape: (3278, 38), dtype: float64
2025-12-12 17:24:18,995 [INFO] [lib.training.feature_preprocessing:494] Combined feature matrix size: 0.95 MB
2025-12-12 17:24:18,996 [INFO] [lib.training.feature_preprocessing:515] Stage 2: 3278 videos, Stage 4: 3277 videos
2025-12-12 17:24:18,996 [INFO] [lib.training.feature_preprocessing:516] Intersection (videos with BOTH Stage 2 AND Stage 4): 3277 videos
2025-12-12 17:24:18,996 [INFO] [lib.training.feature_preprocessing:530] ✓ Found 3277 videos with valid features
2025-12-12 17:24:19,000 [INFO] [lib.training.feature_training_pipeline:186] Removing collinear features BEFORE data splits (to avoid data leakage)...
2025-12-12 17:24:19,000 [INFO] [lib.training.feature_training_pipeline:187]   Original feature count: 38
2025-12-12 17:24:19,003 [INFO] [lib.training.feature_preprocessing:77] Removed 2 features with zero variance
2025-12-12 17:24:19,133 [INFO] [lib.training.feature_preprocessing:139] Removed 10 collinear features (correlation >= 0.95)
2025-12-12 17:24:19,134 [INFO] [lib.training.feature_preprocessing:160] Final feature count: 26/38 (68.4% retained)
2025-12-12 17:24:19,134 [INFO] [lib.training.feature_training_pipeline:196]   Final feature count after collinearity removal: 26/38 (68.4% retained)
2025-12-12 17:24:19,136 [INFO] [__main__:161] Filtered to 3277 videos with valid features
2025-12-12 17:24:19,136 [INFO] [__main__:166] ✓ Loaded 26 features for 3277 videos
2025-12-12 17:24:19,136 [INFO] [__main__:167]   Input dimension: 26
2025-12-12 17:24:19,136 [INFO] [__main__:173] Creating 60-20-20 stratified train-val-test split...
2025-12-12 17:24:19,244 [INFO] [__main__:181] Train: 1966, Val: 655, Test: 656
2025-12-12 17:24:19,245 [INFO] [__main__:187] ================================================================================
2025-12-12 17:24:19,245 [INFO] [__main__:188] HYPERPARAMETER SEARCH: Using 20% stratified sample for efficiency
2025-12-12 17:24:19,245 [INFO] [__main__:189] ================================================================================
2025-12-12 17:24:19,249 [INFO] [__main__:207] Hyperparameter search sample: 524 rows (20.0% of 2621 total)
2025-12-12 17:24:19,250 [INFO] [__main__:208]   Sample train: 419, Sample val: 105
2025-12-12 17:24:19,250 [INFO] [__main__:252] ================================================================================
2025-12-12 17:24:19,250 [INFO] [__main__:253] Training XGBOOST
2025-12-12 17:24:19,250 [INFO] [__main__:254] ================================================================================
2025-12-12 17:24:19,251 [INFO] [__main__:261] Hyperparameter search: 64 combinations
2025-12-12 17:24:19,251 [INFO] [__main__:274] Grid search 1/64: {'colsample_bytree': 0.8, 'learning_rate': 0.01, 'max_depth': 3, 'n_estimators': 100, 'reg_alpha': 0, 'reg_lambda': 1.0, 'subsample': 0.8}
2025-12-12 17:24:20,605 [INFO] [__main__:274] Grid search 2/64: {'colsample_bytree': 0.8, 'learning_rate': 0.01, 'max_depth': 3, 'n_estimators': 100, 'reg_alpha': 0, 'reg_lambda': 1.0, 'subsample': 1.0}
2025-12-12 17:24:20,687 [INFO] [__main__:274] Grid search 3/64: {'colsample_bytree': 0.8, 'learning_rate': 0.01, 'max_depth': 3, 'n_estimators': 100, 'reg_alpha': 0.1, 'reg_lambda': 1.0, 'subsample': 0.8}
2025-12-12 17:24:20,758 [INFO] [__main__:274] Grid search 4/64: {'colsample_bytree': 0.8, 'learning_rate': 0.01, 'max_depth': 3, 'n_estimators': 100, 'reg_alpha': 0.1, 'reg_lambda': 1.0, 'subsample': 1.0}
2025-12-12 17:24:20,830 [INFO] [__main__:274] Grid search 5/64: {'colsample_bytree': 0.8, 'learning_rate': 0.01, 'max_depth': 3, 'n_estimators': 200, 'reg_alpha': 0, 'reg_lambda': 1.0, 'subsample': 0.8}
2025-12-12 17:24:20,962 [INFO] [__main__:274] Grid search 6/64: {'colsample_bytree': 0.8, 'learning_rate': 0.01, 'max_depth': 3, 'n_estimators': 200, 'reg_alpha': 0, 'reg_lambda': 1.0, 'subsample': 1.0}
2025-12-12 17:24:21,097 [INFO] [__main__:274] Grid search 7/64: {'colsample_bytree': 0.8, 'learning_rate': 0.01, 'max_depth': 3, 'n_estimators': 200, 'reg_alpha': 0.1, 'reg_lambda': 1.0, 'subsample': 0.8}
2025-12-12 17:24:21,231 [INFO] [__main__:274] Grid search 8/64: {'colsample_bytree': 0.8, 'learning_rate': 0.01, 'max_depth': 3, 'n_estimators': 200, 'reg_alpha': 0.1, 'reg_lambda': 1.0, 'subsample': 1.0}
2025-12-12 17:24:21,368 [INFO] [__main__:274] Grid search 9/64: {'colsample_bytree': 0.8, 'learning_rate': 0.01, 'max_depth': 5, 'n_estimators': 100, 'reg_alpha': 0, 'reg_lambda': 1.0, 'subsample': 0.8}
2025-12-12 17:24:21,519 [INFO] [__main__:274] Grid search 10/64: {'colsample_bytree': 0.8, 'learning_rate': 0.01, 'max_depth': 5, 'n_estimators': 100, 'reg_alpha': 0, 'reg_lambda': 1.0, 'subsample': 1.0}
2025-12-12 17:24:21,677 [INFO] [__main__:274] Grid search 11/64: {'colsample_bytree': 0.8, 'learning_rate': 0.01, 'max_depth': 5, 'n_estimators': 100, 'reg_alpha': 0.1, 'reg_lambda': 1.0, 'subsample': 0.8}
2025-12-12 17:24:21,830 [INFO] [__main__:274] Grid search 12/64: {'colsample_bytree': 0.8, 'learning_rate': 0.01, 'max_depth': 5, 'n_estimators': 100, 'reg_alpha': 0.1, 'reg_lambda': 1.0, 'subsample': 1.0}
2025-12-12 17:24:21,988 [INFO] [__main__:274] Grid search 13/64: {'colsample_bytree': 0.8, 'learning_rate': 0.01, 'max_depth': 5, 'n_estimators': 200, 'reg_alpha': 0, 'reg_lambda': 1.0, 'subsample': 0.8}
2025-12-12 17:24:22,276 [INFO] [__main__:274] Grid search 14/64: {'colsample_bytree': 0.8, 'learning_rate': 0.01, 'max_depth': 5, 'n_estimators': 200, 'reg_alpha': 0, 'reg_lambda': 1.0, 'subsample': 1.0}
2025-12-12 17:24:22,582 [INFO] [__main__:274] Grid search 15/64: {'colsample_bytree': 0.8, 'learning_rate': 0.01, 'max_depth': 5, 'n_estimators': 200, 'reg_alpha': 0.1, 'reg_lambda': 1.0, 'subsample': 0.8}
2025-12-12 17:24:22,874 [INFO] [__main__:274] Grid search 16/64: {'colsample_bytree': 0.8, 'learning_rate': 0.01, 'max_depth': 5, 'n_estimators': 200, 'reg_alpha': 0.1, 'reg_lambda': 1.0, 'subsample': 1.0}
2025-12-12 17:24:23,182 [INFO] [__main__:274] Grid search 17/64: {'colsample_bytree': 0.8, 'learning_rate': 0.1, 'max_depth': 3, 'n_estimators': 100, 'reg_alpha': 0, 'reg_lambda': 1.0, 'subsample': 0.8}
2025-12-12 17:24:23,250 [INFO] [__main__:274] Grid search 18/64: {'colsample_bytree': 0.8, 'learning_rate': 0.1, 'max_depth': 3, 'n_estimators': 100, 'reg_alpha': 0, 'reg_lambda': 1.0, 'subsample': 1.0}
2025-12-12 17:24:23,316 [INFO] [__main__:274] Grid search 19/64: {'colsample_bytree': 0.8, 'learning_rate': 0.1, 'max_depth': 3, 'n_estimators': 100, 'reg_alpha': 0.1, 'reg_lambda': 1.0, 'subsample': 0.8}
2025-12-12 17:24:23,385 [INFO] [__main__:274] Grid search 20/64: {'colsample_bytree': 0.8, 'learning_rate': 0.1, 'max_depth': 3, 'n_estimators': 100, 'reg_alpha': 0.1, 'reg_lambda': 1.0, 'subsample': 1.0}
2025-12-12 17:24:23,453 [INFO] [__main__:274] Grid search 21/64: {'colsample_bytree': 0.8, 'learning_rate': 0.1, 'max_depth': 3, 'n_estimators': 200, 'reg_alpha': 0, 'reg_lambda': 1.0, 'subsample': 0.8}
2025-12-12 17:24:23,576 [INFO] [__main__:274] Grid search 22/64: {'colsample_bytree': 0.8, 'learning_rate': 0.1, 'max_depth': 3, 'n_estimators': 200, 'reg_alpha': 0, 'reg_lambda': 1.0, 'subsample': 1.0}
2025-12-12 17:24:23,697 [INFO] [__main__:274] Grid search 23/64: {'colsample_bytree': 0.8, 'learning_rate': 0.1, 'max_depth': 3, 'n_estimators': 200, 'reg_alpha': 0.1, 'reg_lambda': 1.0, 'subsample': 0.8}
2025-12-12 17:24:23,823 [INFO] [__main__:274] Grid search 24/64: {'colsample_bytree': 0.8, 'learning_rate': 0.1, 'max_depth': 3, 'n_estimators': 200, 'reg_alpha': 0.1, 'reg_lambda': 1.0, 'subsample': 1.0}
2025-12-12 17:24:23,951 [INFO] [__main__:274] Grid search 25/64: {'colsample_bytree': 0.8, 'learning_rate': 0.1, 'max_depth': 5, 'n_estimators': 100, 'reg_alpha': 0, 'reg_lambda': 1.0, 'subsample': 0.8}
2025-12-12 17:24:24,079 [INFO] [__main__:274] Grid search 26/64: {'colsample_bytree': 0.8, 'learning_rate': 0.1, 'max_depth': 5, 'n_estimators': 100, 'reg_alpha': 0, 'reg_lambda': 1.0, 'subsample': 1.0}
2025-12-12 17:24:24,207 [INFO] [__main__:274] Grid search 27/64: {'colsample_bytree': 0.8, 'learning_rate': 0.1, 'max_depth': 5, 'n_estimators': 100, 'reg_alpha': 0.1, 'reg_lambda': 1.0, 'subsample': 0.8}
2025-12-12 17:24:24,340 [INFO] [__main__:274] Grid search 28/64: {'colsample_bytree': 0.8, 'learning_rate': 0.1, 'max_depth': 5, 'n_estimators': 100, 'reg_alpha': 0.1, 'reg_lambda': 1.0, 'subsample': 1.0}
2025-12-12 17:24:24,469 [INFO] [__main__:274] Grid search 29/64: {'colsample_bytree': 0.8, 'learning_rate': 0.1, 'max_depth': 5, 'n_estimators': 200, 'reg_alpha': 0, 'reg_lambda': 1.0, 'subsample': 0.8}
2025-12-12 17:24:24,678 [INFO] [__main__:274] Grid search 30/64: {'colsample_bytree': 0.8, 'learning_rate': 0.1, 'max_depth': 5, 'n_estimators': 200, 'reg_alpha': 0, 'reg_lambda': 1.0, 'subsample': 1.0}
2025-12-12 17:24:24,894 [INFO] [__main__:274] Grid search 31/64: {'colsample_bytree': 0.8, 'learning_rate': 0.1, 'max_depth': 5, 'n_estimators': 200, 'reg_alpha': 0.1, 'reg_lambda': 1.0, 'subsample': 0.8}
2025-12-12 17:24:25,111 [INFO] [__main__:274] Grid search 32/64: {'colsample_bytree': 0.8, 'learning_rate': 0.1, 'max_depth': 5, 'n_estimators': 200, 'reg_alpha': 0.1, 'reg_lambda': 1.0, 'subsample': 1.0}
2025-12-12 17:24:25,338 [INFO] [__main__:274] Grid search 33/64: {'colsample_bytree': 1.0, 'learning_rate': 0.01, 'max_depth': 3, 'n_estimators': 100, 'reg_alpha': 0, 'reg_lambda': 1.0, 'subsample': 0.8}
2025-12-12 17:24:25,422 [INFO] [__main__:274] Grid search 34/64: {'colsample_bytree': 1.0, 'learning_rate': 0.01, 'max_depth': 3, 'n_estimators': 100, 'reg_alpha': 0, 'reg_lambda': 1.0, 'subsample': 1.0}
2025-12-12 17:24:25,507 [INFO] [__main__:274] Grid search 35/64: {'colsample_bytree': 1.0, 'learning_rate': 0.01, 'max_depth': 3, 'n_estimators': 100, 'reg_alpha': 0.1, 'reg_lambda': 1.0, 'subsample': 0.8}
2025-12-12 17:24:25,592 [INFO] [__main__:274] Grid search 36/64: {'colsample_bytree': 1.0, 'learning_rate': 0.01, 'max_depth': 3, 'n_estimators': 100, 'reg_alpha': 0.1, 'reg_lambda': 1.0, 'subsample': 1.0}
2025-12-12 17:24:25,678 [INFO] [__main__:274] Grid search 37/64: {'colsample_bytree': 1.0, 'learning_rate': 0.01, 'max_depth': 3, 'n_estimators': 200, 'reg_alpha': 0, 'reg_lambda': 1.0, 'subsample': 0.8}
2025-12-12 17:24:25,836 [INFO] [__main__:274] Grid search 38/64: {'colsample_bytree': 1.0, 'learning_rate': 0.01, 'max_depth': 3, 'n_estimators': 200, 'reg_alpha': 0, 'reg_lambda': 1.0, 'subsample': 1.0}
2025-12-12 17:24:25,998 [INFO] [__main__:274] Grid search 39/64: {'colsample_bytree': 1.0, 'learning_rate': 0.01, 'max_depth': 3, 'n_estimators': 200, 'reg_alpha': 0.1, 'reg_lambda': 1.0, 'subsample': 0.8}
2025-12-12 17:24:26,159 [INFO] [__main__:274] Grid search 40/64: {'colsample_bytree': 1.0, 'learning_rate': 0.01, 'max_depth': 3, 'n_estimators': 200, 'reg_alpha': 0.1, 'reg_lambda': 1.0, 'subsample': 1.0}
2025-12-12 17:24:26,324 [INFO] [__main__:274] Grid search 41/64: {'colsample_bytree': 1.0, 'learning_rate': 0.01, 'max_depth': 5, 'n_estimators': 100, 'reg_alpha': 0, 'reg_lambda': 1.0, 'subsample': 0.8}
2025-12-12 17:24:26,507 [INFO] [__main__:274] Grid search 42/64: {'colsample_bytree': 1.0, 'learning_rate': 0.01, 'max_depth': 5, 'n_estimators': 100, 'reg_alpha': 0, 'reg_lambda': 1.0, 'subsample': 1.0}
2025-12-12 17:24:26,695 [INFO] [__main__:274] Grid search 43/64: {'colsample_bytree': 1.0, 'learning_rate': 0.01, 'max_depth': 5, 'n_estimators': 100, 'reg_alpha': 0.1, 'reg_lambda': 1.0, 'subsample': 0.8}
2025-12-12 17:24:26,880 [INFO] [__main__:274] Grid search 44/64: {'colsample_bytree': 1.0, 'learning_rate': 0.01, 'max_depth': 5, 'n_estimators': 100, 'reg_alpha': 0.1, 'reg_lambda': 1.0, 'subsample': 1.0}
2025-12-12 17:24:27,068 [INFO] [__main__:274] Grid search 45/64: {'colsample_bytree': 1.0, 'learning_rate': 0.01, 'max_depth': 5, 'n_estimators': 200, 'reg_alpha': 0, 'reg_lambda': 1.0, 'subsample': 0.8}
2025-12-12 17:24:27,419 [INFO] [__main__:274] Grid search 46/64: {'colsample_bytree': 1.0, 'learning_rate': 0.01, 'max_depth': 5, 'n_estimators': 200, 'reg_alpha': 0, 'reg_lambda': 1.0, 'subsample': 1.0}
2025-12-12 17:24:27,782 [INFO] [__main__:274] Grid search 47/64: {'colsample_bytree': 1.0, 'learning_rate': 0.01, 'max_depth': 5, 'n_estimators': 200, 'reg_alpha': 0.1, 'reg_lambda': 1.0, 'subsample': 0.8}
2025-12-12 17:24:28,139 [INFO] [__main__:274] Grid search 48/64: {'colsample_bytree': 1.0, 'learning_rate': 0.01, 'max_depth': 5, 'n_estimators': 200, 'reg_alpha': 0.1, 'reg_lambda': 1.0, 'subsample': 1.0}
2025-12-12 17:24:28,503 [INFO] [__main__:274] Grid search 49/64: {'colsample_bytree': 1.0, 'learning_rate': 0.1, 'max_depth': 3, 'n_estimators': 100, 'reg_alpha': 0, 'reg_lambda': 1.0, 'subsample': 0.8}
2025-12-12 17:24:28,583 [INFO] [__main__:274] Grid search 50/64: {'colsample_bytree': 1.0, 'learning_rate': 0.1, 'max_depth': 3, 'n_estimators': 100, 'reg_alpha': 0, 'reg_lambda': 1.0, 'subsample': 1.0}
2025-12-12 17:24:28,661 [INFO] [__main__:274] Grid search 51/64: {'colsample_bytree': 1.0, 'learning_rate': 0.1, 'max_depth': 3, 'n_estimators': 100, 'reg_alpha': 0.1, 'reg_lambda': 1.0, 'subsample': 0.8}
2025-12-12 17:24:28,743 [INFO] [__main__:274] Grid search 52/64: {'colsample_bytree': 1.0, 'learning_rate': 0.1, 'max_depth': 3, 'n_estimators': 100, 'reg_alpha': 0.1, 'reg_lambda': 1.0, 'subsample': 1.0}
2025-12-12 17:24:28,824 [INFO] [__main__:274] Grid search 53/64: {'colsample_bytree': 1.0, 'learning_rate': 0.1, 'max_depth': 3, 'n_estimators': 200, 'reg_alpha': 0, 'reg_lambda': 1.0, 'subsample': 0.8}
2025-12-12 17:24:28,971 [INFO] [__main__:274] Grid search 54/64: {'colsample_bytree': 1.0, 'learning_rate': 0.1, 'max_depth': 3, 'n_estimators': 200, 'reg_alpha': 0, 'reg_lambda': 1.0, 'subsample': 1.0}
2025-12-12 17:24:29,116 [INFO] [__main__:274] Grid search 55/64: {'colsample_bytree': 1.0, 'learning_rate': 0.1, 'max_depth': 3, 'n_estimators': 200, 'reg_alpha': 0.1, 'reg_lambda': 1.0, 'subsample': 0.8}
2025-12-12 17:24:29,266 [INFO] [__main__:274] Grid search 56/64: {'colsample_bytree': 1.0, 'learning_rate': 0.1, 'max_depth': 3, 'n_estimators': 200, 'reg_alpha': 0.1, 'reg_lambda': 1.0, 'subsample': 1.0}
2025-12-12 17:24:29,417 [INFO] [__main__:274] Grid search 57/64: {'colsample_bytree': 1.0, 'learning_rate': 0.1, 'max_depth': 5, 'n_estimators': 100, 'reg_alpha': 0, 'reg_lambda': 1.0, 'subsample': 0.8}
2025-12-12 17:24:29,571 [INFO] [__main__:274] Grid search 58/64: {'colsample_bytree': 1.0, 'learning_rate': 0.1, 'max_depth': 5, 'n_estimators': 100, 'reg_alpha': 0, 'reg_lambda': 1.0, 'subsample': 1.0}
2025-12-12 17:24:29,729 [INFO] [__main__:274] Grid search 59/64: {'colsample_bytree': 1.0, 'learning_rate': 0.1, 'max_depth': 5, 'n_estimators': 100, 'reg_alpha': 0.1, 'reg_lambda': 1.0, 'subsample': 0.8}
2025-12-12 17:24:29,888 [INFO] [__main__:274] Grid search 60/64: {'colsample_bytree': 1.0, 'learning_rate': 0.1, 'max_depth': 5, 'n_estimators': 100, 'reg_alpha': 0.1, 'reg_lambda': 1.0, 'subsample': 1.0}
2025-12-12 17:24:30,046 [INFO] [__main__:274] Grid search 61/64: {'colsample_bytree': 1.0, 'learning_rate': 0.1, 'max_depth': 5, 'n_estimators': 200, 'reg_alpha': 0, 'reg_lambda': 1.0, 'subsample': 0.8}
2025-12-12 17:24:30,298 [INFO] [__main__:274] Grid search 62/64: {'colsample_bytree': 1.0, 'learning_rate': 0.1, 'max_depth': 5, 'n_estimators': 200, 'reg_alpha': 0, 'reg_lambda': 1.0, 'subsample': 1.0}
2025-12-12 17:24:30,558 [INFO] [__main__:274] Grid search 63/64: {'colsample_bytree': 1.0, 'learning_rate': 0.1, 'max_depth': 5, 'n_estimators': 200, 'reg_alpha': 0.1, 'reg_lambda': 1.0, 'subsample': 0.8}
2025-12-12 17:24:30,815 [INFO] [__main__:274] Grid search 64/64: {'colsample_bytree': 1.0, 'learning_rate': 0.1, 'max_depth': 5, 'n_estimators': 200, 'reg_alpha': 0.1, 'reg_lambda': 1.0, 'subsample': 1.0}
2025-12-12 17:24:31,083 [INFO] [__main__:334] Best hyperparameters from 20% sample: {'colsample_bytree': 0.8, 'learning_rate': 0.1, 'max_depth': 5, 'n_estimators': 200, 'reg_alpha': 0, 'reg_lambda': 1.0, 'subsample': 0.8} (val_f1: 0.8491)
2025-12-12 17:24:31,083 [INFO] [__main__:337] ================================================================================
2025-12-12 17:24:31,083 [INFO] [__main__:338] FINAL TRAINING (XGBOOST): Using full dataset with best hyperparameters
2025-12-12 17:24:31,083 [INFO] [__main__:339] ================================================================================
2025-12-12 17:24:31,084 [INFO] [__main__:350] CV fold 1/5
2025-12-12 17:24:31,614 [INFO] [__main__:350] CV fold 2/5
2025-12-12 17:24:31,982 [INFO] [__main__:350] CV fold 3/5
2025-12-12 17:24:32,335 [INFO] [__main__:350] CV fold 4/5
2025-12-12 17:24:32,693 [INFO] [__main__:350] CV fold 5/5
2025-12-12 17:24:33,055 [INFO] [__main__:395] CV F1: 0.9533 ± 0.0120
2025-12-12 17:24:33,055 [INFO] [__main__:396] CV AUC: 0.9902
2025-12-12 17:24:33,055 [INFO] [__main__:399] Training final model on full training+validation set...
2025-12-12 17:24:33,437 [INFO] [__main__:435] Test F1: 0.9686
2025-12-12 17:24:33,437 [INFO] [__main__:436] Test AUC: 0.9972
2025-12-12 17:24:33,437 [INFO] [__main__:437] Test AP: 0.9974
2025-12-12 17:24:33,437 [INFO] [__main__:438] Test Acc: 0.9680
2025-12-12 17:24:34,623 [INFO] [__main__:509] ✓ XGBOOST training complete
2025-12-12 17:24:34,623 [INFO] [__main__:511] ================================================================================
2025-12-12 17:24:34,624 [INFO] [__main__:512] GRADIENT BOOSTING TRAINING COMPLETE
2025-12-12 17:24:34,624 [INFO] [__main__:513] ================================================================================
2025-12-12 17:24:34,624 [INFO] [__main__:514] Training complete. Results saved to: /gpfs/accounts/si670f25_class_root/si670f25_class/santoshd/fvc/data/stage5/gradient_boosting
2025-12-12 17:24:34,624 [INFO] [__main__:515] ================================================================================
2025-12-12 17:24:34,624 [INFO] [__main__:516] STAGE 5BETA TRAINING COMPLETED SUCCESSFULLY
2025-12-12 17:24:34,624 [INFO] [__main__:517] ================================================================================
