2025-12-13 18:59:41 [INFO] [__main__:310] ================================================================================
2025-12-13 18:59:41 [INFO] [__main__:311] STAGE 5: MODEL TRAINING
2025-12-13 18:59:41 [INFO] [__main__:312] ================================================================================
2025-12-13 18:59:41 [INFO] [__main__:313] Project root: /gpfs/accounts/si670f25_class_root/si670f25_class/santoshd/fvc
2025-12-13 18:59:41 [INFO] [__main__:314] Scaled metadata: /gpfs/accounts/si670f25_class_root/si670f25_class/santoshd/fvc/data/scaled_videos/scaled_metadata.arrow
2025-12-13 18:59:41 [INFO] [__main__:315] Features Stage 2: /gpfs/accounts/si670f25_class_root/si670f25_class/santoshd/fvc/data/features_stage2/features_metadata.arrow
2025-12-13 18:59:41 [INFO] [__main__:316] Features Stage 4: /gpfs/accounts/si670f25_class_root/si670f25_class/santoshd/fvc/data/features_stage4/features_scaled_metadata.arrow
2025-12-13 18:59:41 [INFO] [__main__:317] Model types: ['xgboost_pretrained_inception']
2025-12-13 18:59:41 [INFO] [__main__:318] K-fold splits: 5
2025-12-13 18:59:41 [INFO] [__main__:319] Number of frames: 1000
2025-12-13 18:59:41 [INFO] [__main__:320] Output directory: /gpfs/accounts/si670f25_class_root/si670f25_class/santoshd/fvc/data/stage5
2025-12-13 18:59:41 [INFO] [__main__:321] Experiment tracking: Enabled
2025-12-13 18:59:41 [INFO] [__main__:324] Delete existing: True
2025-12-13 18:59:41 [INFO] [__main__:325] Resume mode: True
2025-12-13 18:59:41 [INFO] [__main__:326] Log file: /gpfs/accounts/si670f25_class_root/si670f25_class/santoshd/fvc/logs/stage5_training_1765670381.log
2025-12-13 18:59:41 [INFO] [__main__:333] ================================================================================
2025-12-13 18:59:41 [INFO] [__main__:334] Checking prerequisites...
2025-12-13 18:59:41 [INFO] [__main__:335] ================================================================================
2025-12-13 18:59:41 [INFO] [__main__:342] ✓ Scaled metadata file found: /gpfs/accounts/si670f25_class_root/si670f25_class/santoshd/fvc/data/scaled_videos/scaled_metadata.arrow
2025-12-13 18:59:41 [INFO] [__main__:352] ✓ All model types are valid
2025-12-13 18:59:41 [INFO] [__main__:358] ================================================================================
2025-12-13 18:59:41 [INFO] [__main__:359] Initial memory statistics:
2025-12-13 18:59:41 [INFO] [__main__:360] ================================================================================
2025-12-13 18:59:41 [INFO] [lib.utils.memory:91] Memory stats (Stage 5: before training): {'cpu_memory_mb': 735.640625, 'cpu_memory_gb': 0.7183990478515625, 'cpu_vms_mb': 10218.58984375, 'gpu_allocated_gb': 0.0, 'gpu_reserved_gb': 0.0, 'gpu_total_gb': 16.928342016, 'gpu_free_gb': 16.928342016}
2025-12-13 18:59:41 [INFO] [__main__:364] ================================================================================
2025-12-13 18:59:41 [INFO] [__main__:365] Starting Stage 5: Model Training
2025-12-13 18:59:41 [INFO] [__main__:366] ================================================================================
2025-12-13 18:59:41 [INFO] [__main__:367] Training 1 model(s) with 5-fold cross-validation
2025-12-13 18:59:41 [INFO] [__main__:368] This may take a while depending on dataset size and model complexity...
2025-12-13 18:59:41 [INFO] [__main__:369] Progress will be logged in real-time
2025-12-13 18:59:41 [INFO] [__main__:370] ================================================================================
2025-12-13 18:59:41 [INFO] [__main__:375] Calling Stage 5 training pipeline...
2025-12-13 18:59:41 [INFO] [__main__:376] This may take a while - progress will be logged in real-time
2025-12-13 18:59:41 [INFO] [lib.training.pipeline:494] ================================================================================
2025-12-13 18:59:41 [INFO] [lib.training.pipeline:495] Stage 5: Model Training Pipeline Started
2025-12-13 18:59:41 [INFO] [lib.training.pipeline:496] ================================================================================
2025-12-13 18:59:41 [INFO] [lib.training.pipeline:497] Model types: ['xgboost_pretrained_inception']
2025-12-13 18:59:41 [INFO] [lib.training.pipeline:498] K-fold splits: 5
2025-12-13 18:59:41 [INFO] [lib.training.pipeline:499] Frames per video: 1000
2025-12-13 18:59:41 [INFO] [lib.training.pipeline:500] Output directory: data/stage5
2025-12-13 18:59:41 [INFO] [lib.training.pipeline:501] Initializing pipeline...
2025-12-13 18:59:41 [INFO] [lib.training.pipeline:263] ================================================================================
2025-12-13 18:59:41 [INFO] [lib.training.pipeline:264] STAGE 5 PREREQUISITE VALIDATION
2025-12-13 18:59:41 [INFO] [lib.training.pipeline:265] ================================================================================
2025-12-13 18:59:41 [INFO] [lib.training.pipeline:268] 
[1/3] Checking Stage 3 (scaled videos) - REQUIRED for all models...
2025-12-13 18:59:42 [INFO] [lib.training.pipeline:277] ✓ Stage 3 metadata found: 3278 scaled videos
2025-12-13 18:59:42 [INFO] [lib.training.pipeline:278]   Path: /gpfs/accounts/si670f25_class_root/si670f25_class/santoshd/fvc/data/scaled_videos/scaled_metadata.arrow
2025-12-13 18:59:42 [INFO] [lib.training.pipeline:281] 
[2/3] Checking Stage 2 (features) - REQUIRED for *_stage2 models...
2025-12-13 18:59:42 [INFO] [lib.training.pipeline:289] ✓ Stage 2 metadata found: 3278 feature rows
2025-12-13 18:59:42 [INFO] [lib.training.pipeline:290]   Path: /gpfs/accounts/si670f25_class_root/si670f25_class/santoshd/fvc/data/features_stage2/features_metadata.arrow
2025-12-13 18:59:42 [INFO] [lib.training.pipeline:293] 
[3/3] Checking Stage 4 (scaled features) - REQUIRED for *_stage2_stage4 models...
2025-12-13 18:59:42 [INFO] [lib.training.pipeline:301] ✓ Stage 4 metadata found: 3277 feature rows
2025-12-13 18:59:42 [INFO] [lib.training.pipeline:302]   Path: /gpfs/accounts/si670f25_class_root/si670f25_class/santoshd/fvc/data/features_stage4/features_scaled_metadata.arrow
2025-12-13 18:59:42 [INFO] [lib.training.pipeline:305] 
================================================================================
2025-12-13 18:59:42 [INFO] [lib.training.pipeline:306] MODEL REQUIREMENTS CHECK
2025-12-13 18:59:42 [INFO] [lib.training.pipeline:307] ================================================================================
2025-12-13 18:59:42 [INFO] [lib.training.pipeline:331] ✓ xgboost_pretrained_inception: CAN RUN
2025-12-13 18:59:42 [INFO] [lib.training.pipeline:334] 
================================================================================
2025-12-13 18:59:42 [INFO] [lib.training.pipeline:335] VALIDATION SUMMARY
2025-12-13 18:59:42 [INFO] [lib.training.pipeline:336] ================================================================================
2025-12-13 18:59:42 [INFO] [lib.training.pipeline:337] Stage 3 (scaled videos): ✓ Available
2025-12-13 18:59:42 [INFO] [lib.training.pipeline:338]   Count: 3278 videos
2025-12-13 18:59:42 [INFO] [lib.training.pipeline:339] Stage 2 (features): ✓ Available
2025-12-13 18:59:42 [INFO] [lib.training.pipeline:340]   Count: 3278 feature rows
2025-12-13 18:59:42 [INFO] [lib.training.pipeline:341] Stage 4 (scaled features): ✓ Available
2025-12-13 18:59:42 [INFO] [lib.training.pipeline:342]   Count: 3277 feature rows
2025-12-13 18:59:42 [INFO] [lib.training.pipeline:343] 
Runnable models: 1/1
2025-12-13 18:59:42 [INFO] [lib.training.pipeline:344]   ['xgboost_pretrained_inception']
2025-12-13 18:59:42 [INFO] [lib.training.pipeline:351] ================================================================================
2025-12-13 18:59:42 [INFO] [lib.training.pipeline:587] 
Stage 5: Loading metadata...
2025-12-13 18:59:42 [INFO] [lib.training.pipeline:613] Loaded metadata: 3278 rows
2025-12-13 18:59:42 [INFO] [lib.training.pipeline:623] ✓ Data validation passed: 3278 rows (> 3000 required)
2025-12-13 18:59:42 [WARNING] [lib.utils.guardrails:171] Disk usage high: free=828428.89GB, used=1671411.11GB (66.9%)
2025-12-13 18:59:42 [INFO] [lib.training.pipeline:645] Loading Stage 2 and Stage 4 features (required for feature-based models)...
2025-12-13 18:59:42 [INFO] [lib.training.pipeline:655] Stage 5: Found 3278 scaled videos
2025-12-13 18:59:42 [INFO] [lib.training.pipeline:660] ================================================================================
2025-12-13 18:59:42 [INFO] [lib.training.pipeline:661] STAGE 5: VALIDATING VIDEOS (checking for corruption and empty videos)
2025-12-13 18:59:42 [INFO] [lib.training.pipeline:662] ================================================================================
2025-12-13 18:59:42 [INFO] [lib.data.loading:151] Checking file existence for 3278 videos...
2025-12-13 18:59:46 [INFO] [lib.data.loading:161] Found 3278 existing video files (filtered out 0 missing files)
2025-12-13 18:59:46 [INFO] [lib.data.loading:165] Checking for corrupted videos (moov atom errors, etc.)...
2025-12-13 18:59:46 [INFO] [lib.data.loading:91] Loaded validation cache from /gpfs/accounts/si670f25_class_root/si670f25_class/santoshd/fvc/data/.video_validation_cache/validation_0192be168a40eb7e_corruptTrue_framesTrue.parquet (3278 entries)
2025-12-13 18:59:46 [INFO] [lib.data.loading:189] Cache hit: 3278 videos, Cache miss: 0 videos
2025-12-13 18:59:47 [WARNING] [lib.data.loading:301] Filtered out 1 corrupted videos and 0 empty videos. Keeping 3277 valid videos.
2025-12-13 18:59:47 [WARNING] [lib.data.loading:306] Sample of invalid videos:
2025-12-13 18:59:47 [WARNING] [lib.data.loading:308]   data/scaled_videos/FX5aeuJFQ64_aug1_scaled_aug1.mp4: Corrupted video: moov atom not found
2025-12-13 18:59:47 [INFO] [lib.data.loading:319] Checking video frames (this may take a while and use memory)...
2025-12-13 20:10:08 [INFO] [lib.data.loading:355] ✓ All 3277 videos have frames
2025-12-13 20:10:08 [INFO] [lib.data.loading:356] Frame check complete.
2025-12-13 20:10:08 [WARNING] [lib.data.loading:367] Filtered out 1 invalid videos (corrupted or empty). Keeping 3277 valid videos.
2025-12-13 20:10:08 [INFO] [lib.training.pipeline:674] ✓ Video validation complete: 3277 valid videos ready for training
2025-12-13 20:10:08 [INFO] [lib.training.pipeline:675] ================================================================================
2025-12-13 20:10:08 [INFO] [lib.training.pipeline:761] Frame caching enabled (default): cache_dir=data/.frame_cache. This will cache processed frames to disk to speed up training. First epoch will be slower (building cache), subsequent epochs will be faster. To disable, set FVC_USE_FRAME_CACHE=0
2025-12-13 20:10:08 [INFO] [lib.training.pipeline:830] Overriding num_frames to 400 for xgboost_pretrained_inception (XGBoost pretrained model with enhanced features) to balance performance and memory. Original num_frames was 1000.
2025-12-13 20:10:08 [INFO] [lib.training.pipeline:864] Stage 5: Deleting existing model results (clean mode)...
2025-12-13 20:10:08 [INFO] [lib.training.pipeline:873] Deleted existing results for xgboost_pretrained_inception
2025-12-13 20:10:08 [INFO] [lib.training.pipeline:876] Stage 5: Deleted 1 existing model directories
2025-12-13 20:10:08 [INFO] [lib.training.pipeline:881] 
================================================================================
2025-12-13 20:10:08 [INFO] [lib.training.pipeline:882] Stage 5: Training model: xgboost_pretrained_inception
2025-12-13 20:10:08 [INFO] [lib.training.pipeline:883] ================================================================================
2025-12-13 20:10:08 [INFO] [lib.training.pipeline:904] Overriding model_config num_frames to 400 for xgboost_pretrained_inception (XGBoost pretrained model with enhanced feature extraction) to improve feature quality.
2025-12-13 20:10:08 [INFO] [lib.training.pipeline:923] Grid search: 1 hyperparameter combinations to try
2025-12-13 20:10:08 [INFO] [lib.training.pipeline:937] ================================================================================
2025-12-13 20:10:08 [INFO] [lib.training.pipeline:938] HYPERPARAMETER SEARCH: Using 10.0% stratified sample for efficiency
2025-12-13 20:10:08 [INFO] [lib.training.pipeline:939] ================================================================================
2025-12-13 20:10:09 [INFO] [lib.training.pipeline:949] Hyperparameter search sample: 327 rows (10.0% of 3277 total)
2025-12-13 20:10:09 [INFO] [lib.training.pipeline:950] To change sample size, set FVC_GRID_SEARCH_SAMPLE_SIZE environment variable (current: 0.1)
2025-12-13 20:10:10 [INFO] [lib.training.pipeline:963] Using 5-fold stratified cross-validation on 10.0% sample for hyperparameter search
2025-12-13 20:10:10 [INFO] [lib.training.pipeline:976] 
================================================================================
2025-12-13 20:10:10 [INFO] [lib.training.pipeline:977] Grid Search: Hyperparameter combination 1/1
2025-12-13 20:10:10 [INFO] [lib.training.pipeline:978] Parameters: {'n_estimators': 100, 'max_depth': 5, 'learning_rate': 0.1, 'subsample': 0.8, 'colsample_bytree': 0.8}
2025-12-13 20:10:10 [INFO] [lib.training.pipeline:979] ================================================================================
2025-12-13 20:10:10 [INFO] [lib.training.pipeline:1008] 
Hyperparameter Search - xgboost_pretrained_inception - Fold 1/5 (10.0% sample)
2025-12-13 20:10:10 [INFO] [lib.training.pipeline:1594] Training XGBoost model xgboost_pretrained_inception on fold 1...
2025-12-13 20:10:10 [INFO] [lib.training._xgboost_pretrained:617] Training XGBoost on features from pretrained_inception...
2025-12-13 20:10:10 [INFO] [lib.training._xgboost_pretrained:618] Processing 261 videos...
2025-12-13 20:10:11 [INFO] [lib.training._xgboost_pretrained:522] Loading pretrained model: pretrained_inception (num_frames=400)
2025-12-13 20:10:13 [INFO] [lib.training._xgboost_pretrained:537] Loaded pretrained_inception model to GPU, cleared cache
2025-12-13 20:10:13 [INFO] [lib.training._xgboost_pretrained:585] Extracting features using pretrained_inception (num_frames=400)...
2025-12-13 20:10:13 [INFO] [lib.training._xgboost_pretrained:101] Applied PyTorch memory optimizations for feature extraction
2025-12-13 20:21:20 [INFO] [lib.training._xgboost_pretrained:410] Extracted features shape: (261, 2432)
2025-12-13 20:21:21 [INFO] [lib.training._xgboost_pretrained:603] Cleared pretrained_inception model from GPU after feature extraction
2025-12-13 20:21:21 [INFO] [lib.training._xgboost_pretrained:641] Removing collinear features...
2025-12-13 20:21:21 [INFO] [lib.training.feature_preprocessing:77] Removed 10 features with zero variance
2025-12-13 20:21:22 [INFO] [lib.training.feature_preprocessing:141] Removed 433 collinear features (correlation >= 0.95)
2025-12-13 20:21:22 [INFO] [lib.training.feature_preprocessing:162] Final feature count: 1989/2432 (81.8% retained)
2025-12-13 20:21:22 [INFO] [lib.training._xgboost_pretrained:648] Using 1989 features after collinearity removal
2025-12-13 20:21:22 [INFO] [lib.training._xgboost_pretrained:664] Class distribution: Class 0=128, Class 1=133, scale_pos_weight=0.962
2025-12-13 20:21:22 [INFO] [lib.training._xgboost_pretrained:682] Training XGBoost: 208 train samples, 53 validation samples for early stopping
2025-12-13 20:21:22 [INFO] [lib.training._xgboost_pretrained:685] Training XGBoost with improved architecture (multi-layer + temporal pooling + class weights + early stopping)...
2025-12-13 20:21:26 [INFO] [lib.training._xgboost_pretrained:751] Early stopping: Best iteration = 102 (out of 200)
2025-12-13 20:21:26 [INFO] [lib.training._xgboost_pretrained:753] ✓ XGBoost trained on pretrained model features with enhanced feature extraction
2025-12-13 20:21:26 [INFO] [lib.training._xgboost_pretrained:522] Loading pretrained model: pretrained_inception (num_frames=400)
2025-12-13 20:21:27 [INFO] [lib.training._xgboost_pretrained:537] Loaded pretrained_inception model to GPU, cleared cache
2025-12-13 20:21:27 [INFO] [lib.training._xgboost_pretrained:585] Extracting features using pretrained_inception (num_frames=400)...
2025-12-13 20:21:27 [INFO] [lib.training._xgboost_pretrained:101] Applied PyTorch memory optimizations for feature extraction
2025-12-13 20:24:18 [INFO] [lib.training._xgboost_pretrained:410] Extracted features shape: (66, 2432)
2025-12-13 20:24:18 [INFO] [lib.training._xgboost_pretrained:603] Cleared pretrained_inception model from GPU after feature extraction
2025-12-13 20:24:18 [INFO] [lib.training.pipeline:1644] Fold 1 - Val Loss: 0.6424, Val Acc: 0.6364, Val F1: 0.7000, Val Precision: 0.6087, Val Recall: 0.8235
2025-12-13 20:24:18 [INFO] [lib.training.pipeline:1648]   Class 0 - Precision: 0.7000, Recall: 0.4375, F1: 0.5385
2025-12-13 20:24:18 [INFO] [lib.training.pipeline:1652]   Class 1 - Precision: 0.6087, Recall: 0.8235, F1: 0.7000
2025-12-13 20:24:18 [INFO] [lib.training._xgboost_pretrained:821] Saved XGBoost model to /gpfs/accounts/si670f25_class_root/si670f25_class/santoshd/fvc/data/stage5/xgboost_pretrained_inception/fold_1
2025-12-13 20:24:18 [INFO] [lib.training.pipeline:1659] Saved XGBoost model to /gpfs/accounts/si670f25_class_root/si670f25_class/santoshd/fvc/data/stage5/xgboost_pretrained_inception/fold_1
2025-12-13 20:24:19 [INFO] [lib.training.pipeline:1008] 
Hyperparameter Search - xgboost_pretrained_inception - Fold 2/5 (10.0% sample)
2025-12-13 20:24:19 [INFO] [lib.training.pipeline:1594] Training XGBoost model xgboost_pretrained_inception on fold 2...
2025-12-13 20:24:19 [INFO] [lib.training._xgboost_pretrained:617] Training XGBoost on features from pretrained_inception...
2025-12-13 20:24:19 [INFO] [lib.training._xgboost_pretrained:618] Processing 261 videos...
2025-12-13 20:24:19 [INFO] [lib.training._xgboost_pretrained:522] Loading pretrained model: pretrained_inception (num_frames=400)
2025-12-13 20:24:19 [INFO] [lib.training._xgboost_pretrained:537] Loaded pretrained_inception model to GPU, cleared cache
2025-12-13 20:24:20 [INFO] [lib.training._xgboost_pretrained:585] Extracting features using pretrained_inception (num_frames=400)...
2025-12-13 20:24:20 [INFO] [lib.training._xgboost_pretrained:101] Applied PyTorch memory optimizations for feature extraction
2025-12-13 20:35:18 [INFO] [lib.training._xgboost_pretrained:410] Extracted features shape: (261, 2432)
2025-12-13 20:35:18 [INFO] [lib.training._xgboost_pretrained:603] Cleared pretrained_inception model from GPU after feature extraction
2025-12-13 20:35:18 [INFO] [lib.training._xgboost_pretrained:641] Removing collinear features...
2025-12-13 20:35:18 [INFO] [lib.training.feature_preprocessing:77] Removed 11 features with zero variance
2025-12-13 20:35:19 [INFO] [lib.training.feature_preprocessing:141] Removed 450 collinear features (correlation >= 0.95)
2025-12-13 20:35:19 [INFO] [lib.training.feature_preprocessing:162] Final feature count: 1971/2432 (81.0% retained)
2025-12-13 20:35:19 [INFO] [lib.training._xgboost_pretrained:648] Using 1971 features after collinearity removal
2025-12-13 20:35:19 [INFO] [lib.training._xgboost_pretrained:664] Class distribution: Class 0=128, Class 1=133, scale_pos_weight=0.962
2025-12-13 20:35:19 [INFO] [lib.training._xgboost_pretrained:682] Training XGBoost: 208 train samples, 53 validation samples for early stopping
2025-12-13 20:35:19 [INFO] [lib.training._xgboost_pretrained:685] Training XGBoost with improved architecture (multi-layer + temporal pooling + class weights + early stopping)...
2025-12-13 20:35:22 [INFO] [lib.training._xgboost_pretrained:751] Early stopping: Best iteration = 76 (out of 200)
2025-12-13 20:35:22 [INFO] [lib.training._xgboost_pretrained:753] ✓ XGBoost trained on pretrained model features with enhanced feature extraction
2025-12-13 20:35:23 [INFO] [lib.training._xgboost_pretrained:522] Loading pretrained model: pretrained_inception (num_frames=400)
2025-12-13 20:35:23 [INFO] [lib.training._xgboost_pretrained:537] Loaded pretrained_inception model to GPU, cleared cache
2025-12-13 20:35:23 [INFO] [lib.training._xgboost_pretrained:585] Extracting features using pretrained_inception (num_frames=400)...
2025-12-13 20:35:24 [INFO] [lib.training._xgboost_pretrained:101] Applied PyTorch memory optimizations for feature extraction
2025-12-13 20:38:17 [INFO] [lib.training._xgboost_pretrained:410] Extracted features shape: (66, 2432)
2025-12-13 20:38:17 [INFO] [lib.training._xgboost_pretrained:603] Cleared pretrained_inception model from GPU after feature extraction
2025-12-13 20:38:17 [INFO] [lib.training.pipeline:1644] Fold 2 - Val Loss: 0.5645, Val Acc: 0.7879, Val F1: 0.7742, Val Precision: 0.8571, Val Recall: 0.7059
2025-12-13 20:38:17 [INFO] [lib.training.pipeline:1648]   Class 0 - Precision: 0.7368, Recall: 0.8750, F1: 0.8000
2025-12-13 20:38:17 [INFO] [lib.training.pipeline:1652]   Class 1 - Precision: 0.8571, Recall: 0.7059, F1: 0.7742
2025-12-13 20:38:17 [INFO] [lib.training._xgboost_pretrained:821] Saved XGBoost model to /gpfs/accounts/si670f25_class_root/si670f25_class/santoshd/fvc/data/stage5/xgboost_pretrained_inception/fold_2
2025-12-13 20:38:17 [INFO] [lib.training.pipeline:1659] Saved XGBoost model to /gpfs/accounts/si670f25_class_root/si670f25_class/santoshd/fvc/data/stage5/xgboost_pretrained_inception/fold_2
2025-12-13 20:38:18 [INFO] [lib.training.pipeline:1008] 
Hyperparameter Search - xgboost_pretrained_inception - Fold 3/5 (10.0% sample)
2025-12-13 20:38:18 [INFO] [lib.training.pipeline:1594] Training XGBoost model xgboost_pretrained_inception on fold 3...
2025-12-13 20:38:18 [INFO] [lib.training._xgboost_pretrained:617] Training XGBoost on features from pretrained_inception...
2025-12-13 20:38:18 [INFO] [lib.training._xgboost_pretrained:618] Processing 262 videos...
2025-12-13 20:38:18 [INFO] [lib.training._xgboost_pretrained:522] Loading pretrained model: pretrained_inception (num_frames=400)
2025-12-13 20:38:18 [INFO] [lib.training._xgboost_pretrained:537] Loaded pretrained_inception model to GPU, cleared cache
2025-12-13 20:38:19 [INFO] [lib.training._xgboost_pretrained:585] Extracting features using pretrained_inception (num_frames=400)...
2025-12-13 20:38:19 [INFO] [lib.training._xgboost_pretrained:101] Applied PyTorch memory optimizations for feature extraction
2025-12-13 20:49:10 [INFO] [lib.training._xgboost_pretrained:410] Extracted features shape: (262, 2432)
2025-12-13 20:49:11 [INFO] [lib.training._xgboost_pretrained:603] Cleared pretrained_inception model from GPU after feature extraction
2025-12-13 20:49:11 [INFO] [lib.training._xgboost_pretrained:641] Removing collinear features...
2025-12-13 20:49:11 [INFO] [lib.training.feature_preprocessing:77] Removed 15 features with zero variance
2025-12-13 20:49:12 [INFO] [lib.training.feature_preprocessing:141] Removed 453 collinear features (correlation >= 0.95)
2025-12-13 20:49:12 [INFO] [lib.training.feature_preprocessing:162] Final feature count: 1964/2432 (80.8% retained)
2025-12-13 20:49:12 [INFO] [lib.training._xgboost_pretrained:648] Using 1964 features after collinearity removal
2025-12-13 20:49:12 [INFO] [lib.training._xgboost_pretrained:664] Class distribution: Class 0=128, Class 1=134, scale_pos_weight=0.955
2025-12-13 20:49:12 [INFO] [lib.training._xgboost_pretrained:682] Training XGBoost: 209 train samples, 53 validation samples for early stopping
2025-12-13 20:49:12 [INFO] [lib.training._xgboost_pretrained:685] Training XGBoost with improved architecture (multi-layer + temporal pooling + class weights + early stopping)...
2025-12-13 20:49:14 [INFO] [lib.training._xgboost_pretrained:751] Early stopping: Best iteration = 31 (out of 200)
2025-12-13 20:49:14 [INFO] [lib.training._xgboost_pretrained:753] ✓ XGBoost trained on pretrained model features with enhanced feature extraction
2025-12-13 20:49:14 [INFO] [lib.training._xgboost_pretrained:522] Loading pretrained model: pretrained_inception (num_frames=400)
2025-12-13 20:49:15 [INFO] [lib.training._xgboost_pretrained:537] Loaded pretrained_inception model to GPU, cleared cache
2025-12-13 20:49:15 [INFO] [lib.training._xgboost_pretrained:585] Extracting features using pretrained_inception (num_frames=400)...
2025-12-13 20:49:15 [INFO] [lib.training._xgboost_pretrained:101] Applied PyTorch memory optimizations for feature extraction
2025-12-13 20:52:05 [INFO] [lib.training._xgboost_pretrained:410] Extracted features shape: (65, 2432)
2025-12-13 20:52:05 [INFO] [lib.training._xgboost_pretrained:603] Cleared pretrained_inception model from GPU after feature extraction
2025-12-13 20:52:05 [INFO] [lib.training.pipeline:1644] Fold 3 - Val Loss: 0.6587, Val Acc: 0.6154, Val F1: 0.6835, Val Precision: 0.5870, Val Recall: 0.8182
2025-12-13 20:52:05 [INFO] [lib.training.pipeline:1648]   Class 0 - Precision: 0.6842, Recall: 0.4062, F1: 0.5098
2025-12-13 20:52:05 [INFO] [lib.training.pipeline:1652]   Class 1 - Precision: 0.5870, Recall: 0.8182, F1: 0.6835
2025-12-13 20:52:05 [INFO] [lib.training._xgboost_pretrained:821] Saved XGBoost model to /gpfs/accounts/si670f25_class_root/si670f25_class/santoshd/fvc/data/stage5/xgboost_pretrained_inception/fold_3
2025-12-13 20:52:05 [INFO] [lib.training.pipeline:1659] Saved XGBoost model to /gpfs/accounts/si670f25_class_root/si670f25_class/santoshd/fvc/data/stage5/xgboost_pretrained_inception/fold_3
2025-12-13 20:52:06 [INFO] [lib.training.pipeline:1008] 
Hyperparameter Search - xgboost_pretrained_inception - Fold 4/5 (10.0% sample)
2025-12-13 20:52:06 [INFO] [lib.training.pipeline:1594] Training XGBoost model xgboost_pretrained_inception on fold 4...
2025-12-13 20:52:06 [INFO] [lib.training._xgboost_pretrained:617] Training XGBoost on features from pretrained_inception...
2025-12-13 20:52:06 [INFO] [lib.training._xgboost_pretrained:618] Processing 262 videos...
2025-12-13 20:52:06 [INFO] [lib.training._xgboost_pretrained:522] Loading pretrained model: pretrained_inception (num_frames=400)
2025-12-13 20:52:06 [INFO] [lib.training._xgboost_pretrained:537] Loaded pretrained_inception model to GPU, cleared cache
2025-12-13 20:52:07 [INFO] [lib.training._xgboost_pretrained:585] Extracting features using pretrained_inception (num_frames=400)...
2025-12-13 20:52:07 [INFO] [lib.training._xgboost_pretrained:101] Applied PyTorch memory optimizations for feature extraction
2025-12-13 21:03:00 [INFO] [lib.training._xgboost_pretrained:410] Extracted features shape: (262, 2432)
2025-12-13 21:03:00 [INFO] [lib.training._xgboost_pretrained:603] Cleared pretrained_inception model from GPU after feature extraction
2025-12-13 21:03:00 [INFO] [lib.training._xgboost_pretrained:641] Removing collinear features...
2025-12-13 21:03:00 [INFO] [lib.training.feature_preprocessing:77] Removed 8 features with zero variance
2025-12-13 21:03:01 [INFO] [lib.training.feature_preprocessing:141] Removed 447 collinear features (correlation >= 0.95)
2025-12-13 21:03:01 [INFO] [lib.training.feature_preprocessing:162] Final feature count: 1977/2432 (81.3% retained)
2025-12-13 21:03:01 [INFO] [lib.training._xgboost_pretrained:648] Using 1977 features after collinearity removal
2025-12-13 21:03:01 [INFO] [lib.training._xgboost_pretrained:664] Class distribution: Class 0=128, Class 1=134, scale_pos_weight=0.955
2025-12-13 21:03:01 [INFO] [lib.training._xgboost_pretrained:682] Training XGBoost: 209 train samples, 53 validation samples for early stopping
2025-12-13 21:03:01 [INFO] [lib.training._xgboost_pretrained:685] Training XGBoost with improved architecture (multi-layer + temporal pooling + class weights + early stopping)...
2025-12-13 21:03:03 [INFO] [lib.training._xgboost_pretrained:751] Early stopping: Best iteration = 44 (out of 200)
2025-12-13 21:03:03 [INFO] [lib.training._xgboost_pretrained:753] ✓ XGBoost trained on pretrained model features with enhanced feature extraction
2025-12-13 21:03:04 [INFO] [lib.training._xgboost_pretrained:522] Loading pretrained model: pretrained_inception (num_frames=400)
2025-12-13 21:03:04 [INFO] [lib.training._xgboost_pretrained:537] Loaded pretrained_inception model to GPU, cleared cache
2025-12-13 21:03:04 [INFO] [lib.training._xgboost_pretrained:585] Extracting features using pretrained_inception (num_frames=400)...
2025-12-13 21:03:05 [INFO] [lib.training._xgboost_pretrained:101] Applied PyTorch memory optimizations for feature extraction
2025-12-13 21:05:53 [INFO] [lib.training._xgboost_pretrained:410] Extracted features shape: (65, 2432)
2025-12-13 21:05:53 [INFO] [lib.training._xgboost_pretrained:603] Cleared pretrained_inception model from GPU after feature extraction
2025-12-13 21:05:53 [INFO] [lib.training.pipeline:1644] Fold 4 - Val Loss: 0.6331, Val Acc: 0.6615, Val F1: 0.7179, Val Precision: 0.6222, Val Recall: 0.8485
2025-12-13 21:05:53 [INFO] [lib.training.pipeline:1648]   Class 0 - Precision: 0.7500, Recall: 0.4688, F1: 0.5769
2025-12-13 21:05:53 [INFO] [lib.training.pipeline:1652]   Class 1 - Precision: 0.6222, Recall: 0.8485, F1: 0.7179
2025-12-13 21:05:53 [INFO] [lib.training._xgboost_pretrained:821] Saved XGBoost model to /gpfs/accounts/si670f25_class_root/si670f25_class/santoshd/fvc/data/stage5/xgboost_pretrained_inception/fold_4
2025-12-13 21:05:53 [INFO] [lib.training.pipeline:1659] Saved XGBoost model to /gpfs/accounts/si670f25_class_root/si670f25_class/santoshd/fvc/data/stage5/xgboost_pretrained_inception/fold_4
2025-12-13 21:05:54 [INFO] [lib.training.pipeline:1008] 
Hyperparameter Search - xgboost_pretrained_inception - Fold 5/5 (10.0% sample)
2025-12-13 21:05:54 [INFO] [lib.training.pipeline:1594] Training XGBoost model xgboost_pretrained_inception on fold 5...
2025-12-13 21:05:54 [INFO] [lib.training._xgboost_pretrained:617] Training XGBoost on features from pretrained_inception...
2025-12-13 21:05:54 [INFO] [lib.training._xgboost_pretrained:618] Processing 262 videos...
2025-12-13 21:05:54 [INFO] [lib.training._xgboost_pretrained:522] Loading pretrained model: pretrained_inception (num_frames=400)
2025-12-13 21:05:54 [INFO] [lib.training._xgboost_pretrained:537] Loaded pretrained_inception model to GPU, cleared cache
2025-12-13 21:05:55 [INFO] [lib.training._xgboost_pretrained:585] Extracting features using pretrained_inception (num_frames=400)...
2025-12-13 21:05:55 [INFO] [lib.training._xgboost_pretrained:101] Applied PyTorch memory optimizations for feature extraction
2025-12-13 21:17:11 [INFO] [lib.training._xgboost_pretrained:410] Extracted features shape: (262, 2432)
2025-12-13 21:17:12 [INFO] [lib.training._xgboost_pretrained:603] Cleared pretrained_inception model from GPU after feature extraction
2025-12-13 21:17:12 [INFO] [lib.training._xgboost_pretrained:641] Removing collinear features...
2025-12-13 21:17:12 [INFO] [lib.training.feature_preprocessing:77] Removed 9 features with zero variance
2025-12-13 21:17:12 [INFO] [lib.training.feature_preprocessing:141] Removed 461 collinear features (correlation >= 0.95)
2025-12-13 21:17:12 [INFO] [lib.training.feature_preprocessing:162] Final feature count: 1962/2432 (80.7% retained)
2025-12-13 21:17:12 [INFO] [lib.training._xgboost_pretrained:648] Using 1962 features after collinearity removal
2025-12-13 21:17:12 [INFO] [lib.training._xgboost_pretrained:664] Class distribution: Class 0=128, Class 1=134, scale_pos_weight=0.955
2025-12-13 21:17:12 [INFO] [lib.training._xgboost_pretrained:682] Training XGBoost: 209 train samples, 53 validation samples for early stopping
2025-12-13 21:17:12 [INFO] [lib.training._xgboost_pretrained:685] Training XGBoost with improved architecture (multi-layer + temporal pooling + class weights + early stopping)...
2025-12-13 21:17:16 [INFO] [lib.training._xgboost_pretrained:751] Early stopping: Best iteration = 102 (out of 200)
2025-12-13 21:17:16 [INFO] [lib.training._xgboost_pretrained:753] ✓ XGBoost trained on pretrained model features with enhanced feature extraction
2025-12-13 21:17:17 [INFO] [lib.training._xgboost_pretrained:522] Loading pretrained model: pretrained_inception (num_frames=400)
2025-12-13 21:17:17 [INFO] [lib.training._xgboost_pretrained:537] Loaded pretrained_inception model to GPU, cleared cache
2025-12-13 21:17:17 [INFO] [lib.training._xgboost_pretrained:585] Extracting features using pretrained_inception (num_frames=400)...
2025-12-13 21:17:18 [INFO] [lib.training._xgboost_pretrained:101] Applied PyTorch memory optimizations for feature extraction
2025-12-13 21:19:44 [INFO] [lib.training._xgboost_pretrained:410] Extracted features shape: (65, 2432)
2025-12-13 21:19:44 [INFO] [lib.training._xgboost_pretrained:603] Cleared pretrained_inception model from GPU after feature extraction
2025-12-13 21:19:44 [INFO] [lib.training.pipeline:1644] Fold 5 - Val Loss: 0.6602, Val Acc: 0.5692, Val F1: 0.6957, Val Precision: 0.5424, Val Recall: 0.9697
2025-12-13 21:19:44 [INFO] [lib.training.pipeline:1648]   Class 0 - Precision: 0.8333, Recall: 0.1562, F1: 0.2632
2025-12-13 21:19:44 [INFO] [lib.training.pipeline:1652]   Class 1 - Precision: 0.5424, Recall: 0.9697, F1: 0.6957
2025-12-13 21:19:44 [INFO] [lib.training._xgboost_pretrained:821] Saved XGBoost model to /gpfs/accounts/si670f25_class_root/si670f25_class/santoshd/fvc/data/stage5/xgboost_pretrained_inception/fold_5
2025-12-13 21:19:44 [INFO] [lib.training.pipeline:1659] Saved XGBoost model to /gpfs/accounts/si670f25_class_root/si670f25_class/santoshd/fvc/data/stage5/xgboost_pretrained_inception/fold_5
2025-12-13 21:19:45 [INFO] [lib.training.pipeline:1916] Parameter combination 1 - Mean F1: 0.7143, Mean Acc: 0.6541
2025-12-13 21:19:45 [INFO] [lib.training.pipeline:1928] Using single parameter combination: {'n_estimators': 100, 'max_depth': 5, 'learning_rate': 0.1, 'subsample': 0.8, 'colsample_bytree': 0.8}
2025-12-13 21:19:45 [INFO] [lib.training.pipeline:1931] ================================================================================
2025-12-13 21:19:45 [INFO] [lib.training.pipeline:1932] FINAL TRAINING: Using full dataset with best hyperparameters
2025-12-13 21:19:45 [INFO] [lib.training.pipeline:1933] ================================================================================
2025-12-13 21:19:45 [INFO] [lib.training.pipeline:1946] Final training: Using 5-fold stratified cross-validation on full dataset (3277 rows)
2025-12-13 21:19:45 [INFO] [lib.training.pipeline:1954] Final training using best hyperparameters: {'n_estimators': 100, 'max_depth': 5, 'learning_rate': 0.1, 'subsample': 0.8, 'colsample_bytree': 0.8}
2025-12-13 21:19:45 [INFO] [lib.training.pipeline:1960] 
Final Training - xgboost_pretrained_inception - Fold 1/5 (full dataset)
2025-12-13 21:19:45 [INFO] [lib.training.pipeline:1969] Deleted existing final training fold 1 directory (clean mode)
2025-12-13 21:19:45 [INFO] [lib.training._xgboost_pretrained:617] Training XGBoost on features from pretrained_inception...
2025-12-13 21:19:45 [INFO] [lib.training._xgboost_pretrained:618] Processing 2621 videos...
2025-12-13 21:19:45 [INFO] [lib.training._xgboost_pretrained:522] Loading pretrained model: pretrained_inception (num_frames=400)
2025-12-13 21:19:45 [INFO] [lib.training._xgboost_pretrained:537] Loaded pretrained_inception model to GPU, cleared cache
2025-12-13 21:19:46 [INFO] [lib.training._xgboost_pretrained:585] Extracting features using pretrained_inception (num_frames=400)...
2025-12-13 21:19:46 [INFO] [lib.training._xgboost_pretrained:101] Applied PyTorch memory optimizations for feature extraction
2025-12-13 23:45:29 [INFO] [lib.training._xgboost_pretrained:410] Extracted features shape: (2621, 2432)
2025-12-13 23:45:29 [INFO] [lib.training._xgboost_pretrained:603] Cleared pretrained_inception model from GPU after feature extraction
2025-12-13 23:45:30 [INFO] [lib.training._xgboost_pretrained:641] Removing collinear features...
2025-12-13 23:45:30 [INFO] [lib.training.feature_preprocessing:77] Removed 4 features with zero variance
2025-12-13 23:45:31 [INFO] [lib.training.feature_preprocessing:141] Removed 442 collinear features (correlation >= 0.95)
2025-12-13 23:45:31 [INFO] [lib.training.feature_preprocessing:162] Final feature count: 1986/2432 (81.7% retained)
2025-12-13 23:45:31 [INFO] [lib.training._xgboost_pretrained:648] Using 1986 features after collinearity removal
2025-12-13 23:45:31 [INFO] [lib.training._xgboost_pretrained:664] Class distribution: Class 0=1284, Class 1=1337, scale_pos_weight=0.960
2025-12-13 23:45:31 [INFO] [lib.training._xgboost_pretrained:682] Training XGBoost: 2096 train samples, 525 validation samples for early stopping
2025-12-13 23:45:31 [INFO] [lib.training._xgboost_pretrained:685] Training XGBoost with improved architecture (multi-layer + temporal pooling + class weights + early stopping)...
2025-12-13 23:46:16 [INFO] [lib.training._xgboost_pretrained:751] Early stopping: Best iteration = 199 (out of 200)
2025-12-13 23:46:16 [INFO] [lib.training._xgboost_pretrained:753] ✓ XGBoost trained on pretrained model features with enhanced feature extraction
2025-12-13 23:46:17 [INFO] [lib.training._xgboost_pretrained:522] Loading pretrained model: pretrained_inception (num_frames=400)
2025-12-13 23:46:17 [INFO] [lib.training._xgboost_pretrained:537] Loaded pretrained_inception model to GPU, cleared cache
2025-12-13 23:46:17 [INFO] [lib.training._xgboost_pretrained:585] Extracting features using pretrained_inception (num_frames=400)...
2025-12-13 23:46:18 [INFO] [lib.training._xgboost_pretrained:101] Applied PyTorch memory optimizations for feature extraction
2025-12-14 00:14:43 [INFO] [lib.training._xgboost_pretrained:410] Extracted features shape: (656, 2432)
2025-12-14 00:14:43 [INFO] [lib.training._xgboost_pretrained:603] Cleared pretrained_inception model from GPU after feature extraction
2025-12-14 00:14:43 [INFO] [lib.training.pipeline:2245] Fold 1 - Val Loss: 0.5380, Val Acc: 0.7500, Val F1: 0.6940, Val Precision: 0.9254, Val Recall: 0.5552
2025-12-14 00:14:44 [INFO] [lib.training._xgboost_pretrained:821] Saved XGBoost model to /gpfs/accounts/si670f25_class_root/si670f25_class/santoshd/fvc/data/stage5/xgboost_pretrained_inception/fold_1
2025-12-14 00:14:44 [INFO] [lib.training.pipeline:1960] 
Final Training - xgboost_pretrained_inception - Fold 2/5 (full dataset)
2025-12-14 00:14:44 [INFO] [lib.training.pipeline:1969] Deleted existing final training fold 2 directory (clean mode)
2025-12-14 00:14:44 [INFO] [lib.training._xgboost_pretrained:617] Training XGBoost on features from pretrained_inception...
2025-12-14 00:14:44 [INFO] [lib.training._xgboost_pretrained:618] Processing 2621 videos...
2025-12-14 00:14:44 [INFO] [lib.training._xgboost_pretrained:522] Loading pretrained model: pretrained_inception (num_frames=400)
2025-12-14 00:14:45 [INFO] [lib.training._xgboost_pretrained:537] Loaded pretrained_inception model to GPU, cleared cache
2025-12-14 00:14:45 [INFO] [lib.training._xgboost_pretrained:585] Extracting features using pretrained_inception (num_frames=400)...
2025-12-14 00:14:45 [INFO] [lib.training._xgboost_pretrained:101] Applied PyTorch memory optimizations for feature extraction
2025-12-14 02:21:27 [INFO] [lib.training._xgboost_pretrained:410] Extracted features shape: (2621, 2432)
2025-12-14 02:21:28 [INFO] [lib.training._xgboost_pretrained:603] Cleared pretrained_inception model from GPU after feature extraction
2025-12-14 02:21:28 [INFO] [lib.training._xgboost_pretrained:641] Removing collinear features...
2025-12-14 02:21:28 [INFO] [lib.training.feature_preprocessing:77] Removed 3 features with zero variance
2025-12-14 02:21:29 [INFO] [lib.training.feature_preprocessing:141] Removed 451 collinear features (correlation >= 0.95)
2025-12-14 02:21:29 [INFO] [lib.training.feature_preprocessing:162] Final feature count: 1978/2432 (81.3% retained)
2025-12-14 02:21:29 [INFO] [lib.training._xgboost_pretrained:648] Using 1978 features after collinearity removal
2025-12-14 02:21:29 [INFO] [lib.training._xgboost_pretrained:664] Class distribution: Class 0=1284, Class 1=1337, scale_pos_weight=0.960
2025-12-14 02:21:29 [INFO] [lib.training._xgboost_pretrained:682] Training XGBoost: 2096 train samples, 525 validation samples for early stopping
2025-12-14 02:21:29 [INFO] [lib.training._xgboost_pretrained:685] Training XGBoost with improved architecture (multi-layer + temporal pooling + class weights + early stopping)...
2025-12-14 02:22:14 [INFO] [lib.training._xgboost_pretrained:751] Early stopping: Best iteration = 200 (out of 200)
2025-12-14 02:22:14 [INFO] [lib.training._xgboost_pretrained:753] ✓ XGBoost trained on pretrained model features with enhanced feature extraction
2025-12-14 02:22:14 [INFO] [lib.training._xgboost_pretrained:522] Loading pretrained model: pretrained_inception (num_frames=400)
2025-12-14 02:22:15 [INFO] [lib.training._xgboost_pretrained:537] Loaded pretrained_inception model to GPU, cleared cache
2025-12-14 02:22:15 [INFO] [lib.training._xgboost_pretrained:585] Extracting features using pretrained_inception (num_frames=400)...
2025-12-14 02:22:15 [INFO] [lib.training._xgboost_pretrained:101] Applied PyTorch memory optimizations for feature extraction
2025-12-14 02:52:45 [INFO] [lib.training._xgboost_pretrained:410] Extracted features shape: (656, 2432)
2025-12-14 02:52:46 [INFO] [lib.training._xgboost_pretrained:603] Cleared pretrained_inception model from GPU after feature extraction
2025-12-14 02:52:46 [INFO] [lib.training.pipeline:2245] Fold 2 - Val Loss: 0.5575, Val Acc: 0.7058, Val F1: 0.6393, Val Precision: 0.8550, Val Recall: 0.5104
2025-12-14 02:52:46 [INFO] [lib.training._xgboost_pretrained:821] Saved XGBoost model to /gpfs/accounts/si670f25_class_root/si670f25_class/santoshd/fvc/data/stage5/xgboost_pretrained_inception/fold_2
2025-12-14 02:52:46 [INFO] [lib.training.pipeline:1960] 
Final Training - xgboost_pretrained_inception - Fold 3/5 (full dataset)
2025-12-14 02:52:46 [INFO] [lib.training.pipeline:1969] Deleted existing final training fold 3 directory (clean mode)
2025-12-14 02:52:46 [INFO] [lib.training._xgboost_pretrained:617] Training XGBoost on features from pretrained_inception...
2025-12-14 02:52:46 [INFO] [lib.training._xgboost_pretrained:618] Processing 2622 videos...
2025-12-14 02:52:46 [INFO] [lib.training._xgboost_pretrained:522] Loading pretrained model: pretrained_inception (num_frames=400)
2025-12-14 02:52:47 [INFO] [lib.training._xgboost_pretrained:537] Loaded pretrained_inception model to GPU, cleared cache
2025-12-14 02:52:47 [INFO] [lib.training._xgboost_pretrained:585] Extracting features using pretrained_inception (num_frames=400)...
2025-12-14 02:52:47 [INFO] [lib.training._xgboost_pretrained:101] Applied PyTorch memory optimizations for feature extraction
2025-12-14 04:53:24 [INFO] [lib.training._xgboost_pretrained:410] Extracted features shape: (2622, 2432)
2025-12-14 04:53:25 [INFO] [lib.training._xgboost_pretrained:603] Cleared pretrained_inception model from GPU after feature extraction
2025-12-14 04:53:25 [INFO] [lib.training._xgboost_pretrained:641] Removing collinear features...
2025-12-14 04:53:25 [INFO] [lib.training.feature_preprocessing:77] Removed 4 features with zero variance
2025-12-14 04:53:26 [INFO] [lib.training.feature_preprocessing:141] Removed 454 collinear features (correlation >= 0.95)
2025-12-14 04:53:26 [INFO] [lib.training.feature_preprocessing:162] Final feature count: 1974/2432 (81.2% retained)
2025-12-14 04:53:26 [INFO] [lib.training._xgboost_pretrained:648] Using 1974 features after collinearity removal
2025-12-14 04:53:26 [INFO] [lib.training._xgboost_pretrained:664] Class distribution: Class 0=1284, Class 1=1338, scale_pos_weight=0.960
2025-12-14 04:53:26 [INFO] [lib.training._xgboost_pretrained:682] Training XGBoost: 2097 train samples, 525 validation samples for early stopping
2025-12-14 04:53:26 [INFO] [lib.training._xgboost_pretrained:685] Training XGBoost with improved architecture (multi-layer + temporal pooling + class weights + early stopping)...
2025-12-14 04:54:09 [INFO] [lib.training._xgboost_pretrained:751] Early stopping: Best iteration = 200 (out of 200)
2025-12-14 04:54:09 [INFO] [lib.training._xgboost_pretrained:753] ✓ XGBoost trained on pretrained model features with enhanced feature extraction
2025-12-14 04:54:09 [INFO] [lib.training._xgboost_pretrained:522] Loading pretrained model: pretrained_inception (num_frames=400)
2025-12-14 04:54:10 [INFO] [lib.training._xgboost_pretrained:537] Loaded pretrained_inception model to GPU, cleared cache
2025-12-14 04:54:10 [INFO] [lib.training._xgboost_pretrained:585] Extracting features using pretrained_inception (num_frames=400)...
2025-12-14 04:54:10 [INFO] [lib.training._xgboost_pretrained:101] Applied PyTorch memory optimizations for feature extraction
2025-12-14 05:22:56 [INFO] [lib.training._xgboost_pretrained:410] Extracted features shape: (655, 2432)
2025-12-14 05:22:57 [INFO] [lib.training._xgboost_pretrained:603] Cleared pretrained_inception model from GPU after feature extraction
2025-12-14 05:22:57 [INFO] [lib.training.pipeline:2245] Fold 3 - Val Loss: 0.5501, Val Acc: 0.7267, Val F1: 0.7765, Val Precision: 0.6660, Val Recall: 0.9311
2025-12-14 05:22:57 [INFO] [lib.training._xgboost_pretrained:821] Saved XGBoost model to /gpfs/accounts/si670f25_class_root/si670f25_class/santoshd/fvc/data/stage5/xgboost_pretrained_inception/fold_3
2025-12-14 05:22:57 [INFO] [lib.training.pipeline:1960] 
Final Training - xgboost_pretrained_inception - Fold 4/5 (full dataset)
2025-12-14 05:22:57 [INFO] [lib.training.pipeline:1969] Deleted existing final training fold 4 directory (clean mode)
2025-12-14 05:22:57 [INFO] [lib.training._xgboost_pretrained:617] Training XGBoost on features from pretrained_inception...
2025-12-14 05:22:57 [INFO] [lib.training._xgboost_pretrained:618] Processing 2622 videos...
2025-12-14 05:22:57 [INFO] [lib.training._xgboost_pretrained:522] Loading pretrained model: pretrained_inception (num_frames=400)
2025-12-14 05:22:58 [INFO] [lib.training._xgboost_pretrained:537] Loaded pretrained_inception model to GPU, cleared cache
2025-12-14 05:22:58 [INFO] [lib.training._xgboost_pretrained:585] Extracting features using pretrained_inception (num_frames=400)...
2025-12-14 05:22:58 [INFO] [lib.training._xgboost_pretrained:101] Applied PyTorch memory optimizations for feature extraction
2025-12-14 07:17:50 [INFO] [lib.training._xgboost_pretrained:410] Extracted features shape: (2622, 2432)
2025-12-14 07:17:51 [INFO] [lib.training._xgboost_pretrained:603] Cleared pretrained_inception model from GPU after feature extraction
2025-12-14 07:17:51 [INFO] [lib.training._xgboost_pretrained:641] Removing collinear features...
2025-12-14 07:17:51 [INFO] [lib.training.feature_preprocessing:77] Removed 3 features with zero variance
2025-12-14 07:17:52 [INFO] [lib.training.feature_preprocessing:141] Removed 431 collinear features (correlation >= 0.95)
2025-12-14 07:17:52 [INFO] [lib.training.feature_preprocessing:162] Final feature count: 1998/2432 (82.2% retained)
2025-12-14 07:17:52 [INFO] [lib.training._xgboost_pretrained:648] Using 1998 features after collinearity removal
2025-12-14 07:17:52 [INFO] [lib.training._xgboost_pretrained:664] Class distribution: Class 0=1284, Class 1=1338, scale_pos_weight=0.960
2025-12-14 07:17:52 [INFO] [lib.training._xgboost_pretrained:682] Training XGBoost: 2097 train samples, 525 validation samples for early stopping
2025-12-14 07:17:52 [INFO] [lib.training._xgboost_pretrained:685] Training XGBoost with improved architecture (multi-layer + temporal pooling + class weights + early stopping)...
2025-12-14 07:18:35 [INFO] [lib.training._xgboost_pretrained:751] Early stopping: Best iteration = 200 (out of 200)
2025-12-14 07:18:35 [INFO] [lib.training._xgboost_pretrained:753] ✓ XGBoost trained on pretrained model features with enhanced feature extraction
2025-12-14 07:18:36 [INFO] [lib.training._xgboost_pretrained:522] Loading pretrained model: pretrained_inception (num_frames=400)
2025-12-14 07:18:36 [INFO] [lib.training._xgboost_pretrained:537] Loaded pretrained_inception model to GPU, cleared cache
2025-12-14 07:18:36 [INFO] [lib.training._xgboost_pretrained:585] Extracting features using pretrained_inception (num_frames=400)...
2025-12-14 07:18:37 [INFO] [lib.training._xgboost_pretrained:101] Applied PyTorch memory optimizations for feature extraction
2025-12-14 07:47:26 [INFO] [lib.training._xgboost_pretrained:410] Extracted features shape: (655, 2432)
2025-12-14 07:47:26 [INFO] [lib.training._xgboost_pretrained:603] Cleared pretrained_inception model from GPU after feature extraction
2025-12-14 07:47:26 [INFO] [lib.training.pipeline:2245] Fold 4 - Val Loss: 0.5362, Val Acc: 0.7679, Val F1: 0.7731, Val Precision: 0.7708, Val Recall: 0.7754
2025-12-14 07:47:26 [INFO] [lib.training._xgboost_pretrained:821] Saved XGBoost model to /gpfs/accounts/si670f25_class_root/si670f25_class/santoshd/fvc/data/stage5/xgboost_pretrained_inception/fold_4
2025-12-14 07:47:27 [INFO] [lib.training.pipeline:1960] 
Final Training - xgboost_pretrained_inception - Fold 5/5 (full dataset)
2025-12-14 07:47:27 [INFO] [lib.training.pipeline:1969] Deleted existing final training fold 5 directory (clean mode)
2025-12-14 07:47:27 [INFO] [lib.training._xgboost_pretrained:617] Training XGBoost on features from pretrained_inception...
2025-12-14 07:47:27 [INFO] [lib.training._xgboost_pretrained:618] Processing 2622 videos...
2025-12-14 07:47:27 [INFO] [lib.training._xgboost_pretrained:522] Loading pretrained model: pretrained_inception (num_frames=400)
2025-12-14 07:47:27 [INFO] [lib.training._xgboost_pretrained:537] Loaded pretrained_inception model to GPU, cleared cache
2025-12-14 07:47:28 [INFO] [lib.training._xgboost_pretrained:585] Extracting features using pretrained_inception (num_frames=400)...
2025-12-14 07:47:28 [INFO] [lib.training._xgboost_pretrained:101] Applied PyTorch memory optimizations for feature extraction
2025-12-14 09:41:16 [INFO] [lib.training._xgboost_pretrained:410] Extracted features shape: (2622, 2432)
2025-12-14 09:41:16 [INFO] [lib.training._xgboost_pretrained:603] Cleared pretrained_inception model from GPU after feature extraction
2025-12-14 09:41:16 [INFO] [lib.training._xgboost_pretrained:641] Removing collinear features...
2025-12-14 09:41:16 [INFO] [lib.training.feature_preprocessing:77] Removed 3 features with zero variance
2025-12-14 09:41:17 [INFO] [lib.training.feature_preprocessing:141] Removed 434 collinear features (correlation >= 0.95)
2025-12-14 09:41:17 [INFO] [lib.training.feature_preprocessing:162] Final feature count: 1995/2432 (82.0% retained)
2025-12-14 09:41:17 [INFO] [lib.training._xgboost_pretrained:648] Using 1995 features after collinearity removal
2025-12-14 09:41:17 [INFO] [lib.training._xgboost_pretrained:664] Class distribution: Class 0=1284, Class 1=1338, scale_pos_weight=0.960
2025-12-14 09:41:17 [INFO] [lib.training._xgboost_pretrained:682] Training XGBoost: 2097 train samples, 525 validation samples for early stopping
2025-12-14 09:41:17 [INFO] [lib.training._xgboost_pretrained:685] Training XGBoost with improved architecture (multi-layer + temporal pooling + class weights + early stopping)...
2025-12-14 09:42:01 [INFO] [lib.training._xgboost_pretrained:751] Early stopping: Best iteration = 200 (out of 200)
2025-12-14 09:42:01 [INFO] [lib.training._xgboost_pretrained:753] ✓ XGBoost trained on pretrained model features with enhanced feature extraction
2025-12-14 09:42:01 [INFO] [lib.training._xgboost_pretrained:522] Loading pretrained model: pretrained_inception (num_frames=400)
2025-12-14 09:42:02 [INFO] [lib.training._xgboost_pretrained:537] Loaded pretrained_inception model to GPU, cleared cache
2025-12-14 09:42:02 [INFO] [lib.training._xgboost_pretrained:585] Extracting features using pretrained_inception (num_frames=400)...
2025-12-14 09:42:02 [INFO] [lib.training._xgboost_pretrained:101] Applied PyTorch memory optimizations for feature extraction
2025-12-14 10:09:44 [INFO] [lib.training._xgboost_pretrained:410] Extracted features shape: (655, 2432)
2025-12-14 10:09:44 [INFO] [lib.training._xgboost_pretrained:603] Cleared pretrained_inception model from GPU after feature extraction
2025-12-14 10:09:45 [INFO] [lib.training.pipeline:2245] Fold 5 - Val Loss: 0.5054, Val Acc: 0.7664, Val F1: 0.7560, Val Precision: 0.8089, Val Recall: 0.7096
2025-12-14 10:09:45 [INFO] [lib.training._xgboost_pretrained:821] Saved XGBoost model to /gpfs/accounts/si670f25_class_root/si670f25_class/santoshd/fvc/data/stage5/xgboost_pretrained_inception/fold_5
2025-12-14 10:09:45 [INFO] [lib.training.pipeline:114] Saved best model from fold 3: Copied 2 model file(s) from fold_3 to best_model
2025-12-14 10:09:45 [INFO] [lib.training.pipeline:2407] 
xgboost_pretrained_inception - Avg Val Loss: 0.5374, Avg Val Acc: 0.7434, Avg Val F1: 0.7278
2025-12-14 10:09:48 [INFO] [lib.training.visualization:256] Saved CV fold comparison to /gpfs/accounts/si670f25_class_root/si670f25_class/santoshd/fvc/data/stage5/xgboost_pretrained_inception/plots/cv_fold_comparison.png
2025-12-14 10:09:48 [INFO] [lib.training.pipeline:2435] Generated plots for xgboost_pretrained_inception in /gpfs/accounts/si670f25_class_root/si670f25_class/santoshd/fvc/data/stage5/xgboost_pretrained_inception/plots
2025-12-14 10:09:48 [INFO] [lib.training.pipeline:2472] ================================================================================
2025-12-14 10:09:48 [INFO] [lib.training.pipeline:2473] Stage 5: Model Training Pipeline Completed
2025-12-14 10:09:48 [INFO] [lib.training.pipeline:2474] ================================================================================
2025-12-14 10:09:48 [INFO] [__main__:401] ================================================================================
2025-12-14 10:09:48 [INFO] [__main__:402] STAGE 5 COMPLETED SUCCESSFULLY
2025-12-14 10:09:48 [INFO] [__main__:403] ================================================================================
2025-12-14 10:09:48 [INFO] [__main__:404] Execution time: 54607.58 seconds (910.13 minutes)
2025-12-14 10:09:48 [INFO] [__main__:406] Output directory: /gpfs/accounts/si670f25_class_root/si670f25_class/santoshd/fvc/data/stage5
2025-12-14 10:09:48 [INFO] [__main__:407] Models trained: ['xgboost_pretrained_inception']
2025-12-14 10:09:48 [INFO] [__main__:408] K-fold splits: 5
2025-12-14 10:09:48 [INFO] [__main__:414] ================================================================================
2025-12-14 10:09:48 [INFO] [__main__:415] Final memory statistics:
2025-12-14 10:09:48 [INFO] [__main__:416] ================================================================================
2025-12-14 10:09:48 [INFO] [lib.utils.memory:91] Memory stats (Stage 5: after training): {'cpu_memory_mb': 12342.3671875, 'cpu_memory_gb': 12.053092956542969, 'cpu_vms_mb': 41371.296875, 'gpu_allocated_gb': 0.0, 'gpu_reserved_gb': 0.0, 'gpu_total_gb': 16.928342016, 'gpu_free_gb': 16.928342016}
2025-12-14 10:09:48 [INFO] [__main__:419] ================================================================================
2025-12-14 10:09:48 [INFO] [__main__:420] Training complete!
2025-12-14 10:09:48 [INFO] [__main__:421] Results saved to: /gpfs/accounts/si670f25_class_root/si670f25_class/santoshd/fvc/data/stage5
2025-12-14 10:09:48 [INFO] [__main__:422] ================================================================================
