==========================================
STAGE 5ALPHA LOG FILE INITIALIZED
Timestamp: Mon Dec 15 18:03:40 EST 2025
Log file: /gpfs/accounts/si670f25_class_root/si670f25_class/santoshd/fvc/logs/stage5/stage5alpha_38408049.log
==========================================
Executing command...
Python: /gpfs/accounts/si670f25_class_root/si670f25_class/santoshd/fvc/venv/bin/python3
Script: /gpfs/accounts/si670f25_class_root/si670f25_class/santoshd/fvc/src/scripts/train_sklearn_logreg.py
Arguments: --project-root /gpfs/accounts/si670f25_class_root/si670f25_class/santoshd/fvc --scaled-metadata /gpfs/accounts/si670f25_class_root/si670f25_class/santoshd/fvc/data/scaled_videos/scaled_metadata.arrow --features-stage2 /gpfs/accounts/si670f25_class_root/si670f25_class/santoshd/fvc/data/features_stage2/features_metadata.arrow --features-stage4 /gpfs/accounts/si670f25_class_root/si670f25_class/santoshd/fvc/data/features_stage4/features_scaled_metadata.arrow --output-dir data/stage5/sklearn_logreg --n-splits 5 
==========================================
2025-12-15 18:05:03,020 [INFO] [__main__:92] ================================================================================
2025-12-15 18:05:03,020 [INFO] [__main__:93] STAGE 5ALPHA: sklearn LogisticRegression Training Script Starting
2025-12-15 18:05:03,020 [INFO] [__main__:94] ================================================================================
2025-12-15 18:05:03,020 [INFO] [__main__:619] Parsing command line arguments...
2025-12-15 18:05:03,021 [INFO] [__main__:638] Arguments parsed successfully:
2025-12-15 18:05:03,022 [INFO] [__main__:639]   project-root: /gpfs/accounts/si670f25_class_root/si670f25_class/santoshd/fvc
2025-12-15 18:05:03,022 [INFO] [__main__:640]   scaled-metadata: /gpfs/accounts/si670f25_class_root/si670f25_class/santoshd/fvc/data/scaled_videos/scaled_metadata.arrow
2025-12-15 18:05:03,022 [INFO] [__main__:641]   features-stage2: /gpfs/accounts/si670f25_class_root/si670f25_class/santoshd/fvc/data/features_stage2/features_metadata.arrow
2025-12-15 18:05:03,022 [INFO] [__main__:642]   features-stage4: /gpfs/accounts/si670f25_class_root/si670f25_class/santoshd/fvc/data/features_stage4/features_scaled_metadata.arrow
2025-12-15 18:05:03,022 [INFO] [__main__:643]   output-dir: data/stage5/sklearn_logreg
2025-12-15 18:05:03,022 [INFO] [__main__:644]   n-splits: 5
2025-12-15 18:05:03,022 [INFO] [__main__:645]   delete-existing: False
2025-12-15 18:05:03,024 [INFO] [__main__:169] Loading scaled metadata...
2025-12-15 18:05:04,108 [INFO] [__main__:181] Data validation passed: 3278 rows (> 3000 required)
2025-12-15 18:05:04,109 [INFO] [__main__:183] ✓ Data validation check successful
2025-12-15 18:05:04,593 [INFO] [__main__:208] Labels: [0, 1] -> {0: 0, 1: 1}
2025-12-15 18:05:04,593 [INFO] [__main__:209] Loaded 3278 videos
2025-12-15 18:05:04,593 [INFO] [__main__:212] Loading features from Stage 2/4...
2025-12-15 18:05:04,625 [INFO] [lib.training.feature_preprocessing:320] Loading Stage 2 features...
2025-12-15 18:05:04,625 [INFO] [lib.training.feature_preprocessing:321] Stage 2 path: /gpfs/accounts/si670f25_class_root/si670f25_class/santoshd/fvc/data/features_stage2/features_metadata.arrow
2025-12-15 18:05:04,660 [INFO] [lib.training.feature_preprocessing:331] ✓ Loaded Stage 2 metadata: 3278 rows, 18 columns
2025-12-15 18:05:39,255 [INFO] [lib.training.feature_preprocessing:369] Converting Stage 2 features to numpy array...
2025-12-15 18:05:39,259 [INFO] [lib.training.feature_preprocessing:373] Stage 2 array shape: (3278, 15), dtype: float64
2025-12-15 18:05:39,260 [INFO] [lib.training.feature_preprocessing:376] Loaded 15 Stage 2 features (3278/3278 videos matched)
2025-12-15 18:05:39,262 [INFO] [lib.training.feature_preprocessing:403] Loading Stage 4 features...
2025-12-15 18:05:39,262 [INFO] [lib.training.feature_preprocessing:404] Stage 4 path: /gpfs/accounts/si670f25_class_root/si670f25_class/santoshd/fvc/data/features_stage4/features_scaled_metadata.arrow
2025-12-15 18:05:39,502 [INFO] [lib.training.feature_preprocessing:414] ✓ Loaded Stage 4 metadata: 3277 rows, 26 columns
2025-12-15 18:06:14,721 [INFO] [lib.training.feature_preprocessing:452] Converting Stage 4 features to numpy array...
2025-12-15 18:06:14,727 [INFO] [lib.training.feature_preprocessing:456] Stage 4 array shape: (3278, 23), dtype: float64
2025-12-15 18:06:14,727 [INFO] [lib.training.feature_preprocessing:459] Loaded 23 Stage 4 features (3277/3278 videos matched)
2025-12-15 18:06:14,727 [INFO] [lib.training.feature_preprocessing:488] Combining 2 feature arrays...
2025-12-15 18:06:14,727 [INFO] [lib.training.feature_preprocessing:489] Feature array shapes: [(3278, 15), (3278, 23)]
2025-12-15 18:06:14,728 [INFO] [lib.training.feature_preprocessing:494] Combined 38 features from 2 stages
2025-12-15 18:06:14,728 [INFO] [lib.training.feature_preprocessing:495] Combined feature matrix shape: (3278, 38), dtype: float64
2025-12-15 18:06:14,728 [INFO] [lib.training.feature_preprocessing:496] Combined feature matrix size: 0.95 MB
2025-12-15 18:06:14,728 [INFO] [lib.training.feature_preprocessing:517] Stage 2: 3278 videos, Stage 4: 3277 videos
2025-12-15 18:06:14,728 [INFO] [lib.training.feature_preprocessing:518] Intersection (videos with BOTH Stage 2 AND Stage 4): 3277 videos
2025-12-15 18:06:14,728 [INFO] [lib.training.feature_preprocessing:532] ✓ Found 3277 videos with valid features
2025-12-15 18:06:14,766 [INFO] [lib.training.feature_training_pipeline:186] Removing collinear features BEFORE data splits (to avoid data leakage)...
2025-12-15 18:06:14,766 [INFO] [lib.training.feature_training_pipeline:187]   Original feature count: 38
2025-12-15 18:06:14,936 [INFO] [lib.training.feature_preprocessing:77] Removed 2 features with zero variance
2025-12-15 18:06:15,225 [INFO] [lib.training.feature_preprocessing:141] Removed 10 collinear features (correlation >= 0.95)
2025-12-15 18:06:15,225 [INFO] [lib.training.feature_preprocessing:162] Final feature count: 26/38 (68.4% retained)
2025-12-15 18:06:15,225 [INFO] [lib.training.feature_training_pipeline:196]   Final feature count after collinearity removal: 26/38 (68.4% retained)
2025-12-15 18:06:15,226 [INFO] [__main__:231] Filtered to 3277 videos with valid features
2025-12-15 18:06:15,226 [INFO] [__main__:236] ✓ Loaded 26 features for 3277 videos
2025-12-15 18:06:15,226 [INFO] [__main__:237]   Input dimension: 26
2025-12-15 18:06:15,226 [INFO] [__main__:248] Creating 60-20-20 stratified train-val-test split...
2025-12-15 18:06:15,231 [INFO] [__main__:256] Train: 1966, Val: 655, Test: 656
2025-12-15 18:06:15,231 [INFO] [__main__:264] ================================================================================
2025-12-15 18:06:15,231 [INFO] [__main__:265] HYPERPARAMETER SEARCH: Using 20% stratified sample for efficiency
2025-12-15 18:06:15,231 [INFO] [__main__:266] ================================================================================
2025-12-15 18:06:15,233 [INFO] [__main__:284] Hyperparameter search sample: 524 rows (20.0% of 2621 total)
2025-12-15 18:06:15,233 [INFO] [__main__:285]   Sample train: 419, Sample val: 105
2025-12-15 18:06:15,234 [INFO] [__main__:314] Hyperparameter search: 60 combinations
2025-12-15 18:06:15,234 [INFO] [__main__:323] Scaling features for hyperparameter search (20% sample)...
2025-12-15 18:06:15,234 [INFO] [__main__:324] Sample train shape: (419, 26), dtype: float64
2025-12-15 18:06:15,235 [INFO] [__main__:341] Feature scaling completed for hyperparameter search. Scaled shape: (419, 26)
2025-12-15 18:06:15,235 [INFO] [__main__:359] Grid search 1/60: {'C': 0.01, 'max_iter': 1000, 'penalty': 'l1', 'solver': 'liblinear'}
2025-12-15 18:06:15,235 [INFO] [__main__:363] Training LogisticRegression with params: {'C': 0.01, 'max_iter': 1000, 'penalty': 'l1', 'solver': 'liblinear'} (20% sample)
2025-12-15 18:06:15,235 [INFO] [__main__:364] Training data: 419 samples, 26 features
2025-12-15 18:06:15,260 [INFO] [__main__:375] ✓ Model.fit() completed successfully
2025-12-15 18:06:15,260 [INFO] [__main__:387] Running model.predict_proba() on validation set (20% sample)...
2025-12-15 18:06:15,260 [INFO] [__main__:392] ✓ predict_proba() completed (shape: (105, 2))
2025-12-15 18:06:15,305 [INFO] [__main__:359] Grid search 2/60: {'C': 0.01, 'max_iter': 1000, 'penalty': 'l1', 'solver': 'saga'}
2025-12-15 18:06:15,305 [INFO] [__main__:363] Training LogisticRegression with params: {'C': 0.01, 'max_iter': 1000, 'penalty': 'l1', 'solver': 'saga'} (20% sample)
2025-12-15 18:06:15,305 [INFO] [__main__:364] Training data: 419 samples, 26 features
2025-12-15 18:06:15,352 [INFO] [__main__:375] ✓ Model.fit() completed successfully
2025-12-15 18:06:15,352 [INFO] [__main__:387] Running model.predict_proba() on validation set (20% sample)...
2025-12-15 18:06:15,352 [INFO] [__main__:392] ✓ predict_proba() completed (shape: (105, 2))
2025-12-15 18:06:15,354 [INFO] [__main__:359] Grid search 3/60: {'C': 0.01, 'max_iter': 1000, 'penalty': 'l2', 'solver': 'liblinear'}
2025-12-15 18:06:15,354 [INFO] [__main__:363] Training LogisticRegression with params: {'C': 0.01, 'max_iter': 1000, 'penalty': 'l2', 'solver': 'liblinear'} (20% sample)
2025-12-15 18:06:15,354 [INFO] [__main__:364] Training data: 419 samples, 26 features
2025-12-15 18:06:15,356 [INFO] [__main__:375] ✓ Model.fit() completed successfully
2025-12-15 18:06:15,356 [INFO] [__main__:387] Running model.predict_proba() on validation set (20% sample)...
2025-12-15 18:06:15,356 [INFO] [__main__:392] ✓ predict_proba() completed (shape: (105, 2))
2025-12-15 18:06:15,358 [INFO] [__main__:359] Grid search 4/60: {'C': 0.01, 'max_iter': 1000, 'penalty': 'l2', 'solver': 'saga'}
2025-12-15 18:06:15,358 [INFO] [__main__:363] Training LogisticRegression with params: {'C': 0.01, 'max_iter': 1000, 'penalty': 'l2', 'solver': 'saga'} (20% sample)
2025-12-15 18:06:15,358 [INFO] [__main__:364] Training data: 419 samples, 26 features
2025-12-15 18:06:15,362 [INFO] [__main__:375] ✓ Model.fit() completed successfully
2025-12-15 18:06:15,363 [INFO] [__main__:387] Running model.predict_proba() on validation set (20% sample)...
2025-12-15 18:06:15,363 [INFO] [__main__:392] ✓ predict_proba() completed (shape: (105, 2))
2025-12-15 18:06:15,365 [INFO] [__main__:359] Grid search 5/60: {'C': 0.01, 'l1_ratio': 0.1, 'max_iter': 1000, 'penalty': 'elasticnet', 'solver': 'saga'}
2025-12-15 18:06:15,365 [INFO] [__main__:363] Training LogisticRegression with params: {'C': 0.01, 'l1_ratio': 0.1, 'max_iter': 1000, 'penalty': 'elasticnet', 'solver': 'saga'} (20% sample)
2025-12-15 18:06:15,365 [INFO] [__main__:364] Training data: 419 samples, 26 features
2025-12-15 18:06:15,370 [INFO] [__main__:375] ✓ Model.fit() completed successfully
2025-12-15 18:06:15,370 [INFO] [__main__:387] Running model.predict_proba() on validation set (20% sample)...
2025-12-15 18:06:15,370 [INFO] [__main__:392] ✓ predict_proba() completed (shape: (105, 2))
2025-12-15 18:06:15,372 [INFO] [__main__:359] Grid search 6/60: {'C': 0.01, 'max_iter': 1000, 'penalty': 'l1', 'solver': 'liblinear'}
2025-12-15 18:06:15,372 [INFO] [__main__:363] Training LogisticRegression with params: {'C': 0.01, 'max_iter': 1000, 'penalty': 'l1', 'solver': 'liblinear'} (20% sample)
2025-12-15 18:06:15,372 [INFO] [__main__:364] Training data: 419 samples, 26 features
2025-12-15 18:06:15,374 [INFO] [__main__:375] ✓ Model.fit() completed successfully
2025-12-15 18:06:15,374 [INFO] [__main__:387] Running model.predict_proba() on validation set (20% sample)...
2025-12-15 18:06:15,374 [INFO] [__main__:392] ✓ predict_proba() completed (shape: (105, 2))
2025-12-15 18:06:15,376 [INFO] [__main__:359] Grid search 7/60: {'C': 0.01, 'max_iter': 1000, 'penalty': 'l1', 'solver': 'saga'}
2025-12-15 18:06:15,376 [INFO] [__main__:363] Training LogisticRegression with params: {'C': 0.01, 'max_iter': 1000, 'penalty': 'l1', 'solver': 'saga'} (20% sample)
2025-12-15 18:06:15,376 [INFO] [__main__:364] Training data: 419 samples, 26 features
2025-12-15 18:06:15,378 [INFO] [__main__:375] ✓ Model.fit() completed successfully
2025-12-15 18:06:15,378 [INFO] [__main__:387] Running model.predict_proba() on validation set (20% sample)...
2025-12-15 18:06:15,379 [INFO] [__main__:392] ✓ predict_proba() completed (shape: (105, 2))
2025-12-15 18:06:15,380 [INFO] [__main__:359] Grid search 8/60: {'C': 0.01, 'max_iter': 1000, 'penalty': 'l2', 'solver': 'liblinear'}
2025-12-15 18:06:15,380 [INFO] [__main__:363] Training LogisticRegression with params: {'C': 0.01, 'max_iter': 1000, 'penalty': 'l2', 'solver': 'liblinear'} (20% sample)
2025-12-15 18:06:15,381 [INFO] [__main__:364] Training data: 419 samples, 26 features
2025-12-15 18:06:15,382 [INFO] [__main__:375] ✓ Model.fit() completed successfully
2025-12-15 18:06:15,382 [INFO] [__main__:387] Running model.predict_proba() on validation set (20% sample)...
2025-12-15 18:06:15,382 [INFO] [__main__:392] ✓ predict_proba() completed (shape: (105, 2))
2025-12-15 18:06:15,384 [INFO] [__main__:359] Grid search 9/60: {'C': 0.01, 'max_iter': 1000, 'penalty': 'l2', 'solver': 'saga'}
2025-12-15 18:06:15,384 [INFO] [__main__:363] Training LogisticRegression with params: {'C': 0.01, 'max_iter': 1000, 'penalty': 'l2', 'solver': 'saga'} (20% sample)
2025-12-15 18:06:15,384 [INFO] [__main__:364] Training data: 419 samples, 26 features
2025-12-15 18:06:15,389 [INFO] [__main__:375] ✓ Model.fit() completed successfully
2025-12-15 18:06:15,389 [INFO] [__main__:387] Running model.predict_proba() on validation set (20% sample)...
2025-12-15 18:06:15,389 [INFO] [__main__:392] ✓ predict_proba() completed (shape: (105, 2))
2025-12-15 18:06:15,391 [INFO] [__main__:359] Grid search 10/60: {'C': 0.01, 'l1_ratio': 0.5, 'max_iter': 1000, 'penalty': 'elasticnet', 'solver': 'saga'}
2025-12-15 18:06:15,391 [INFO] [__main__:363] Training LogisticRegression with params: {'C': 0.01, 'l1_ratio': 0.5, 'max_iter': 1000, 'penalty': 'elasticnet', 'solver': 'saga'} (20% sample)
2025-12-15 18:06:15,391 [INFO] [__main__:364] Training data: 419 samples, 26 features
2025-12-15 18:06:15,394 [INFO] [__main__:375] ✓ Model.fit() completed successfully
2025-12-15 18:06:15,394 [INFO] [__main__:387] Running model.predict_proba() on validation set (20% sample)...
2025-12-15 18:06:15,394 [INFO] [__main__:392] ✓ predict_proba() completed (shape: (105, 2))
2025-12-15 18:06:15,396 [INFO] [__main__:359] Grid search 11/60: {'C': 0.01, 'max_iter': 1000, 'penalty': 'l1', 'solver': 'liblinear'}
2025-12-15 18:06:15,396 [INFO] [__main__:363] Training LogisticRegression with params: {'C': 0.01, 'max_iter': 1000, 'penalty': 'l1', 'solver': 'liblinear'} (20% sample)
2025-12-15 18:06:15,396 [INFO] [__main__:364] Training data: 419 samples, 26 features
2025-12-15 18:06:15,397 [INFO] [__main__:375] ✓ Model.fit() completed successfully
2025-12-15 18:06:15,397 [INFO] [__main__:387] Running model.predict_proba() on validation set (20% sample)...
2025-12-15 18:06:15,397 [INFO] [__main__:392] ✓ predict_proba() completed (shape: (105, 2))
2025-12-15 18:06:15,399 [INFO] [__main__:359] Grid search 12/60: {'C': 0.01, 'max_iter': 1000, 'penalty': 'l1', 'solver': 'saga'}
2025-12-15 18:06:15,399 [INFO] [__main__:363] Training LogisticRegression with params: {'C': 0.01, 'max_iter': 1000, 'penalty': 'l1', 'solver': 'saga'} (20% sample)
2025-12-15 18:06:15,399 [INFO] [__main__:364] Training data: 419 samples, 26 features
2025-12-15 18:06:15,402 [INFO] [__main__:375] ✓ Model.fit() completed successfully
2025-12-15 18:06:15,402 [INFO] [__main__:387] Running model.predict_proba() on validation set (20% sample)...
2025-12-15 18:06:15,402 [INFO] [__main__:392] ✓ predict_proba() completed (shape: (105, 2))
2025-12-15 18:06:15,404 [INFO] [__main__:359] Grid search 13/60: {'C': 0.01, 'max_iter': 1000, 'penalty': 'l2', 'solver': 'liblinear'}
2025-12-15 18:06:15,404 [INFO] [__main__:363] Training LogisticRegression with params: {'C': 0.01, 'max_iter': 1000, 'penalty': 'l2', 'solver': 'liblinear'} (20% sample)
2025-12-15 18:06:15,404 [INFO] [__main__:364] Training data: 419 samples, 26 features
2025-12-15 18:06:15,406 [INFO] [__main__:375] ✓ Model.fit() completed successfully
2025-12-15 18:06:15,406 [INFO] [__main__:387] Running model.predict_proba() on validation set (20% sample)...
2025-12-15 18:06:15,406 [INFO] [__main__:392] ✓ predict_proba() completed (shape: (105, 2))
2025-12-15 18:06:15,408 [INFO] [__main__:359] Grid search 14/60: {'C': 0.01, 'max_iter': 1000, 'penalty': 'l2', 'solver': 'saga'}
2025-12-15 18:06:15,408 [INFO] [__main__:363] Training LogisticRegression with params: {'C': 0.01, 'max_iter': 1000, 'penalty': 'l2', 'solver': 'saga'} (20% sample)
2025-12-15 18:06:15,408 [INFO] [__main__:364] Training data: 419 samples, 26 features
2025-12-15 18:06:15,412 [INFO] [__main__:375] ✓ Model.fit() completed successfully
2025-12-15 18:06:15,412 [INFO] [__main__:387] Running model.predict_proba() on validation set (20% sample)...
2025-12-15 18:06:15,412 [INFO] [__main__:392] ✓ predict_proba() completed (shape: (105, 2))
2025-12-15 18:06:15,414 [INFO] [__main__:359] Grid search 15/60: {'C': 0.01, 'l1_ratio': 0.9, 'max_iter': 1000, 'penalty': 'elasticnet', 'solver': 'saga'}
2025-12-15 18:06:15,414 [INFO] [__main__:363] Training LogisticRegression with params: {'C': 0.01, 'l1_ratio': 0.9, 'max_iter': 1000, 'penalty': 'elasticnet', 'solver': 'saga'} (20% sample)
2025-12-15 18:06:15,414 [INFO] [__main__:364] Training data: 419 samples, 26 features
2025-12-15 18:06:15,417 [INFO] [__main__:375] ✓ Model.fit() completed successfully
2025-12-15 18:06:15,417 [INFO] [__main__:387] Running model.predict_proba() on validation set (20% sample)...
2025-12-15 18:06:15,417 [INFO] [__main__:392] ✓ predict_proba() completed (shape: (105, 2))
2025-12-15 18:06:15,419 [INFO] [__main__:359] Grid search 16/60: {'C': 0.1, 'max_iter': 1000, 'penalty': 'l1', 'solver': 'liblinear'}
2025-12-15 18:06:15,419 [INFO] [__main__:363] Training LogisticRegression with params: {'C': 0.1, 'max_iter': 1000, 'penalty': 'l1', 'solver': 'liblinear'} (20% sample)
2025-12-15 18:06:15,419 [INFO] [__main__:364] Training data: 419 samples, 26 features
2025-12-15 18:06:15,421 [INFO] [__main__:375] ✓ Model.fit() completed successfully
2025-12-15 18:06:15,421 [INFO] [__main__:387] Running model.predict_proba() on validation set (20% sample)...
2025-12-15 18:06:15,421 [INFO] [__main__:392] ✓ predict_proba() completed (shape: (105, 2))
2025-12-15 18:06:15,423 [INFO] [__main__:359] Grid search 17/60: {'C': 0.1, 'max_iter': 1000, 'penalty': 'l1', 'solver': 'saga'}
2025-12-15 18:06:15,423 [INFO] [__main__:363] Training LogisticRegression with params: {'C': 0.1, 'max_iter': 1000, 'penalty': 'l1', 'solver': 'saga'} (20% sample)
2025-12-15 18:06:15,423 [INFO] [__main__:364] Training data: 419 samples, 26 features
2025-12-15 18:06:15,455 [INFO] [__main__:375] ✓ Model.fit() completed successfully
2025-12-15 18:06:15,455 [INFO] [__main__:387] Running model.predict_proba() on validation set (20% sample)...
2025-12-15 18:06:15,456 [INFO] [__main__:392] ✓ predict_proba() completed (shape: (105, 2))
2025-12-15 18:06:15,457 [INFO] [__main__:359] Grid search 18/60: {'C': 0.1, 'max_iter': 1000, 'penalty': 'l2', 'solver': 'liblinear'}
2025-12-15 18:06:15,457 [INFO] [__main__:363] Training LogisticRegression with params: {'C': 0.1, 'max_iter': 1000, 'penalty': 'l2', 'solver': 'liblinear'} (20% sample)
2025-12-15 18:06:15,458 [INFO] [__main__:364] Training data: 419 samples, 26 features
2025-12-15 18:06:15,460 [INFO] [__main__:375] ✓ Model.fit() completed successfully
2025-12-15 18:06:15,460 [INFO] [__main__:387] Running model.predict_proba() on validation set (20% sample)...
2025-12-15 18:06:15,460 [INFO] [__main__:392] ✓ predict_proba() completed (shape: (105, 2))
2025-12-15 18:06:15,462 [INFO] [__main__:359] Grid search 19/60: {'C': 0.1, 'max_iter': 1000, 'penalty': 'l2', 'solver': 'saga'}
2025-12-15 18:06:15,462 [INFO] [__main__:363] Training LogisticRegression with params: {'C': 0.1, 'max_iter': 1000, 'penalty': 'l2', 'solver': 'saga'} (20% sample)
2025-12-15 18:06:15,462 [INFO] [__main__:364] Training data: 419 samples, 26 features
2025-12-15 18:06:15,477 [INFO] [__main__:375] ✓ Model.fit() completed successfully
2025-12-15 18:06:15,477 [INFO] [__main__:387] Running model.predict_proba() on validation set (20% sample)...
2025-12-15 18:06:15,477 [INFO] [__main__:392] ✓ predict_proba() completed (shape: (105, 2))
2025-12-15 18:06:15,479 [INFO] [__main__:359] Grid search 20/60: {'C': 0.1, 'l1_ratio': 0.1, 'max_iter': 1000, 'penalty': 'elasticnet', 'solver': 'saga'}
2025-12-15 18:06:15,479 [INFO] [__main__:363] Training LogisticRegression with params: {'C': 0.1, 'l1_ratio': 0.1, 'max_iter': 1000, 'penalty': 'elasticnet', 'solver': 'saga'} (20% sample)
2025-12-15 18:06:15,479 [INFO] [__main__:364] Training data: 419 samples, 26 features
2025-12-15 18:06:15,497 [INFO] [__main__:375] ✓ Model.fit() completed successfully
2025-12-15 18:06:15,497 [INFO] [__main__:387] Running model.predict_proba() on validation set (20% sample)...
2025-12-15 18:06:15,497 [INFO] [__main__:392] ✓ predict_proba() completed (shape: (105, 2))
2025-12-15 18:06:15,499 [INFO] [__main__:359] Grid search 21/60: {'C': 0.1, 'max_iter': 1000, 'penalty': 'l1', 'solver': 'liblinear'}
2025-12-15 18:06:15,499 [INFO] [__main__:363] Training LogisticRegression with params: {'C': 0.1, 'max_iter': 1000, 'penalty': 'l1', 'solver': 'liblinear'} (20% sample)
2025-12-15 18:06:15,499 [INFO] [__main__:364] Training data: 419 samples, 26 features
2025-12-15 18:06:15,501 [INFO] [__main__:375] ✓ Model.fit() completed successfully
2025-12-15 18:06:15,501 [INFO] [__main__:387] Running model.predict_proba() on validation set (20% sample)...
2025-12-15 18:06:15,501 [INFO] [__main__:392] ✓ predict_proba() completed (shape: (105, 2))
2025-12-15 18:06:15,503 [INFO] [__main__:359] Grid search 22/60: {'C': 0.1, 'max_iter': 1000, 'penalty': 'l1', 'solver': 'saga'}
2025-12-15 18:06:15,503 [INFO] [__main__:363] Training LogisticRegression with params: {'C': 0.1, 'max_iter': 1000, 'penalty': 'l1', 'solver': 'saga'} (20% sample)
2025-12-15 18:06:15,503 [INFO] [__main__:364] Training data: 419 samples, 26 features
2025-12-15 18:06:15,535 [INFO] [__main__:375] ✓ Model.fit() completed successfully
2025-12-15 18:06:15,535 [INFO] [__main__:387] Running model.predict_proba() on validation set (20% sample)...
2025-12-15 18:06:15,535 [INFO] [__main__:392] ✓ predict_proba() completed (shape: (105, 2))
2025-12-15 18:06:15,537 [INFO] [__main__:359] Grid search 23/60: {'C': 0.1, 'max_iter': 1000, 'penalty': 'l2', 'solver': 'liblinear'}
2025-12-15 18:06:15,537 [INFO] [__main__:363] Training LogisticRegression with params: {'C': 0.1, 'max_iter': 1000, 'penalty': 'l2', 'solver': 'liblinear'} (20% sample)
2025-12-15 18:06:15,537 [INFO] [__main__:364] Training data: 419 samples, 26 features
2025-12-15 18:06:15,540 [INFO] [__main__:375] ✓ Model.fit() completed successfully
2025-12-15 18:06:15,540 [INFO] [__main__:387] Running model.predict_proba() on validation set (20% sample)...
2025-12-15 18:06:15,540 [INFO] [__main__:392] ✓ predict_proba() completed (shape: (105, 2))
2025-12-15 18:06:15,542 [INFO] [__main__:359] Grid search 24/60: {'C': 0.1, 'max_iter': 1000, 'penalty': 'l2', 'solver': 'saga'}
2025-12-15 18:06:15,542 [INFO] [__main__:363] Training LogisticRegression with params: {'C': 0.1, 'max_iter': 1000, 'penalty': 'l2', 'solver': 'saga'} (20% sample)
2025-12-15 18:06:15,542 [INFO] [__main__:364] Training data: 419 samples, 26 features
2025-12-15 18:06:15,557 [INFO] [__main__:375] ✓ Model.fit() completed successfully
2025-12-15 18:06:15,557 [INFO] [__main__:387] Running model.predict_proba() on validation set (20% sample)...
2025-12-15 18:06:15,557 [INFO] [__main__:392] ✓ predict_proba() completed (shape: (105, 2))
2025-12-15 18:06:15,559 [INFO] [__main__:359] Grid search 25/60: {'C': 0.1, 'l1_ratio': 0.5, 'max_iter': 1000, 'penalty': 'elasticnet', 'solver': 'saga'}
2025-12-15 18:06:15,559 [INFO] [__main__:363] Training LogisticRegression with params: {'C': 0.1, 'l1_ratio': 0.5, 'max_iter': 1000, 'penalty': 'elasticnet', 'solver': 'saga'} (20% sample)
2025-12-15 18:06:15,559 [INFO] [__main__:364] Training data: 419 samples, 26 features
2025-12-15 18:06:15,577 [INFO] [__main__:375] ✓ Model.fit() completed successfully
2025-12-15 18:06:15,577 [INFO] [__main__:387] Running model.predict_proba() on validation set (20% sample)...
2025-12-15 18:06:15,577 [INFO] [__main__:392] ✓ predict_proba() completed (shape: (105, 2))
2025-12-15 18:06:15,579 [INFO] [__main__:359] Grid search 26/60: {'C': 0.1, 'max_iter': 1000, 'penalty': 'l1', 'solver': 'liblinear'}
2025-12-15 18:06:15,579 [INFO] [__main__:363] Training LogisticRegression with params: {'C': 0.1, 'max_iter': 1000, 'penalty': 'l1', 'solver': 'liblinear'} (20% sample)
2025-12-15 18:06:15,579 [INFO] [__main__:364] Training data: 419 samples, 26 features
2025-12-15 18:06:15,581 [INFO] [__main__:375] ✓ Model.fit() completed successfully
2025-12-15 18:06:15,581 [INFO] [__main__:387] Running model.predict_proba() on validation set (20% sample)...
2025-12-15 18:06:15,581 [INFO] [__main__:392] ✓ predict_proba() completed (shape: (105, 2))
2025-12-15 18:06:15,583 [INFO] [__main__:359] Grid search 27/60: {'C': 0.1, 'max_iter': 1000, 'penalty': 'l1', 'solver': 'saga'}
2025-12-15 18:06:15,583 [INFO] [__main__:363] Training LogisticRegression with params: {'C': 0.1, 'max_iter': 1000, 'penalty': 'l1', 'solver': 'saga'} (20% sample)
2025-12-15 18:06:15,583 [INFO] [__main__:364] Training data: 419 samples, 26 features
2025-12-15 18:06:15,615 [INFO] [__main__:375] ✓ Model.fit() completed successfully
2025-12-15 18:06:15,615 [INFO] [__main__:387] Running model.predict_proba() on validation set (20% sample)...
2025-12-15 18:06:15,616 [INFO] [__main__:392] ✓ predict_proba() completed (shape: (105, 2))
2025-12-15 18:06:15,617 [INFO] [__main__:359] Grid search 28/60: {'C': 0.1, 'max_iter': 1000, 'penalty': 'l2', 'solver': 'liblinear'}
2025-12-15 18:06:15,617 [INFO] [__main__:363] Training LogisticRegression with params: {'C': 0.1, 'max_iter': 1000, 'penalty': 'l2', 'solver': 'liblinear'} (20% sample)
2025-12-15 18:06:15,618 [INFO] [__main__:364] Training data: 419 samples, 26 features
2025-12-15 18:06:15,620 [INFO] [__main__:375] ✓ Model.fit() completed successfully
2025-12-15 18:06:15,620 [INFO] [__main__:387] Running model.predict_proba() on validation set (20% sample)...
2025-12-15 18:06:15,620 [INFO] [__main__:392] ✓ predict_proba() completed (shape: (105, 2))
2025-12-15 18:06:15,622 [INFO] [__main__:359] Grid search 29/60: {'C': 0.1, 'max_iter': 1000, 'penalty': 'l2', 'solver': 'saga'}
2025-12-15 18:06:15,622 [INFO] [__main__:363] Training LogisticRegression with params: {'C': 0.1, 'max_iter': 1000, 'penalty': 'l2', 'solver': 'saga'} (20% sample)
2025-12-15 18:06:15,622 [INFO] [__main__:364] Training data: 419 samples, 26 features
2025-12-15 18:06:15,637 [INFO] [__main__:375] ✓ Model.fit() completed successfully
2025-12-15 18:06:15,637 [INFO] [__main__:387] Running model.predict_proba() on validation set (20% sample)...
2025-12-15 18:06:15,637 [INFO] [__main__:392] ✓ predict_proba() completed (shape: (105, 2))
2025-12-15 18:06:15,639 [INFO] [__main__:359] Grid search 30/60: {'C': 0.1, 'l1_ratio': 0.9, 'max_iter': 1000, 'penalty': 'elasticnet', 'solver': 'saga'}
2025-12-15 18:06:15,639 [INFO] [__main__:363] Training LogisticRegression with params: {'C': 0.1, 'l1_ratio': 0.9, 'max_iter': 1000, 'penalty': 'elasticnet', 'solver': 'saga'} (20% sample)
2025-12-15 18:06:15,639 [INFO] [__main__:364] Training data: 419 samples, 26 features
2025-12-15 18:06:15,661 [INFO] [__main__:375] ✓ Model.fit() completed successfully
2025-12-15 18:06:15,661 [INFO] [__main__:387] Running model.predict_proba() on validation set (20% sample)...
2025-12-15 18:06:15,661 [INFO] [__main__:392] ✓ predict_proba() completed (shape: (105, 2))
2025-12-15 18:06:15,663 [INFO] [__main__:359] Grid search 31/60: {'C': 1.0, 'max_iter': 1000, 'penalty': 'l1', 'solver': 'liblinear'}
2025-12-15 18:06:15,663 [INFO] [__main__:363] Training LogisticRegression with params: {'C': 1.0, 'max_iter': 1000, 'penalty': 'l1', 'solver': 'liblinear'} (20% sample)
2025-12-15 18:06:15,663 [INFO] [__main__:364] Training data: 419 samples, 26 features
2025-12-15 18:06:15,677 [INFO] [__main__:375] ✓ Model.fit() completed successfully
2025-12-15 18:06:15,677 [INFO] [__main__:387] Running model.predict_proba() on validation set (20% sample)...
2025-12-15 18:06:15,677 [INFO] [__main__:392] ✓ predict_proba() completed (shape: (105, 2))
2025-12-15 18:06:15,679 [INFO] [__main__:359] Grid search 32/60: {'C': 1.0, 'max_iter': 1000, 'penalty': 'l1', 'solver': 'saga'}
2025-12-15 18:06:15,679 [INFO] [__main__:363] Training LogisticRegression with params: {'C': 1.0, 'max_iter': 1000, 'penalty': 'l1', 'solver': 'saga'} (20% sample)
2025-12-15 18:06:15,679 [INFO] [__main__:364] Training data: 419 samples, 26 features
2025-12-15 18:06:15,806 [INFO] [__main__:375] ✓ Model.fit() completed successfully
2025-12-15 18:06:15,806 [INFO] [__main__:387] Running model.predict_proba() on validation set (20% sample)...
2025-12-15 18:06:15,806 [INFO] [__main__:392] ✓ predict_proba() completed (shape: (105, 2))
2025-12-15 18:06:15,808 [INFO] [__main__:359] Grid search 33/60: {'C': 1.0, 'max_iter': 1000, 'penalty': 'l2', 'solver': 'liblinear'}
2025-12-15 18:06:15,808 [INFO] [__main__:363] Training LogisticRegression with params: {'C': 1.0, 'max_iter': 1000, 'penalty': 'l2', 'solver': 'liblinear'} (20% sample)
2025-12-15 18:06:15,808 [INFO] [__main__:364] Training data: 419 samples, 26 features
2025-12-15 18:06:15,811 [INFO] [__main__:375] ✓ Model.fit() completed successfully
2025-12-15 18:06:15,811 [INFO] [__main__:387] Running model.predict_proba() on validation set (20% sample)...
2025-12-15 18:06:15,812 [INFO] [__main__:392] ✓ predict_proba() completed (shape: (105, 2))
2025-12-15 18:06:15,814 [INFO] [__main__:359] Grid search 34/60: {'C': 1.0, 'max_iter': 1000, 'penalty': 'l2', 'solver': 'saga'}
2025-12-15 18:06:15,814 [INFO] [__main__:363] Training LogisticRegression with params: {'C': 1.0, 'max_iter': 1000, 'penalty': 'l2', 'solver': 'saga'} (20% sample)
2025-12-15 18:06:15,814 [INFO] [__main__:364] Training data: 419 samples, 26 features
2025-12-15 18:06:15,883 [INFO] [__main__:375] ✓ Model.fit() completed successfully
2025-12-15 18:06:15,883 [INFO] [__main__:387] Running model.predict_proba() on validation set (20% sample)...
2025-12-15 18:06:15,883 [INFO] [__main__:392] ✓ predict_proba() completed (shape: (105, 2))
2025-12-15 18:06:15,885 [INFO] [__main__:359] Grid search 35/60: {'C': 1.0, 'l1_ratio': 0.1, 'max_iter': 1000, 'penalty': 'elasticnet', 'solver': 'saga'}
2025-12-15 18:06:15,885 [INFO] [__main__:363] Training LogisticRegression with params: {'C': 1.0, 'l1_ratio': 0.1, 'max_iter': 1000, 'penalty': 'elasticnet', 'solver': 'saga'} (20% sample)
2025-12-15 18:06:15,885 [INFO] [__main__:364] Training data: 419 samples, 26 features
2025-12-15 18:06:15,974 [INFO] [__main__:375] ✓ Model.fit() completed successfully
2025-12-15 18:06:15,974 [INFO] [__main__:387] Running model.predict_proba() on validation set (20% sample)...
2025-12-15 18:06:15,974 [INFO] [__main__:392] ✓ predict_proba() completed (shape: (105, 2))
2025-12-15 18:06:15,976 [INFO] [__main__:359] Grid search 36/60: {'C': 1.0, 'max_iter': 1000, 'penalty': 'l1', 'solver': 'liblinear'}
2025-12-15 18:06:15,976 [INFO] [__main__:363] Training LogisticRegression with params: {'C': 1.0, 'max_iter': 1000, 'penalty': 'l1', 'solver': 'liblinear'} (20% sample)
2025-12-15 18:06:15,976 [INFO] [__main__:364] Training data: 419 samples, 26 features
2025-12-15 18:06:15,990 [INFO] [__main__:375] ✓ Model.fit() completed successfully
2025-12-15 18:06:15,990 [INFO] [__main__:387] Running model.predict_proba() on validation set (20% sample)...
2025-12-15 18:06:15,990 [INFO] [__main__:392] ✓ predict_proba() completed (shape: (105, 2))
2025-12-15 18:06:15,992 [INFO] [__main__:359] Grid search 37/60: {'C': 1.0, 'max_iter': 1000, 'penalty': 'l1', 'solver': 'saga'}
2025-12-15 18:06:15,992 [INFO] [__main__:363] Training LogisticRegression with params: {'C': 1.0, 'max_iter': 1000, 'penalty': 'l1', 'solver': 'saga'} (20% sample)
2025-12-15 18:06:15,992 [INFO] [__main__:364] Training data: 419 samples, 26 features
2025-12-15 18:06:16,119 [INFO] [__main__:375] ✓ Model.fit() completed successfully
2025-12-15 18:06:16,119 [INFO] [__main__:387] Running model.predict_proba() on validation set (20% sample)...
2025-12-15 18:06:16,119 [INFO] [__main__:392] ✓ predict_proba() completed (shape: (105, 2))
2025-12-15 18:06:16,121 [INFO] [__main__:359] Grid search 38/60: {'C': 1.0, 'max_iter': 1000, 'penalty': 'l2', 'solver': 'liblinear'}
2025-12-15 18:06:16,121 [INFO] [__main__:363] Training LogisticRegression with params: {'C': 1.0, 'max_iter': 1000, 'penalty': 'l2', 'solver': 'liblinear'} (20% sample)
2025-12-15 18:06:16,121 [INFO] [__main__:364] Training data: 419 samples, 26 features
2025-12-15 18:06:16,124 [INFO] [__main__:375] ✓ Model.fit() completed successfully
2025-12-15 18:06:16,124 [INFO] [__main__:387] Running model.predict_proba() on validation set (20% sample)...
2025-12-15 18:06:16,124 [INFO] [__main__:392] ✓ predict_proba() completed (shape: (105, 2))
2025-12-15 18:06:16,126 [INFO] [__main__:359] Grid search 39/60: {'C': 1.0, 'max_iter': 1000, 'penalty': 'l2', 'solver': 'saga'}
2025-12-15 18:06:16,126 [INFO] [__main__:363] Training LogisticRegression with params: {'C': 1.0, 'max_iter': 1000, 'penalty': 'l2', 'solver': 'saga'} (20% sample)
2025-12-15 18:06:16,126 [INFO] [__main__:364] Training data: 419 samples, 26 features
2025-12-15 18:06:16,196 [INFO] [__main__:375] ✓ Model.fit() completed successfully
2025-12-15 18:06:16,196 [INFO] [__main__:387] Running model.predict_proba() on validation set (20% sample)...
2025-12-15 18:06:16,196 [INFO] [__main__:392] ✓ predict_proba() completed (shape: (105, 2))
2025-12-15 18:06:16,198 [INFO] [__main__:359] Grid search 40/60: {'C': 1.0, 'l1_ratio': 0.5, 'max_iter': 1000, 'penalty': 'elasticnet', 'solver': 'saga'}
2025-12-15 18:06:16,198 [INFO] [__main__:363] Training LogisticRegression with params: {'C': 1.0, 'l1_ratio': 0.5, 'max_iter': 1000, 'penalty': 'elasticnet', 'solver': 'saga'} (20% sample)
2025-12-15 18:06:16,198 [INFO] [__main__:364] Training data: 419 samples, 26 features
2025-12-15 18:06:16,304 [INFO] [__main__:375] ✓ Model.fit() completed successfully
2025-12-15 18:06:16,304 [INFO] [__main__:387] Running model.predict_proba() on validation set (20% sample)...
2025-12-15 18:06:16,304 [INFO] [__main__:392] ✓ predict_proba() completed (shape: (105, 2))
2025-12-15 18:06:16,306 [INFO] [__main__:359] Grid search 41/60: {'C': 1.0, 'max_iter': 1000, 'penalty': 'l1', 'solver': 'liblinear'}
2025-12-15 18:06:16,306 [INFO] [__main__:363] Training LogisticRegression with params: {'C': 1.0, 'max_iter': 1000, 'penalty': 'l1', 'solver': 'liblinear'} (20% sample)
2025-12-15 18:06:16,306 [INFO] [__main__:364] Training data: 419 samples, 26 features
2025-12-15 18:06:16,320 [INFO] [__main__:375] ✓ Model.fit() completed successfully
2025-12-15 18:06:16,320 [INFO] [__main__:387] Running model.predict_proba() on validation set (20% sample)...
2025-12-15 18:06:16,320 [INFO] [__main__:392] ✓ predict_proba() completed (shape: (105, 2))
2025-12-15 18:06:16,322 [INFO] [__main__:359] Grid search 42/60: {'C': 1.0, 'max_iter': 1000, 'penalty': 'l1', 'solver': 'saga'}
2025-12-15 18:06:16,322 [INFO] [__main__:363] Training LogisticRegression with params: {'C': 1.0, 'max_iter': 1000, 'penalty': 'l1', 'solver': 'saga'} (20% sample)
2025-12-15 18:06:16,322 [INFO] [__main__:364] Training data: 419 samples, 26 features
2025-12-15 18:06:16,451 [INFO] [__main__:375] ✓ Model.fit() completed successfully
2025-12-15 18:06:16,451 [INFO] [__main__:387] Running model.predict_proba() on validation set (20% sample)...
2025-12-15 18:06:16,451 [INFO] [__main__:392] ✓ predict_proba() completed (shape: (105, 2))
2025-12-15 18:06:16,453 [INFO] [__main__:359] Grid search 43/60: {'C': 1.0, 'max_iter': 1000, 'penalty': 'l2', 'solver': 'liblinear'}
2025-12-15 18:06:16,453 [INFO] [__main__:363] Training LogisticRegression with params: {'C': 1.0, 'max_iter': 1000, 'penalty': 'l2', 'solver': 'liblinear'} (20% sample)
2025-12-15 18:06:16,453 [INFO] [__main__:364] Training data: 419 samples, 26 features
2025-12-15 18:06:16,457 [INFO] [__main__:375] ✓ Model.fit() completed successfully
2025-12-15 18:06:16,457 [INFO] [__main__:387] Running model.predict_proba() on validation set (20% sample)...
2025-12-15 18:06:16,457 [INFO] [__main__:392] ✓ predict_proba() completed (shape: (105, 2))
2025-12-15 18:06:16,459 [INFO] [__main__:359] Grid search 44/60: {'C': 1.0, 'max_iter': 1000, 'penalty': 'l2', 'solver': 'saga'}
2025-12-15 18:06:16,459 [INFO] [__main__:363] Training LogisticRegression with params: {'C': 1.0, 'max_iter': 1000, 'penalty': 'l2', 'solver': 'saga'} (20% sample)
2025-12-15 18:06:16,459 [INFO] [__main__:364] Training data: 419 samples, 26 features
2025-12-15 18:06:16,528 [INFO] [__main__:375] ✓ Model.fit() completed successfully
2025-12-15 18:06:16,528 [INFO] [__main__:387] Running model.predict_proba() on validation set (20% sample)...
2025-12-15 18:06:16,529 [INFO] [__main__:392] ✓ predict_proba() completed (shape: (105, 2))
2025-12-15 18:06:16,531 [INFO] [__main__:359] Grid search 45/60: {'C': 1.0, 'l1_ratio': 0.9, 'max_iter': 1000, 'penalty': 'elasticnet', 'solver': 'saga'}
2025-12-15 18:06:16,531 [INFO] [__main__:363] Training LogisticRegression with params: {'C': 1.0, 'l1_ratio': 0.9, 'max_iter': 1000, 'penalty': 'elasticnet', 'solver': 'saga'} (20% sample)
2025-12-15 18:06:16,531 [INFO] [__main__:364] Training data: 419 samples, 26 features
2025-12-15 18:06:16,652 [INFO] [__main__:375] ✓ Model.fit() completed successfully
2025-12-15 18:06:16,652 [INFO] [__main__:387] Running model.predict_proba() on validation set (20% sample)...
2025-12-15 18:06:16,652 [INFO] [__main__:392] ✓ predict_proba() completed (shape: (105, 2))
2025-12-15 18:06:16,654 [INFO] [__main__:359] Grid search 46/60: {'C': 10.0, 'max_iter': 1000, 'penalty': 'l1', 'solver': 'liblinear'}
2025-12-15 18:06:16,654 [INFO] [__main__:363] Training LogisticRegression with params: {'C': 10.0, 'max_iter': 1000, 'penalty': 'l1', 'solver': 'liblinear'} (20% sample)
2025-12-15 18:06:16,654 [INFO] [__main__:364] Training data: 419 samples, 26 features
2025-12-15 18:06:16,675 [INFO] [__main__:375] ✓ Model.fit() completed successfully
2025-12-15 18:06:16,675 [INFO] [__main__:387] Running model.predict_proba() on validation set (20% sample)...
2025-12-15 18:06:16,676 [INFO] [__main__:392] ✓ predict_proba() completed (shape: (105, 2))
2025-12-15 18:06:16,677 [INFO] [__main__:359] Grid search 47/60: {'C': 10.0, 'max_iter': 1000, 'penalty': 'l1', 'solver': 'saga'}
2025-12-15 18:06:16,677 [INFO] [__main__:363] Training LogisticRegression with params: {'C': 10.0, 'max_iter': 1000, 'penalty': 'l1', 'solver': 'saga'} (20% sample)
2025-12-15 18:06:16,678 [INFO] [__main__:364] Training data: 419 samples, 26 features
2025-12-15 18:06:16,862 [INFO] [__main__:375] ✓ Model.fit() completed successfully
2025-12-15 18:06:16,862 [INFO] [__main__:387] Running model.predict_proba() on validation set (20% sample)...
2025-12-15 18:06:16,862 [INFO] [__main__:392] ✓ predict_proba() completed (shape: (105, 2))
2025-12-15 18:06:16,864 [INFO] [__main__:359] Grid search 48/60: {'C': 10.0, 'max_iter': 1000, 'penalty': 'l2', 'solver': 'liblinear'}
2025-12-15 18:06:16,864 [INFO] [__main__:363] Training LogisticRegression with params: {'C': 10.0, 'max_iter': 1000, 'penalty': 'l2', 'solver': 'liblinear'} (20% sample)
2025-12-15 18:06:16,864 [INFO] [__main__:364] Training data: 419 samples, 26 features
2025-12-15 18:06:16,867 [INFO] [__main__:375] ✓ Model.fit() completed successfully
2025-12-15 18:06:16,867 [INFO] [__main__:387] Running model.predict_proba() on validation set (20% sample)...
2025-12-15 18:06:16,868 [INFO] [__main__:392] ✓ predict_proba() completed (shape: (105, 2))
2025-12-15 18:06:16,869 [INFO] [__main__:359] Grid search 49/60: {'C': 10.0, 'max_iter': 1000, 'penalty': 'l2', 'solver': 'saga'}
2025-12-15 18:06:16,869 [INFO] [__main__:363] Training LogisticRegression with params: {'C': 10.0, 'max_iter': 1000, 'penalty': 'l2', 'solver': 'saga'} (20% sample)
2025-12-15 18:06:16,870 [INFO] [__main__:364] Training data: 419 samples, 26 features
2025-12-15 18:06:17,010 [INFO] [__main__:375] ✓ Model.fit() completed successfully
2025-12-15 18:06:17,010 [INFO] [__main__:387] Running model.predict_proba() on validation set (20% sample)...
2025-12-15 18:06:17,010 [INFO] [__main__:392] ✓ predict_proba() completed (shape: (105, 2))
2025-12-15 18:06:17,012 [INFO] [__main__:359] Grid search 50/60: {'C': 10.0, 'l1_ratio': 0.1, 'max_iter': 1000, 'penalty': 'elasticnet', 'solver': 'saga'}
2025-12-15 18:06:17,012 [INFO] [__main__:363] Training LogisticRegression with params: {'C': 10.0, 'l1_ratio': 0.1, 'max_iter': 1000, 'penalty': 'elasticnet', 'solver': 'saga'} (20% sample)
2025-12-15 18:06:17,012 [INFO] [__main__:364] Training data: 419 samples, 26 features
2025-12-15 18:06:17,184 [INFO] [__main__:375] ✓ Model.fit() completed successfully
2025-12-15 18:06:17,184 [INFO] [__main__:387] Running model.predict_proba() on validation set (20% sample)...
2025-12-15 18:06:17,184 [INFO] [__main__:392] ✓ predict_proba() completed (shape: (105, 2))
2025-12-15 18:06:17,186 [INFO] [__main__:359] Grid search 51/60: {'C': 10.0, 'max_iter': 1000, 'penalty': 'l1', 'solver': 'liblinear'}
2025-12-15 18:06:17,186 [INFO] [__main__:363] Training LogisticRegression with params: {'C': 10.0, 'max_iter': 1000, 'penalty': 'l1', 'solver': 'liblinear'} (20% sample)
2025-12-15 18:06:17,186 [INFO] [__main__:364] Training data: 419 samples, 26 features
2025-12-15 18:06:17,207 [INFO] [__main__:375] ✓ Model.fit() completed successfully
2025-12-15 18:06:17,207 [INFO] [__main__:387] Running model.predict_proba() on validation set (20% sample)...
2025-12-15 18:06:17,208 [INFO] [__main__:392] ✓ predict_proba() completed (shape: (105, 2))
2025-12-15 18:06:17,210 [INFO] [__main__:359] Grid search 52/60: {'C': 10.0, 'max_iter': 1000, 'penalty': 'l1', 'solver': 'saga'}
2025-12-15 18:06:17,210 [INFO] [__main__:363] Training LogisticRegression with params: {'C': 10.0, 'max_iter': 1000, 'penalty': 'l1', 'solver': 'saga'} (20% sample)
2025-12-15 18:06:17,210 [INFO] [__main__:364] Training data: 419 samples, 26 features
2025-12-15 18:06:17,394 [INFO] [__main__:375] ✓ Model.fit() completed successfully
2025-12-15 18:06:17,394 [INFO] [__main__:387] Running model.predict_proba() on validation set (20% sample)...
2025-12-15 18:06:17,394 [INFO] [__main__:392] ✓ predict_proba() completed (shape: (105, 2))
2025-12-15 18:06:17,396 [INFO] [__main__:359] Grid search 53/60: {'C': 10.0, 'max_iter': 1000, 'penalty': 'l2', 'solver': 'liblinear'}
2025-12-15 18:06:17,396 [INFO] [__main__:363] Training LogisticRegression with params: {'C': 10.0, 'max_iter': 1000, 'penalty': 'l2', 'solver': 'liblinear'} (20% sample)
2025-12-15 18:06:17,396 [INFO] [__main__:364] Training data: 419 samples, 26 features
2025-12-15 18:06:17,399 [INFO] [__main__:375] ✓ Model.fit() completed successfully
2025-12-15 18:06:17,399 [INFO] [__main__:387] Running model.predict_proba() on validation set (20% sample)...
2025-12-15 18:06:17,400 [INFO] [__main__:392] ✓ predict_proba() completed (shape: (105, 2))
2025-12-15 18:06:17,402 [INFO] [__main__:359] Grid search 54/60: {'C': 10.0, 'max_iter': 1000, 'penalty': 'l2', 'solver': 'saga'}
2025-12-15 18:06:17,402 [INFO] [__main__:363] Training LogisticRegression with params: {'C': 10.0, 'max_iter': 1000, 'penalty': 'l2', 'solver': 'saga'} (20% sample)
2025-12-15 18:06:17,402 [INFO] [__main__:364] Training data: 419 samples, 26 features
2025-12-15 18:06:17,542 [INFO] [__main__:375] ✓ Model.fit() completed successfully
2025-12-15 18:06:17,542 [INFO] [__main__:387] Running model.predict_proba() on validation set (20% sample)...
2025-12-15 18:06:17,542 [INFO] [__main__:392] ✓ predict_proba() completed (shape: (105, 2))
2025-12-15 18:06:17,544 [INFO] [__main__:359] Grid search 55/60: {'C': 10.0, 'l1_ratio': 0.5, 'max_iter': 1000, 'penalty': 'elasticnet', 'solver': 'saga'}
2025-12-15 18:06:17,544 [INFO] [__main__:363] Training LogisticRegression with params: {'C': 10.0, 'l1_ratio': 0.5, 'max_iter': 1000, 'penalty': 'elasticnet', 'solver': 'saga'} (20% sample)
2025-12-15 18:06:17,544 [INFO] [__main__:364] Training data: 419 samples, 26 features
2025-12-15 18:06:17,721 [INFO] [__main__:375] ✓ Model.fit() completed successfully
2025-12-15 18:06:17,721 [INFO] [__main__:387] Running model.predict_proba() on validation set (20% sample)...
2025-12-15 18:06:17,722 [INFO] [__main__:392] ✓ predict_proba() completed (shape: (105, 2))
2025-12-15 18:06:17,723 [INFO] [__main__:359] Grid search 56/60: {'C': 10.0, 'max_iter': 1000, 'penalty': 'l1', 'solver': 'liblinear'}
2025-12-15 18:06:17,723 [INFO] [__main__:363] Training LogisticRegression with params: {'C': 10.0, 'max_iter': 1000, 'penalty': 'l1', 'solver': 'liblinear'} (20% sample)
2025-12-15 18:06:17,724 [INFO] [__main__:364] Training data: 419 samples, 26 features
2025-12-15 18:06:17,745 [INFO] [__main__:375] ✓ Model.fit() completed successfully
2025-12-15 18:06:17,745 [INFO] [__main__:387] Running model.predict_proba() on validation set (20% sample)...
2025-12-15 18:06:17,745 [INFO] [__main__:392] ✓ predict_proba() completed (shape: (105, 2))
2025-12-15 18:06:17,747 [INFO] [__main__:359] Grid search 57/60: {'C': 10.0, 'max_iter': 1000, 'penalty': 'l1', 'solver': 'saga'}
2025-12-15 18:06:17,747 [INFO] [__main__:363] Training LogisticRegression with params: {'C': 10.0, 'max_iter': 1000, 'penalty': 'l1', 'solver': 'saga'} (20% sample)
2025-12-15 18:06:17,747 [INFO] [__main__:364] Training data: 419 samples, 26 features
2025-12-15 18:06:17,931 [INFO] [__main__:375] ✓ Model.fit() completed successfully
2025-12-15 18:06:17,932 [INFO] [__main__:387] Running model.predict_proba() on validation set (20% sample)...
2025-12-15 18:06:17,932 [INFO] [__main__:392] ✓ predict_proba() completed (shape: (105, 2))
2025-12-15 18:06:17,934 [INFO] [__main__:359] Grid search 58/60: {'C': 10.0, 'max_iter': 1000, 'penalty': 'l2', 'solver': 'liblinear'}
2025-12-15 18:06:17,934 [INFO] [__main__:363] Training LogisticRegression with params: {'C': 10.0, 'max_iter': 1000, 'penalty': 'l2', 'solver': 'liblinear'} (20% sample)
2025-12-15 18:06:17,934 [INFO] [__main__:364] Training data: 419 samples, 26 features
2025-12-15 18:06:17,937 [INFO] [__main__:375] ✓ Model.fit() completed successfully
2025-12-15 18:06:17,937 [INFO] [__main__:387] Running model.predict_proba() on validation set (20% sample)...
2025-12-15 18:06:17,937 [INFO] [__main__:392] ✓ predict_proba() completed (shape: (105, 2))
2025-12-15 18:06:17,939 [INFO] [__main__:359] Grid search 59/60: {'C': 10.0, 'max_iter': 1000, 'penalty': 'l2', 'solver': 'saga'}
2025-12-15 18:06:17,939 [INFO] [__main__:363] Training LogisticRegression with params: {'C': 10.0, 'max_iter': 1000, 'penalty': 'l2', 'solver': 'saga'} (20% sample)
2025-12-15 18:06:17,939 [INFO] [__main__:364] Training data: 419 samples, 26 features
2025-12-15 18:06:18,080 [INFO] [__main__:375] ✓ Model.fit() completed successfully
2025-12-15 18:06:18,080 [INFO] [__main__:387] Running model.predict_proba() on validation set (20% sample)...
2025-12-15 18:06:18,080 [INFO] [__main__:392] ✓ predict_proba() completed (shape: (105, 2))
2025-12-15 18:06:18,082 [INFO] [__main__:359] Grid search 60/60: {'C': 10.0, 'l1_ratio': 0.9, 'max_iter': 1000, 'penalty': 'elasticnet', 'solver': 'saga'}
2025-12-15 18:06:18,082 [INFO] [__main__:363] Training LogisticRegression with params: {'C': 10.0, 'l1_ratio': 0.9, 'max_iter': 1000, 'penalty': 'elasticnet', 'solver': 'saga'} (20% sample)
2025-12-15 18:06:18,082 [INFO] [__main__:364] Training data: 419 samples, 26 features
2025-12-15 18:06:18,265 [INFO] [__main__:375] ✓ Model.fit() completed successfully
2025-12-15 18:06:18,265 [INFO] [__main__:387] Running model.predict_proba() on validation set (20% sample)...
2025-12-15 18:06:18,266 [INFO] [__main__:392] ✓ predict_proba() completed (shape: (105, 2))
2025-12-15 18:06:18,267 [INFO] [__main__:438] Best hyperparameters from 20% sample: {'C': 0.01, 'l1_ratio': 0.1, 'max_iter': 1000, 'penalty': 'elasticnet', 'solver': 'saga'} (val_f1: 0.7481)
2025-12-15 18:06:18,268 [INFO] [__main__:441] ================================================================================
2025-12-15 18:06:18,268 [INFO] [__main__:442] FINAL TRAINING: Using full dataset with best hyperparameters
2025-12-15 18:06:18,268 [INFO] [__main__:443] ================================================================================
2025-12-15 18:06:18,268 [INFO] [__main__:446] Scaling full dataset for final training...
2025-12-15 18:06:18,270 [INFO] [__main__:456] Full dataset scaled. Train: 1966, Val: 655, Test: 656
2025-12-15 18:06:18,271 [INFO] [__main__:467] CV fold 1/5
2025-12-15 18:06:18,411 [INFO] [__main__:467] CV fold 2/5
2025-12-15 18:06:18,437 [INFO] [__main__:467] CV fold 3/5
2025-12-15 18:06:18,461 [INFO] [__main__:467] CV fold 4/5
2025-12-15 18:06:18,487 [INFO] [__main__:467] CV fold 5/5
2025-12-15 18:06:18,513 [INFO] [__main__:498] CV F1: 0.6337 ± 0.0365
2025-12-15 18:06:18,514 [INFO] [__main__:499] CV AUC: 0.6787
2025-12-15 18:06:18,514 [INFO] [__main__:502] Training final model on full training+validation set...
2025-12-15 18:06:18,542 [INFO] [__main__:522] Test F1: 0.6337
2025-12-15 18:06:18,542 [INFO] [__main__:523] Test AUC: 0.6978
2025-12-15 18:06:18,543 [INFO] [__main__:524] Test AP: 0.6767
2025-12-15 18:06:18,543 [INFO] [__main__:525] Test Acc: 0.6159
2025-12-15 18:06:19,500 [INFO] [__main__:607] Training complete. Results saved to: /gpfs/accounts/si670f25_class_root/si670f25_class/santoshd/fvc/data/stage5/sklearn_logreg
2025-12-15 18:06:19,500 [INFO] [__main__:608] ================================================================================
2025-12-15 18:06:19,500 [INFO] [__main__:609] STAGE 5ALPHA TRAINING COMPLETED SUCCESSFULLY
2025-12-15 18:06:19,500 [INFO] [__main__:610] ================================================================================
