2025-12-10 15:37:21 [INFO] [__main__:49] Logging to file: /gpfs/accounts/si670f25_class_root/si670f25_class/santoshd/fvc/logs/sanity_check_features_1765399041.log
2025-12-10 15:37:22 [INFO] [__main__:233] ================================================================================
2025-12-10 15:37:22 [INFO] [__main__:234] SANITY CHECK: Stage 2 and Stage 4 Features
2025-12-10 15:37:22 [INFO] [__main__:235] ================================================================================
2025-12-10 15:37:22 [INFO] [__main__:238] 
================================================================================
2025-12-10 15:37:22 [INFO] [__main__:239] STAGE 2 FEATURES
2025-12-10 15:37:22 [INFO] [__main__:240] ================================================================================
2025-12-10 15:37:22 [INFO] [__main__:242] ✓ Stage 2 metadata found: /gpfs/accounts/si670f25_class_root/si670f25_class/santoshd/fvc/data/features_stage2/features_metadata.parquet
2025-12-10 15:37:28 [INFO] [__main__:247]   Total videos: 3244
2025-12-10 15:37:28 [INFO] [__main__:248]   Feature count: 15
2025-12-10 15:37:28 [INFO] [__main__:253]   ✓ Correct number of features (15 - codec cues may be unavailable)
2025-12-10 15:37:28 [INFO] [__main__:258]   Feature names: ['boundary_inconsistency', 'codec_bitrate', 'codec_fps', 'codec_resolution', 'dct_ac_energy', 'dct_ac_mean', 'dct_ac_std', 'dct_dc_mean', 'dct_dc_std', 'gradient_mean', 'gradient_std', 'laplacian_var', 'noise_energy', 'noise_mean', 'noise_std']
2025-12-10 15:37:28 [INFO] [__main__:274] 
================================================================================
2025-12-10 15:37:28 [INFO] [__main__:275] STAGE 4 FEATURES
2025-12-10 15:37:28 [INFO] [__main__:276] ================================================================================
2025-12-10 15:37:28 [INFO] [__main__:278] ✓ Stage 4 metadata found: /gpfs/accounts/si670f25_class_root/si670f25_class/santoshd/fvc/data/features_stage4/features_scaled_metadata.arrow
2025-12-10 15:37:28 [INFO] [__main__:283]   Total videos: 10
2025-12-10 15:37:28 [INFO] [__main__:284]   Feature count: 23
2025-12-10 15:37:28 [INFO] [__main__:287]   ✓ Correct number of features (23)
2025-12-10 15:37:28 [INFO] [__main__:292]   Feature names: ['boundary_inconsistency', 'codec_bitrate', 'codec_fps', 'codec_resolution', 'color_consistency_b', 'color_consistency_g', 'color_consistency_r', 'compression_artifacts', 'dct_ac_energy', 'dct_ac_mean', 'dct_ac_std', 'dct_dc_mean', 'dct_dc_std', 'edge_density', 'gradient_mean', 'gradient_std', 'is_downscaled', 'is_upscaled', 'laplacian_var', 'noise_energy', 'noise_mean', 'noise_std', 'texture_uniformity']
2025-12-10 15:37:29 [INFO] [__main__:297]   Feature files checked: 10
2025-12-10 15:37:29 [INFO] [__main__:303]   Sample shapes: [(1, 23), (1, 23), (1, 23), (1, 23), (1, 23)]
2025-12-10 15:37:29 [INFO] [__main__:308] 
================================================================================
2025-12-10 15:37:29 [INFO] [__main__:309] TESTING FEATURE LOADING
2025-12-10 15:37:29 [INFO] [__main__:310] ================================================================================
2025-12-10 15:41:47 [INFO] [__main__:341] Testing feature loading with 5 videos (no Stage 4 overlap found, using Stage 2 only)...
2025-12-10 15:41:47 [INFO] [__main__:360] ✓ Successfully loaded features
2025-12-10 15:41:47 [INFO] [__main__:361]   Feature matrix shape: (5, 38)
2025-12-10 15:41:47 [INFO] [__main__:362]   Feature names count: 38
2025-12-10 15:41:47 [INFO] [__main__:363]   Sample feature names: ['stage2_noise_energy', 'stage2_noise_mean', 'stage2_noise_std', 'stage2_dct_dc_mean', 'stage2_dct_dc_std']
2025-12-10 15:41:47 [INFO] [__main__:369] 
================================================================================
2025-12-10 15:41:47 [INFO] [__main__:370] SANITY CHECK COMPLETE
2025-12-10 15:41:47 [INFO] [__main__:371] ================================================================================
2025-12-10 15:41:47 [INFO] [__main__:372] Full log saved to: /gpfs/accounts/si670f25_class_root/si670f25_class/santoshd/fvc/logs/sanity_check_features_1765399041.log
