2025-12-10 15:32:53 [INFO] [__main__:49] Logging to file: /gpfs/accounts/si670f25_class_root/si670f25_class/santoshd/fvc/logs/sanity_check_features_1765398773.log
2025-12-10 15:32:54 [INFO] [__main__:233] ================================================================================
2025-12-10 15:32:54 [INFO] [__main__:234] SANITY CHECK: Stage 2 and Stage 4 Features
2025-12-10 15:32:54 [INFO] [__main__:235] ================================================================================
2025-12-10 15:32:54 [INFO] [__main__:238] 
================================================================================
2025-12-10 15:32:54 [INFO] [__main__:239] STAGE 2 FEATURES
2025-12-10 15:32:54 [INFO] [__main__:240] ================================================================================
2025-12-10 15:32:54 [INFO] [__main__:242] ✓ Stage 2 metadata found: /gpfs/accounts/si670f25_class_root/si670f25_class/santoshd/fvc/data/features_stage2/features_metadata.parquet
2025-12-10 15:32:54 [INFO] [__main__:247]   Total videos: 3244
2025-12-10 15:32:54 [INFO] [__main__:248]   Feature count: 15
2025-12-10 15:32:54 [WARNING] [__main__:252]   ⚠ Got 15 features (expected 23, but will proceed)
2025-12-10 15:32:54 [INFO] [__main__:255]   Feature names: ['boundary_inconsistency', 'codec_bitrate', 'codec_fps', 'codec_resolution', 'dct_ac_energy', 'dct_ac_mean', 'dct_ac_std', 'dct_dc_mean', 'dct_dc_std', 'gradient_mean', 'gradient_std', 'laplacian_var', 'noise_energy', 'noise_mean', 'noise_std']
2025-12-10 15:32:54 [INFO] [__main__:271] 
================================================================================
2025-12-10 15:32:54 [INFO] [__main__:272] STAGE 4 FEATURES
2025-12-10 15:32:54 [INFO] [__main__:273] ================================================================================
2025-12-10 15:32:54 [INFO] [__main__:275] ✓ Stage 4 metadata found: /gpfs/accounts/si670f25_class_root/si670f25_class/santoshd/fvc/data/features_stage4/features_scaled_metadata.arrow
2025-12-10 15:32:54 [INFO] [__main__:280]   Total videos: 10
2025-12-10 15:32:54 [INFO] [__main__:281]   Feature count: 23
2025-12-10 15:32:54 [INFO] [__main__:283]   ✓ Correct number of features (23)
2025-12-10 15:32:54 [INFO] [__main__:288]   Feature names: ['boundary_inconsistency', 'codec_bitrate', 'codec_fps', 'codec_resolution', 'color_consistency_b', 'color_consistency_g', 'color_consistency_r', 'compression_artifacts', 'dct_ac_energy', 'dct_ac_mean', 'dct_ac_std', 'dct_dc_mean', 'dct_dc_std', 'edge_density', 'gradient_mean', 'gradient_std', 'is_downscaled', 'is_upscaled', 'laplacian_var', 'noise_energy', 'noise_mean', 'noise_std', 'texture_uniformity']
2025-12-10 15:32:54 [INFO] [__main__:293]   Feature files checked: 10
2025-12-10 15:32:54 [INFO] [__main__:299]   Sample shapes: [(1, 23), (1, 23), (1, 23), (1, 23), (1, 23)]
2025-12-10 15:32:54 [INFO] [__main__:304] 
================================================================================
2025-12-10 15:32:54 [INFO] [__main__:305] TESTING FEATURE LOADING
2025-12-10 15:32:54 [INFO] [__main__:306] ================================================================================
2025-12-10 15:35:28 [INFO] [__main__:323] Testing feature loading with 5 videos...
2025-12-10 15:35:28 [INFO] [__main__:333] ✓ Successfully loaded features
2025-12-10 15:35:28 [INFO] [__main__:334]   Feature matrix shape: (5, 38)
2025-12-10 15:35:28 [INFO] [__main__:335]   Feature names count: 38
2025-12-10 15:35:28 [INFO] [__main__:336]   Sample feature names: ['stage2_noise_energy', 'stage2_noise_mean', 'stage2_noise_std', 'stage2_dct_dc_mean', 'stage2_dct_dc_std']
2025-12-10 15:35:28 [INFO] [__main__:342] 
================================================================================
2025-12-10 15:35:28 [INFO] [__main__:343] SANITY CHECK COMPLETE
2025-12-10 15:35:28 [INFO] [__main__:344] ================================================================================
2025-12-10 15:35:28 [INFO] [__main__:345] Full log saved to: /gpfs/accounts/si670f25_class_root/si670f25_class/santoshd/fvc/logs/sanity_check_features_1765398773.log
