2025-12-12 19:20:15 [INFO] [__main__:310] ================================================================================
2025-12-12 19:20:15 [INFO] [__main__:311] STAGE 5: MODEL TRAINING
2025-12-12 19:20:15 [INFO] [__main__:312] ================================================================================
2025-12-12 19:20:15 [INFO] [__main__:313] Project root: /gpfs/accounts/si670f25_class_root/si670f25_class/santoshd/fvc
2025-12-12 19:20:15 [INFO] [__main__:314] Scaled metadata: /gpfs/accounts/si670f25_class_root/si670f25_class/santoshd/fvc/data/scaled_videos/scaled_metadata.arrow
2025-12-12 19:20:15 [INFO] [__main__:315] Features Stage 2: /gpfs/accounts/si670f25_class_root/si670f25_class/santoshd/fvc/data/features_stage2/features_metadata.arrow
2025-12-12 19:20:15 [INFO] [__main__:316] Features Stage 4: /gpfs/accounts/si670f25_class_root/si670f25_class/santoshd/fvc/data/features_stage4/features_scaled_metadata.arrow
2025-12-12 19:20:15 [INFO] [__main__:317] Model types: ['naive_cnn']
2025-12-12 19:20:15 [INFO] [__main__:318] K-fold splits: 5
2025-12-12 19:20:15 [INFO] [__main__:319] Number of frames: 1000
2025-12-12 19:20:15 [INFO] [__main__:320] Output directory: /gpfs/accounts/si670f25_class_root/si670f25_class/santoshd/fvc/data/stage5
2025-12-12 19:20:15 [INFO] [__main__:321] Experiment tracking: Enabled
2025-12-12 19:20:15 [INFO] [__main__:324] Delete existing: True
2025-12-12 19:20:15 [INFO] [__main__:325] Resume mode: True
2025-12-12 19:20:15 [INFO] [__main__:326] Log file: /gpfs/accounts/si670f25_class_root/si670f25_class/santoshd/fvc/logs/stage5_training_1765585215.log
2025-12-12 19:20:15 [INFO] [__main__:333] ================================================================================
2025-12-12 19:20:15 [INFO] [__main__:334] Checking prerequisites...
2025-12-12 19:20:15 [INFO] [__main__:335] ================================================================================
2025-12-12 19:20:15 [INFO] [__main__:342] ✓ Scaled metadata file found: /gpfs/accounts/si670f25_class_root/si670f25_class/santoshd/fvc/data/scaled_videos/scaled_metadata.arrow
2025-12-12 19:20:15 [INFO] [__main__:352] ✓ All model types are valid
2025-12-12 19:20:15 [INFO] [__main__:358] ================================================================================
2025-12-12 19:20:15 [INFO] [__main__:359] Initial memory statistics:
2025-12-12 19:20:15 [INFO] [__main__:360] ================================================================================
2025-12-12 19:20:15 [INFO] [lib.utils.memory:89] Memory stats (Stage 5: before training): {'cpu_memory_mb': 735.5234375, 'cpu_memory_gb': 0.7182846069335938, 'cpu_vms_mb': 10217.70703125, 'gpu_allocated_gb': 0.0, 'gpu_reserved_gb': 0.0, 'gpu_total_gb': 16.928342016, 'gpu_free_gb': 16.928342016}
2025-12-12 19:20:15 [INFO] [__main__:364] ================================================================================
2025-12-12 19:20:15 [INFO] [__main__:365] Starting Stage 5: Model Training
2025-12-12 19:20:15 [INFO] [__main__:366] ================================================================================
2025-12-12 19:20:15 [INFO] [__main__:367] Training 1 model(s) with 5-fold cross-validation
2025-12-12 19:20:15 [INFO] [__main__:368] This may take a while depending on dataset size and model complexity...
2025-12-12 19:20:15 [INFO] [__main__:369] Progress will be logged in real-time
2025-12-12 19:20:15 [INFO] [__main__:370] ================================================================================
2025-12-12 19:20:15 [INFO] [__main__:375] Calling Stage 5 training pipeline...
2025-12-12 19:20:15 [INFO] [__main__:376] This may take a while - progress will be logged in real-time
2025-12-12 19:20:15 [INFO] [lib.training.pipeline:490] ================================================================================
2025-12-12 19:20:15 [INFO] [lib.training.pipeline:491] Stage 5: Model Training Pipeline Started
2025-12-12 19:20:15 [INFO] [lib.training.pipeline:492] ================================================================================
2025-12-12 19:20:15 [INFO] [lib.training.pipeline:493] Model types: ['naive_cnn']
2025-12-12 19:20:15 [INFO] [lib.training.pipeline:494] K-fold splits: 5
2025-12-12 19:20:15 [INFO] [lib.training.pipeline:495] Frames per video: 1000
2025-12-12 19:20:15 [INFO] [lib.training.pipeline:496] Output directory: data/stage5
2025-12-12 19:20:15 [INFO] [lib.training.pipeline:497] Initializing pipeline...
2025-12-12 19:20:15 [INFO] [lib.training.pipeline:265] ================================================================================
2025-12-12 19:20:15 [INFO] [lib.training.pipeline:266] STAGE 5 PREREQUISITE VALIDATION
2025-12-12 19:20:15 [INFO] [lib.training.pipeline:267] ================================================================================
2025-12-12 19:20:15 [INFO] [lib.training.pipeline:270] 
[1/3] Checking Stage 3 (scaled videos) - REQUIRED for all models...
2025-12-12 19:20:15 [INFO] [lib.training.pipeline:279] ✓ Stage 3 metadata found: 3278 scaled videos
2025-12-12 19:20:15 [INFO] [lib.training.pipeline:280]   Path: /gpfs/accounts/si670f25_class_root/si670f25_class/santoshd/fvc/data/scaled_videos/scaled_metadata.arrow
2025-12-12 19:20:15 [INFO] [lib.training.pipeline:283] 
[2/3] Checking Stage 2 (features) - REQUIRED for *_stage2 models...
2025-12-12 19:20:15 [INFO] [lib.training.pipeline:291] ✓ Stage 2 metadata found: 3278 feature rows
2025-12-12 19:20:15 [INFO] [lib.training.pipeline:292]   Path: /gpfs/accounts/si670f25_class_root/si670f25_class/santoshd/fvc/data/features_stage2/features_metadata.arrow
2025-12-12 19:20:15 [INFO] [lib.training.pipeline:295] 
[3/3] Checking Stage 4 (scaled features) - REQUIRED for *_stage2_stage4 models...
2025-12-12 19:20:16 [INFO] [lib.training.pipeline:303] ✓ Stage 4 metadata found: 3277 feature rows
2025-12-12 19:20:16 [INFO] [lib.training.pipeline:304]   Path: /gpfs/accounts/si670f25_class_root/si670f25_class/santoshd/fvc/data/features_stage4/features_scaled_metadata.arrow
2025-12-12 19:20:16 [INFO] [lib.training.pipeline:307] 
================================================================================
2025-12-12 19:20:16 [INFO] [lib.training.pipeline:308] MODEL REQUIREMENTS CHECK
2025-12-12 19:20:16 [INFO] [lib.training.pipeline:309] ================================================================================
2025-12-12 19:20:16 [INFO] [lib.training.pipeline:333] ✓ naive_cnn: CAN RUN
2025-12-12 19:20:16 [INFO] [lib.training.pipeline:336] 
================================================================================
2025-12-12 19:20:16 [INFO] [lib.training.pipeline:337] VALIDATION SUMMARY
2025-12-12 19:20:16 [INFO] [lib.training.pipeline:338] ================================================================================
2025-12-12 19:20:16 [INFO] [lib.training.pipeline:339] Stage 3 (scaled videos): ✓ Available
2025-12-12 19:20:16 [INFO] [lib.training.pipeline:340]   Count: 3278 videos
2025-12-12 19:20:16 [INFO] [lib.training.pipeline:341] Stage 2 (features): ✓ Available
2025-12-12 19:20:16 [INFO] [lib.training.pipeline:342]   Count: 3278 feature rows
2025-12-12 19:20:16 [INFO] [lib.training.pipeline:343] Stage 4 (scaled features): ✓ Available
2025-12-12 19:20:16 [INFO] [lib.training.pipeline:344]   Count: 3277 feature rows
2025-12-12 19:20:16 [INFO] [lib.training.pipeline:345] 
Runnable models: 1/1
2025-12-12 19:20:16 [INFO] [lib.training.pipeline:346]   ['naive_cnn']
2025-12-12 19:20:16 [INFO] [lib.training.pipeline:353] ================================================================================
2025-12-12 19:20:16 [INFO] [lib.training.pipeline:583] 
Stage 5: Loading metadata...
2025-12-12 19:20:16 [INFO] [lib.training.pipeline:609] Loaded metadata: 3278 rows
2025-12-12 19:20:16 [INFO] [lib.training.pipeline:619] ✓ Data validation passed: 3278 rows (> 3000 required)
2025-12-12 19:20:16 [WARNING] [lib.utils.guardrails:171] Disk usage high: free=833860.90GB, used=1665979.10GB (66.6%)
2025-12-12 19:20:16 [INFO] [lib.training.pipeline:651] Stage 5: Found 3278 scaled videos
2025-12-12 19:20:16 [INFO] [lib.training.pipeline:730] Stage 5: Deleting existing model results (clean mode)...
2025-12-12 19:20:16 [INFO] [lib.training.pipeline:739] Deleted existing results for naive_cnn
2025-12-12 19:20:16 [INFO] [lib.training.pipeline:742] Stage 5: Deleted 1 existing model directories
2025-12-12 19:20:16 [INFO] [lib.training.pipeline:747] 
================================================================================
2025-12-12 19:20:16 [INFO] [lib.training.pipeline:748] Stage 5: Training model: naive_cnn
2025-12-12 19:20:16 [INFO] [lib.training.pipeline:749] ================================================================================
2025-12-12 19:20:17 [INFO] [lib.training.pipeline:773] Grid search: 18 hyperparameter combinations to try
2025-12-12 19:20:17 [INFO] [lib.training.pipeline:781] ================================================================================
2025-12-12 19:20:17 [INFO] [lib.training.pipeline:782] HYPERPARAMETER SEARCH: Using 20% stratified sample for efficiency
2025-12-12 19:20:17 [INFO] [lib.training.pipeline:783] ================================================================================
2025-12-12 19:20:17 [INFO] [lib.training.pipeline:792] Hyperparameter search sample: 655 rows (20.0% of 3278 total)
2025-12-12 19:20:17 [INFO] [lib.training.pipeline:805] Using 5-fold stratified cross-validation on 20% sample for hyperparameter search
2025-12-12 19:20:17 [INFO] [lib.training.pipeline:818] 
================================================================================
2025-12-12 19:20:17 [INFO] [lib.training.pipeline:819] Grid Search: Hyperparameter combination 1/18
2025-12-12 19:20:17 [INFO] [lib.training.pipeline:820] Parameters: {'learning_rate': 0.0001, 'weight_decay': 1e-05, 'batch_size': 1, 'num_epochs': 20}
2025-12-12 19:20:17 [INFO] [lib.training.pipeline:821] ================================================================================
2025-12-12 19:20:17 [INFO] [lib.training.pipeline:850] 
Hyperparameter Search - naive_cnn - Fold 1/5 (20% sample)
2025-12-12 19:20:17 [INFO] [lib.training.pipeline:954] Training configuration - Batch size: 1, Gradient accumulation steps: 16, Effective batch size: 16
2025-12-12 19:20:27 [INFO] [lib.mlops.mlflow_tracker:89] MLflow run started: 78c9b4bec85e4cb8be9f1c6751e0e743 (experiment: naive_cnn)
2025-12-12 19:20:27 [INFO] [lib.training.pipeline:1073] Training PyTorch model naive_cnn on fold 1...
2025-12-12 19:20:39 [INFO] [lib.training.pipeline:1115] Model forward pass test successful. Output shape: torch.Size([1, 2])
2025-12-12 19:20:39 [INFO] [lib.training.trainer:260] Warmup will be handled in training loop (2 epochs)
2025-12-12 19:21:20 [ERROR] [lib.training._cnn:182] Runtime error in forward pass: CUDA out of memory. Tried to allocate 380.00 MiB. GPU 0 has a total capacity of 15.77 GiB of which 4.19 MiB is free. Including non-PyTorch memory, this process has 15.75 GiB memory in use. Of the allocated memory 15.23 GiB is allocated by PyTorch, and 152.31 MiB is reserved by PyTorch but unallocated. If reserved but unallocated memory is large try setting PYTORCH_CUDA_ALLOC_CONF=expandable_segments:True to avoid fragmentation.  See documentation for Memory Management  (https://pytorch.org/docs/stable/notes/cuda.html#environment-variables). Input shape: torch.Size([1, 3, 1000, 256, 242]), Model num_frames: 1000
2025-12-12 19:21:20 [ERROR] [lib.utils.memory:128] OOM error forward pass batch 6: CUDA out of memory. Tried to allocate 380.00 MiB. GPU 0 has a total capacity of 15.77 GiB of which 4.19 MiB is free. Including non-PyTorch memory, this process has 15.75 GiB memory in use. Of the allocated memory 15.23 GiB is allocated by PyTorch, and 152.31 MiB is reserved by PyTorch but unallocated. If reserved but unallocated memory is large try setting PYTORCH_CUDA_ALLOC_CONF=expandable_segments:True to avoid fragmentation.  See documentation for Memory Management  (https://pytorch.org/docs/stable/notes/cuda.html#environment-variables)
2025-12-12 19:21:20 [INFO] [lib.utils.memory:89] Memory stats (after OOM forward pass batch 6): {'cpu_memory_mb': 6862.23828125, 'cpu_memory_gb': 6.701404571533203, 'cpu_vms_mb': 53955.06640625, 'gpu_allocated_gb': 16.349074432, 'gpu_reserved_gb': 16.508780544, 'gpu_total_gb': 16.928342016, 'gpu_free_gb': 0.419561472}
2025-12-12 19:21:20 [WARNING] [lib.training.pipeline:1256] CUDA OOM during training (attempt 1/4): CUDA out of memory. Tried to allocate 380.00 MiB. GPU 0 has a total capacity of 15.77 GiB of which 4.19 MiB is free. Including non-PyTorch memory, this process has 15.75 GiB memory in use. Of the allocated memory 15.23 GiB is allocated by PyTorch, and 152.31 MiB is reserved by PyTorch but unallocated. If reserved but unallocated memory is large try setting PYTORCH_CUDA_ALLOC_CONF=expandable_segments:True to avoid fragmentation.  See documentation for Memory Management  (https://pytorch.org/docs/stable/notes/cuda.html#environment-variables). Model: naive_cnn, Fold: 1, Current batch size: 1
2025-12-12 19:21:20 [INFO] [lib.training.trainer:260] Warmup will be handled in training loop (2 epochs)
2025-12-12 19:21:31 [ERROR] [lib.training._cnn:182] Runtime error in forward pass: CUDA out of memory. Tried to allocate 300.00 MiB. GPU 0 has a total capacity of 15.77 GiB of which 224.19 MiB is free. Including non-PyTorch memory, this process has 15.54 GiB memory in use. Of the allocated memory 15.01 GiB is allocated by PyTorch, and 148.98 MiB is reserved by PyTorch but unallocated. If reserved but unallocated memory is large try setting PYTORCH_CUDA_ALLOC_CONF=expandable_segments:True to avoid fragmentation.  See documentation for Memory Management  (https://pytorch.org/docs/stable/notes/cuda.html#environment-variables). Input shape: torch.Size([1, 3, 1000, 192, 256]), Model num_frames: 1000
2025-12-12 19:21:31 [ERROR] [lib.utils.memory:128] OOM error forward pass batch 1: CUDA out of memory. Tried to allocate 300.00 MiB. GPU 0 has a total capacity of 15.77 GiB of which 224.19 MiB is free. Including non-PyTorch memory, this process has 15.54 GiB memory in use. Of the allocated memory 15.01 GiB is allocated by PyTorch, and 148.98 MiB is reserved by PyTorch but unallocated. If reserved but unallocated memory is large try setting PYTORCH_CUDA_ALLOC_CONF=expandable_segments:True to avoid fragmentation.  See documentation for Memory Management  (https://pytorch.org/docs/stable/notes/cuda.html#environment-variables)
2025-12-12 19:21:32 [INFO] [lib.utils.memory:89] Memory stats (after OOM forward pass batch 1): {'cpu_memory_mb': 6133.2734375, 'cpu_memory_gb': 5.989524841308594, 'cpu_vms_mb': 53225.671875, 'gpu_allocated_gb': 16.092378112, 'gpu_reserved_gb': 16.257122304, 'gpu_total_gb': 16.928342016, 'gpu_free_gb': 0.671219712}
2025-12-12 19:21:32 [WARNING] [lib.training.pipeline:1256] CUDA OOM during training (attempt 2/4): CUDA out of memory. Tried to allocate 300.00 MiB. GPU 0 has a total capacity of 15.77 GiB of which 224.19 MiB is free. Including non-PyTorch memory, this process has 15.54 GiB memory in use. Of the allocated memory 15.01 GiB is allocated by PyTorch, and 148.98 MiB is reserved by PyTorch but unallocated. If reserved but unallocated memory is large try setting PYTORCH_CUDA_ALLOC_CONF=expandable_segments:True to avoid fragmentation.  See documentation for Memory Management  (https://pytorch.org/docs/stable/notes/cuda.html#environment-variables). Model: naive_cnn, Fold: 1, Current batch size: 1
2025-12-12 19:21:32 [INFO] [lib.training.trainer:260] Warmup will be handled in training loop (2 epochs)
2025-12-12 19:22:23 [INFO] [lib.training.trainer:419] Epoch 1, Batch 10/523, Loss: 0.6943
2025-12-12 19:22:45 [ERROR] [lib.training._cnn:182] Runtime error in forward pass: CUDA out of memory. Tried to allocate 300.00 MiB. GPU 0 has a total capacity of 15.77 GiB of which 224.19 MiB is free. Including non-PyTorch memory, this process has 15.54 GiB memory in use. Of the allocated memory 15.01 GiB is allocated by PyTorch, and 148.98 MiB is reserved by PyTorch but unallocated. If reserved but unallocated memory is large try setting PYTORCH_CUDA_ALLOC_CONF=expandable_segments:True to avoid fragmentation.  See documentation for Memory Management  (https://pytorch.org/docs/stable/notes/cuda.html#environment-variables). Input shape: torch.Size([1, 3, 1000, 192, 256]), Model num_frames: 1000
2025-12-12 19:22:45 [ERROR] [lib.utils.memory:128] OOM error forward pass batch 13: CUDA out of memory. Tried to allocate 300.00 MiB. GPU 0 has a total capacity of 15.77 GiB of which 224.19 MiB is free. Including non-PyTorch memory, this process has 15.54 GiB memory in use. Of the allocated memory 15.01 GiB is allocated by PyTorch, and 148.98 MiB is reserved by PyTorch but unallocated. If reserved but unallocated memory is large try setting PYTORCH_CUDA_ALLOC_CONF=expandable_segments:True to avoid fragmentation.  See documentation for Memory Management  (https://pytorch.org/docs/stable/notes/cuda.html#environment-variables)
2025-12-12 19:22:45 [INFO] [lib.utils.memory:89] Memory stats (after OOM forward pass batch 13): {'cpu_memory_mb': 6136.671875, 'cpu_memory_gb': 5.9928436279296875, 'cpu_vms_mb': 53229.671875, 'gpu_allocated_gb': 16.092378112, 'gpu_reserved_gb': 16.278093824, 'gpu_total_gb': 16.928342016, 'gpu_free_gb': 0.650248192}
2025-12-12 19:22:45 [WARNING] [lib.training.pipeline:1256] CUDA OOM during training (attempt 3/4): CUDA out of memory. Tried to allocate 300.00 MiB. GPU 0 has a total capacity of 15.77 GiB of which 224.19 MiB is free. Including non-PyTorch memory, this process has 15.54 GiB memory in use. Of the allocated memory 15.01 GiB is allocated by PyTorch, and 148.98 MiB is reserved by PyTorch but unallocated. If reserved but unallocated memory is large try setting PYTORCH_CUDA_ALLOC_CONF=expandable_segments:True to avoid fragmentation.  See documentation for Memory Management  (https://pytorch.org/docs/stable/notes/cuda.html#environment-variables). Model: naive_cnn, Fold: 1, Current batch size: 1
2025-12-12 19:22:45 [INFO] [lib.training.trainer:260] Warmup will be handled in training loop (2 epochs)
2025-12-12 19:23:01 [ERROR] [lib.training._cnn:182] Runtime error in forward pass: CUDA out of memory. Tried to allocate 292.00 MiB. GPU 0 has a total capacity of 15.77 GiB of which 144.19 MiB is free. Including non-PyTorch memory, this process has 15.62 GiB memory in use. Of the allocated memory 15.08 GiB is allocated by PyTorch, and 159.26 MiB is reserved by PyTorch but unallocated. If reserved but unallocated memory is large try setting PYTORCH_CUDA_ALLOC_CONF=expandable_segments:True to avoid fragmentation.  See documentation for Memory Management  (https://pytorch.org/docs/stable/notes/cuda.html#environment-variables). Input shape: torch.Size([1, 3, 1000, 186, 256]), Model num_frames: 1000
2025-12-12 19:23:01 [ERROR] [lib.utils.memory:128] OOM error forward pass batch 2: CUDA out of memory. Tried to allocate 292.00 MiB. GPU 0 has a total capacity of 15.77 GiB of which 144.19 MiB is free. Including non-PyTorch memory, this process has 15.62 GiB memory in use. Of the allocated memory 15.08 GiB is allocated by PyTorch, and 159.26 MiB is reserved by PyTorch but unallocated. If reserved but unallocated memory is large try setting PYTORCH_CUDA_ALLOC_CONF=expandable_segments:True to avoid fragmentation.  See documentation for Memory Management  (https://pytorch.org/docs/stable/notes/cuda.html#environment-variables)
2025-12-12 19:23:01 [INFO] [lib.utils.memory:89] Memory stats (after OOM forward pass batch 2): {'cpu_memory_mb': 6136.8125, 'cpu_memory_gb': 5.99298095703125, 'cpu_vms_mb': 53229.671875, 'gpu_allocated_gb': 16.194983936, 'gpu_reserved_gb': 16.361979904, 'gpu_total_gb': 16.928342016, 'gpu_free_gb': 0.566362112}
2025-12-12 19:23:01 [ERROR] [lib.training.pipeline:1271] CUDA OOM or runtime error during training (max retries reached): CUDA out of memory. Tried to allocate 292.00 MiB. GPU 0 has a total capacity of 15.77 GiB of which 144.19 MiB is free. Including non-PyTorch memory, this process has 15.62 GiB memory in use. Of the allocated memory 15.08 GiB is allocated by PyTorch, and 159.26 MiB is reserved by PyTorch but unallocated. If reserved but unallocated memory is large try setting PYTORCH_CUDA_ALLOC_CONF=expandable_segments:True to avoid fragmentation.  See documentation for Memory Management  (https://pytorch.org/docs/stable/notes/cuda.html#environment-variables). Model: naive_cnn, Fold: 1, Final batch size: 1
2025-12-12 19:23:01 [ERROR] [lib.training.pipeline:1650] Error training fold 1: CUDA out of memory. Tried to allocate 292.00 MiB. GPU 0 has a total capacity of 15.77 GiB of which 144.19 MiB is free. Including non-PyTorch memory, this process has 15.62 GiB memory in use. Of the allocated memory 15.08 GiB is allocated by PyTorch, and 159.26 MiB is reserved by PyTorch but unallocated. If reserved but unallocated memory is large try setting PYTORCH_CUDA_ALLOC_CONF=expandable_segments:True to avoid fragmentation.  See documentation for Memory Management  (https://pytorch.org/docs/stable/notes/cuda.html#environment-variables)
Traceback (most recent call last):
  File "/gpfs/accounts/si670f25_class_root/si670f25_class/santoshd/fvc/lib/training/pipeline.py", line 1220, in stage5_train_models
    model = fit(
            ^^^^
  File "/gpfs/accounts/si670f25_class_root/si670f25_class/santoshd/fvc/lib/training/trainer.py", line 624, in fit
    train_loss = train_one_epoch(
                 ^^^^^^^^^^^^^^^^
  File "/gpfs/accounts/si670f25_class_root/si670f25_class/santoshd/fvc/lib/training/trainer.py", line 342, in train_one_epoch
    logits = model(clips)
             ^^^^^^^^^^^^
  File "/gpfs/accounts/si670f25_class_root/si670f25_class/santoshd/fvc/venv/lib/python3.11/site-packages/torch/nn/modules/module.py", line 1775, in _wrapped_call_impl
    return self._call_impl(*args, **kwargs)
           ^^^^^^^^^^^^^^^^^^^^^^^^^^^^^^^^
  File "/gpfs/accounts/si670f25_class_root/si670f25_class/santoshd/fvc/venv/lib/python3.11/site-packages/torch/nn/modules/module.py", line 1786, in _call_impl
    return forward_call(*args, **kwargs)
           ^^^^^^^^^^^^^^^^^^^^^^^^^^^^^
  File "/gpfs/accounts/si670f25_class_root/si670f25_class/santoshd/fvc/lib/training/_cnn.py", line 131, in forward
    chunk = F.relu(self.bn1(self.conv1(chunk)))
            ^^^^^^^^^^^^^^^^^^^^^^^^^^^^^^^^^^^
  File "/gpfs/accounts/si670f25_class_root/si670f25_class/santoshd/fvc/venv/lib/python3.11/site-packages/torch/nn/functional.py", line 1697, in relu
    result = torch.relu(input)
             ^^^^^^^^^^^^^^^^^
torch.OutOfMemoryError: CUDA out of memory. Tried to allocate 292.00 MiB. GPU 0 has a total capacity of 15.77 GiB of which 144.19 MiB is free. Including non-PyTorch memory, this process has 15.62 GiB memory in use. Of the allocated memory 15.08 GiB is allocated by PyTorch, and 159.26 MiB is reserved by PyTorch but unallocated. If reserved but unallocated memory is large try setting PYTORCH_CUDA_ALLOC_CONF=expandable_segments:True to avoid fragmentation.  See documentation for Memory Management  (https://pytorch.org/docs/stable/notes/cuda.html#environment-variables)
2025-12-12 19:23:01 [INFO] [lib.mlops.mlflow_tracker:142] MLflow run ended: 78c9b4bec85e4cb8be9f1c6751e0e743
2025-12-12 19:23:01 [INFO] [lib.training.pipeline:850] 
Hyperparameter Search - naive_cnn - Fold 2/5 (20% sample)
2025-12-12 19:23:01 [INFO] [lib.training.pipeline:954] Training configuration - Batch size: 1, Gradient accumulation steps: 16, Effective batch size: 16
2025-12-12 19:23:02 [INFO] [lib.mlops.mlflow_tracker:89] MLflow run started: 6d0cd8a2c46d4ecebf1a0fbc3656a94b (experiment: naive_cnn)
2025-12-12 19:23:02 [INFO] [lib.training.pipeline:1073] Training PyTorch model naive_cnn on fold 2...
2025-12-12 19:23:05 [INFO] [lib.training.pipeline:1115] Model forward pass test successful. Output shape: torch.Size([1, 2])
2025-12-12 19:23:05 [INFO] [lib.training.trainer:260] Warmup will be handled in training loop (2 epochs)
2025-12-12 19:23:11 [ERROR] [lib.training._cnn:182] Runtime error in forward pass: CUDA out of memory. Tried to allocate 300.00 MiB. GPU 0 has a total capacity of 15.77 GiB of which 224.19 MiB is free. Including non-PyTorch memory, this process has 15.54 GiB memory in use. Of the allocated memory 15.01 GiB is allocated by PyTorch, and 149.38 MiB is reserved by PyTorch but unallocated. If reserved but unallocated memory is large try setting PYTORCH_CUDA_ALLOC_CONF=expandable_segments:True to avoid fragmentation.  See documentation for Memory Management  (https://pytorch.org/docs/stable/notes/cuda.html#environment-variables). Input shape: torch.Size([1, 3, 1000, 192, 256]), Model num_frames: 1000
2025-12-12 19:23:11 [ERROR] [lib.utils.memory:128] OOM error forward pass batch 0: CUDA out of memory. Tried to allocate 300.00 MiB. GPU 0 has a total capacity of 15.77 GiB of which 224.19 MiB is free. Including non-PyTorch memory, this process has 15.54 GiB memory in use. Of the allocated memory 15.01 GiB is allocated by PyTorch, and 149.38 MiB is reserved by PyTorch but unallocated. If reserved but unallocated memory is large try setting PYTORCH_CUDA_ALLOC_CONF=expandable_segments:True to avoid fragmentation.  See documentation for Memory Management  (https://pytorch.org/docs/stable/notes/cuda.html#environment-variables)
2025-12-12 19:23:11 [INFO] [lib.utils.memory:89] Memory stats (after OOM forward pass batch 0): {'cpu_memory_mb': 6136.92578125, 'cpu_memory_gb': 5.993091583251953, 'cpu_vms_mb': 53229.671875, 'gpu_allocated_gb': 16.09196544, 'gpu_reserved_gb': 16.257122304, 'gpu_total_gb': 16.928342016, 'gpu_free_gb': 0.671219712}
2025-12-12 19:23:11 [WARNING] [lib.training.pipeline:1256] CUDA OOM during training (attempt 1/4): CUDA out of memory. Tried to allocate 300.00 MiB. GPU 0 has a total capacity of 15.77 GiB of which 224.19 MiB is free. Including non-PyTorch memory, this process has 15.54 GiB memory in use. Of the allocated memory 15.01 GiB is allocated by PyTorch, and 149.38 MiB is reserved by PyTorch but unallocated. If reserved but unallocated memory is large try setting PYTORCH_CUDA_ALLOC_CONF=expandable_segments:True to avoid fragmentation.  See documentation for Memory Management  (https://pytorch.org/docs/stable/notes/cuda.html#environment-variables). Model: naive_cnn, Fold: 2, Current batch size: 1
2025-12-12 19:23:11 [INFO] [lib.training.trainer:260] Warmup will be handled in training loop (2 epochs)
2025-12-12 19:23:33 [ERROR] [lib.training._cnn:182] Runtime error in forward pass: CUDA out of memory. Tried to allocate 292.00 MiB. GPU 0 has a total capacity of 15.77 GiB of which 104.19 MiB is free. Including non-PyTorch memory, this process has 15.66 GiB memory in use. Of the allocated memory 15.08 GiB is allocated by PyTorch, and 199.26 MiB is reserved by PyTorch but unallocated. If reserved but unallocated memory is large try setting PYTORCH_CUDA_ALLOC_CONF=expandable_segments:True to avoid fragmentation.  See documentation for Memory Management  (https://pytorch.org/docs/stable/notes/cuda.html#environment-variables). Input shape: torch.Size([1, 3, 1000, 186, 256]), Model num_frames: 1000
2025-12-12 19:23:33 [ERROR] [lib.utils.memory:128] OOM error forward pass batch 4: CUDA out of memory. Tried to allocate 292.00 MiB. GPU 0 has a total capacity of 15.77 GiB of which 104.19 MiB is free. Including non-PyTorch memory, this process has 15.66 GiB memory in use. Of the allocated memory 15.08 GiB is allocated by PyTorch, and 199.26 MiB is reserved by PyTorch but unallocated. If reserved but unallocated memory is large try setting PYTORCH_CUDA_ALLOC_CONF=expandable_segments:True to avoid fragmentation.  See documentation for Memory Management  (https://pytorch.org/docs/stable/notes/cuda.html#environment-variables)
2025-12-12 19:23:33 [INFO] [lib.utils.memory:89] Memory stats (after OOM forward pass batch 4): {'cpu_memory_mb': 6137.0859375, 'cpu_memory_gb': 5.993247985839844, 'cpu_vms_mb': 53229.671875, 'gpu_allocated_gb': 16.194983936, 'gpu_reserved_gb': 16.403922944, 'gpu_total_gb': 16.928342016, 'gpu_free_gb': 0.524419072}
2025-12-12 19:23:33 [WARNING] [lib.training.pipeline:1256] CUDA OOM during training (attempt 2/4): CUDA out of memory. Tried to allocate 292.00 MiB. GPU 0 has a total capacity of 15.77 GiB of which 104.19 MiB is free. Including non-PyTorch memory, this process has 15.66 GiB memory in use. Of the allocated memory 15.08 GiB is allocated by PyTorch, and 199.26 MiB is reserved by PyTorch but unallocated. If reserved but unallocated memory is large try setting PYTORCH_CUDA_ALLOC_CONF=expandable_segments:True to avoid fragmentation.  See documentation for Memory Management  (https://pytorch.org/docs/stable/notes/cuda.html#environment-variables). Model: naive_cnn, Fold: 2, Current batch size: 1
2025-12-12 19:23:33 [INFO] [lib.training.trainer:260] Warmup will be handled in training loop (2 epochs)
2025-12-12 19:23:51 [ERROR] [lib.training._cnn:182] Runtime error in forward pass: CUDA out of memory. Tried to allocate 300.00 MiB. GPU 0 has a total capacity of 15.77 GiB of which 224.19 MiB is free. Including non-PyTorch memory, this process has 15.54 GiB memory in use. Of the allocated memory 15.01 GiB is allocated by PyTorch, and 148.98 MiB is reserved by PyTorch but unallocated. If reserved but unallocated memory is large try setting PYTORCH_CUDA_ALLOC_CONF=expandable_segments:True to avoid fragmentation.  See documentation for Memory Management  (https://pytorch.org/docs/stable/notes/cuda.html#environment-variables). Input shape: torch.Size([1, 3, 1000, 192, 256]), Model num_frames: 1000
2025-12-12 19:23:51 [ERROR] [lib.utils.memory:128] OOM error forward pass batch 3: CUDA out of memory. Tried to allocate 300.00 MiB. GPU 0 has a total capacity of 15.77 GiB of which 224.19 MiB is free. Including non-PyTorch memory, this process has 15.54 GiB memory in use. Of the allocated memory 15.01 GiB is allocated by PyTorch, and 148.98 MiB is reserved by PyTorch but unallocated. If reserved but unallocated memory is large try setting PYTORCH_CUDA_ALLOC_CONF=expandable_segments:True to avoid fragmentation.  See documentation for Memory Management  (https://pytorch.org/docs/stable/notes/cuda.html#environment-variables)
2025-12-12 19:23:51 [INFO] [lib.utils.memory:89] Memory stats (after OOM forward pass batch 3): {'cpu_memory_mb': 6137.0859375, 'cpu_memory_gb': 5.993247985839844, 'cpu_vms_mb': 53229.671875, 'gpu_allocated_gb': 16.092378112, 'gpu_reserved_gb': 16.278093824, 'gpu_total_gb': 16.928342016, 'gpu_free_gb': 0.650248192}
2025-12-12 19:23:51 [WARNING] [lib.training.pipeline:1256] CUDA OOM during training (attempt 3/4): CUDA out of memory. Tried to allocate 300.00 MiB. GPU 0 has a total capacity of 15.77 GiB of which 224.19 MiB is free. Including non-PyTorch memory, this process has 15.54 GiB memory in use. Of the allocated memory 15.01 GiB is allocated by PyTorch, and 148.98 MiB is reserved by PyTorch but unallocated. If reserved but unallocated memory is large try setting PYTORCH_CUDA_ALLOC_CONF=expandable_segments:True to avoid fragmentation.  See documentation for Memory Management  (https://pytorch.org/docs/stable/notes/cuda.html#environment-variables). Model: naive_cnn, Fold: 2, Current batch size: 1
2025-12-12 19:23:51 [INFO] [lib.training.trainer:260] Warmup will be handled in training loop (2 epochs)
2025-12-12 19:24:13 [ERROR] [lib.training._cnn:182] Runtime error in forward pass: CUDA out of memory. Tried to allocate 300.00 MiB. GPU 0 has a total capacity of 15.77 GiB of which 224.19 MiB is free. Including non-PyTorch memory, this process has 15.54 GiB memory in use. Of the allocated memory 15.01 GiB is allocated by PyTorch, and 148.98 MiB is reserved by PyTorch but unallocated. If reserved but unallocated memory is large try setting PYTORCH_CUDA_ALLOC_CONF=expandable_segments:True to avoid fragmentation.  See documentation for Memory Management  (https://pytorch.org/docs/stable/notes/cuda.html#environment-variables). Input shape: torch.Size([1, 3, 1000, 192, 256]), Model num_frames: 1000
2025-12-12 19:24:13 [ERROR] [lib.utils.memory:128] OOM error forward pass batch 3: CUDA out of memory. Tried to allocate 300.00 MiB. GPU 0 has a total capacity of 15.77 GiB of which 224.19 MiB is free. Including non-PyTorch memory, this process has 15.54 GiB memory in use. Of the allocated memory 15.01 GiB is allocated by PyTorch, and 148.98 MiB is reserved by PyTorch but unallocated. If reserved but unallocated memory is large try setting PYTORCH_CUDA_ALLOC_CONF=expandable_segments:True to avoid fragmentation.  See documentation for Memory Management  (https://pytorch.org/docs/stable/notes/cuda.html#environment-variables)
2025-12-12 19:24:13 [INFO] [lib.utils.memory:89] Memory stats (after OOM forward pass batch 3): {'cpu_memory_mb': 6137.0859375, 'cpu_memory_gb': 5.993247985839844, 'cpu_vms_mb': 53229.671875, 'gpu_allocated_gb': 16.092378112, 'gpu_reserved_gb': 16.278093824, 'gpu_total_gb': 16.928342016, 'gpu_free_gb': 0.650248192}
2025-12-12 19:24:13 [ERROR] [lib.training.pipeline:1271] CUDA OOM or runtime error during training (max retries reached): CUDA out of memory. Tried to allocate 300.00 MiB. GPU 0 has a total capacity of 15.77 GiB of which 224.19 MiB is free. Including non-PyTorch memory, this process has 15.54 GiB memory in use. Of the allocated memory 15.01 GiB is allocated by PyTorch, and 148.98 MiB is reserved by PyTorch but unallocated. If reserved but unallocated memory is large try setting PYTORCH_CUDA_ALLOC_CONF=expandable_segments:True to avoid fragmentation.  See documentation for Memory Management  (https://pytorch.org/docs/stable/notes/cuda.html#environment-variables). Model: naive_cnn, Fold: 2, Final batch size: 1
2025-12-12 19:24:13 [ERROR] [lib.training.pipeline:1650] Error training fold 2: CUDA out of memory. Tried to allocate 300.00 MiB. GPU 0 has a total capacity of 15.77 GiB of which 224.19 MiB is free. Including non-PyTorch memory, this process has 15.54 GiB memory in use. Of the allocated memory 15.01 GiB is allocated by PyTorch, and 148.98 MiB is reserved by PyTorch but unallocated. If reserved but unallocated memory is large try setting PYTORCH_CUDA_ALLOC_CONF=expandable_segments:True to avoid fragmentation.  See documentation for Memory Management  (https://pytorch.org/docs/stable/notes/cuda.html#environment-variables)
Traceback (most recent call last):
  File "/gpfs/accounts/si670f25_class_root/si670f25_class/santoshd/fvc/lib/training/pipeline.py", line 1220, in stage5_train_models
    model = fit(
            ^^^^
  File "/gpfs/accounts/si670f25_class_root/si670f25_class/santoshd/fvc/lib/training/trainer.py", line 624, in fit
    train_loss = train_one_epoch(
                 ^^^^^^^^^^^^^^^^
  File "/gpfs/accounts/si670f25_class_root/si670f25_class/santoshd/fvc/lib/training/trainer.py", line 342, in train_one_epoch
    logits = model(clips)
             ^^^^^^^^^^^^
  File "/gpfs/accounts/si670f25_class_root/si670f25_class/santoshd/fvc/venv/lib/python3.11/site-packages/torch/nn/modules/module.py", line 1775, in _wrapped_call_impl
    return self._call_impl(*args, **kwargs)
           ^^^^^^^^^^^^^^^^^^^^^^^^^^^^^^^^
  File "/gpfs/accounts/si670f25_class_root/si670f25_class/santoshd/fvc/venv/lib/python3.11/site-packages/torch/nn/modules/module.py", line 1786, in _call_impl
    return forward_call(*args, **kwargs)
           ^^^^^^^^^^^^^^^^^^^^^^^^^^^^^
  File "/gpfs/accounts/si670f25_class_root/si670f25_class/santoshd/fvc/lib/training/_cnn.py", line 131, in forward
    chunk = F.relu(self.bn1(self.conv1(chunk)))
                            ^^^^^^^^^^^^^^^^^
  File "/gpfs/accounts/si670f25_class_root/si670f25_class/santoshd/fvc/venv/lib/python3.11/site-packages/torch/nn/modules/module.py", line 1775, in _wrapped_call_impl
    return self._call_impl(*args, **kwargs)
           ^^^^^^^^^^^^^^^^^^^^^^^^^^^^^^^^
  File "/gpfs/accounts/si670f25_class_root/si670f25_class/santoshd/fvc/venv/lib/python3.11/site-packages/torch/nn/modules/module.py", line 1786, in _call_impl
    return forward_call(*args, **kwargs)
           ^^^^^^^^^^^^^^^^^^^^^^^^^^^^^
  File "/gpfs/accounts/si670f25_class_root/si670f25_class/santoshd/fvc/venv/lib/python3.11/site-packages/torch/nn/modules/conv.py", line 548, in forward
    return self._conv_forward(input, self.weight, self.bias)
           ^^^^^^^^^^^^^^^^^^^^^^^^^^^^^^^^^^^^^^^^^^^^^^^^^
  File "/gpfs/accounts/si670f25_class_root/si670f25_class/santoshd/fvc/venv/lib/python3.11/site-packages/torch/nn/modules/conv.py", line 543, in _conv_forward
    return F.conv2d(
           ^^^^^^^^^
torch.OutOfMemoryError: CUDA out of memory. Tried to allocate 300.00 MiB. GPU 0 has a total capacity of 15.77 GiB of which 224.19 MiB is free. Including non-PyTorch memory, this process has 15.54 GiB memory in use. Of the allocated memory 15.01 GiB is allocated by PyTorch, and 148.98 MiB is reserved by PyTorch but unallocated. If reserved but unallocated memory is large try setting PYTORCH_CUDA_ALLOC_CONF=expandable_segments:True to avoid fragmentation.  See documentation for Memory Management  (https://pytorch.org/docs/stable/notes/cuda.html#environment-variables)
2025-12-12 19:24:13 [INFO] [lib.mlops.mlflow_tracker:142] MLflow run ended: 6d0cd8a2c46d4ecebf1a0fbc3656a94b
2025-12-12 19:24:13 [INFO] [lib.training.pipeline:850] 
Hyperparameter Search - naive_cnn - Fold 3/5 (20% sample)
2025-12-12 19:24:13 [INFO] [lib.training.pipeline:954] Training configuration - Batch size: 1, Gradient accumulation steps: 16, Effective batch size: 16
2025-12-12 19:24:13 [INFO] [lib.mlops.mlflow_tracker:89] MLflow run started: bec2b7b23ed44583866442fa1fda852b (experiment: naive_cnn)
2025-12-12 19:24:13 [INFO] [lib.training.pipeline:1073] Training PyTorch model naive_cnn on fold 3...
2025-12-12 19:24:17 [INFO] [lib.training.pipeline:1115] Model forward pass test successful. Output shape: torch.Size([1, 2])
2025-12-12 19:24:17 [INFO] [lib.training.trainer:260] Warmup will be handled in training loop (2 epochs)
2025-12-12 19:24:32 [ERROR] [lib.training._cnn:182] Runtime error in forward pass: CUDA out of memory. Tried to allocate 300.00 MiB. GPU 0 has a total capacity of 15.77 GiB of which 224.19 MiB is free. Including non-PyTorch memory, this process has 15.54 GiB memory in use. Of the allocated memory 15.01 GiB is allocated by PyTorch, and 148.98 MiB is reserved by PyTorch but unallocated. If reserved but unallocated memory is large try setting PYTORCH_CUDA_ALLOC_CONF=expandable_segments:True to avoid fragmentation.  See documentation for Memory Management  (https://pytorch.org/docs/stable/notes/cuda.html#environment-variables). Input shape: torch.Size([1, 3, 1000, 192, 256]), Model num_frames: 1000
2025-12-12 19:24:32 [ERROR] [lib.utils.memory:128] OOM error forward pass batch 2: CUDA out of memory. Tried to allocate 300.00 MiB. GPU 0 has a total capacity of 15.77 GiB of which 224.19 MiB is free. Including non-PyTorch memory, this process has 15.54 GiB memory in use. Of the allocated memory 15.01 GiB is allocated by PyTorch, and 148.98 MiB is reserved by PyTorch but unallocated. If reserved but unallocated memory is large try setting PYTORCH_CUDA_ALLOC_CONF=expandable_segments:True to avoid fragmentation.  See documentation for Memory Management  (https://pytorch.org/docs/stable/notes/cuda.html#environment-variables)
2025-12-12 19:24:32 [INFO] [lib.utils.memory:89] Memory stats (after OOM forward pass batch 2): {'cpu_memory_mb': 6137.0859375, 'cpu_memory_gb': 5.993247985839844, 'cpu_vms_mb': 53229.671875, 'gpu_allocated_gb': 16.092378112, 'gpu_reserved_gb': 16.278093824, 'gpu_total_gb': 16.928342016, 'gpu_free_gb': 0.650248192}
2025-12-12 19:24:32 [WARNING] [lib.training.pipeline:1256] CUDA OOM during training (attempt 1/4): CUDA out of memory. Tried to allocate 300.00 MiB. GPU 0 has a total capacity of 15.77 GiB of which 224.19 MiB is free. Including non-PyTorch memory, this process has 15.54 GiB memory in use. Of the allocated memory 15.01 GiB is allocated by PyTorch, and 148.98 MiB is reserved by PyTorch but unallocated. If reserved but unallocated memory is large try setting PYTORCH_CUDA_ALLOC_CONF=expandable_segments:True to avoid fragmentation.  See documentation for Memory Management  (https://pytorch.org/docs/stable/notes/cuda.html#environment-variables). Model: naive_cnn, Fold: 3, Current batch size: 1
2025-12-12 19:24:32 [INFO] [lib.training.trainer:260] Warmup will be handled in training loop (2 epochs)
2025-12-12 19:24:42 [ERROR] [lib.training._cnn:182] Runtime error in forward pass: CUDA out of memory. Tried to allocate 200.00 MiB. GPU 0 has a total capacity of 15.77 GiB of which 164.19 MiB is free. Including non-PyTorch memory, this process has 15.60 GiB memory in use. Of the allocated memory 15.07 GiB is allocated by PyTorch, and 152.91 MiB is reserved by PyTorch but unallocated. If reserved but unallocated memory is large try setting PYTORCH_CUDA_ALLOC_CONF=expandable_segments:True to avoid fragmentation.  See documentation for Memory Management  (https://pytorch.org/docs/stable/notes/cuda.html#environment-variables). Input shape: torch.Size([1, 3, 1000, 256, 256]), Model num_frames: 1000
2025-12-12 19:24:42 [ERROR] [lib.utils.memory:128] OOM error forward pass batch 1: CUDA out of memory. Tried to allocate 200.00 MiB. GPU 0 has a total capacity of 15.77 GiB of which 164.19 MiB is free. Including non-PyTorch memory, this process has 15.60 GiB memory in use. Of the allocated memory 15.07 GiB is allocated by PyTorch, and 152.91 MiB is reserved by PyTorch but unallocated. If reserved but unallocated memory is large try setting PYTORCH_CUDA_ALLOC_CONF=expandable_segments:True to avoid fragmentation.  See documentation for Memory Management  (https://pytorch.org/docs/stable/notes/cuda.html#environment-variables)
2025-12-12 19:24:42 [INFO] [lib.utils.memory:89] Memory stats (after OOM forward pass batch 1): {'cpu_memory_mb': 6137.0859375, 'cpu_memory_gb': 5.993247985839844, 'cpu_vms_mb': 53229.671875, 'gpu_allocated_gb': 16.180668416, 'gpu_reserved_gb': 16.341008384, 'gpu_total_gb': 16.928342016, 'gpu_free_gb': 0.587333632}
2025-12-12 19:24:42 [WARNING] [lib.training.pipeline:1256] CUDA OOM during training (attempt 2/4): CUDA out of memory. Tried to allocate 200.00 MiB. GPU 0 has a total capacity of 15.77 GiB of which 164.19 MiB is free. Including non-PyTorch memory, this process has 15.60 GiB memory in use. Of the allocated memory 15.07 GiB is allocated by PyTorch, and 152.91 MiB is reserved by PyTorch but unallocated. If reserved but unallocated memory is large try setting PYTORCH_CUDA_ALLOC_CONF=expandable_segments:True to avoid fragmentation.  See documentation for Memory Management  (https://pytorch.org/docs/stable/notes/cuda.html#environment-variables). Model: naive_cnn, Fold: 3, Current batch size: 1
2025-12-12 19:24:42 [INFO] [lib.training.trainer:260] Warmup will be handled in training loop (2 epochs)
2025-12-12 19:24:49 [ERROR] [lib.training._cnn:182] Runtime error in forward pass: CUDA out of memory. Tried to allocate 380.00 MiB. GPU 0 has a total capacity of 15.77 GiB of which 4.19 MiB is free. Including non-PyTorch memory, this process has 15.75 GiB memory in use. Of the allocated memory 15.23 GiB is allocated by PyTorch, and 152.70 MiB is reserved by PyTorch but unallocated. If reserved but unallocated memory is large try setting PYTORCH_CUDA_ALLOC_CONF=expandable_segments:True to avoid fragmentation.  See documentation for Memory Management  (https://pytorch.org/docs/stable/notes/cuda.html#environment-variables). Input shape: torch.Size([1, 3, 1000, 256, 242]), Model num_frames: 1000
2025-12-12 19:24:49 [ERROR] [lib.utils.memory:128] OOM error forward pass batch 0: CUDA out of memory. Tried to allocate 380.00 MiB. GPU 0 has a total capacity of 15.77 GiB of which 4.19 MiB is free. Including non-PyTorch memory, this process has 15.75 GiB memory in use. Of the allocated memory 15.23 GiB is allocated by PyTorch, and 152.70 MiB is reserved by PyTorch but unallocated. If reserved but unallocated memory is large try setting PYTORCH_CUDA_ALLOC_CONF=expandable_segments:True to avoid fragmentation.  See documentation for Memory Management  (https://pytorch.org/docs/stable/notes/cuda.html#environment-variables)
2025-12-12 19:24:49 [INFO] [lib.utils.memory:89] Memory stats (after OOM forward pass batch 0): {'cpu_memory_mb': 6137.0859375, 'cpu_memory_gb': 5.993247985839844, 'cpu_vms_mb': 53229.671875, 'gpu_allocated_gb': 16.34866176, 'gpu_reserved_gb': 16.508780544, 'gpu_total_gb': 16.928342016, 'gpu_free_gb': 0.419561472}
2025-12-12 19:24:49 [WARNING] [lib.training.pipeline:1256] CUDA OOM during training (attempt 3/4): CUDA out of memory. Tried to allocate 380.00 MiB. GPU 0 has a total capacity of 15.77 GiB of which 4.19 MiB is free. Including non-PyTorch memory, this process has 15.75 GiB memory in use. Of the allocated memory 15.23 GiB is allocated by PyTorch, and 152.70 MiB is reserved by PyTorch but unallocated. If reserved but unallocated memory is large try setting PYTORCH_CUDA_ALLOC_CONF=expandable_segments:True to avoid fragmentation.  See documentation for Memory Management  (https://pytorch.org/docs/stable/notes/cuda.html#environment-variables). Model: naive_cnn, Fold: 3, Current batch size: 1
2025-12-12 19:24:49 [INFO] [lib.training.trainer:260] Warmup will be handled in training loop (2 epochs)
2025-12-12 19:24:55 [ERROR] [lib.training._cnn:182] Runtime error in forward pass: CUDA out of memory. Tried to allocate 304.00 MiB. GPU 0 has a total capacity of 15.77 GiB of which 44.19 MiB is free. Including non-PyTorch memory, this process has 15.71 GiB memory in use. Of the allocated memory 15.14 GiB is allocated by PyTorch, and 201.06 MiB is reserved by PyTorch but unallocated. If reserved but unallocated memory is large try setting PYTORCH_CUDA_ALLOC_CONF=expandable_segments:True to avoid fragmentation.  See documentation for Memory Management  (https://pytorch.org/docs/stable/notes/cuda.html#environment-variables). Input shape: torch.Size([1, 3, 1000, 194, 256]), Model num_frames: 1000
2025-12-12 19:24:55 [ERROR] [lib.utils.memory:128] OOM error forward pass batch 0: CUDA out of memory. Tried to allocate 304.00 MiB. GPU 0 has a total capacity of 15.77 GiB of which 44.19 MiB is free. Including non-PyTorch memory, this process has 15.71 GiB memory in use. Of the allocated memory 15.14 GiB is allocated by PyTorch, and 201.06 MiB is reserved by PyTorch but unallocated. If reserved but unallocated memory is large try setting PYTORCH_CUDA_ALLOC_CONF=expandable_segments:True to avoid fragmentation.  See documentation for Memory Management  (https://pytorch.org/docs/stable/notes/cuda.html#environment-variables)
2025-12-12 19:24:55 [INFO] [lib.utils.memory:89] Memory stats (after OOM forward pass batch 0): {'cpu_memory_mb': 6137.0859375, 'cpu_memory_gb': 5.993247985839844, 'cpu_vms_mb': 53229.671875, 'gpu_allocated_gb': 16.22621184, 'gpu_reserved_gb': 16.445865984, 'gpu_total_gb': 16.928342016, 'gpu_free_gb': 0.482476032}
2025-12-12 19:24:55 [ERROR] [lib.training.pipeline:1271] CUDA OOM or runtime error during training (max retries reached): CUDA out of memory. Tried to allocate 304.00 MiB. GPU 0 has a total capacity of 15.77 GiB of which 44.19 MiB is free. Including non-PyTorch memory, this process has 15.71 GiB memory in use. Of the allocated memory 15.14 GiB is allocated by PyTorch, and 201.06 MiB is reserved by PyTorch but unallocated. If reserved but unallocated memory is large try setting PYTORCH_CUDA_ALLOC_CONF=expandable_segments:True to avoid fragmentation.  See documentation for Memory Management  (https://pytorch.org/docs/stable/notes/cuda.html#environment-variables). Model: naive_cnn, Fold: 3, Final batch size: 1
2025-12-12 19:24:55 [ERROR] [lib.training.pipeline:1650] Error training fold 3: CUDA out of memory. Tried to allocate 304.00 MiB. GPU 0 has a total capacity of 15.77 GiB of which 44.19 MiB is free. Including non-PyTorch memory, this process has 15.71 GiB memory in use. Of the allocated memory 15.14 GiB is allocated by PyTorch, and 201.06 MiB is reserved by PyTorch but unallocated. If reserved but unallocated memory is large try setting PYTORCH_CUDA_ALLOC_CONF=expandable_segments:True to avoid fragmentation.  See documentation for Memory Management  (https://pytorch.org/docs/stable/notes/cuda.html#environment-variables)
Traceback (most recent call last):
  File "/gpfs/accounts/si670f25_class_root/si670f25_class/santoshd/fvc/lib/training/pipeline.py", line 1220, in stage5_train_models
    model = fit(
            ^^^^
  File "/gpfs/accounts/si670f25_class_root/si670f25_class/santoshd/fvc/lib/training/trainer.py", line 624, in fit
    train_loss = train_one_epoch(
                 ^^^^^^^^^^^^^^^^
  File "/gpfs/accounts/si670f25_class_root/si670f25_class/santoshd/fvc/lib/training/trainer.py", line 342, in train_one_epoch
    logits = model(clips)
             ^^^^^^^^^^^^
  File "/gpfs/accounts/si670f25_class_root/si670f25_class/santoshd/fvc/venv/lib/python3.11/site-packages/torch/nn/modules/module.py", line 1775, in _wrapped_call_impl
    return self._call_impl(*args, **kwargs)
           ^^^^^^^^^^^^^^^^^^^^^^^^^^^^^^^^
  File "/gpfs/accounts/si670f25_class_root/si670f25_class/santoshd/fvc/venv/lib/python3.11/site-packages/torch/nn/modules/module.py", line 1786, in _call_impl
    return forward_call(*args, **kwargs)
           ^^^^^^^^^^^^^^^^^^^^^^^^^^^^^
  File "/gpfs/accounts/si670f25_class_root/si670f25_class/santoshd/fvc/lib/training/_cnn.py", line 131, in forward
    chunk = F.relu(self.bn1(self.conv1(chunk)))
                            ^^^^^^^^^^^^^^^^^
  File "/gpfs/accounts/si670f25_class_root/si670f25_class/santoshd/fvc/venv/lib/python3.11/site-packages/torch/nn/modules/module.py", line 1775, in _wrapped_call_impl
    return self._call_impl(*args, **kwargs)
           ^^^^^^^^^^^^^^^^^^^^^^^^^^^^^^^^
  File "/gpfs/accounts/si670f25_class_root/si670f25_class/santoshd/fvc/venv/lib/python3.11/site-packages/torch/nn/modules/module.py", line 1786, in _call_impl
    return forward_call(*args, **kwargs)
           ^^^^^^^^^^^^^^^^^^^^^^^^^^^^^
  File "/gpfs/accounts/si670f25_class_root/si670f25_class/santoshd/fvc/venv/lib/python3.11/site-packages/torch/nn/modules/conv.py", line 548, in forward
    return self._conv_forward(input, self.weight, self.bias)
           ^^^^^^^^^^^^^^^^^^^^^^^^^^^^^^^^^^^^^^^^^^^^^^^^^
  File "/gpfs/accounts/si670f25_class_root/si670f25_class/santoshd/fvc/venv/lib/python3.11/site-packages/torch/nn/modules/conv.py", line 543, in _conv_forward
    return F.conv2d(
           ^^^^^^^^^
torch.OutOfMemoryError: CUDA out of memory. Tried to allocate 304.00 MiB. GPU 0 has a total capacity of 15.77 GiB of which 44.19 MiB is free. Including non-PyTorch memory, this process has 15.71 GiB memory in use. Of the allocated memory 15.14 GiB is allocated by PyTorch, and 201.06 MiB is reserved by PyTorch but unallocated. If reserved but unallocated memory is large try setting PYTORCH_CUDA_ALLOC_CONF=expandable_segments:True to avoid fragmentation.  See documentation for Memory Management  (https://pytorch.org/docs/stable/notes/cuda.html#environment-variables)
2025-12-12 19:24:55 [INFO] [lib.mlops.mlflow_tracker:142] MLflow run ended: bec2b7b23ed44583866442fa1fda852b
2025-12-12 19:24:55 [INFO] [lib.training.pipeline:850] 
Hyperparameter Search - naive_cnn - Fold 4/5 (20% sample)
2025-12-12 19:24:55 [INFO] [lib.training.pipeline:954] Training configuration - Batch size: 1, Gradient accumulation steps: 16, Effective batch size: 16
2025-12-12 19:24:55 [INFO] [lib.mlops.mlflow_tracker:89] MLflow run started: 3b7f4786672047a5ac81543958b02182 (experiment: naive_cnn)
2025-12-12 19:24:55 [INFO] [lib.training.pipeline:1073] Training PyTorch model naive_cnn on fold 4...
2025-12-12 19:24:59 [INFO] [lib.training.pipeline:1115] Model forward pass test successful. Output shape: torch.Size([1, 2])
2025-12-12 19:24:59 [INFO] [lib.training.trainer:260] Warmup will be handled in training loop (2 epochs)
2025-12-12 19:25:21 [ERROR] [lib.training._cnn:182] Runtime error in forward pass: CUDA out of memory. Tried to allocate 200.00 MiB. GPU 0 has a total capacity of 15.77 GiB of which 144.19 MiB is free. Including non-PyTorch memory, this process has 15.62 GiB memory in use. Of the allocated memory 15.07 GiB is allocated by PyTorch, and 172.91 MiB is reserved by PyTorch but unallocated. If reserved but unallocated memory is large try setting PYTORCH_CUDA_ALLOC_CONF=expandable_segments:True to avoid fragmentation.  See documentation for Memory Management  (https://pytorch.org/docs/stable/notes/cuda.html#environment-variables). Input shape: torch.Size([1, 3, 1000, 256, 256]), Model num_frames: 1000
2025-12-12 19:25:21 [ERROR] [lib.utils.memory:128] OOM error forward pass batch 4: CUDA out of memory. Tried to allocate 200.00 MiB. GPU 0 has a total capacity of 15.77 GiB of which 144.19 MiB is free. Including non-PyTorch memory, this process has 15.62 GiB memory in use. Of the allocated memory 15.07 GiB is allocated by PyTorch, and 172.91 MiB is reserved by PyTorch but unallocated. If reserved but unallocated memory is large try setting PYTORCH_CUDA_ALLOC_CONF=expandable_segments:True to avoid fragmentation.  See documentation for Memory Management  (https://pytorch.org/docs/stable/notes/cuda.html#environment-variables)
2025-12-12 19:25:21 [INFO] [lib.utils.memory:89] Memory stats (after OOM forward pass batch 4): {'cpu_memory_mb': 6137.0859375, 'cpu_memory_gb': 5.993247985839844, 'cpu_vms_mb': 53229.671875, 'gpu_allocated_gb': 16.180668416, 'gpu_reserved_gb': 16.361979904, 'gpu_total_gb': 16.928342016, 'gpu_free_gb': 0.566362112}
2025-12-12 19:25:21 [WARNING] [lib.training.pipeline:1256] CUDA OOM during training (attempt 1/4): CUDA out of memory. Tried to allocate 200.00 MiB. GPU 0 has a total capacity of 15.77 GiB of which 144.19 MiB is free. Including non-PyTorch memory, this process has 15.62 GiB memory in use. Of the allocated memory 15.07 GiB is allocated by PyTorch, and 172.91 MiB is reserved by PyTorch but unallocated. If reserved but unallocated memory is large try setting PYTORCH_CUDA_ALLOC_CONF=expandable_segments:True to avoid fragmentation.  See documentation for Memory Management  (https://pytorch.org/docs/stable/notes/cuda.html#environment-variables). Model: naive_cnn, Fold: 4, Current batch size: 1
2025-12-12 19:25:21 [INFO] [lib.training.trainer:260] Warmup will be handled in training loop (2 epochs)
2025-12-12 19:25:30 [ERROR] [lib.training._cnn:182] Runtime error in forward pass: CUDA out of memory. Tried to allocate 298.00 MiB. GPU 0 has a total capacity of 15.77 GiB of which 84.19 MiB is free. Including non-PyTorch memory, this process has 15.68 GiB memory in use. Of the allocated memory 15.12 GiB is allocated by PyTorch, and 183.71 MiB is reserved by PyTorch but unallocated. If reserved but unallocated memory is large try setting PYTORCH_CUDA_ALLOC_CONF=expandable_segments:True to avoid fragmentation.  See documentation for Memory Management  (https://pytorch.org/docs/stable/notes/cuda.html#environment-variables). Input shape: torch.Size([1, 3, 1000, 190, 256]), Model num_frames: 1000
2025-12-12 19:25:30 [ERROR] [lib.utils.memory:128] OOM error forward pass batch 1: CUDA out of memory. Tried to allocate 298.00 MiB. GPU 0 has a total capacity of 15.77 GiB of which 84.19 MiB is free. Including non-PyTorch memory, this process has 15.68 GiB memory in use. Of the allocated memory 15.12 GiB is allocated by PyTorch, and 183.71 MiB is reserved by PyTorch but unallocated. If reserved but unallocated memory is large try setting PYTORCH_CUDA_ALLOC_CONF=expandable_segments:True to avoid fragmentation.  See documentation for Memory Management  (https://pytorch.org/docs/stable/notes/cuda.html#environment-variables)
2025-12-12 19:25:31 [INFO] [lib.utils.memory:89] Memory stats (after OOM forward pass batch 1): {'cpu_memory_mb': 6137.0859375, 'cpu_memory_gb': 5.993247985839844, 'cpu_vms_mb': 53229.671875, 'gpu_allocated_gb': 16.232256512, 'gpu_reserved_gb': 16.424894464, 'gpu_total_gb': 16.928342016, 'gpu_free_gb': 0.503447552}
2025-12-12 19:25:31 [WARNING] [lib.training.pipeline:1256] CUDA OOM during training (attempt 2/4): CUDA out of memory. Tried to allocate 298.00 MiB. GPU 0 has a total capacity of 15.77 GiB of which 84.19 MiB is free. Including non-PyTorch memory, this process has 15.68 GiB memory in use. Of the allocated memory 15.12 GiB is allocated by PyTorch, and 183.71 MiB is reserved by PyTorch but unallocated. If reserved but unallocated memory is large try setting PYTORCH_CUDA_ALLOC_CONF=expandable_segments:True to avoid fragmentation.  See documentation for Memory Management  (https://pytorch.org/docs/stable/notes/cuda.html#environment-variables). Model: naive_cnn, Fold: 4, Current batch size: 1
2025-12-12 19:25:31 [INFO] [lib.training.trainer:260] Warmup will be handled in training loop (2 epochs)
2025-12-12 19:25:50 [ERROR] [lib.training._cnn:182] Runtime error in forward pass: CUDA out of memory. Tried to allocate 300.00 MiB. GPU 0 has a total capacity of 15.77 GiB of which 224.19 MiB is free. Including non-PyTorch memory, this process has 15.54 GiB memory in use. Of the allocated memory 15.01 GiB is allocated by PyTorch, and 148.98 MiB is reserved by PyTorch but unallocated. If reserved but unallocated memory is large try setting PYTORCH_CUDA_ALLOC_CONF=expandable_segments:True to avoid fragmentation.  See documentation for Memory Management  (https://pytorch.org/docs/stable/notes/cuda.html#environment-variables). Input shape: torch.Size([1, 3, 1000, 192, 256]), Model num_frames: 1000
2025-12-12 19:25:50 [ERROR] [lib.utils.memory:128] OOM error forward pass batch 3: CUDA out of memory. Tried to allocate 300.00 MiB. GPU 0 has a total capacity of 15.77 GiB of which 224.19 MiB is free. Including non-PyTorch memory, this process has 15.54 GiB memory in use. Of the allocated memory 15.01 GiB is allocated by PyTorch, and 148.98 MiB is reserved by PyTorch but unallocated. If reserved but unallocated memory is large try setting PYTORCH_CUDA_ALLOC_CONF=expandable_segments:True to avoid fragmentation.  See documentation for Memory Management  (https://pytorch.org/docs/stable/notes/cuda.html#environment-variables)
2025-12-12 19:25:50 [INFO] [lib.utils.memory:89] Memory stats (after OOM forward pass batch 3): {'cpu_memory_mb': 6137.19140625, 'cpu_memory_gb': 5.993350982666016, 'cpu_vms_mb': 53229.671875, 'gpu_allocated_gb': 16.092378112, 'gpu_reserved_gb': 16.278093824, 'gpu_total_gb': 16.928342016, 'gpu_free_gb': 0.650248192}
2025-12-12 19:25:50 [WARNING] [lib.training.pipeline:1256] CUDA OOM during training (attempt 3/4): CUDA out of memory. Tried to allocate 300.00 MiB. GPU 0 has a total capacity of 15.77 GiB of which 224.19 MiB is free. Including non-PyTorch memory, this process has 15.54 GiB memory in use. Of the allocated memory 15.01 GiB is allocated by PyTorch, and 148.98 MiB is reserved by PyTorch but unallocated. If reserved but unallocated memory is large try setting PYTORCH_CUDA_ALLOC_CONF=expandable_segments:True to avoid fragmentation.  See documentation for Memory Management  (https://pytorch.org/docs/stable/notes/cuda.html#environment-variables). Model: naive_cnn, Fold: 4, Current batch size: 1
2025-12-12 19:25:50 [INFO] [lib.training.trainer:260] Warmup will be handled in training loop (2 epochs)
2025-12-12 19:25:56 [ERROR] [lib.training._cnn:182] Runtime error in forward pass: CUDA out of memory. Tried to allocate 300.00 MiB. GPU 0 has a total capacity of 15.77 GiB of which 224.19 MiB is free. Including non-PyTorch memory, this process has 15.54 GiB memory in use. Of the allocated memory 15.01 GiB is allocated by PyTorch, and 149.38 MiB is reserved by PyTorch but unallocated. If reserved but unallocated memory is large try setting PYTORCH_CUDA_ALLOC_CONF=expandable_segments:True to avoid fragmentation.  See documentation for Memory Management  (https://pytorch.org/docs/stable/notes/cuda.html#environment-variables). Input shape: torch.Size([1, 3, 1000, 192, 256]), Model num_frames: 1000
2025-12-12 19:25:56 [ERROR] [lib.utils.memory:128] OOM error forward pass batch 0: CUDA out of memory. Tried to allocate 300.00 MiB. GPU 0 has a total capacity of 15.77 GiB of which 224.19 MiB is free. Including non-PyTorch memory, this process has 15.54 GiB memory in use. Of the allocated memory 15.01 GiB is allocated by PyTorch, and 149.38 MiB is reserved by PyTorch but unallocated. If reserved but unallocated memory is large try setting PYTORCH_CUDA_ALLOC_CONF=expandable_segments:True to avoid fragmentation.  See documentation for Memory Management  (https://pytorch.org/docs/stable/notes/cuda.html#environment-variables)
2025-12-12 19:25:56 [INFO] [lib.utils.memory:89] Memory stats (after OOM forward pass batch 0): {'cpu_memory_mb': 6137.19140625, 'cpu_memory_gb': 5.993350982666016, 'cpu_vms_mb': 53229.671875, 'gpu_allocated_gb': 16.09196544, 'gpu_reserved_gb': 16.257122304, 'gpu_total_gb': 16.928342016, 'gpu_free_gb': 0.671219712}
2025-12-12 19:25:56 [ERROR] [lib.training.pipeline:1271] CUDA OOM or runtime error during training (max retries reached): CUDA out of memory. Tried to allocate 300.00 MiB. GPU 0 has a total capacity of 15.77 GiB of which 224.19 MiB is free. Including non-PyTorch memory, this process has 15.54 GiB memory in use. Of the allocated memory 15.01 GiB is allocated by PyTorch, and 149.38 MiB is reserved by PyTorch but unallocated. If reserved but unallocated memory is large try setting PYTORCH_CUDA_ALLOC_CONF=expandable_segments:True to avoid fragmentation.  See documentation for Memory Management  (https://pytorch.org/docs/stable/notes/cuda.html#environment-variables). Model: naive_cnn, Fold: 4, Final batch size: 1
2025-12-12 19:25:56 [ERROR] [lib.training.pipeline:1650] Error training fold 4: CUDA out of memory. Tried to allocate 300.00 MiB. GPU 0 has a total capacity of 15.77 GiB of which 224.19 MiB is free. Including non-PyTorch memory, this process has 15.54 GiB memory in use. Of the allocated memory 15.01 GiB is allocated by PyTorch, and 149.38 MiB is reserved by PyTorch but unallocated. If reserved but unallocated memory is large try setting PYTORCH_CUDA_ALLOC_CONF=expandable_segments:True to avoid fragmentation.  See documentation for Memory Management  (https://pytorch.org/docs/stable/notes/cuda.html#environment-variables)
Traceback (most recent call last):
  File "/gpfs/accounts/si670f25_class_root/si670f25_class/santoshd/fvc/lib/training/pipeline.py", line 1220, in stage5_train_models
    model = fit(
            ^^^^
  File "/gpfs/accounts/si670f25_class_root/si670f25_class/santoshd/fvc/lib/training/trainer.py", line 624, in fit
    train_loss = train_one_epoch(
                 ^^^^^^^^^^^^^^^^
  File "/gpfs/accounts/si670f25_class_root/si670f25_class/santoshd/fvc/lib/training/trainer.py", line 342, in train_one_epoch
    logits = model(clips)
             ^^^^^^^^^^^^
  File "/gpfs/accounts/si670f25_class_root/si670f25_class/santoshd/fvc/venv/lib/python3.11/site-packages/torch/nn/modules/module.py", line 1775, in _wrapped_call_impl
    return self._call_impl(*args, **kwargs)
           ^^^^^^^^^^^^^^^^^^^^^^^^^^^^^^^^
  File "/gpfs/accounts/si670f25_class_root/si670f25_class/santoshd/fvc/venv/lib/python3.11/site-packages/torch/nn/modules/module.py", line 1786, in _call_impl
    return forward_call(*args, **kwargs)
           ^^^^^^^^^^^^^^^^^^^^^^^^^^^^^
  File "/gpfs/accounts/si670f25_class_root/si670f25_class/santoshd/fvc/lib/training/_cnn.py", line 131, in forward
    chunk = F.relu(self.bn1(self.conv1(chunk)))
                            ^^^^^^^^^^^^^^^^^
  File "/gpfs/accounts/si670f25_class_root/si670f25_class/santoshd/fvc/venv/lib/python3.11/site-packages/torch/nn/modules/module.py", line 1775, in _wrapped_call_impl
    return self._call_impl(*args, **kwargs)
           ^^^^^^^^^^^^^^^^^^^^^^^^^^^^^^^^
  File "/gpfs/accounts/si670f25_class_root/si670f25_class/santoshd/fvc/venv/lib/python3.11/site-packages/torch/nn/modules/module.py", line 1786, in _call_impl
    return forward_call(*args, **kwargs)
           ^^^^^^^^^^^^^^^^^^^^^^^^^^^^^
  File "/gpfs/accounts/si670f25_class_root/si670f25_class/santoshd/fvc/venv/lib/python3.11/site-packages/torch/nn/modules/conv.py", line 548, in forward
    return self._conv_forward(input, self.weight, self.bias)
           ^^^^^^^^^^^^^^^^^^^^^^^^^^^^^^^^^^^^^^^^^^^^^^^^^
  File "/gpfs/accounts/si670f25_class_root/si670f25_class/santoshd/fvc/venv/lib/python3.11/site-packages/torch/nn/modules/conv.py", line 543, in _conv_forward
    return F.conv2d(
           ^^^^^^^^^
torch.OutOfMemoryError: CUDA out of memory. Tried to allocate 300.00 MiB. GPU 0 has a total capacity of 15.77 GiB of which 224.19 MiB is free. Including non-PyTorch memory, this process has 15.54 GiB memory in use. Of the allocated memory 15.01 GiB is allocated by PyTorch, and 149.38 MiB is reserved by PyTorch but unallocated. If reserved but unallocated memory is large try setting PYTORCH_CUDA_ALLOC_CONF=expandable_segments:True to avoid fragmentation.  See documentation for Memory Management  (https://pytorch.org/docs/stable/notes/cuda.html#environment-variables)
2025-12-12 19:25:56 [INFO] [lib.mlops.mlflow_tracker:142] MLflow run ended: 3b7f4786672047a5ac81543958b02182
2025-12-12 19:25:57 [INFO] [lib.training.pipeline:850] 
Hyperparameter Search - naive_cnn - Fold 5/5 (20% sample)
2025-12-12 19:25:57 [INFO] [lib.training.pipeline:954] Training configuration - Batch size: 1, Gradient accumulation steps: 16, Effective batch size: 16
2025-12-12 19:25:57 [INFO] [lib.mlops.mlflow_tracker:89] MLflow run started: 48a583f4f3224005b6cc56d33ab03e28 (experiment: naive_cnn)
2025-12-12 19:25:57 [INFO] [lib.training.pipeline:1073] Training PyTorch model naive_cnn on fold 5...
2025-12-12 19:26:00 [INFO] [lib.training.pipeline:1115] Model forward pass test successful. Output shape: torch.Size([1, 2])
2025-12-12 19:26:00 [INFO] [lib.training.trainer:260] Warmup will be handled in training loop (2 epochs)
2025-12-12 19:26:06 [ERROR] [lib.training._cnn:182] Runtime error in forward pass: CUDA out of memory. Tried to allocate 300.00 MiB. GPU 0 has a total capacity of 15.77 GiB of which 224.19 MiB is free. Including non-PyTorch memory, this process has 15.54 GiB memory in use. Of the allocated memory 15.01 GiB is allocated by PyTorch, and 149.38 MiB is reserved by PyTorch but unallocated. If reserved but unallocated memory is large try setting PYTORCH_CUDA_ALLOC_CONF=expandable_segments:True to avoid fragmentation.  See documentation for Memory Management  (https://pytorch.org/docs/stable/notes/cuda.html#environment-variables). Input shape: torch.Size([1, 3, 1000, 192, 256]), Model num_frames: 1000
2025-12-12 19:26:06 [ERROR] [lib.utils.memory:128] OOM error forward pass batch 0: CUDA out of memory. Tried to allocate 300.00 MiB. GPU 0 has a total capacity of 15.77 GiB of which 224.19 MiB is free. Including non-PyTorch memory, this process has 15.54 GiB memory in use. Of the allocated memory 15.01 GiB is allocated by PyTorch, and 149.38 MiB is reserved by PyTorch but unallocated. If reserved but unallocated memory is large try setting PYTORCH_CUDA_ALLOC_CONF=expandable_segments:True to avoid fragmentation.  See documentation for Memory Management  (https://pytorch.org/docs/stable/notes/cuda.html#environment-variables)
2025-12-12 19:26:07 [INFO] [lib.utils.memory:89] Memory stats (after OOM forward pass batch 0): {'cpu_memory_mb': 6137.19140625, 'cpu_memory_gb': 5.993350982666016, 'cpu_vms_mb': 53229.671875, 'gpu_allocated_gb': 16.09196544, 'gpu_reserved_gb': 16.257122304, 'gpu_total_gb': 16.928342016, 'gpu_free_gb': 0.671219712}
2025-12-12 19:26:07 [WARNING] [lib.training.pipeline:1256] CUDA OOM during training (attempt 1/4): CUDA out of memory. Tried to allocate 300.00 MiB. GPU 0 has a total capacity of 15.77 GiB of which 224.19 MiB is free. Including non-PyTorch memory, this process has 15.54 GiB memory in use. Of the allocated memory 15.01 GiB is allocated by PyTorch, and 149.38 MiB is reserved by PyTorch but unallocated. If reserved but unallocated memory is large try setting PYTORCH_CUDA_ALLOC_CONF=expandable_segments:True to avoid fragmentation.  See documentation for Memory Management  (https://pytorch.org/docs/stable/notes/cuda.html#environment-variables). Model: naive_cnn, Fold: 5, Current batch size: 1
2025-12-12 19:26:07 [INFO] [lib.training.trainer:260] Warmup will be handled in training loop (2 epochs)
2025-12-12 19:26:36 [ERROR] [lib.training._cnn:182] Runtime error in forward pass: CUDA out of memory. Tried to allocate 300.00 MiB. GPU 0 has a total capacity of 15.77 GiB of which 224.19 MiB is free. Including non-PyTorch memory, this process has 15.54 GiB memory in use. Of the allocated memory 15.01 GiB is allocated by PyTorch, and 148.98 MiB is reserved by PyTorch but unallocated. If reserved but unallocated memory is large try setting PYTORCH_CUDA_ALLOC_CONF=expandable_segments:True to avoid fragmentation.  See documentation for Memory Management  (https://pytorch.org/docs/stable/notes/cuda.html#environment-variables). Input shape: torch.Size([1, 3, 1000, 192, 256]), Model num_frames: 1000
2025-12-12 19:26:36 [ERROR] [lib.utils.memory:128] OOM error forward pass batch 5: CUDA out of memory. Tried to allocate 300.00 MiB. GPU 0 has a total capacity of 15.77 GiB of which 224.19 MiB is free. Including non-PyTorch memory, this process has 15.54 GiB memory in use. Of the allocated memory 15.01 GiB is allocated by PyTorch, and 148.98 MiB is reserved by PyTorch but unallocated. If reserved but unallocated memory is large try setting PYTORCH_CUDA_ALLOC_CONF=expandable_segments:True to avoid fragmentation.  See documentation for Memory Management  (https://pytorch.org/docs/stable/notes/cuda.html#environment-variables)
2025-12-12 19:26:37 [INFO] [lib.utils.memory:89] Memory stats (after OOM forward pass batch 5): {'cpu_memory_mb': 6137.19921875, 'cpu_memory_gb': 5.993358612060547, 'cpu_vms_mb': 53229.671875, 'gpu_allocated_gb': 16.092378112, 'gpu_reserved_gb': 16.257122304, 'gpu_total_gb': 16.928342016, 'gpu_free_gb': 0.671219712}
2025-12-12 19:26:37 [WARNING] [lib.training.pipeline:1256] CUDA OOM during training (attempt 2/4): CUDA out of memory. Tried to allocate 300.00 MiB. GPU 0 has a total capacity of 15.77 GiB of which 224.19 MiB is free. Including non-PyTorch memory, this process has 15.54 GiB memory in use. Of the allocated memory 15.01 GiB is allocated by PyTorch, and 148.98 MiB is reserved by PyTorch but unallocated. If reserved but unallocated memory is large try setting PYTORCH_CUDA_ALLOC_CONF=expandable_segments:True to avoid fragmentation.  See documentation for Memory Management  (https://pytorch.org/docs/stable/notes/cuda.html#environment-variables). Model: naive_cnn, Fold: 5, Current batch size: 1
2025-12-12 19:26:37 [INFO] [lib.training.trainer:260] Warmup will be handled in training loop (2 epochs)
2025-12-12 19:26:59 [ERROR] [lib.training._cnn:182] Runtime error in forward pass: CUDA out of memory. Tried to allocate 300.00 MiB. GPU 0 has a total capacity of 15.77 GiB of which 204.19 MiB is free. Including non-PyTorch memory, this process has 15.56 GiB memory in use. Of the allocated memory 15.01 GiB is allocated by PyTorch, and 168.98 MiB is reserved by PyTorch but unallocated. If reserved but unallocated memory is large try setting PYTORCH_CUDA_ALLOC_CONF=expandable_segments:True to avoid fragmentation.  See documentation for Memory Management  (https://pytorch.org/docs/stable/notes/cuda.html#environment-variables). Input shape: torch.Size([1, 3, 1000, 192, 256]), Model num_frames: 1000
2025-12-12 19:26:59 [ERROR] [lib.utils.memory:128] OOM error forward pass batch 4: CUDA out of memory. Tried to allocate 300.00 MiB. GPU 0 has a total capacity of 15.77 GiB of which 204.19 MiB is free. Including non-PyTorch memory, this process has 15.56 GiB memory in use. Of the allocated memory 15.01 GiB is allocated by PyTorch, and 168.98 MiB is reserved by PyTorch but unallocated. If reserved but unallocated memory is large try setting PYTORCH_CUDA_ALLOC_CONF=expandable_segments:True to avoid fragmentation.  See documentation for Memory Management  (https://pytorch.org/docs/stable/notes/cuda.html#environment-variables)
2025-12-12 19:26:59 [INFO] [lib.utils.memory:89] Memory stats (after OOM forward pass batch 4): {'cpu_memory_mb': 6137.19921875, 'cpu_memory_gb': 5.993358612060547, 'cpu_vms_mb': 53229.671875, 'gpu_allocated_gb': 16.092378112, 'gpu_reserved_gb': 16.299065344, 'gpu_total_gb': 16.928342016, 'gpu_free_gb': 0.629276672}
2025-12-12 19:26:59 [WARNING] [lib.training.pipeline:1256] CUDA OOM during training (attempt 3/4): CUDA out of memory. Tried to allocate 300.00 MiB. GPU 0 has a total capacity of 15.77 GiB of which 204.19 MiB is free. Including non-PyTorch memory, this process has 15.56 GiB memory in use. Of the allocated memory 15.01 GiB is allocated by PyTorch, and 168.98 MiB is reserved by PyTorch but unallocated. If reserved but unallocated memory is large try setting PYTORCH_CUDA_ALLOC_CONF=expandable_segments:True to avoid fragmentation.  See documentation for Memory Management  (https://pytorch.org/docs/stable/notes/cuda.html#environment-variables). Model: naive_cnn, Fold: 5, Current batch size: 1
2025-12-12 19:26:59 [INFO] [lib.training.trainer:260] Warmup will be handled in training loop (2 epochs)
2025-12-12 19:27:05 [ERROR] [lib.training._cnn:182] Runtime error in forward pass: CUDA out of memory. Tried to allocate 304.00 MiB. GPU 0 has a total capacity of 15.77 GiB of which 44.19 MiB is free. Including non-PyTorch memory, this process has 15.71 GiB memory in use. Of the allocated memory 15.14 GiB is allocated by PyTorch, and 201.06 MiB is reserved by PyTorch but unallocated. If reserved but unallocated memory is large try setting PYTORCH_CUDA_ALLOC_CONF=expandable_segments:True to avoid fragmentation.  See documentation for Memory Management  (https://pytorch.org/docs/stable/notes/cuda.html#environment-variables). Input shape: torch.Size([1, 3, 1000, 194, 256]), Model num_frames: 1000
2025-12-12 19:27:05 [ERROR] [lib.utils.memory:128] OOM error forward pass batch 0: CUDA out of memory. Tried to allocate 304.00 MiB. GPU 0 has a total capacity of 15.77 GiB of which 44.19 MiB is free. Including non-PyTorch memory, this process has 15.71 GiB memory in use. Of the allocated memory 15.14 GiB is allocated by PyTorch, and 201.06 MiB is reserved by PyTorch but unallocated. If reserved but unallocated memory is large try setting PYTORCH_CUDA_ALLOC_CONF=expandable_segments:True to avoid fragmentation.  See documentation for Memory Management  (https://pytorch.org/docs/stable/notes/cuda.html#environment-variables)
2025-12-12 19:27:05 [INFO] [lib.utils.memory:89] Memory stats (after OOM forward pass batch 0): {'cpu_memory_mb': 6137.19921875, 'cpu_memory_gb': 5.993358612060547, 'cpu_vms_mb': 53229.671875, 'gpu_allocated_gb': 16.22621184, 'gpu_reserved_gb': 16.445865984, 'gpu_total_gb': 16.928342016, 'gpu_free_gb': 0.482476032}
2025-12-12 19:27:05 [ERROR] [lib.training.pipeline:1271] CUDA OOM or runtime error during training (max retries reached): CUDA out of memory. Tried to allocate 304.00 MiB. GPU 0 has a total capacity of 15.77 GiB of which 44.19 MiB is free. Including non-PyTorch memory, this process has 15.71 GiB memory in use. Of the allocated memory 15.14 GiB is allocated by PyTorch, and 201.06 MiB is reserved by PyTorch but unallocated. If reserved but unallocated memory is large try setting PYTORCH_CUDA_ALLOC_CONF=expandable_segments:True to avoid fragmentation.  See documentation for Memory Management  (https://pytorch.org/docs/stable/notes/cuda.html#environment-variables). Model: naive_cnn, Fold: 5, Final batch size: 1
2025-12-12 19:27:05 [ERROR] [lib.training.pipeline:1650] Error training fold 5: CUDA out of memory. Tried to allocate 304.00 MiB. GPU 0 has a total capacity of 15.77 GiB of which 44.19 MiB is free. Including non-PyTorch memory, this process has 15.71 GiB memory in use. Of the allocated memory 15.14 GiB is allocated by PyTorch, and 201.06 MiB is reserved by PyTorch but unallocated. If reserved but unallocated memory is large try setting PYTORCH_CUDA_ALLOC_CONF=expandable_segments:True to avoid fragmentation.  See documentation for Memory Management  (https://pytorch.org/docs/stable/notes/cuda.html#environment-variables)
Traceback (most recent call last):
  File "/gpfs/accounts/si670f25_class_root/si670f25_class/santoshd/fvc/lib/training/pipeline.py", line 1220, in stage5_train_models
    model = fit(
            ^^^^
  File "/gpfs/accounts/si670f25_class_root/si670f25_class/santoshd/fvc/lib/training/trainer.py", line 624, in fit
    train_loss = train_one_epoch(
                 ^^^^^^^^^^^^^^^^
  File "/gpfs/accounts/si670f25_class_root/si670f25_class/santoshd/fvc/lib/training/trainer.py", line 342, in train_one_epoch
    logits = model(clips)
             ^^^^^^^^^^^^
  File "/gpfs/accounts/si670f25_class_root/si670f25_class/santoshd/fvc/venv/lib/python3.11/site-packages/torch/nn/modules/module.py", line 1775, in _wrapped_call_impl
    return self._call_impl(*args, **kwargs)
           ^^^^^^^^^^^^^^^^^^^^^^^^^^^^^^^^
  File "/gpfs/accounts/si670f25_class_root/si670f25_class/santoshd/fvc/venv/lib/python3.11/site-packages/torch/nn/modules/module.py", line 1786, in _call_impl
    return forward_call(*args, **kwargs)
           ^^^^^^^^^^^^^^^^^^^^^^^^^^^^^
  File "/gpfs/accounts/si670f25_class_root/si670f25_class/santoshd/fvc/lib/training/_cnn.py", line 131, in forward
    chunk = F.relu(self.bn1(self.conv1(chunk)))
                            ^^^^^^^^^^^^^^^^^
  File "/gpfs/accounts/si670f25_class_root/si670f25_class/santoshd/fvc/venv/lib/python3.11/site-packages/torch/nn/modules/module.py", line 1775, in _wrapped_call_impl
    return self._call_impl(*args, **kwargs)
           ^^^^^^^^^^^^^^^^^^^^^^^^^^^^^^^^
  File "/gpfs/accounts/si670f25_class_root/si670f25_class/santoshd/fvc/venv/lib/python3.11/site-packages/torch/nn/modules/module.py", line 1786, in _call_impl
    return forward_call(*args, **kwargs)
           ^^^^^^^^^^^^^^^^^^^^^^^^^^^^^
  File "/gpfs/accounts/si670f25_class_root/si670f25_class/santoshd/fvc/venv/lib/python3.11/site-packages/torch/nn/modules/conv.py", line 548, in forward
    return self._conv_forward(input, self.weight, self.bias)
           ^^^^^^^^^^^^^^^^^^^^^^^^^^^^^^^^^^^^^^^^^^^^^^^^^
  File "/gpfs/accounts/si670f25_class_root/si670f25_class/santoshd/fvc/venv/lib/python3.11/site-packages/torch/nn/modules/conv.py", line 543, in _conv_forward
    return F.conv2d(
           ^^^^^^^^^
torch.OutOfMemoryError: CUDA out of memory. Tried to allocate 304.00 MiB. GPU 0 has a total capacity of 15.77 GiB of which 44.19 MiB is free. Including non-PyTorch memory, this process has 15.71 GiB memory in use. Of the allocated memory 15.14 GiB is allocated by PyTorch, and 201.06 MiB is reserved by PyTorch but unallocated. If reserved but unallocated memory is large try setting PYTORCH_CUDA_ALLOC_CONF=expandable_segments:True to avoid fragmentation.  See documentation for Memory Management  (https://pytorch.org/docs/stable/notes/cuda.html#environment-variables)
2025-12-12 19:27:05 [INFO] [lib.mlops.mlflow_tracker:142] MLflow run ended: 48a583f4f3224005b6cc56d33ab03e28
2025-12-12 19:27:05 [INFO] [lib.training.pipeline:818] 
================================================================================
2025-12-12 19:27:05 [INFO] [lib.training.pipeline:819] Grid Search: Hyperparameter combination 2/18
2025-12-12 19:27:05 [INFO] [lib.training.pipeline:820] Parameters: {'learning_rate': 0.0001, 'weight_decay': 1e-05, 'batch_size': 1, 'num_epochs': 30}
2025-12-12 19:27:05 [INFO] [lib.training.pipeline:821] ================================================================================
2025-12-12 19:27:05 [INFO] [lib.training.pipeline:850] 
Hyperparameter Search - naive_cnn - Fold 1/5 (20% sample)
2025-12-12 19:27:05 [INFO] [lib.training.pipeline:859] Deleted existing hyperparameter search fold 1 directory (clean mode)
2025-12-12 19:27:05 [INFO] [lib.training.pipeline:954] Training configuration - Batch size: 1, Gradient accumulation steps: 16, Effective batch size: 16
2025-12-12 19:27:05 [INFO] [lib.mlops.mlflow_tracker:89] MLflow run started: d69683ac850f4e6cb39029f8e45ebf86 (experiment: naive_cnn)
2025-12-12 19:27:05 [INFO] [lib.training.pipeline:1073] Training PyTorch model naive_cnn on fold 1...
2025-12-12 19:27:09 [INFO] [lib.training.pipeline:1115] Model forward pass test successful. Output shape: torch.Size([1, 2])
2025-12-12 19:27:09 [INFO] [lib.training.trainer:260] Warmup will be handled in training loop (2 epochs)
2025-12-12 19:27:23 [ERROR] [lib.training._cnn:182] Runtime error in forward pass: CUDA out of memory. Tried to allocate 300.00 MiB. GPU 0 has a total capacity of 15.77 GiB of which 204.19 MiB is free. Including non-PyTorch memory, this process has 15.56 GiB memory in use. Of the allocated memory 15.01 GiB is allocated by PyTorch, and 168.98 MiB is reserved by PyTorch but unallocated. If reserved but unallocated memory is large try setting PYTORCH_CUDA_ALLOC_CONF=expandable_segments:True to avoid fragmentation.  See documentation for Memory Management  (https://pytorch.org/docs/stable/notes/cuda.html#environment-variables). Input shape: torch.Size([1, 3, 1000, 192, 256]), Model num_frames: 1000
2025-12-12 19:27:23 [ERROR] [lib.utils.memory:128] OOM error forward pass batch 2: CUDA out of memory. Tried to allocate 300.00 MiB. GPU 0 has a total capacity of 15.77 GiB of which 204.19 MiB is free. Including non-PyTorch memory, this process has 15.56 GiB memory in use. Of the allocated memory 15.01 GiB is allocated by PyTorch, and 168.98 MiB is reserved by PyTorch but unallocated. If reserved but unallocated memory is large try setting PYTORCH_CUDA_ALLOC_CONF=expandable_segments:True to avoid fragmentation.  See documentation for Memory Management  (https://pytorch.org/docs/stable/notes/cuda.html#environment-variables)
2025-12-12 19:27:23 [INFO] [lib.utils.memory:89] Memory stats (after OOM forward pass batch 2): {'cpu_memory_mb': 6137.19921875, 'cpu_memory_gb': 5.993358612060547, 'cpu_vms_mb': 53229.671875, 'gpu_allocated_gb': 16.092378112, 'gpu_reserved_gb': 16.278093824, 'gpu_total_gb': 16.928342016, 'gpu_free_gb': 0.650248192}
2025-12-12 19:27:23 [WARNING] [lib.training.pipeline:1256] CUDA OOM during training (attempt 1/4): CUDA out of memory. Tried to allocate 300.00 MiB. GPU 0 has a total capacity of 15.77 GiB of which 204.19 MiB is free. Including non-PyTorch memory, this process has 15.56 GiB memory in use. Of the allocated memory 15.01 GiB is allocated by PyTorch, and 168.98 MiB is reserved by PyTorch but unallocated. If reserved but unallocated memory is large try setting PYTORCH_CUDA_ALLOC_CONF=expandable_segments:True to avoid fragmentation.  See documentation for Memory Management  (https://pytorch.org/docs/stable/notes/cuda.html#environment-variables). Model: naive_cnn, Fold: 1, Current batch size: 1
2025-12-12 19:27:23 [INFO] [lib.training.trainer:260] Warmup will be handled in training loop (2 epochs)
2025-12-12 19:27:30 [ERROR] [lib.training._cnn:182] Runtime error in forward pass: CUDA out of memory. Tried to allocate 200.00 MiB. GPU 0 has a total capacity of 15.77 GiB of which 166.19 MiB is free. Including non-PyTorch memory, this process has 15.60 GiB memory in use. Of the allocated memory 15.07 GiB is allocated by PyTorch, and 151.30 MiB is reserved by PyTorch but unallocated. If reserved but unallocated memory is large try setting PYTORCH_CUDA_ALLOC_CONF=expandable_segments:True to avoid fragmentation.  See documentation for Memory Management  (https://pytorch.org/docs/stable/notes/cuda.html#environment-variables). Input shape: torch.Size([1, 3, 1000, 256, 256]), Model num_frames: 1000
2025-12-12 19:27:30 [ERROR] [lib.utils.memory:128] OOM error forward pass batch 0: CUDA out of memory. Tried to allocate 200.00 MiB. GPU 0 has a total capacity of 15.77 GiB of which 166.19 MiB is free. Including non-PyTorch memory, this process has 15.60 GiB memory in use. Of the allocated memory 15.07 GiB is allocated by PyTorch, and 151.30 MiB is reserved by PyTorch but unallocated. If reserved but unallocated memory is large try setting PYTORCH_CUDA_ALLOC_CONF=expandable_segments:True to avoid fragmentation.  See documentation for Memory Management  (https://pytorch.org/docs/stable/notes/cuda.html#environment-variables)
2025-12-12 19:27:30 [INFO] [lib.utils.memory:89] Memory stats (after OOM forward pass batch 0): {'cpu_memory_mb': 6137.19921875, 'cpu_memory_gb': 5.993358612060547, 'cpu_vms_mb': 53229.671875, 'gpu_allocated_gb': 16.180255744, 'gpu_reserved_gb': 16.338911232, 'gpu_total_gb': 16.928342016, 'gpu_free_gb': 0.589430784}
2025-12-12 19:27:30 [WARNING] [lib.training.pipeline:1256] CUDA OOM during training (attempt 2/4): CUDA out of memory. Tried to allocate 200.00 MiB. GPU 0 has a total capacity of 15.77 GiB of which 166.19 MiB is free. Including non-PyTorch memory, this process has 15.60 GiB memory in use. Of the allocated memory 15.07 GiB is allocated by PyTorch, and 151.30 MiB is reserved by PyTorch but unallocated. If reserved but unallocated memory is large try setting PYTORCH_CUDA_ALLOC_CONF=expandable_segments:True to avoid fragmentation.  See documentation for Memory Management  (https://pytorch.org/docs/stable/notes/cuda.html#environment-variables). Model: naive_cnn, Fold: 1, Current batch size: 1
2025-12-12 19:27:30 [INFO] [lib.training.trainer:260] Warmup will be handled in training loop (2 epochs)
2025-12-12 19:27:35 [ERROR] [lib.training._cnn:182] Runtime error in forward pass: CUDA out of memory. Tried to allocate 292.00 MiB. GPU 0 has a total capacity of 15.77 GiB of which 124.19 MiB is free. Including non-PyTorch memory, this process has 15.64 GiB memory in use. Of the allocated memory 15.08 GiB is allocated by PyTorch, and 179.65 MiB is reserved by PyTorch but unallocated. If reserved but unallocated memory is large try setting PYTORCH_CUDA_ALLOC_CONF=expandable_segments:True to avoid fragmentation.  See documentation for Memory Management  (https://pytorch.org/docs/stable/notes/cuda.html#environment-variables). Input shape: torch.Size([1, 3, 1000, 186, 256]), Model num_frames: 1000
2025-12-12 19:27:35 [ERROR] [lib.utils.memory:128] OOM error forward pass batch 0: CUDA out of memory. Tried to allocate 292.00 MiB. GPU 0 has a total capacity of 15.77 GiB of which 124.19 MiB is free. Including non-PyTorch memory, this process has 15.64 GiB memory in use. Of the allocated memory 15.08 GiB is allocated by PyTorch, and 179.65 MiB is reserved by PyTorch but unallocated. If reserved but unallocated memory is large try setting PYTORCH_CUDA_ALLOC_CONF=expandable_segments:True to avoid fragmentation.  See documentation for Memory Management  (https://pytorch.org/docs/stable/notes/cuda.html#environment-variables)
2025-12-12 19:27:36 [INFO] [lib.utils.memory:89] Memory stats (after OOM forward pass batch 0): {'cpu_memory_mb': 6137.19921875, 'cpu_memory_gb': 5.993358612060547, 'cpu_vms_mb': 53229.671875, 'gpu_allocated_gb': 16.194571264, 'gpu_reserved_gb': 16.382951424, 'gpu_total_gb': 16.928342016, 'gpu_free_gb': 0.545390592}
2025-12-12 19:27:36 [WARNING] [lib.training.pipeline:1256] CUDA OOM during training (attempt 3/4): CUDA out of memory. Tried to allocate 292.00 MiB. GPU 0 has a total capacity of 15.77 GiB of which 124.19 MiB is free. Including non-PyTorch memory, this process has 15.64 GiB memory in use. Of the allocated memory 15.08 GiB is allocated by PyTorch, and 179.65 MiB is reserved by PyTorch but unallocated. If reserved but unallocated memory is large try setting PYTORCH_CUDA_ALLOC_CONF=expandable_segments:True to avoid fragmentation.  See documentation for Memory Management  (https://pytorch.org/docs/stable/notes/cuda.html#environment-variables). Model: naive_cnn, Fold: 1, Current batch size: 1
2025-12-12 19:27:36 [INFO] [lib.training.trainer:260] Warmup will be handled in training loop (2 epochs)
