2025-12-12 20:55:08 [INFO] [__main__:310] ================================================================================
2025-12-12 20:55:08 [INFO] [__main__:311] STAGE 5: MODEL TRAINING
2025-12-12 20:55:08 [INFO] [__main__:312] ================================================================================
2025-12-12 20:55:08 [INFO] [__main__:313] Project root: /gpfs/accounts/si670f25_class_root/si670f25_class/santoshd/fvc
2025-12-12 20:55:08 [INFO] [__main__:314] Scaled metadata: /gpfs/accounts/si670f25_class_root/si670f25_class/santoshd/fvc/data/scaled_videos/scaled_metadata.arrow
2025-12-12 20:55:08 [INFO] [__main__:315] Features Stage 2: /gpfs/accounts/si670f25_class_root/si670f25_class/santoshd/fvc/data/features_stage2/features_metadata.arrow
2025-12-12 20:55:08 [INFO] [__main__:316] Features Stage 4: /gpfs/accounts/si670f25_class_root/si670f25_class/santoshd/fvc/data/features_stage4/features_scaled_metadata.arrow
2025-12-12 20:55:08 [INFO] [__main__:317] Model types: ['naive_cnn']
2025-12-12 20:55:08 [INFO] [__main__:318] K-fold splits: 5
2025-12-12 20:55:08 [INFO] [__main__:319] Number of frames: 1000
2025-12-12 20:55:08 [INFO] [__main__:320] Output directory: /gpfs/accounts/si670f25_class_root/si670f25_class/santoshd/fvc/data/stage5
2025-12-12 20:55:08 [INFO] [__main__:321] Experiment tracking: Enabled
2025-12-12 20:55:08 [INFO] [__main__:324] Delete existing: True
2025-12-12 20:55:08 [INFO] [__main__:325] Resume mode: True
2025-12-12 20:55:08 [INFO] [__main__:326] Log file: /gpfs/accounts/si670f25_class_root/si670f25_class/santoshd/fvc/logs/stage5_training_1765590908.log
2025-12-12 20:55:08 [INFO] [__main__:333] ================================================================================
2025-12-12 20:55:08 [INFO] [__main__:334] Checking prerequisites...
2025-12-12 20:55:08 [INFO] [__main__:335] ================================================================================
2025-12-12 20:55:08 [INFO] [__main__:342] ✓ Scaled metadata file found: /gpfs/accounts/si670f25_class_root/si670f25_class/santoshd/fvc/data/scaled_videos/scaled_metadata.arrow
2025-12-12 20:55:08 [INFO] [__main__:352] ✓ All model types are valid
2025-12-12 20:55:08 [INFO] [__main__:358] ================================================================================
2025-12-12 20:55:08 [INFO] [__main__:359] Initial memory statistics:
2025-12-12 20:55:08 [INFO] [__main__:360] ================================================================================
2025-12-12 20:55:08 [INFO] [lib.utils.memory:91] Memory stats (Stage 5: before training): {'cpu_memory_mb': 735.4609375, 'cpu_memory_gb': 0.7182235717773438, 'cpu_vms_mb': 10217.60546875, 'gpu_allocated_gb': 0.0, 'gpu_reserved_gb': 0.0, 'gpu_total_gb': 16.928342016, 'gpu_free_gb': 16.928342016}
2025-12-12 20:55:08 [INFO] [__main__:364] ================================================================================
2025-12-12 20:55:08 [INFO] [__main__:365] Starting Stage 5: Model Training
2025-12-12 20:55:08 [INFO] [__main__:366] ================================================================================
2025-12-12 20:55:08 [INFO] [__main__:367] Training 1 model(s) with 5-fold cross-validation
2025-12-12 20:55:08 [INFO] [__main__:368] This may take a while depending on dataset size and model complexity...
2025-12-12 20:55:08 [INFO] [__main__:369] Progress will be logged in real-time
2025-12-12 20:55:08 [INFO] [__main__:370] ================================================================================
2025-12-12 20:55:08 [INFO] [__main__:375] Calling Stage 5 training pipeline...
2025-12-12 20:55:08 [INFO] [__main__:376] This may take a while - progress will be logged in real-time
2025-12-12 20:55:08 [INFO] [lib.training.pipeline:490] ================================================================================
2025-12-12 20:55:08 [INFO] [lib.training.pipeline:491] Stage 5: Model Training Pipeline Started
2025-12-12 20:55:08 [INFO] [lib.training.pipeline:492] ================================================================================
2025-12-12 20:55:08 [INFO] [lib.training.pipeline:493] Model types: ['naive_cnn']
2025-12-12 20:55:08 [INFO] [lib.training.pipeline:494] K-fold splits: 5
2025-12-12 20:55:08 [INFO] [lib.training.pipeline:495] Frames per video: 1000
2025-12-12 20:55:08 [INFO] [lib.training.pipeline:496] Output directory: data/stage5
2025-12-12 20:55:08 [INFO] [lib.training.pipeline:497] Initializing pipeline...
2025-12-12 20:55:08 [INFO] [lib.training.pipeline:265] ================================================================================
2025-12-12 20:55:08 [INFO] [lib.training.pipeline:266] STAGE 5 PREREQUISITE VALIDATION
2025-12-12 20:55:08 [INFO] [lib.training.pipeline:267] ================================================================================
2025-12-12 20:55:08 [INFO] [lib.training.pipeline:270] 
[1/3] Checking Stage 3 (scaled videos) - REQUIRED for all models...
2025-12-12 20:55:09 [INFO] [lib.training.pipeline:279] ✓ Stage 3 metadata found: 3278 scaled videos
2025-12-12 20:55:09 [INFO] [lib.training.pipeline:280]   Path: /gpfs/accounts/si670f25_class_root/si670f25_class/santoshd/fvc/data/scaled_videos/scaled_metadata.arrow
2025-12-12 20:55:09 [INFO] [lib.training.pipeline:283] 
[2/3] Checking Stage 2 (features) - REQUIRED for *_stage2 models...
2025-12-12 20:55:09 [INFO] [lib.training.pipeline:291] ✓ Stage 2 metadata found: 3278 feature rows
2025-12-12 20:55:09 [INFO] [lib.training.pipeline:292]   Path: /gpfs/accounts/si670f25_class_root/si670f25_class/santoshd/fvc/data/features_stage2/features_metadata.arrow
2025-12-12 20:55:09 [INFO] [lib.training.pipeline:295] 
[3/3] Checking Stage 4 (scaled features) - REQUIRED for *_stage2_stage4 models...
2025-12-12 20:55:09 [INFO] [lib.training.pipeline:303] ✓ Stage 4 metadata found: 3277 feature rows
2025-12-12 20:55:09 [INFO] [lib.training.pipeline:304]   Path: /gpfs/accounts/si670f25_class_root/si670f25_class/santoshd/fvc/data/features_stage4/features_scaled_metadata.arrow
2025-12-12 20:55:09 [INFO] [lib.training.pipeline:307] 
================================================================================
2025-12-12 20:55:09 [INFO] [lib.training.pipeline:308] MODEL REQUIREMENTS CHECK
2025-12-12 20:55:09 [INFO] [lib.training.pipeline:309] ================================================================================
2025-12-12 20:55:09 [INFO] [lib.training.pipeline:333] ✓ naive_cnn: CAN RUN
2025-12-12 20:55:09 [INFO] [lib.training.pipeline:336] 
================================================================================
2025-12-12 20:55:09 [INFO] [lib.training.pipeline:337] VALIDATION SUMMARY
2025-12-12 20:55:09 [INFO] [lib.training.pipeline:338] ================================================================================
2025-12-12 20:55:09 [INFO] [lib.training.pipeline:339] Stage 3 (scaled videos): ✓ Available
2025-12-12 20:55:09 [INFO] [lib.training.pipeline:340]   Count: 3278 videos
2025-12-12 20:55:09 [INFO] [lib.training.pipeline:341] Stage 2 (features): ✓ Available
2025-12-12 20:55:09 [INFO] [lib.training.pipeline:342]   Count: 3278 feature rows
2025-12-12 20:55:09 [INFO] [lib.training.pipeline:343] Stage 4 (scaled features): ✓ Available
2025-12-12 20:55:09 [INFO] [lib.training.pipeline:344]   Count: 3277 feature rows
2025-12-12 20:55:09 [INFO] [lib.training.pipeline:345] 
Runnable models: 1/1
2025-12-12 20:55:09 [INFO] [lib.training.pipeline:346]   ['naive_cnn']
2025-12-12 20:55:09 [INFO] [lib.training.pipeline:353] ================================================================================
2025-12-12 20:55:09 [INFO] [lib.training.pipeline:583] 
Stage 5: Loading metadata...
2025-12-12 20:55:09 [INFO] [lib.training.pipeline:609] Loaded metadata: 3278 rows
2025-12-12 20:55:09 [INFO] [lib.training.pipeline:619] ✓ Data validation passed: 3278 rows (> 3000 required)
2025-12-12 20:55:09 [WARNING] [lib.utils.guardrails:171] Disk usage high: free=833196.01GB, used=1666643.99GB (66.7%)
2025-12-12 20:55:09 [INFO] [lib.training.pipeline:651] Stage 5: Found 3278 scaled videos
2025-12-12 20:55:09 [INFO] [lib.training.pipeline:699] Enabling adaptive chunked frame loading for naive_cnn: initial_chunk_size=10, num_frames=1000. Chunk size will adapt automatically based on OOM events (AIMD algorithm).
2025-12-12 20:55:09 [INFO] [lib.training.pipeline:754] Stage 5: Deleting existing model results (clean mode)...
2025-12-12 20:55:09 [INFO] [lib.training.pipeline:763] Deleted existing results for naive_cnn
2025-12-12 20:55:09 [INFO] [lib.training.pipeline:766] Stage 5: Deleted 1 existing model directories
2025-12-12 20:55:09 [INFO] [lib.training.pipeline:771] 
================================================================================
2025-12-12 20:55:09 [INFO] [lib.training.pipeline:772] Stage 5: Training model: naive_cnn
2025-12-12 20:55:09 [INFO] [lib.training.pipeline:773] ================================================================================
2025-12-12 20:55:11 [INFO] [lib.training.pipeline:797] Grid search: 18 hyperparameter combinations to try
2025-12-12 20:55:11 [INFO] [lib.training.pipeline:805] ================================================================================
2025-12-12 20:55:11 [INFO] [lib.training.pipeline:806] HYPERPARAMETER SEARCH: Using 20% stratified sample for efficiency
2025-12-12 20:55:11 [INFO] [lib.training.pipeline:807] ================================================================================
2025-12-12 20:55:11 [INFO] [lib.training.pipeline:816] Hyperparameter search sample: 655 rows (20.0% of 3278 total)
2025-12-12 20:55:12 [INFO] [lib.training.pipeline:829] Using 5-fold stratified cross-validation on 20% sample for hyperparameter search
2025-12-12 20:55:12 [INFO] [lib.training.pipeline:842] 
================================================================================
2025-12-12 20:55:12 [INFO] [lib.training.pipeline:843] Grid Search: Hyperparameter combination 1/18
2025-12-12 20:55:12 [INFO] [lib.training.pipeline:844] Parameters: {'learning_rate': 0.0001, 'weight_decay': 1e-05, 'batch_size': 1, 'num_epochs': 20}
2025-12-12 20:55:12 [INFO] [lib.training.pipeline:845] ================================================================================
2025-12-12 20:55:12 [INFO] [lib.training.pipeline:874] 
Hyperparameter Search - naive_cnn - Fold 1/5 (20% sample)
2025-12-12 20:55:12 [INFO] [lib.training.pipeline:978] Training configuration - Batch size: 1, Gradient accumulation steps: 16, Effective batch size: 16
2025-12-12 20:55:13 [INFO] [lib.training.pipeline:1024] Applied PyTorch memory optimizations: expandable_segments, cudnn.benchmark=False
2025-12-12 20:55:22 [INFO] [lib.mlops.mlflow_tracker:89] MLflow run started: 5ae4dbbe461244febfcc98487aecd5a4 (experiment: naive_cnn)
2025-12-12 20:55:22 [INFO] [lib.training.pipeline:1117] Training PyTorch model naive_cnn on fold 1...
2025-12-12 20:56:07 [INFO] [lib.training.pipeline:1191] Model forward pass test successful. Output shape: torch.Size([1, 2])
2025-12-12 20:56:07 [INFO] [lib.training.trainer:260] Warmup will be handled in training loop (2 epochs)
2025-12-12 20:57:26 [INFO] [lib.models.video:448] Chunk size increased from 10 to 12 (after 3 successes, increment: 2)
2025-12-12 20:57:44 [ERROR] [lib.training._cnn:182] Runtime error in forward pass: CUDA out of memory. Tried to allocate 16.00 MiB. GPU 0 has a total capacity of 15.77 GiB of which 6.19 MiB is free. Including non-PyTorch memory, this process has 15.75 GiB memory in use. Of the allocated memory 15.28 GiB is allocated by PyTorch, and 102.37 MiB is reserved by PyTorch but unallocated. If reserved but unallocated memory is large try setting PYTORCH_CUDA_ALLOC_CONF=expandable_segments:True to avoid fragmentation.  See documentation for Memory Management  (https://pytorch.org/docs/stable/notes/cuda.html#environment-variables). Input shape: torch.Size([1, 3, 1000, 192, 256]), Model num_frames: 1000
2025-12-12 20:57:44 [ERROR] [lib.utils.memory:130] OOM error forward pass batch 1: CUDA out of memory. Tried to allocate 16.00 MiB. GPU 0 has a total capacity of 15.77 GiB of which 6.19 MiB is free. Including non-PyTorch memory, this process has 15.75 GiB memory in use. Of the allocated memory 15.28 GiB is allocated by PyTorch, and 102.37 MiB is reserved by PyTorch but unallocated. If reserved but unallocated memory is large try setting PYTORCH_CUDA_ALLOC_CONF=expandable_segments:True to avoid fragmentation.  See documentation for Memory Management  (https://pytorch.org/docs/stable/notes/cuda.html#environment-variables)
2025-12-12 20:57:44 [INFO] [lib.utils.memory:91] Memory stats (after OOM forward pass batch 1): {'cpu_memory_mb': 3272.80859375, 'cpu_memory_gb': 3.1961021423339844, 'cpu_vms_mb': 50360.46875, 'gpu_allocated_gb': 16.4014336, 'gpu_reserved_gb': 16.508780544, 'gpu_total_gb': 16.928342016, 'gpu_free_gb': 0.419561472}
2025-12-12 20:57:44 [WARNING] [lib.training.pipeline:1341] CUDA OOM during training (attempt 1/4): CUDA out of memory. Tried to allocate 16.00 MiB. GPU 0 has a total capacity of 15.77 GiB of which 6.19 MiB is free. Including non-PyTorch memory, this process has 15.75 GiB memory in use. Of the allocated memory 15.28 GiB is allocated by PyTorch, and 102.37 MiB is reserved by PyTorch but unallocated. If reserved but unallocated memory is large try setting PYTORCH_CUDA_ALLOC_CONF=expandable_segments:True to avoid fragmentation.  See documentation for Memory Management  (https://pytorch.org/docs/stable/notes/cuda.html#environment-variables). Model: naive_cnn, Fold: 1, Current batch size: 1
2025-12-12 20:57:45 [INFO] [lib.training.trainer:260] Warmup will be handled in training loop (2 epochs)
2025-12-12 20:58:36 [ERROR] [lib.training._cnn:182] Runtime error in forward pass: CUDA out of memory. Tried to allocate 36.00 MiB. GPU 0 has a total capacity of 15.77 GiB of which 6.19 MiB is free. Including non-PyTorch memory, this process has 15.75 GiB memory in use. Of the allocated memory 15.28 GiB is allocated by PyTorch, and 101.18 MiB is reserved by PyTorch but unallocated. If reserved but unallocated memory is large try setting PYTORCH_CUDA_ALLOC_CONF=expandable_segments:True to avoid fragmentation.  See documentation for Memory Management  (https://pytorch.org/docs/stable/notes/cuda.html#environment-variables). Input shape: torch.Size([1, 3, 1000, 224, 256]), Model num_frames: 1000
2025-12-12 20:58:36 [ERROR] [lib.utils.memory:130] OOM error forward pass batch 0: CUDA out of memory. Tried to allocate 36.00 MiB. GPU 0 has a total capacity of 15.77 GiB of which 6.19 MiB is free. Including non-PyTorch memory, this process has 15.75 GiB memory in use. Of the allocated memory 15.28 GiB is allocated by PyTorch, and 101.18 MiB is reserved by PyTorch but unallocated. If reserved but unallocated memory is large try setting PYTORCH_CUDA_ALLOC_CONF=expandable_segments:True to avoid fragmentation.  See documentation for Memory Management  (https://pytorch.org/docs/stable/notes/cuda.html#environment-variables)
2025-12-12 20:58:36 [INFO] [lib.utils.memory:91] Memory stats (after OOM forward pass batch 0): {'cpu_memory_mb': 3273.70703125, 'cpu_memory_gb': 3.196979522705078, 'cpu_vms_mb': 50360.90625, 'gpu_allocated_gb': 16.402688, 'gpu_reserved_gb': 16.508780544, 'gpu_total_gb': 16.928342016, 'gpu_free_gb': 0.419561472}
2025-12-12 20:58:36 [WARNING] [lib.training.pipeline:1341] CUDA OOM during training (attempt 2/4): CUDA out of memory. Tried to allocate 36.00 MiB. GPU 0 has a total capacity of 15.77 GiB of which 6.19 MiB is free. Including non-PyTorch memory, this process has 15.75 GiB memory in use. Of the allocated memory 15.28 GiB is allocated by PyTorch, and 101.18 MiB is reserved by PyTorch but unallocated. If reserved but unallocated memory is large try setting PYTORCH_CUDA_ALLOC_CONF=expandable_segments:True to avoid fragmentation.  See documentation for Memory Management  (https://pytorch.org/docs/stable/notes/cuda.html#environment-variables). Model: naive_cnn, Fold: 1, Current batch size: 1
2025-12-12 20:58:37 [INFO] [lib.training.trainer:260] Warmup will be handled in training loop (2 epochs)
2025-12-12 20:59:30 [ERROR] [lib.training._cnn:182] Runtime error in forward pass: CUDA out of memory. Tried to allocate 16.00 MiB. GPU 0 has a total capacity of 15.77 GiB of which 6.19 MiB is free. Including non-PyTorch memory, this process has 15.75 GiB memory in use. Of the allocated memory 15.27 GiB is allocated by PyTorch, and 102.77 MiB is reserved by PyTorch but unallocated. If reserved but unallocated memory is large try setting PYTORCH_CUDA_ALLOC_CONF=expandable_segments:True to avoid fragmentation.  See documentation for Memory Management  (https://pytorch.org/docs/stable/notes/cuda.html#environment-variables). Input shape: torch.Size([1, 3, 1000, 192, 256]), Model num_frames: 1000
2025-12-12 20:59:30 [ERROR] [lib.utils.memory:130] OOM error forward pass batch 0: CUDA out of memory. Tried to allocate 16.00 MiB. GPU 0 has a total capacity of 15.77 GiB of which 6.19 MiB is free. Including non-PyTorch memory, this process has 15.75 GiB memory in use. Of the allocated memory 15.27 GiB is allocated by PyTorch, and 102.77 MiB is reserved by PyTorch but unallocated. If reserved but unallocated memory is large try setting PYTORCH_CUDA_ALLOC_CONF=expandable_segments:True to avoid fragmentation.  See documentation for Memory Management  (https://pytorch.org/docs/stable/notes/cuda.html#environment-variables)
2025-12-12 20:59:30 [INFO] [lib.utils.memory:91] Memory stats (after OOM forward pass batch 0): {'cpu_memory_mb': 3272.34375, 'cpu_memory_gb': 3.195648193359375, 'cpu_vms_mb': 50359.51953125, 'gpu_allocated_gb': 16.401020928, 'gpu_reserved_gb': 16.508780544, 'gpu_total_gb': 16.928342016, 'gpu_free_gb': 0.419561472}
2025-12-12 20:59:30 [WARNING] [lib.training.pipeline:1341] CUDA OOM during training (attempt 3/4): CUDA out of memory. Tried to allocate 16.00 MiB. GPU 0 has a total capacity of 15.77 GiB of which 6.19 MiB is free. Including non-PyTorch memory, this process has 15.75 GiB memory in use. Of the allocated memory 15.27 GiB is allocated by PyTorch, and 102.77 MiB is reserved by PyTorch but unallocated. If reserved but unallocated memory is large try setting PYTORCH_CUDA_ALLOC_CONF=expandable_segments:True to avoid fragmentation.  See documentation for Memory Management  (https://pytorch.org/docs/stable/notes/cuda.html#environment-variables). Model: naive_cnn, Fold: 1, Current batch size: 1
2025-12-12 20:59:30 [INFO] [lib.training.trainer:260] Warmup will be handled in training loop (2 epochs)
2025-12-12 20:59:48 [INFO] [lib.models.video:448] Chunk size increased from 10 to 12 (after 3 successes, increment: 2)
2025-12-12 21:01:01 [ERROR] [lib.training._cnn:182] Runtime error in forward pass: CUDA out of memory. Tried to allocate 16.00 MiB. GPU 0 has a total capacity of 15.77 GiB of which 6.19 MiB is free. Including non-PyTorch memory, this process has 15.75 GiB memory in use. Of the allocated memory 15.28 GiB is allocated by PyTorch, and 102.37 MiB is reserved by PyTorch but unallocated. If reserved but unallocated memory is large try setting PYTORCH_CUDA_ALLOC_CONF=expandable_segments:True to avoid fragmentation.  See documentation for Memory Management  (https://pytorch.org/docs/stable/notes/cuda.html#environment-variables). Input shape: torch.Size([1, 3, 1000, 192, 256]), Model num_frames: 1000
2025-12-12 21:01:01 [ERROR] [lib.utils.memory:130] OOM error forward pass batch 1: CUDA out of memory. Tried to allocate 16.00 MiB. GPU 0 has a total capacity of 15.77 GiB of which 6.19 MiB is free. Including non-PyTorch memory, this process has 15.75 GiB memory in use. Of the allocated memory 15.28 GiB is allocated by PyTorch, and 102.37 MiB is reserved by PyTorch but unallocated. If reserved but unallocated memory is large try setting PYTORCH_CUDA_ALLOC_CONF=expandable_segments:True to avoid fragmentation.  See documentation for Memory Management  (https://pytorch.org/docs/stable/notes/cuda.html#environment-variables)
2025-12-12 21:01:01 [INFO] [lib.utils.memory:91] Memory stats (after OOM forward pass batch 1): {'cpu_memory_mb': 4020.66015625, 'cpu_memory_gb': 3.9264259338378906, 'cpu_vms_mb': 51107.81640625, 'gpu_allocated_gb': 16.4014336, 'gpu_reserved_gb': 16.508780544, 'gpu_total_gb': 16.928342016, 'gpu_free_gb': 0.419561472}
2025-12-12 21:01:01 [ERROR] [lib.training.pipeline:1359] CUDA OOM or runtime error during training (max retries reached): CUDA out of memory. Tried to allocate 16.00 MiB. GPU 0 has a total capacity of 15.77 GiB of which 6.19 MiB is free. Including non-PyTorch memory, this process has 15.75 GiB memory in use. Of the allocated memory 15.28 GiB is allocated by PyTorch, and 102.37 MiB is reserved by PyTorch but unallocated. If reserved but unallocated memory is large try setting PYTORCH_CUDA_ALLOC_CONF=expandable_segments:True to avoid fragmentation.  See documentation for Memory Management  (https://pytorch.org/docs/stable/notes/cuda.html#environment-variables). Model: naive_cnn, Fold: 1, Final batch size: 1
2025-12-12 21:01:01 [ERROR] [lib.training.pipeline:1738] Error training fold 1: CUDA out of memory. Tried to allocate 16.00 MiB. GPU 0 has a total capacity of 15.77 GiB of which 6.19 MiB is free. Including non-PyTorch memory, this process has 15.75 GiB memory in use. Of the allocated memory 15.28 GiB is allocated by PyTorch, and 102.37 MiB is reserved by PyTorch but unallocated. If reserved but unallocated memory is large try setting PYTORCH_CUDA_ALLOC_CONF=expandable_segments:True to avoid fragmentation.  See documentation for Memory Management  (https://pytorch.org/docs/stable/notes/cuda.html#environment-variables)
Traceback (most recent call last):
  File "/gpfs/accounts/si670f25_class_root/si670f25_class/santoshd/fvc/lib/training/pipeline.py", line 1305, in stage5_train_models
    model = fit(
            ^^^^
  File "/gpfs/accounts/si670f25_class_root/si670f25_class/santoshd/fvc/lib/training/trainer.py", line 672, in fit
    train_loss = train_one_epoch(
                 ^^^^^^^^^^^^^^^^
  File "/gpfs/accounts/si670f25_class_root/si670f25_class/santoshd/fvc/lib/training/trainer.py", line 343, in train_one_epoch
    logits = model(clips)
             ^^^^^^^^^^^^
  File "/gpfs/accounts/si670f25_class_root/si670f25_class/santoshd/fvc/venv/lib/python3.11/site-packages/torch/nn/modules/module.py", line 1775, in _wrapped_call_impl
    return self._call_impl(*args, **kwargs)
           ^^^^^^^^^^^^^^^^^^^^^^^^^^^^^^^^
  File "/gpfs/accounts/si670f25_class_root/si670f25_class/santoshd/fvc/venv/lib/python3.11/site-packages/torch/nn/modules/module.py", line 1786, in _call_impl
    return forward_call(*args, **kwargs)
           ^^^^^^^^^^^^^^^^^^^^^^^^^^^^^
  File "/gpfs/accounts/si670f25_class_root/si670f25_class/santoshd/fvc/lib/training/_cnn.py", line 133, in forward
    chunk = F.relu(self.bn2(self.conv2(chunk)))
            ^^^^^^^^^^^^^^^^^^^^^^^^^^^^^^^^^^^
  File "/gpfs/accounts/si670f25_class_root/si670f25_class/santoshd/fvc/venv/lib/python3.11/site-packages/torch/nn/functional.py", line 1697, in relu
    result = torch.relu(input)
             ^^^^^^^^^^^^^^^^^
torch.OutOfMemoryError: CUDA out of memory. Tried to allocate 16.00 MiB. GPU 0 has a total capacity of 15.77 GiB of which 6.19 MiB is free. Including non-PyTorch memory, this process has 15.75 GiB memory in use. Of the allocated memory 15.28 GiB is allocated by PyTorch, and 102.37 MiB is reserved by PyTorch but unallocated. If reserved but unallocated memory is large try setting PYTORCH_CUDA_ALLOC_CONF=expandable_segments:True to avoid fragmentation.  See documentation for Memory Management  (https://pytorch.org/docs/stable/notes/cuda.html#environment-variables)
2025-12-12 21:01:01 [INFO] [lib.mlops.mlflow_tracker:142] MLflow run ended: 5ae4dbbe461244febfcc98487aecd5a4
2025-12-12 21:01:01 [INFO] [lib.training.pipeline:874] 
Hyperparameter Search - naive_cnn - Fold 2/5 (20% sample)
2025-12-12 21:01:01 [INFO] [lib.training.pipeline:978] Training configuration - Batch size: 1, Gradient accumulation steps: 16, Effective batch size: 16
2025-12-12 21:01:02 [INFO] [lib.training.pipeline:1024] Applied PyTorch memory optimizations: expandable_segments, cudnn.benchmark=False
2025-12-12 21:01:02 [INFO] [lib.mlops.mlflow_tracker:89] MLflow run started: cbac16a031114393b43818fb043dc89a (experiment: naive_cnn)
2025-12-12 21:01:02 [INFO] [lib.training.pipeline:1117] Training PyTorch model naive_cnn on fold 2...
2025-12-12 21:01:38 [INFO] [lib.training.pipeline:1191] Model forward pass test successful. Output shape: torch.Size([1, 2])
2025-12-12 21:01:38 [INFO] [lib.training.trainer:260] Warmup will be handled in training loop (2 epochs)
2025-12-12 21:01:56 [INFO] [lib.models.video:448] Chunk size increased from 10 to 12 (after 3 successes, increment: 2)
2025-12-12 21:04:11 [INFO] [lib.models.video:448] Chunk size increased from 10 to 12 (after 3 successes, increment: 2)
2025-12-12 21:05:42 [ERROR] [lib.training._cnn:182] Runtime error in forward pass: CUDA out of memory. Tried to allocate 16.00 MiB. GPU 0 has a total capacity of 15.77 GiB of which 4.19 MiB is free. Including non-PyTorch memory, this process has 15.75 GiB memory in use. Of the allocated memory 15.28 GiB is allocated by PyTorch, and 102.37 MiB is reserved by PyTorch but unallocated. If reserved but unallocated memory is large try setting PYTORCH_CUDA_ALLOC_CONF=expandable_segments:True to avoid fragmentation.  See documentation for Memory Management  (https://pytorch.org/docs/stable/notes/cuda.html#environment-variables). Input shape: torch.Size([1, 3, 1000, 192, 256]), Model num_frames: 1000
2025-12-12 21:05:42 [ERROR] [lib.utils.memory:130] OOM error forward pass batch 5: CUDA out of memory. Tried to allocate 16.00 MiB. GPU 0 has a total capacity of 15.77 GiB of which 4.19 MiB is free. Including non-PyTorch memory, this process has 15.75 GiB memory in use. Of the allocated memory 15.28 GiB is allocated by PyTorch, and 102.37 MiB is reserved by PyTorch but unallocated. If reserved but unallocated memory is large try setting PYTORCH_CUDA_ALLOC_CONF=expandable_segments:True to avoid fragmentation.  See documentation for Memory Management  (https://pytorch.org/docs/stable/notes/cuda.html#environment-variables)
2025-12-12 21:05:42 [INFO] [lib.utils.memory:91] Memory stats (after OOM forward pass batch 5): {'cpu_memory_mb': 6313.25390625, 'cpu_memory_gb': 6.165287017822266, 'cpu_vms_mb': 53399.97265625, 'gpu_allocated_gb': 16.4014336, 'gpu_reserved_gb': 16.508780544, 'gpu_total_gb': 16.928342016, 'gpu_free_gb': 0.419561472}
2025-12-12 21:05:42 [WARNING] [lib.training.pipeline:1341] CUDA OOM during training (attempt 1/4): CUDA out of memory. Tried to allocate 16.00 MiB. GPU 0 has a total capacity of 15.77 GiB of which 4.19 MiB is free. Including non-PyTorch memory, this process has 15.75 GiB memory in use. Of the allocated memory 15.28 GiB is allocated by PyTorch, and 102.37 MiB is reserved by PyTorch but unallocated. If reserved but unallocated memory is large try setting PYTORCH_CUDA_ALLOC_CONF=expandable_segments:True to avoid fragmentation.  See documentation for Memory Management  (https://pytorch.org/docs/stable/notes/cuda.html#environment-variables). Model: naive_cnn, Fold: 2, Current batch size: 1
2025-12-12 21:05:42 [INFO] [lib.training.trainer:260] Warmup will be handled in training loop (2 epochs)
2025-12-12 21:06:04 [INFO] [lib.models.video:448] Chunk size increased from 10 to 12 (after 3 successes, increment: 2)
2025-12-12 21:08:18 [INFO] [lib.models.video:448] Chunk size increased from 10 to 12 (after 3 successes, increment: 2)
2025-12-12 21:09:51 [ERROR] [lib.training._cnn:182] Runtime error in forward pass: CUDA out of memory. Tried to allocate 16.00 MiB. GPU 0 has a total capacity of 15.77 GiB of which 4.19 MiB is free. Including non-PyTorch memory, this process has 15.75 GiB memory in use. Of the allocated memory 15.28 GiB is allocated by PyTorch, and 102.37 MiB is reserved by PyTorch but unallocated. If reserved but unallocated memory is large try setting PYTORCH_CUDA_ALLOC_CONF=expandable_segments:True to avoid fragmentation.  See documentation for Memory Management  (https://pytorch.org/docs/stable/notes/cuda.html#environment-variables). Input shape: torch.Size([1, 3, 1000, 192, 256]), Model num_frames: 1000
2025-12-12 21:09:51 [ERROR] [lib.utils.memory:130] OOM error forward pass batch 5: CUDA out of memory. Tried to allocate 16.00 MiB. GPU 0 has a total capacity of 15.77 GiB of which 4.19 MiB is free. Including non-PyTorch memory, this process has 15.75 GiB memory in use. Of the allocated memory 15.28 GiB is allocated by PyTorch, and 102.37 MiB is reserved by PyTorch but unallocated. If reserved but unallocated memory is large try setting PYTORCH_CUDA_ALLOC_CONF=expandable_segments:True to avoid fragmentation.  See documentation for Memory Management  (https://pytorch.org/docs/stable/notes/cuda.html#environment-variables)
2025-12-12 21:09:51 [INFO] [lib.utils.memory:91] Memory stats (after OOM forward pass batch 5): {'cpu_memory_mb': 6128.5703125, 'cpu_memory_gb': 5.984931945800781, 'cpu_vms_mb': 53215.02734375, 'gpu_allocated_gb': 16.4014336, 'gpu_reserved_gb': 16.508780544, 'gpu_total_gb': 16.928342016, 'gpu_free_gb': 0.419561472}
2025-12-12 21:09:51 [WARNING] [lib.training.pipeline:1341] CUDA OOM during training (attempt 2/4): CUDA out of memory. Tried to allocate 16.00 MiB. GPU 0 has a total capacity of 15.77 GiB of which 4.19 MiB is free. Including non-PyTorch memory, this process has 15.75 GiB memory in use. Of the allocated memory 15.28 GiB is allocated by PyTorch, and 102.37 MiB is reserved by PyTorch but unallocated. If reserved but unallocated memory is large try setting PYTORCH_CUDA_ALLOC_CONF=expandable_segments:True to avoid fragmentation.  See documentation for Memory Management  (https://pytorch.org/docs/stable/notes/cuda.html#environment-variables). Model: naive_cnn, Fold: 2, Current batch size: 1
2025-12-12 21:09:51 [INFO] [lib.training.trainer:260] Warmup will be handled in training loop (2 epochs)
2025-12-12 21:10:11 [INFO] [lib.models.video:448] Chunk size increased from 10 to 12 (after 3 successes, increment: 2)
2025-12-12 21:10:45 [ERROR] [lib.training._cnn:182] Runtime error in forward pass: CUDA out of memory. Tried to allocate 16.00 MiB. GPU 0 has a total capacity of 15.77 GiB of which 4.19 MiB is free. Including non-PyTorch memory, this process has 15.75 GiB memory in use. Of the allocated memory 15.27 GiB is allocated by PyTorch, and 102.77 MiB is reserved by PyTorch but unallocated. If reserved but unallocated memory is large try setting PYTORCH_CUDA_ALLOC_CONF=expandable_segments:True to avoid fragmentation.  See documentation for Memory Management  (https://pytorch.org/docs/stable/notes/cuda.html#environment-variables). Input shape: torch.Size([1, 3, 1000, 192, 256]), Model num_frames: 1000
2025-12-12 21:10:45 [ERROR] [lib.utils.memory:130] OOM error forward pass batch 0: CUDA out of memory. Tried to allocate 16.00 MiB. GPU 0 has a total capacity of 15.77 GiB of which 4.19 MiB is free. Including non-PyTorch memory, this process has 15.75 GiB memory in use. Of the allocated memory 15.27 GiB is allocated by PyTorch, and 102.77 MiB is reserved by PyTorch but unallocated. If reserved but unallocated memory is large try setting PYTORCH_CUDA_ALLOC_CONF=expandable_segments:True to avoid fragmentation.  See documentation for Memory Management  (https://pytorch.org/docs/stable/notes/cuda.html#environment-variables)
2025-12-12 21:10:45 [INFO] [lib.utils.memory:91] Memory stats (after OOM forward pass batch 0): {'cpu_memory_mb': 6128.5703125, 'cpu_memory_gb': 5.984931945800781, 'cpu_vms_mb': 53215.02734375, 'gpu_allocated_gb': 16.401020928, 'gpu_reserved_gb': 16.508780544, 'gpu_total_gb': 16.928342016, 'gpu_free_gb': 0.419561472}
2025-12-12 21:10:45 [WARNING] [lib.training.pipeline:1341] CUDA OOM during training (attempt 3/4): CUDA out of memory. Tried to allocate 16.00 MiB. GPU 0 has a total capacity of 15.77 GiB of which 4.19 MiB is free. Including non-PyTorch memory, this process has 15.75 GiB memory in use. Of the allocated memory 15.27 GiB is allocated by PyTorch, and 102.77 MiB is reserved by PyTorch but unallocated. If reserved but unallocated memory is large try setting PYTORCH_CUDA_ALLOC_CONF=expandable_segments:True to avoid fragmentation.  See documentation for Memory Management  (https://pytorch.org/docs/stable/notes/cuda.html#environment-variables). Model: naive_cnn, Fold: 2, Current batch size: 1
2025-12-12 21:10:46 [INFO] [lib.training.trainer:260] Warmup will be handled in training loop (2 epochs)
2025-12-12 21:12:15 [ERROR] [lib.training._cnn:182] Runtime error in forward pass: CUDA out of memory. Tried to allocate 16.00 MiB. GPU 0 has a total capacity of 15.77 GiB of which 4.19 MiB is free. Including non-PyTorch memory, this process has 15.75 GiB memory in use. Of the allocated memory 15.28 GiB is allocated by PyTorch, and 102.37 MiB is reserved by PyTorch but unallocated. If reserved but unallocated memory is large try setting PYTORCH_CUDA_ALLOC_CONF=expandable_segments:True to avoid fragmentation.  See documentation for Memory Management  (https://pytorch.org/docs/stable/notes/cuda.html#environment-variables). Input shape: torch.Size([1, 3, 1000, 192, 256]), Model num_frames: 1000
2025-12-12 21:12:15 [ERROR] [lib.utils.memory:130] OOM error forward pass batch 1: CUDA out of memory. Tried to allocate 16.00 MiB. GPU 0 has a total capacity of 15.77 GiB of which 4.19 MiB is free. Including non-PyTorch memory, this process has 15.75 GiB memory in use. Of the allocated memory 15.28 GiB is allocated by PyTorch, and 102.37 MiB is reserved by PyTorch but unallocated. If reserved but unallocated memory is large try setting PYTORCH_CUDA_ALLOC_CONF=expandable_segments:True to avoid fragmentation.  See documentation for Memory Management  (https://pytorch.org/docs/stable/notes/cuda.html#environment-variables)
2025-12-12 21:12:16 [INFO] [lib.utils.memory:91] Memory stats (after OOM forward pass batch 1): {'cpu_memory_mb': 6128.72265625, 'cpu_memory_gb': 5.985080718994141, 'cpu_vms_mb': 53215.02734375, 'gpu_allocated_gb': 16.4014336, 'gpu_reserved_gb': 16.508780544, 'gpu_total_gb': 16.928342016, 'gpu_free_gb': 0.419561472}
2025-12-12 21:12:16 [ERROR] [lib.training.pipeline:1359] CUDA OOM or runtime error during training (max retries reached): CUDA out of memory. Tried to allocate 16.00 MiB. GPU 0 has a total capacity of 15.77 GiB of which 4.19 MiB is free. Including non-PyTorch memory, this process has 15.75 GiB memory in use. Of the allocated memory 15.28 GiB is allocated by PyTorch, and 102.37 MiB is reserved by PyTorch but unallocated. If reserved but unallocated memory is large try setting PYTORCH_CUDA_ALLOC_CONF=expandable_segments:True to avoid fragmentation.  See documentation for Memory Management  (https://pytorch.org/docs/stable/notes/cuda.html#environment-variables). Model: naive_cnn, Fold: 2, Final batch size: 1
2025-12-12 21:12:16 [ERROR] [lib.training.pipeline:1738] Error training fold 2: CUDA out of memory. Tried to allocate 16.00 MiB. GPU 0 has a total capacity of 15.77 GiB of which 4.19 MiB is free. Including non-PyTorch memory, this process has 15.75 GiB memory in use. Of the allocated memory 15.28 GiB is allocated by PyTorch, and 102.37 MiB is reserved by PyTorch but unallocated. If reserved but unallocated memory is large try setting PYTORCH_CUDA_ALLOC_CONF=expandable_segments:True to avoid fragmentation.  See documentation for Memory Management  (https://pytorch.org/docs/stable/notes/cuda.html#environment-variables)
Traceback (most recent call last):
  File "/gpfs/accounts/si670f25_class_root/si670f25_class/santoshd/fvc/lib/training/pipeline.py", line 1305, in stage5_train_models
    model = fit(
            ^^^^
  File "/gpfs/accounts/si670f25_class_root/si670f25_class/santoshd/fvc/lib/training/trainer.py", line 672, in fit
    train_loss = train_one_epoch(
                 ^^^^^^^^^^^^^^^^
  File "/gpfs/accounts/si670f25_class_root/si670f25_class/santoshd/fvc/lib/training/trainer.py", line 343, in train_one_epoch
    logits = model(clips)
             ^^^^^^^^^^^^
  File "/gpfs/accounts/si670f25_class_root/si670f25_class/santoshd/fvc/venv/lib/python3.11/site-packages/torch/nn/modules/module.py", line 1775, in _wrapped_call_impl
    return self._call_impl(*args, **kwargs)
           ^^^^^^^^^^^^^^^^^^^^^^^^^^^^^^^^
  File "/gpfs/accounts/si670f25_class_root/si670f25_class/santoshd/fvc/venv/lib/python3.11/site-packages/torch/nn/modules/module.py", line 1786, in _call_impl
    return forward_call(*args, **kwargs)
           ^^^^^^^^^^^^^^^^^^^^^^^^^^^^^
  File "/gpfs/accounts/si670f25_class_root/si670f25_class/santoshd/fvc/lib/training/_cnn.py", line 133, in forward
    chunk = F.relu(self.bn2(self.conv2(chunk)))
            ^^^^^^^^^^^^^^^^^^^^^^^^^^^^^^^^^^^
  File "/gpfs/accounts/si670f25_class_root/si670f25_class/santoshd/fvc/venv/lib/python3.11/site-packages/torch/nn/functional.py", line 1697, in relu
    result = torch.relu(input)
             ^^^^^^^^^^^^^^^^^
torch.OutOfMemoryError: CUDA out of memory. Tried to allocate 16.00 MiB. GPU 0 has a total capacity of 15.77 GiB of which 4.19 MiB is free. Including non-PyTorch memory, this process has 15.75 GiB memory in use. Of the allocated memory 15.28 GiB is allocated by PyTorch, and 102.37 MiB is reserved by PyTorch but unallocated. If reserved but unallocated memory is large try setting PYTORCH_CUDA_ALLOC_CONF=expandable_segments:True to avoid fragmentation.  See documentation for Memory Management  (https://pytorch.org/docs/stable/notes/cuda.html#environment-variables)
2025-12-12 21:12:16 [INFO] [lib.mlops.mlflow_tracker:142] MLflow run ended: cbac16a031114393b43818fb043dc89a
2025-12-12 21:12:16 [INFO] [lib.training.pipeline:874] 
Hyperparameter Search - naive_cnn - Fold 3/5 (20% sample)
2025-12-12 21:12:16 [INFO] [lib.training.pipeline:978] Training configuration - Batch size: 1, Gradient accumulation steps: 16, Effective batch size: 16
2025-12-12 21:12:16 [INFO] [lib.training.pipeline:1024] Applied PyTorch memory optimizations: expandable_segments, cudnn.benchmark=False
2025-12-12 21:12:16 [INFO] [lib.mlops.mlflow_tracker:89] MLflow run started: af72652bbdeb48aeb267141130178037 (experiment: naive_cnn)
2025-12-12 21:12:16 [INFO] [lib.training.pipeline:1117] Training PyTorch model naive_cnn on fold 3...
2025-12-12 21:12:34 [INFO] [lib.models.video:448] Chunk size increased from 10 to 12 (after 3 successes, increment: 2)
2025-12-12 21:12:53 [INFO] [lib.training.pipeline:1191] Model forward pass test successful. Output shape: torch.Size([1, 2])
2025-12-12 21:12:53 [INFO] [lib.training.trainer:260] Warmup will be handled in training loop (2 epochs)
2025-12-12 21:13:44 [ERROR] [lib.training._cnn:182] Runtime error in forward pass: CUDA out of memory. Tried to allocate 40.00 MiB. GPU 0 has a total capacity of 15.77 GiB of which 4.19 MiB is free. Including non-PyTorch memory, this process has 15.75 GiB memory in use. Of the allocated memory 15.28 GiB is allocated by PyTorch, and 96.74 MiB is reserved by PyTorch but unallocated. If reserved but unallocated memory is large try setting PYTORCH_CUDA_ALLOC_CONF=expandable_segments:True to avoid fragmentation.  See documentation for Memory Management  (https://pytorch.org/docs/stable/notes/cuda.html#environment-variables). Input shape: torch.Size([1, 3, 1000, 256, 256]), Model num_frames: 1000
2025-12-12 21:13:44 [ERROR] [lib.utils.memory:130] OOM error forward pass batch 0: CUDA out of memory. Tried to allocate 40.00 MiB. GPU 0 has a total capacity of 15.77 GiB of which 4.19 MiB is free. Including non-PyTorch memory, this process has 15.75 GiB memory in use. Of the allocated memory 15.28 GiB is allocated by PyTorch, and 96.74 MiB is reserved by PyTorch but unallocated. If reserved but unallocated memory is large try setting PYTORCH_CUDA_ALLOC_CONF=expandable_segments:True to avoid fragmentation.  See documentation for Memory Management  (https://pytorch.org/docs/stable/notes/cuda.html#environment-variables)
2025-12-12 21:13:44 [INFO] [lib.utils.memory:91] Memory stats (after OOM forward pass batch 0): {'cpu_memory_mb': 6128.6640625, 'cpu_memory_gb': 5.985023498535156, 'cpu_vms_mb': 53215.02734375, 'gpu_allocated_gb': 16.4034048, 'gpu_reserved_gb': 16.508780544, 'gpu_total_gb': 16.928342016, 'gpu_free_gb': 0.419561472}
2025-12-12 21:13:44 [WARNING] [lib.training.pipeline:1341] CUDA OOM during training (attempt 1/4): CUDA out of memory. Tried to allocate 40.00 MiB. GPU 0 has a total capacity of 15.77 GiB of which 4.19 MiB is free. Including non-PyTorch memory, this process has 15.75 GiB memory in use. Of the allocated memory 15.28 GiB is allocated by PyTorch, and 96.74 MiB is reserved by PyTorch but unallocated. If reserved but unallocated memory is large try setting PYTORCH_CUDA_ALLOC_CONF=expandable_segments:True to avoid fragmentation.  See documentation for Memory Management  (https://pytorch.org/docs/stable/notes/cuda.html#environment-variables). Model: naive_cnn, Fold: 3, Current batch size: 1
2025-12-12 21:13:44 [INFO] [lib.training.trainer:260] Warmup will be handled in training loop (2 epochs)
2025-12-12 21:14:36 [ERROR] [lib.training._cnn:182] Runtime error in forward pass: CUDA out of memory. Tried to allocate 40.00 MiB. GPU 0 has a total capacity of 15.77 GiB of which 4.19 MiB is free. Including non-PyTorch memory, this process has 15.75 GiB memory in use. Of the allocated memory 15.28 GiB is allocated by PyTorch, and 96.74 MiB is reserved by PyTorch but unallocated. If reserved but unallocated memory is large try setting PYTORCH_CUDA_ALLOC_CONF=expandable_segments:True to avoid fragmentation.  See documentation for Memory Management  (https://pytorch.org/docs/stable/notes/cuda.html#environment-variables). Input shape: torch.Size([1, 3, 1000, 256, 256]), Model num_frames: 1000
2025-12-12 21:14:36 [ERROR] [lib.utils.memory:130] OOM error forward pass batch 0: CUDA out of memory. Tried to allocate 40.00 MiB. GPU 0 has a total capacity of 15.77 GiB of which 4.19 MiB is free. Including non-PyTorch memory, this process has 15.75 GiB memory in use. Of the allocated memory 15.28 GiB is allocated by PyTorch, and 96.74 MiB is reserved by PyTorch but unallocated. If reserved but unallocated memory is large try setting PYTORCH_CUDA_ALLOC_CONF=expandable_segments:True to avoid fragmentation.  See documentation for Memory Management  (https://pytorch.org/docs/stable/notes/cuda.html#environment-variables)
2025-12-12 21:14:36 [INFO] [lib.utils.memory:91] Memory stats (after OOM forward pass batch 0): {'cpu_memory_mb': 6128.76953125, 'cpu_memory_gb': 5.985126495361328, 'cpu_vms_mb': 53215.02734375, 'gpu_allocated_gb': 16.4034048, 'gpu_reserved_gb': 16.508780544, 'gpu_total_gb': 16.928342016, 'gpu_free_gb': 0.419561472}
2025-12-12 21:14:36 [WARNING] [lib.training.pipeline:1341] CUDA OOM during training (attempt 2/4): CUDA out of memory. Tried to allocate 40.00 MiB. GPU 0 has a total capacity of 15.77 GiB of which 4.19 MiB is free. Including non-PyTorch memory, this process has 15.75 GiB memory in use. Of the allocated memory 15.28 GiB is allocated by PyTorch, and 96.74 MiB is reserved by PyTorch but unallocated. If reserved but unallocated memory is large try setting PYTORCH_CUDA_ALLOC_CONF=expandable_segments:True to avoid fragmentation.  See documentation for Memory Management  (https://pytorch.org/docs/stable/notes/cuda.html#environment-variables). Model: naive_cnn, Fold: 3, Current batch size: 1
2025-12-12 21:14:36 [INFO] [lib.training.trainer:260] Warmup will be handled in training loop (2 epochs)
