2025-12-12 14:48:07 [INFO] [__main__:310] ================================================================================
2025-12-12 14:48:07 [INFO] [__main__:311] STAGE 5: MODEL TRAINING
2025-12-12 14:48:07 [INFO] [__main__:312] ================================================================================
2025-12-12 14:48:07 [INFO] [__main__:313] Project root: /gpfs/accounts/si670f25_class_root/si670f25_class/santoshd/fvc
2025-12-12 14:48:07 [INFO] [__main__:314] Scaled metadata: /gpfs/accounts/si670f25_class_root/si670f25_class/santoshd/fvc/data/scaled_videos/scaled_metadata.arrow
2025-12-12 14:48:07 [INFO] [__main__:315] Features Stage 2: /gpfs/accounts/si670f25_class_root/si670f25_class/santoshd/fvc/data/features_stage2/features_metadata.arrow
2025-12-12 14:48:07 [INFO] [__main__:316] Features Stage 4: /gpfs/accounts/si670f25_class_root/si670f25_class/santoshd/fvc/data/features_stage4/features_scaled_metadata.arrow
2025-12-12 14:48:07 [INFO] [__main__:317] Model types: ['logistic_regression']
2025-12-12 14:48:07 [INFO] [__main__:318] K-fold splits: 5
2025-12-12 14:48:07 [INFO] [__main__:319] Number of frames: 1000
2025-12-12 14:48:07 [INFO] [__main__:320] Output directory: /gpfs/accounts/si670f25_class_root/si670f25_class/santoshd/fvc/data/stage5
2025-12-12 14:48:07 [INFO] [__main__:321] Experiment tracking: Enabled
2025-12-12 14:48:07 [INFO] [__main__:324] Delete existing: False
2025-12-12 14:48:07 [INFO] [__main__:325] Resume mode: True
2025-12-12 14:48:07 [INFO] [__main__:326] Log file: /gpfs/accounts/si670f25_class_root/si670f25_class/santoshd/fvc/logs/stage5_training_1765568887.log
2025-12-12 14:48:07 [INFO] [__main__:333] ================================================================================
2025-12-12 14:48:07 [INFO] [__main__:334] Checking prerequisites...
2025-12-12 14:48:07 [INFO] [__main__:335] ================================================================================
2025-12-12 14:48:07 [INFO] [__main__:342] ✓ Scaled metadata file found: /gpfs/accounts/si670f25_class_root/si670f25_class/santoshd/fvc/data/scaled_videos/scaled_metadata.arrow
2025-12-12 14:48:07 [INFO] [__main__:352] ✓ All model types are valid
2025-12-12 14:48:07 [INFO] [__main__:358] ================================================================================
2025-12-12 14:48:07 [INFO] [__main__:359] Initial memory statistics:
2025-12-12 14:48:07 [INFO] [__main__:360] ================================================================================
2025-12-12 14:48:08 [INFO] [lib.utils.memory:89] Memory stats (Stage 5: before training): {'cpu_memory_mb': 735.33984375, 'cpu_memory_gb': 0.7181053161621094, 'cpu_vms_mb': 10217.5390625, 'gpu_allocated_gb': 0.0, 'gpu_reserved_gb': 0.0, 'gpu_total_gb': 16.928342016, 'gpu_free_gb': 16.928342016}
2025-12-12 14:48:08 [INFO] [__main__:364] ================================================================================
2025-12-12 14:48:08 [INFO] [__main__:365] Starting Stage 5: Model Training
2025-12-12 14:48:08 [INFO] [__main__:366] ================================================================================
2025-12-12 14:48:08 [INFO] [__main__:367] Training 1 model(s) with 5-fold cross-validation
2025-12-12 14:48:08 [INFO] [__main__:368] This may take a while depending on dataset size and model complexity...
2025-12-12 14:48:08 [INFO] [__main__:369] Progress will be logged in real-time
2025-12-12 14:48:08 [INFO] [__main__:370] ================================================================================
2025-12-12 14:48:08 [INFO] [__main__:375] Calling Stage 5 training pipeline...
2025-12-12 14:48:08 [INFO] [__main__:376] This may take a while - progress will be logged in real-time
2025-12-12 14:48:08 [INFO] [lib.training.pipeline:490] ================================================================================
2025-12-12 14:48:08 [INFO] [lib.training.pipeline:491] Stage 5: Model Training Pipeline Started
2025-12-12 14:48:08 [INFO] [lib.training.pipeline:492] ================================================================================
2025-12-12 14:48:08 [INFO] [lib.training.pipeline:493] Model types: ['logistic_regression']
2025-12-12 14:48:08 [INFO] [lib.training.pipeline:494] K-fold splits: 5
2025-12-12 14:48:08 [INFO] [lib.training.pipeline:495] Frames per video: 1000
2025-12-12 14:48:08 [INFO] [lib.training.pipeline:496] Output directory: data/stage5
2025-12-12 14:48:08 [INFO] [lib.training.pipeline:497] Initializing pipeline...
2025-12-12 14:48:08 [INFO] [lib.training.pipeline:265] ================================================================================
2025-12-12 14:48:08 [INFO] [lib.training.pipeline:266] STAGE 5 PREREQUISITE VALIDATION
2025-12-12 14:48:08 [INFO] [lib.training.pipeline:267] ================================================================================
2025-12-12 14:48:08 [INFO] [lib.training.pipeline:270] 
[1/3] Checking Stage 3 (scaled videos) - REQUIRED for all models...
2025-12-12 14:48:08 [INFO] [lib.training.pipeline:279] ✓ Stage 3 metadata found: 3278 scaled videos
2025-12-12 14:48:08 [INFO] [lib.training.pipeline:280]   Path: /gpfs/accounts/si670f25_class_root/si670f25_class/santoshd/fvc/data/scaled_videos/scaled_metadata.arrow
2025-12-12 14:48:08 [INFO] [lib.training.pipeline:283] 
[2/3] Checking Stage 2 (features) - REQUIRED for *_stage2 models...
2025-12-12 14:48:08 [INFO] [lib.training.pipeline:291] ✓ Stage 2 metadata found: 3278 feature rows
2025-12-12 14:48:08 [INFO] [lib.training.pipeline:292]   Path: /gpfs/accounts/si670f25_class_root/si670f25_class/santoshd/fvc/data/features_stage2/features_metadata.arrow
2025-12-12 14:48:08 [INFO] [lib.training.pipeline:295] 
[3/3] Checking Stage 4 (scaled features) - REQUIRED for *_stage2_stage4 models...
2025-12-12 14:48:08 [INFO] [lib.training.pipeline:303] ✓ Stage 4 metadata found: 3277 feature rows
2025-12-12 14:48:08 [INFO] [lib.training.pipeline:304]   Path: /gpfs/accounts/si670f25_class_root/si670f25_class/santoshd/fvc/data/features_stage4/features_scaled_metadata.arrow
2025-12-12 14:48:08 [INFO] [lib.training.pipeline:307] 
================================================================================
2025-12-12 14:48:08 [INFO] [lib.training.pipeline:308] MODEL REQUIREMENTS CHECK
2025-12-12 14:48:08 [INFO] [lib.training.pipeline:309] ================================================================================
2025-12-12 14:48:08 [INFO] [lib.training.pipeline:333] ✓ logistic_regression: CAN RUN
2025-12-12 14:48:08 [INFO] [lib.training.pipeline:336] 
================================================================================
2025-12-12 14:48:08 [INFO] [lib.training.pipeline:337] VALIDATION SUMMARY
2025-12-12 14:48:08 [INFO] [lib.training.pipeline:338] ================================================================================
2025-12-12 14:48:08 [INFO] [lib.training.pipeline:339] Stage 3 (scaled videos): ✓ Available
2025-12-12 14:48:08 [INFO] [lib.training.pipeline:340]   Count: 3278 videos
2025-12-12 14:48:08 [INFO] [lib.training.pipeline:341] Stage 2 (features): ✓ Available
2025-12-12 14:48:08 [INFO] [lib.training.pipeline:342]   Count: 3278 feature rows
2025-12-12 14:48:08 [INFO] [lib.training.pipeline:343] Stage 4 (scaled features): ✓ Available
2025-12-12 14:48:08 [INFO] [lib.training.pipeline:344]   Count: 3277 feature rows
2025-12-12 14:48:08 [INFO] [lib.training.pipeline:345] 
Runnable models: 1/1
2025-12-12 14:48:08 [INFO] [lib.training.pipeline:346]   ['logistic_regression']
2025-12-12 14:48:08 [INFO] [lib.training.pipeline:353] ================================================================================
2025-12-12 14:48:08 [INFO] [lib.training.pipeline:583] 
Stage 5: Loading metadata...
2025-12-12 14:48:08 [INFO] [lib.training.pipeline:609] Loaded metadata: 3278 rows
2025-12-12 14:48:08 [INFO] [lib.training.pipeline:619] ✓ Data validation passed: 3278 rows (> 3000 required)
2025-12-12 14:48:08 [WARNING] [lib.utils.guardrails:171] Disk usage high: free=826372.77GB, used=1673467.23GB (66.9%)
2025-12-12 14:48:08 [INFO] [lib.training.pipeline:641] Loading Stage 2 and Stage 4 features (required for feature-based models)...
2025-12-12 14:48:08 [INFO] [lib.training.pipeline:651] Stage 5: Found 3278 scaled videos
2025-12-12 14:48:08 [INFO] [lib.training.pipeline:742] 
================================================================================
2025-12-12 14:48:08 [INFO] [lib.training.pipeline:743] Stage 5: Training model: logistic_regression
2025-12-12 14:48:08 [INFO] [lib.training.pipeline:744] ================================================================================
2025-12-12 14:48:10 [INFO] [lib.training.pipeline:768] Grid search: 40 hyperparameter combinations to try
2025-12-12 14:48:10 [INFO] [lib.training.pipeline:776] ================================================================================
2025-12-12 14:48:10 [INFO] [lib.training.pipeline:777] HYPERPARAMETER SEARCH: Using 20% stratified sample for efficiency
2025-12-12 14:48:10 [INFO] [lib.training.pipeline:778] ================================================================================
2025-12-12 14:48:11 [INFO] [lib.training.pipeline:787] Hyperparameter search sample: 655 rows (20.0% of 3278 total)
