2025-12-14 10:13:18 [INFO] [__main__:310] ================================================================================
2025-12-14 10:13:18 [INFO] [__main__:311] STAGE 5: MODEL TRAINING
2025-12-14 10:13:18 [INFO] [__main__:312] ================================================================================
2025-12-14 10:13:18 [INFO] [__main__:313] Project root: /gpfs/accounts/si670f25_class_root/si670f25_class/santoshd/fvc
2025-12-14 10:13:18 [INFO] [__main__:314] Scaled metadata: /gpfs/accounts/si670f25_class_root/si670f25_class/santoshd/fvc/data/scaled_videos/scaled_metadata.arrow
2025-12-14 10:13:18 [INFO] [__main__:315] Features Stage 2: /gpfs/accounts/si670f25_class_root/si670f25_class/santoshd/fvc/data/features_stage2/features_metadata.arrow
2025-12-14 10:13:18 [INFO] [__main__:316] Features Stage 4: /gpfs/accounts/si670f25_class_root/si670f25_class/santoshd/fvc/data/features_stage4/features_scaled_metadata.arrow
2025-12-14 10:13:18 [INFO] [__main__:317] Model types: ['xgboost_vit_gru']
2025-12-14 10:13:18 [INFO] [__main__:318] K-fold splits: 5
2025-12-14 10:13:18 [INFO] [__main__:319] Number of frames: 1000
2025-12-14 10:13:18 [INFO] [__main__:320] Output directory: /gpfs/accounts/si670f25_class_root/si670f25_class/santoshd/fvc/data/stage5
2025-12-14 10:13:18 [INFO] [__main__:321] Experiment tracking: Enabled
2025-12-14 10:13:18 [INFO] [__main__:324] Delete existing: True
2025-12-14 10:13:18 [INFO] [__main__:325] Resume mode: True
2025-12-14 10:13:18 [INFO] [__main__:326] Log file: /gpfs/accounts/si670f25_class_root/si670f25_class/santoshd/fvc/logs/stage5_training_1765725198.log
2025-12-14 10:13:18 [INFO] [__main__:333] ================================================================================
2025-12-14 10:13:18 [INFO] [__main__:334] Checking prerequisites...
2025-12-14 10:13:18 [INFO] [__main__:335] ================================================================================
2025-12-14 10:13:18 [INFO] [__main__:342] ✓ Scaled metadata file found: /gpfs/accounts/si670f25_class_root/si670f25_class/santoshd/fvc/data/scaled_videos/scaled_metadata.arrow
2025-12-14 10:13:18 [INFO] [__main__:352] ✓ All model types are valid
2025-12-14 10:13:18 [INFO] [__main__:358] ================================================================================
2025-12-14 10:13:18 [INFO] [__main__:359] Initial memory statistics:
2025-12-14 10:13:18 [INFO] [__main__:360] ================================================================================
2025-12-14 10:13:18 [INFO] [lib.utils.memory:91] Memory stats (Stage 5: before training): {'cpu_memory_mb': 735.74609375, 'cpu_memory_gb': 0.7185020446777344, 'cpu_vms_mb': 10217.7734375, 'gpu_allocated_gb': 0.0, 'gpu_reserved_gb': 0.0, 'gpu_total_gb': 16.928342016, 'gpu_free_gb': 16.928342016}
2025-12-14 10:13:18 [INFO] [__main__:364] ================================================================================
2025-12-14 10:13:18 [INFO] [__main__:365] Starting Stage 5: Model Training
2025-12-14 10:13:18 [INFO] [__main__:366] ================================================================================
2025-12-14 10:13:18 [INFO] [__main__:367] Training 1 model(s) with 5-fold cross-validation
2025-12-14 10:13:18 [INFO] [__main__:368] This may take a while depending on dataset size and model complexity...
2025-12-14 10:13:18 [INFO] [__main__:369] Progress will be logged in real-time
2025-12-14 10:13:18 [INFO] [__main__:370] ================================================================================
2025-12-14 10:13:18 [INFO] [__main__:375] Calling Stage 5 training pipeline...
2025-12-14 10:13:18 [INFO] [__main__:376] This may take a while - progress will be logged in real-time
2025-12-14 10:13:18 [INFO] [lib.training.pipeline:494] ================================================================================
2025-12-14 10:13:18 [INFO] [lib.training.pipeline:495] Stage 5: Model Training Pipeline Started
2025-12-14 10:13:18 [INFO] [lib.training.pipeline:496] ================================================================================
2025-12-14 10:13:18 [INFO] [lib.training.pipeline:497] Model types: ['xgboost_vit_gru']
2025-12-14 10:13:18 [INFO] [lib.training.pipeline:498] K-fold splits: 5
2025-12-14 10:13:18 [INFO] [lib.training.pipeline:499] Frames per video: 1000
2025-12-14 10:13:18 [INFO] [lib.training.pipeline:500] Output directory: data/stage5
2025-12-14 10:13:18 [INFO] [lib.training.pipeline:501] Initializing pipeline...
2025-12-14 10:13:18 [INFO] [lib.training.pipeline:263] ================================================================================
2025-12-14 10:13:18 [INFO] [lib.training.pipeline:264] STAGE 5 PREREQUISITE VALIDATION
2025-12-14 10:13:18 [INFO] [lib.training.pipeline:265] ================================================================================
2025-12-14 10:13:18 [INFO] [lib.training.pipeline:268] 
[1/3] Checking Stage 3 (scaled videos) - REQUIRED for all models...
2025-12-14 10:13:20 [INFO] [lib.training.pipeline:277] ✓ Stage 3 metadata found: 3278 scaled videos
2025-12-14 10:13:20 [INFO] [lib.training.pipeline:278]   Path: /gpfs/accounts/si670f25_class_root/si670f25_class/santoshd/fvc/data/scaled_videos/scaled_metadata.arrow
2025-12-14 10:13:20 [INFO] [lib.training.pipeline:281] 
[2/3] Checking Stage 2 (features) - REQUIRED for *_stage2 models...
2025-12-14 10:13:20 [INFO] [lib.training.pipeline:289] ✓ Stage 2 metadata found: 3278 feature rows
2025-12-14 10:13:20 [INFO] [lib.training.pipeline:290]   Path: /gpfs/accounts/si670f25_class_root/si670f25_class/santoshd/fvc/data/features_stage2/features_metadata.arrow
2025-12-14 10:13:20 [INFO] [lib.training.pipeline:293] 
[3/3] Checking Stage 4 (scaled features) - REQUIRED for *_stage2_stage4 models...
2025-12-14 10:13:20 [INFO] [lib.training.pipeline:301] ✓ Stage 4 metadata found: 3277 feature rows
2025-12-14 10:13:20 [INFO] [lib.training.pipeline:302]   Path: /gpfs/accounts/si670f25_class_root/si670f25_class/santoshd/fvc/data/features_stage4/features_scaled_metadata.arrow
2025-12-14 10:13:20 [INFO] [lib.training.pipeline:305] 
================================================================================
2025-12-14 10:13:20 [INFO] [lib.training.pipeline:306] MODEL REQUIREMENTS CHECK
2025-12-14 10:13:20 [INFO] [lib.training.pipeline:307] ================================================================================
2025-12-14 10:13:20 [INFO] [lib.training.pipeline:331] ✓ xgboost_vit_gru: CAN RUN
2025-12-14 10:13:20 [INFO] [lib.training.pipeline:334] 
================================================================================
2025-12-14 10:13:20 [INFO] [lib.training.pipeline:335] VALIDATION SUMMARY
2025-12-14 10:13:20 [INFO] [lib.training.pipeline:336] ================================================================================
2025-12-14 10:13:20 [INFO] [lib.training.pipeline:337] Stage 3 (scaled videos): ✓ Available
2025-12-14 10:13:20 [INFO] [lib.training.pipeline:338]   Count: 3278 videos
2025-12-14 10:13:20 [INFO] [lib.training.pipeline:339] Stage 2 (features): ✓ Available
2025-12-14 10:13:20 [INFO] [lib.training.pipeline:340]   Count: 3278 feature rows
2025-12-14 10:13:20 [INFO] [lib.training.pipeline:341] Stage 4 (scaled features): ✓ Available
2025-12-14 10:13:20 [INFO] [lib.training.pipeline:342]   Count: 3277 feature rows
2025-12-14 10:13:20 [INFO] [lib.training.pipeline:343] 
Runnable models: 1/1
2025-12-14 10:13:20 [INFO] [lib.training.pipeline:344]   ['xgboost_vit_gru']
2025-12-14 10:13:20 [INFO] [lib.training.pipeline:351] ================================================================================
2025-12-14 10:13:20 [INFO] [lib.training.pipeline:587] 
Stage 5: Loading metadata...
2025-12-14 10:13:20 [INFO] [lib.training.pipeline:613] Loaded metadata: 3278 rows
2025-12-14 10:13:20 [INFO] [lib.training.pipeline:623] ✓ Data validation passed: 3278 rows (> 3000 required)
2025-12-14 10:13:20 [WARNING] [lib.utils.guardrails:171] Disk usage high: free=826806.24GB, used=1673033.76GB (66.9%)
2025-12-14 10:13:20 [INFO] [lib.training.pipeline:645] Loading Stage 2 and Stage 4 features (required for feature-based models)...
2025-12-14 10:13:20 [INFO] [lib.training.pipeline:655] Stage 5: Found 3278 scaled videos
2025-12-14 10:13:20 [INFO] [lib.training.pipeline:660] ================================================================================
2025-12-14 10:13:20 [INFO] [lib.training.pipeline:661] STAGE 5: VALIDATING VIDEOS (checking for corruption and empty videos)
2025-12-14 10:13:20 [INFO] [lib.training.pipeline:662] ================================================================================
2025-12-14 10:13:20 [INFO] [lib.data.loading:155] Checking file existence for 3278 videos...
2025-12-14 10:13:24 [INFO] [lib.data.loading:165] Found 3278 existing video files (filtered out 0 missing files)
2025-12-14 10:13:24 [INFO] [lib.data.loading:169] Checking for corrupted videos (moov atom errors, etc.)...
2025-12-14 10:13:24 [INFO] [lib.data.loading:91] Loaded validation cache from /gpfs/accounts/si670f25_class_root/si670f25_class/santoshd/fvc/data/.video_validation_cache/validation_0192be168a40eb7e_corruptTrue_framesTrue.parquet (3278 entries)
2025-12-14 10:13:24 [INFO] [lib.data.loading:193] Cache hit: 3278 videos, Cache miss: 0 videos
2025-12-14 10:13:25 [WARNING] [lib.data.loading:305] Filtered out 1 corrupted videos and 0 empty videos. Keeping 3277 valid videos.
2025-12-14 10:13:25 [WARNING] [lib.data.loading:310] Sample of invalid videos:
2025-12-14 10:13:25 [WARNING] [lib.data.loading:312]   data/scaled_videos/FX5aeuJFQ64_aug1_scaled_aug1.mp4: Corrupted video: moov atom not found
2025-12-14 10:13:25 [INFO] [lib.data.loading:322] Found /gpfs/accounts/si670f25_class_root/si670f25_class/santoshd/fvc/data/skip_frame_check.txt - skipping frame check as requested.
2025-12-14 10:13:25 [WARNING] [lib.data.loading:386] Filtered out 1 invalid videos (corrupted). Keeping 3277 valid videos.
2025-12-14 10:13:25 [INFO] [lib.training.pipeline:674] ✓ Video validation complete: 3277 valid videos ready for training
2025-12-14 10:13:25 [INFO] [lib.training.pipeline:675] ================================================================================
2025-12-14 10:13:25 [INFO] [lib.training.pipeline:761] Frame caching enabled (default): cache_dir=data/.frame_cache. This will cache processed frames to disk to speed up training. First epoch will be slower (building cache), subsequent epochs will be faster. To disable, set FVC_USE_FRAME_CACHE=0
2025-12-14 10:13:25 [INFO] [lib.training.pipeline:830] Overriding num_frames to 400 for xgboost_vit_gru (XGBoost pretrained model with enhanced features) to balance performance and memory. Original num_frames was 1000.
2025-12-14 10:13:25 [INFO] [lib.training.pipeline:864] Stage 5: Deleting existing model results (clean mode)...
2025-12-14 10:13:25 [INFO] [lib.training.pipeline:873] Deleted existing results for xgboost_vit_gru
2025-12-14 10:13:25 [INFO] [lib.training.pipeline:876] Stage 5: Deleted 1 existing model directories
2025-12-14 10:13:25 [INFO] [lib.training.pipeline:881] 
================================================================================
2025-12-14 10:13:25 [INFO] [lib.training.pipeline:882] Stage 5: Training model: xgboost_vit_gru
2025-12-14 10:13:25 [INFO] [lib.training.pipeline:883] ================================================================================
2025-12-14 10:13:25 [INFO] [lib.training.pipeline:904] Overriding model_config num_frames to 400 for xgboost_vit_gru (XGBoost pretrained model with enhanced feature extraction) to improve feature quality.
2025-12-14 10:13:25 [INFO] [lib.training.pipeline:923] Grid search: 1 hyperparameter combinations to try
2025-12-14 10:13:25 [INFO] [lib.training.pipeline:937] ================================================================================
2025-12-14 10:13:25 [INFO] [lib.training.pipeline:938] HYPERPARAMETER SEARCH: Using 10.0% stratified sample for efficiency
2025-12-14 10:13:25 [INFO] [lib.training.pipeline:939] ================================================================================
2025-12-14 10:13:25 [INFO] [lib.training.pipeline:949] Hyperparameter search sample: 327 rows (10.0% of 3277 total)
2025-12-14 10:13:25 [INFO] [lib.training.pipeline:950] To change sample size, set FVC_GRID_SEARCH_SAMPLE_SIZE environment variable (current: 0.1)
2025-12-14 10:13:25 [INFO] [lib.training.pipeline:963] Using 5-fold stratified cross-validation on 10.0% sample for hyperparameter search
2025-12-14 10:13:25 [INFO] [lib.training.pipeline:976] 
================================================================================
2025-12-14 10:13:25 [INFO] [lib.training.pipeline:977] Grid Search: Hyperparameter combination 1/1
2025-12-14 10:13:25 [INFO] [lib.training.pipeline:978] Parameters: {'n_estimators': 100, 'max_depth': 5, 'learning_rate': 0.1, 'subsample': 0.8, 'colsample_bytree': 0.8}
2025-12-14 10:13:25 [INFO] [lib.training.pipeline:979] ================================================================================
2025-12-14 10:13:25 [INFO] [lib.training.pipeline:1008] 
Hyperparameter Search - xgboost_vit_gru - Fold 1/5 (10.0% sample)
2025-12-14 10:13:25 [INFO] [lib.training.pipeline:1594] Training XGBoost model xgboost_vit_gru on fold 1...
2025-12-14 10:13:25 [INFO] [lib.training._xgboost_pretrained:617] Training XGBoost on features from vit_gru...
2025-12-14 10:13:25 [INFO] [lib.training._xgboost_pretrained:618] Processing 261 videos...
2025-12-14 10:13:25 [INFO] [lib.training._xgboost_pretrained:522] Loading pretrained model: vit_gru (num_frames=400)
2025-12-14 10:13:33 [INFO] [timm.models._builder:217] Loading pretrained weights from Hugging Face hub (timm/vit_base_patch16_224.augreg2_in21k_ft_in1k)
2025-12-14 10:13:33 [INFO] [timm.models._hub:232] [timm/vit_base_patch16_224.augreg2_in21k_ft_in1k] Safe alternative available for 'pytorch_model.bin' (as 'model.safetensors'). Loading weights using safetensors.
2025-12-14 10:13:33 [INFO] [timm.layers.pos_embed:57] Resized position embedding: (14, 14) to (16, 16).
2025-12-14 10:13:35 [INFO] [lib.training._xgboost_pretrained:537] Loaded vit_gru model to GPU, cleared cache
2025-12-14 10:13:35 [INFO] [lib.training._xgboost_pretrained:585] Extracting features using vit_gru (num_frames=400)...
2025-12-14 10:13:35 [INFO] [lib.training._xgboost_pretrained:101] Applied PyTorch memory optimizations for feature extraction
2025-12-14 10:13:38 [ERROR] [lib.training.pipeline:1662] Error training XGBoost fold 1: Input height (144) doesn't match model (256).
Traceback (most recent call last):
  File "/gpfs/accounts/si670f25_class_root/si670f25_class/santoshd/fvc/lib/training/pipeline.py", line 1609, in stage5_train_models
    model.fit(train_df, project_root=project_root_str_orig)
  File "/gpfs/accounts/si670f25_class_root/si670f25_class/santoshd/fvc/lib/training/_xgboost_pretrained.py", line 627, in fit
    features, y = self._extract_features_batch(
                  ^^^^^^^^^^^^^^^^^^^^^^^^^^^^^
  File "/gpfs/accounts/si670f25_class_root/si670f25_class/santoshd/fvc/lib/training/_xgboost_pretrained.py", line 586, in _extract_features_batch
    features = extract_features_from_pretrained_model(
               ^^^^^^^^^^^^^^^^^^^^^^^^^^^^^^^^^^^^^^^
  File "/gpfs/accounts/si670f25_class_root/si670f25_class/santoshd/fvc/lib/training/_xgboost_pretrained.py", line 304, in extract_features_from_pretrained_model
    vit_output = model.vit_backbone.forward_features(clips_reshaped)
                 ^^^^^^^^^^^^^^^^^^^^^^^^^^^^^^^^^^^^^^^^^^^^^^^^^^^
  File "/gpfs/accounts/si670f25_class_root/si670f25_class/santoshd/fvc/venv/lib/python3.11/site-packages/timm/models/vision_transformer.py", line 935, in forward_features
    x = self.patch_embed(x)
        ^^^^^^^^^^^^^^^^^^^
  File "/gpfs/accounts/si670f25_class_root/si670f25_class/santoshd/fvc/venv/lib/python3.11/site-packages/torch/nn/modules/module.py", line 1775, in _wrapped_call_impl
    return self._call_impl(*args, **kwargs)
           ^^^^^^^^^^^^^^^^^^^^^^^^^^^^^^^^
  File "/gpfs/accounts/si670f25_class_root/si670f25_class/santoshd/fvc/venv/lib/python3.11/site-packages/torch/nn/modules/module.py", line 1786, in _call_impl
    return forward_call(*args, **kwargs)
           ^^^^^^^^^^^^^^^^^^^^^^^^^^^^^
  File "/gpfs/accounts/si670f25_class_root/si670f25_class/santoshd/fvc/venv/lib/python3.11/site-packages/timm/layers/patch_embed.py", line 121, in forward
    _assert(H == self.img_size[0], f"Input height ({H}) doesn't match model ({self.img_size[0]}).")
  File "/gpfs/accounts/si670f25_class_root/si670f25_class/santoshd/fvc/venv/lib/python3.11/site-packages/torch/__init__.py", line 2185, in _assert
    assert condition, message
AssertionError: Input height (144) doesn't match model (256).
2025-12-14 10:13:38 [INFO] [lib.training.pipeline:1008] 
Hyperparameter Search - xgboost_vit_gru - Fold 2/5 (10.0% sample)
2025-12-14 10:13:38 [INFO] [lib.training.pipeline:1594] Training XGBoost model xgboost_vit_gru on fold 2...
2025-12-14 10:13:38 [INFO] [lib.training._xgboost_pretrained:617] Training XGBoost on features from vit_gru...
2025-12-14 10:13:38 [INFO] [lib.training._xgboost_pretrained:618] Processing 261 videos...
2025-12-14 10:13:39 [INFO] [lib.training._xgboost_pretrained:522] Loading pretrained model: vit_gru (num_frames=400)
2025-12-14 10:13:40 [INFO] [timm.models._builder:217] Loading pretrained weights from Hugging Face hub (timm/vit_base_patch16_224.augreg2_in21k_ft_in1k)
2025-12-14 10:13:40 [INFO] [timm.models._hub:232] [timm/vit_base_patch16_224.augreg2_in21k_ft_in1k] Safe alternative available for 'pytorch_model.bin' (as 'model.safetensors'). Loading weights using safetensors.
2025-12-14 10:13:40 [INFO] [timm.layers.pos_embed:57] Resized position embedding: (14, 14) to (16, 16).
2025-12-14 10:13:40 [INFO] [lib.training._xgboost_pretrained:537] Loaded vit_gru model to GPU, cleared cache
2025-12-14 10:13:40 [INFO] [lib.training._xgboost_pretrained:585] Extracting features using vit_gru (num_frames=400)...
2025-12-14 10:13:40 [INFO] [lib.training._xgboost_pretrained:101] Applied PyTorch memory optimizations for feature extraction
2025-12-14 10:13:42 [ERROR] [lib.training.pipeline:1662] Error training XGBoost fold 2: Input height (144) doesn't match model (256).
Traceback (most recent call last):
  File "/gpfs/accounts/si670f25_class_root/si670f25_class/santoshd/fvc/lib/training/pipeline.py", line 1609, in stage5_train_models
    model.fit(train_df, project_root=project_root_str_orig)
  File "/gpfs/accounts/si670f25_class_root/si670f25_class/santoshd/fvc/lib/training/_xgboost_pretrained.py", line 627, in fit
    features, y = self._extract_features_batch(
                  ^^^^^^^^^^^^^^^^^^^^^^^^^^^^^
  File "/gpfs/accounts/si670f25_class_root/si670f25_class/santoshd/fvc/lib/training/_xgboost_pretrained.py", line 586, in _extract_features_batch
    features = extract_features_from_pretrained_model(
               ^^^^^^^^^^^^^^^^^^^^^^^^^^^^^^^^^^^^^^^
  File "/gpfs/accounts/si670f25_class_root/si670f25_class/santoshd/fvc/lib/training/_xgboost_pretrained.py", line 304, in extract_features_from_pretrained_model
    vit_output = model.vit_backbone.forward_features(clips_reshaped)
                 ^^^^^^^^^^^^^^^^^^^^^^^^^^^^^^^^^^^^^^^^^^^^^^^^^^^
  File "/gpfs/accounts/si670f25_class_root/si670f25_class/santoshd/fvc/venv/lib/python3.11/site-packages/timm/models/vision_transformer.py", line 935, in forward_features
    x = self.patch_embed(x)
        ^^^^^^^^^^^^^^^^^^^
  File "/gpfs/accounts/si670f25_class_root/si670f25_class/santoshd/fvc/venv/lib/python3.11/site-packages/torch/nn/modules/module.py", line 1775, in _wrapped_call_impl
    return self._call_impl(*args, **kwargs)
           ^^^^^^^^^^^^^^^^^^^^^^^^^^^^^^^^
  File "/gpfs/accounts/si670f25_class_root/si670f25_class/santoshd/fvc/venv/lib/python3.11/site-packages/torch/nn/modules/module.py", line 1786, in _call_impl
    return forward_call(*args, **kwargs)
           ^^^^^^^^^^^^^^^^^^^^^^^^^^^^^
  File "/gpfs/accounts/si670f25_class_root/si670f25_class/santoshd/fvc/venv/lib/python3.11/site-packages/timm/layers/patch_embed.py", line 121, in forward
    _assert(H == self.img_size[0], f"Input height ({H}) doesn't match model ({self.img_size[0]}).")
  File "/gpfs/accounts/si670f25_class_root/si670f25_class/santoshd/fvc/venv/lib/python3.11/site-packages/torch/__init__.py", line 2185, in _assert
    assert condition, message
AssertionError: Input height (144) doesn't match model (256).
2025-12-14 10:13:42 [INFO] [lib.training.pipeline:1008] 
Hyperparameter Search - xgboost_vit_gru - Fold 3/5 (10.0% sample)
2025-12-14 10:13:42 [INFO] [lib.training.pipeline:1594] Training XGBoost model xgboost_vit_gru on fold 3...
2025-12-14 10:13:42 [INFO] [lib.training._xgboost_pretrained:617] Training XGBoost on features from vit_gru...
2025-12-14 10:13:42 [INFO] [lib.training._xgboost_pretrained:618] Processing 262 videos...
2025-12-14 10:13:42 [INFO] [lib.training._xgboost_pretrained:522] Loading pretrained model: vit_gru (num_frames=400)
2025-12-14 10:13:44 [INFO] [timm.models._builder:217] Loading pretrained weights from Hugging Face hub (timm/vit_base_patch16_224.augreg2_in21k_ft_in1k)
2025-12-14 10:13:44 [INFO] [timm.models._hub:232] [timm/vit_base_patch16_224.augreg2_in21k_ft_in1k] Safe alternative available for 'pytorch_model.bin' (as 'model.safetensors'). Loading weights using safetensors.
2025-12-14 10:13:44 [INFO] [timm.layers.pos_embed:57] Resized position embedding: (14, 14) to (16, 16).
2025-12-14 10:13:44 [INFO] [lib.training._xgboost_pretrained:537] Loaded vit_gru model to GPU, cleared cache
2025-12-14 10:13:44 [INFO] [lib.training._xgboost_pretrained:585] Extracting features using vit_gru (num_frames=400)...
2025-12-14 10:13:44 [INFO] [lib.training._xgboost_pretrained:101] Applied PyTorch memory optimizations for feature extraction
2025-12-14 10:13:46 [ERROR] [lib.training.pipeline:1662] Error training XGBoost fold 3: Input height (144) doesn't match model (256).
Traceback (most recent call last):
  File "/gpfs/accounts/si670f25_class_root/si670f25_class/santoshd/fvc/lib/training/pipeline.py", line 1609, in stage5_train_models
    model.fit(train_df, project_root=project_root_str_orig)
  File "/gpfs/accounts/si670f25_class_root/si670f25_class/santoshd/fvc/lib/training/_xgboost_pretrained.py", line 627, in fit
    features, y = self._extract_features_batch(
                  ^^^^^^^^^^^^^^^^^^^^^^^^^^^^^
  File "/gpfs/accounts/si670f25_class_root/si670f25_class/santoshd/fvc/lib/training/_xgboost_pretrained.py", line 586, in _extract_features_batch
    features = extract_features_from_pretrained_model(
               ^^^^^^^^^^^^^^^^^^^^^^^^^^^^^^^^^^^^^^^
  File "/gpfs/accounts/si670f25_class_root/si670f25_class/santoshd/fvc/lib/training/_xgboost_pretrained.py", line 304, in extract_features_from_pretrained_model
    vit_output = model.vit_backbone.forward_features(clips_reshaped)
                 ^^^^^^^^^^^^^^^^^^^^^^^^^^^^^^^^^^^^^^^^^^^^^^^^^^^
  File "/gpfs/accounts/si670f25_class_root/si670f25_class/santoshd/fvc/venv/lib/python3.11/site-packages/timm/models/vision_transformer.py", line 935, in forward_features
    x = self.patch_embed(x)
        ^^^^^^^^^^^^^^^^^^^
  File "/gpfs/accounts/si670f25_class_root/si670f25_class/santoshd/fvc/venv/lib/python3.11/site-packages/torch/nn/modules/module.py", line 1775, in _wrapped_call_impl
    return self._call_impl(*args, **kwargs)
           ^^^^^^^^^^^^^^^^^^^^^^^^^^^^^^^^
  File "/gpfs/accounts/si670f25_class_root/si670f25_class/santoshd/fvc/venv/lib/python3.11/site-packages/torch/nn/modules/module.py", line 1786, in _call_impl
    return forward_call(*args, **kwargs)
           ^^^^^^^^^^^^^^^^^^^^^^^^^^^^^
  File "/gpfs/accounts/si670f25_class_root/si670f25_class/santoshd/fvc/venv/lib/python3.11/site-packages/timm/layers/patch_embed.py", line 121, in forward
    _assert(H == self.img_size[0], f"Input height ({H}) doesn't match model ({self.img_size[0]}).")
  File "/gpfs/accounts/si670f25_class_root/si670f25_class/santoshd/fvc/venv/lib/python3.11/site-packages/torch/__init__.py", line 2185, in _assert
    assert condition, message
AssertionError: Input height (144) doesn't match model (256).
2025-12-14 10:13:46 [INFO] [lib.training.pipeline:1008] 
Hyperparameter Search - xgboost_vit_gru - Fold 4/5 (10.0% sample)
2025-12-14 10:13:46 [INFO] [lib.training.pipeline:1594] Training XGBoost model xgboost_vit_gru on fold 4...
2025-12-14 10:13:46 [INFO] [lib.training._xgboost_pretrained:617] Training XGBoost on features from vit_gru...
2025-12-14 10:13:46 [INFO] [lib.training._xgboost_pretrained:618] Processing 262 videos...
2025-12-14 10:13:47 [INFO] [lib.training._xgboost_pretrained:522] Loading pretrained model: vit_gru (num_frames=400)
2025-12-14 10:13:48 [INFO] [timm.models._builder:217] Loading pretrained weights from Hugging Face hub (timm/vit_base_patch16_224.augreg2_in21k_ft_in1k)
2025-12-14 10:13:48 [INFO] [timm.models._hub:232] [timm/vit_base_patch16_224.augreg2_in21k_ft_in1k] Safe alternative available for 'pytorch_model.bin' (as 'model.safetensors'). Loading weights using safetensors.
2025-12-14 10:13:48 [INFO] [timm.layers.pos_embed:57] Resized position embedding: (14, 14) to (16, 16).
2025-12-14 10:13:48 [INFO] [lib.training._xgboost_pretrained:537] Loaded vit_gru model to GPU, cleared cache
2025-12-14 10:13:48 [INFO] [lib.training._xgboost_pretrained:585] Extracting features using vit_gru (num_frames=400)...
2025-12-14 10:13:48 [INFO] [lib.training._xgboost_pretrained:101] Applied PyTorch memory optimizations for feature extraction
2025-12-14 10:13:50 [ERROR] [lib.training.pipeline:1662] Error training XGBoost fold 4: Input height (144) doesn't match model (256).
Traceback (most recent call last):
  File "/gpfs/accounts/si670f25_class_root/si670f25_class/santoshd/fvc/lib/training/pipeline.py", line 1609, in stage5_train_models
    model.fit(train_df, project_root=project_root_str_orig)
  File "/gpfs/accounts/si670f25_class_root/si670f25_class/santoshd/fvc/lib/training/_xgboost_pretrained.py", line 627, in fit
    features, y = self._extract_features_batch(
                  ^^^^^^^^^^^^^^^^^^^^^^^^^^^^^
  File "/gpfs/accounts/si670f25_class_root/si670f25_class/santoshd/fvc/lib/training/_xgboost_pretrained.py", line 586, in _extract_features_batch
    features = extract_features_from_pretrained_model(
               ^^^^^^^^^^^^^^^^^^^^^^^^^^^^^^^^^^^^^^^
  File "/gpfs/accounts/si670f25_class_root/si670f25_class/santoshd/fvc/lib/training/_xgboost_pretrained.py", line 304, in extract_features_from_pretrained_model
    vit_output = model.vit_backbone.forward_features(clips_reshaped)
                 ^^^^^^^^^^^^^^^^^^^^^^^^^^^^^^^^^^^^^^^^^^^^^^^^^^^
  File "/gpfs/accounts/si670f25_class_root/si670f25_class/santoshd/fvc/venv/lib/python3.11/site-packages/timm/models/vision_transformer.py", line 935, in forward_features
    x = self.patch_embed(x)
        ^^^^^^^^^^^^^^^^^^^
  File "/gpfs/accounts/si670f25_class_root/si670f25_class/santoshd/fvc/venv/lib/python3.11/site-packages/torch/nn/modules/module.py", line 1775, in _wrapped_call_impl
    return self._call_impl(*args, **kwargs)
           ^^^^^^^^^^^^^^^^^^^^^^^^^^^^^^^^
  File "/gpfs/accounts/si670f25_class_root/si670f25_class/santoshd/fvc/venv/lib/python3.11/site-packages/torch/nn/modules/module.py", line 1786, in _call_impl
    return forward_call(*args, **kwargs)
           ^^^^^^^^^^^^^^^^^^^^^^^^^^^^^
  File "/gpfs/accounts/si670f25_class_root/si670f25_class/santoshd/fvc/venv/lib/python3.11/site-packages/timm/layers/patch_embed.py", line 121, in forward
    _assert(H == self.img_size[0], f"Input height ({H}) doesn't match model ({self.img_size[0]}).")
  File "/gpfs/accounts/si670f25_class_root/si670f25_class/santoshd/fvc/venv/lib/python3.11/site-packages/torch/__init__.py", line 2185, in _assert
    assert condition, message
AssertionError: Input height (144) doesn't match model (256).
2025-12-14 10:13:50 [INFO] [lib.training.pipeline:1008] 
Hyperparameter Search - xgboost_vit_gru - Fold 5/5 (10.0% sample)
2025-12-14 10:13:50 [INFO] [lib.training.pipeline:1594] Training XGBoost model xgboost_vit_gru on fold 5...
2025-12-14 10:13:50 [INFO] [lib.training._xgboost_pretrained:617] Training XGBoost on features from vit_gru...
2025-12-14 10:13:50 [INFO] [lib.training._xgboost_pretrained:618] Processing 262 videos...
2025-12-14 10:13:50 [INFO] [lib.training._xgboost_pretrained:522] Loading pretrained model: vit_gru (num_frames=400)
2025-12-14 10:13:52 [INFO] [timm.models._builder:217] Loading pretrained weights from Hugging Face hub (timm/vit_base_patch16_224.augreg2_in21k_ft_in1k)
2025-12-14 10:13:52 [INFO] [timm.models._hub:232] [timm/vit_base_patch16_224.augreg2_in21k_ft_in1k] Safe alternative available for 'pytorch_model.bin' (as 'model.safetensors'). Loading weights using safetensors.
2025-12-14 10:13:52 [INFO] [timm.layers.pos_embed:57] Resized position embedding: (14, 14) to (16, 16).
2025-12-14 10:13:52 [INFO] [lib.training._xgboost_pretrained:537] Loaded vit_gru model to GPU, cleared cache
2025-12-14 10:13:52 [INFO] [lib.training._xgboost_pretrained:585] Extracting features using vit_gru (num_frames=400)...
2025-12-14 10:13:52 [INFO] [lib.training._xgboost_pretrained:101] Applied PyTorch memory optimizations for feature extraction
2025-12-14 10:13:53 [ERROR] [lib.training.pipeline:1662] Error training XGBoost fold 5: Input width (204) doesn't match model (256).
Traceback (most recent call last):
  File "/gpfs/accounts/si670f25_class_root/si670f25_class/santoshd/fvc/lib/training/pipeline.py", line 1609, in stage5_train_models
    model.fit(train_df, project_root=project_root_str_orig)
  File "/gpfs/accounts/si670f25_class_root/si670f25_class/santoshd/fvc/lib/training/_xgboost_pretrained.py", line 627, in fit
    features, y = self._extract_features_batch(
                  ^^^^^^^^^^^^^^^^^^^^^^^^^^^^^
  File "/gpfs/accounts/si670f25_class_root/si670f25_class/santoshd/fvc/lib/training/_xgboost_pretrained.py", line 586, in _extract_features_batch
    features = extract_features_from_pretrained_model(
               ^^^^^^^^^^^^^^^^^^^^^^^^^^^^^^^^^^^^^^^
  File "/gpfs/accounts/si670f25_class_root/si670f25_class/santoshd/fvc/lib/training/_xgboost_pretrained.py", line 304, in extract_features_from_pretrained_model
    vit_output = model.vit_backbone.forward_features(clips_reshaped)
                 ^^^^^^^^^^^^^^^^^^^^^^^^^^^^^^^^^^^^^^^^^^^^^^^^^^^
  File "/gpfs/accounts/si670f25_class_root/si670f25_class/santoshd/fvc/venv/lib/python3.11/site-packages/timm/models/vision_transformer.py", line 935, in forward_features
    x = self.patch_embed(x)
        ^^^^^^^^^^^^^^^^^^^
  File "/gpfs/accounts/si670f25_class_root/si670f25_class/santoshd/fvc/venv/lib/python3.11/site-packages/torch/nn/modules/module.py", line 1775, in _wrapped_call_impl
    return self._call_impl(*args, **kwargs)
           ^^^^^^^^^^^^^^^^^^^^^^^^^^^^^^^^
  File "/gpfs/accounts/si670f25_class_root/si670f25_class/santoshd/fvc/venv/lib/python3.11/site-packages/torch/nn/modules/module.py", line 1786, in _call_impl
    return forward_call(*args, **kwargs)
           ^^^^^^^^^^^^^^^^^^^^^^^^^^^^^
  File "/gpfs/accounts/si670f25_class_root/si670f25_class/santoshd/fvc/venv/lib/python3.11/site-packages/timm/layers/patch_embed.py", line 122, in forward
    _assert(W == self.img_size[1], f"Input width ({W}) doesn't match model ({self.img_size[1]}).")
  File "/gpfs/accounts/si670f25_class_root/si670f25_class/santoshd/fvc/venv/lib/python3.11/site-packages/torch/__init__.py", line 2185, in _assert
    assert condition, message
AssertionError: Input width (204) doesn't match model (256).
2025-12-14 10:13:54 [INFO] [lib.training.pipeline:1916] Parameter combination 1 - Mean F1: nan, Mean Acc: nan
2025-12-14 10:13:54 [INFO] [lib.training.pipeline:1928] Using single parameter combination: {'n_estimators': 100, 'max_depth': 5, 'learning_rate': 0.1, 'subsample': 0.8, 'colsample_bytree': 0.8}
2025-12-14 10:13:54 [INFO] [lib.training.pipeline:1931] ================================================================================
2025-12-14 10:13:54 [INFO] [lib.training.pipeline:1932] FINAL TRAINING: Using full dataset with best hyperparameters
2025-12-14 10:13:54 [INFO] [lib.training.pipeline:1933] ================================================================================
2025-12-14 10:13:54 [INFO] [lib.training.pipeline:1946] Final training: Using 5-fold stratified cross-validation on full dataset (3277 rows)
2025-12-14 10:13:54 [INFO] [lib.training.pipeline:1954] Final training using best hyperparameters: {'n_estimators': 100, 'max_depth': 5, 'learning_rate': 0.1, 'subsample': 0.8, 'colsample_bytree': 0.8}
2025-12-14 10:13:54 [INFO] [lib.training.pipeline:1960] 
Final Training - xgboost_vit_gru - Fold 1/5 (full dataset)
2025-12-14 10:13:54 [INFO] [lib.training.pipeline:1969] Deleted existing final training fold 1 directory (clean mode)
2025-12-14 10:13:54 [INFO] [lib.training._xgboost_pretrained:617] Training XGBoost on features from vit_gru...
2025-12-14 10:13:54 [INFO] [lib.training._xgboost_pretrained:618] Processing 2621 videos...
2025-12-14 10:13:54 [INFO] [lib.training._xgboost_pretrained:522] Loading pretrained model: vit_gru (num_frames=400)
2025-12-14 10:13:55 [INFO] [timm.models._builder:217] Loading pretrained weights from Hugging Face hub (timm/vit_base_patch16_224.augreg2_in21k_ft_in1k)
2025-12-14 10:13:55 [INFO] [timm.models._hub:232] [timm/vit_base_patch16_224.augreg2_in21k_ft_in1k] Safe alternative available for 'pytorch_model.bin' (as 'model.safetensors'). Loading weights using safetensors.
2025-12-14 10:13:55 [INFO] [timm.layers.pos_embed:57] Resized position embedding: (14, 14) to (16, 16).
2025-12-14 10:13:55 [INFO] [lib.training._xgboost_pretrained:537] Loaded vit_gru model to GPU, cleared cache
2025-12-14 10:13:56 [INFO] [lib.training._xgboost_pretrained:585] Extracting features using vit_gru (num_frames=400)...
2025-12-14 10:13:56 [INFO] [lib.training._xgboost_pretrained:101] Applied PyTorch memory optimizations for feature extraction
2025-12-14 10:13:57 [ERROR] [lib.training.pipeline:2334] Error training final fold 1: Input height (192) doesn't match model (256).
Traceback (most recent call last):
  File "/gpfs/accounts/si670f25_class_root/si670f25_class/santoshd/fvc/lib/training/pipeline.py", line 2213, in stage5_train_models
    model.fit(train_df, project_root=project_root_str_orig)
  File "/gpfs/accounts/si670f25_class_root/si670f25_class/santoshd/fvc/lib/training/_xgboost_pretrained.py", line 627, in fit
    features, y = self._extract_features_batch(
                  ^^^^^^^^^^^^^^^^^^^^^^^^^^^^^
  File "/gpfs/accounts/si670f25_class_root/si670f25_class/santoshd/fvc/lib/training/_xgboost_pretrained.py", line 586, in _extract_features_batch
    features = extract_features_from_pretrained_model(
               ^^^^^^^^^^^^^^^^^^^^^^^^^^^^^^^^^^^^^^^
  File "/gpfs/accounts/si670f25_class_root/si670f25_class/santoshd/fvc/lib/training/_xgboost_pretrained.py", line 304, in extract_features_from_pretrained_model
    vit_output = model.vit_backbone.forward_features(clips_reshaped)
                 ^^^^^^^^^^^^^^^^^^^^^^^^^^^^^^^^^^^^^^^^^^^^^^^^^^^
  File "/gpfs/accounts/si670f25_class_root/si670f25_class/santoshd/fvc/venv/lib/python3.11/site-packages/timm/models/vision_transformer.py", line 935, in forward_features
    x = self.patch_embed(x)
        ^^^^^^^^^^^^^^^^^^^
  File "/gpfs/accounts/si670f25_class_root/si670f25_class/santoshd/fvc/venv/lib/python3.11/site-packages/torch/nn/modules/module.py", line 1775, in _wrapped_call_impl
    return self._call_impl(*args, **kwargs)
           ^^^^^^^^^^^^^^^^^^^^^^^^^^^^^^^^
  File "/gpfs/accounts/si670f25_class_root/si670f25_class/santoshd/fvc/venv/lib/python3.11/site-packages/torch/nn/modules/module.py", line 1786, in _call_impl
    return forward_call(*args, **kwargs)
           ^^^^^^^^^^^^^^^^^^^^^^^^^^^^^
  File "/gpfs/accounts/si670f25_class_root/si670f25_class/santoshd/fvc/venv/lib/python3.11/site-packages/timm/layers/patch_embed.py", line 121, in forward
    _assert(H == self.img_size[0], f"Input height ({H}) doesn't match model ({self.img_size[0]}).")
  File "/gpfs/accounts/si670f25_class_root/si670f25_class/santoshd/fvc/venv/lib/python3.11/site-packages/torch/__init__.py", line 2185, in _assert
    assert condition, message
AssertionError: Input height (192) doesn't match model (256).
2025-12-14 10:13:57 [INFO] [lib.training.pipeline:1960] 
Final Training - xgboost_vit_gru - Fold 2/5 (full dataset)
2025-12-14 10:13:57 [INFO] [lib.training.pipeline:1969] Deleted existing final training fold 2 directory (clean mode)
2025-12-14 10:13:57 [INFO] [lib.training._xgboost_pretrained:617] Training XGBoost on features from vit_gru...
2025-12-14 10:13:57 [INFO] [lib.training._xgboost_pretrained:618] Processing 2621 videos...
2025-12-14 10:13:57 [INFO] [lib.training._xgboost_pretrained:522] Loading pretrained model: vit_gru (num_frames=400)
2025-12-14 10:13:58 [INFO] [timm.models._builder:217] Loading pretrained weights from Hugging Face hub (timm/vit_base_patch16_224.augreg2_in21k_ft_in1k)
2025-12-14 10:13:59 [INFO] [timm.models._hub:232] [timm/vit_base_patch16_224.augreg2_in21k_ft_in1k] Safe alternative available for 'pytorch_model.bin' (as 'model.safetensors'). Loading weights using safetensors.
2025-12-14 10:13:59 [INFO] [timm.layers.pos_embed:57] Resized position embedding: (14, 14) to (16, 16).
2025-12-14 10:13:59 [INFO] [lib.training._xgboost_pretrained:537] Loaded vit_gru model to GPU, cleared cache
2025-12-14 10:13:59 [INFO] [lib.training._xgboost_pretrained:585] Extracting features using vit_gru (num_frames=400)...
2025-12-14 10:13:59 [INFO] [lib.training._xgboost_pretrained:101] Applied PyTorch memory optimizations for feature extraction
2025-12-14 10:14:00 [ERROR] [lib.training.pipeline:2334] Error training final fold 2: Input height (142) doesn't match model (256).
Traceback (most recent call last):
  File "/gpfs/accounts/si670f25_class_root/si670f25_class/santoshd/fvc/lib/training/pipeline.py", line 2213, in stage5_train_models
    model.fit(train_df, project_root=project_root_str_orig)
  File "/gpfs/accounts/si670f25_class_root/si670f25_class/santoshd/fvc/lib/training/_xgboost_pretrained.py", line 627, in fit
    features, y = self._extract_features_batch(
                  ^^^^^^^^^^^^^^^^^^^^^^^^^^^^^
  File "/gpfs/accounts/si670f25_class_root/si670f25_class/santoshd/fvc/lib/training/_xgboost_pretrained.py", line 586, in _extract_features_batch
    features = extract_features_from_pretrained_model(
               ^^^^^^^^^^^^^^^^^^^^^^^^^^^^^^^^^^^^^^^
  File "/gpfs/accounts/si670f25_class_root/si670f25_class/santoshd/fvc/lib/training/_xgboost_pretrained.py", line 304, in extract_features_from_pretrained_model
    vit_output = model.vit_backbone.forward_features(clips_reshaped)
                 ^^^^^^^^^^^^^^^^^^^^^^^^^^^^^^^^^^^^^^^^^^^^^^^^^^^
  File "/gpfs/accounts/si670f25_class_root/si670f25_class/santoshd/fvc/venv/lib/python3.11/site-packages/timm/models/vision_transformer.py", line 935, in forward_features
    x = self.patch_embed(x)
        ^^^^^^^^^^^^^^^^^^^
  File "/gpfs/accounts/si670f25_class_root/si670f25_class/santoshd/fvc/venv/lib/python3.11/site-packages/torch/nn/modules/module.py", line 1775, in _wrapped_call_impl
    return self._call_impl(*args, **kwargs)
           ^^^^^^^^^^^^^^^^^^^^^^^^^^^^^^^^
  File "/gpfs/accounts/si670f25_class_root/si670f25_class/santoshd/fvc/venv/lib/python3.11/site-packages/torch/nn/modules/module.py", line 1786, in _call_impl
    return forward_call(*args, **kwargs)
           ^^^^^^^^^^^^^^^^^^^^^^^^^^^^^
  File "/gpfs/accounts/si670f25_class_root/si670f25_class/santoshd/fvc/venv/lib/python3.11/site-packages/timm/layers/patch_embed.py", line 121, in forward
    _assert(H == self.img_size[0], f"Input height ({H}) doesn't match model ({self.img_size[0]}).")
  File "/gpfs/accounts/si670f25_class_root/si670f25_class/santoshd/fvc/venv/lib/python3.11/site-packages/torch/__init__.py", line 2185, in _assert
    assert condition, message
AssertionError: Input height (142) doesn't match model (256).
2025-12-14 10:14:00 [INFO] [lib.training.pipeline:1960] 
Final Training - xgboost_vit_gru - Fold 3/5 (full dataset)
2025-12-14 10:14:00 [INFO] [lib.training.pipeline:1969] Deleted existing final training fold 3 directory (clean mode)
2025-12-14 10:14:00 [INFO] [lib.training._xgboost_pretrained:617] Training XGBoost on features from vit_gru...
2025-12-14 10:14:00 [INFO] [lib.training._xgboost_pretrained:618] Processing 2622 videos...
2025-12-14 10:14:01 [INFO] [lib.training._xgboost_pretrained:522] Loading pretrained model: vit_gru (num_frames=400)
2025-12-14 10:14:02 [INFO] [timm.models._builder:217] Loading pretrained weights from Hugging Face hub (timm/vit_base_patch16_224.augreg2_in21k_ft_in1k)
2025-12-14 10:14:02 [INFO] [timm.models._hub:232] [timm/vit_base_patch16_224.augreg2_in21k_ft_in1k] Safe alternative available for 'pytorch_model.bin' (as 'model.safetensors'). Loading weights using safetensors.
2025-12-14 10:14:02 [INFO] [timm.layers.pos_embed:57] Resized position embedding: (14, 14) to (16, 16).
2025-12-14 10:14:02 [INFO] [lib.training._xgboost_pretrained:537] Loaded vit_gru model to GPU, cleared cache
2025-12-14 10:14:02 [INFO] [lib.training._xgboost_pretrained:585] Extracting features using vit_gru (num_frames=400)...
2025-12-14 10:14:02 [INFO] [lib.training._xgboost_pretrained:101] Applied PyTorch memory optimizations for feature extraction
2025-12-14 10:14:04 [ERROR] [lib.training.pipeline:2334] Error training final fold 3: Input height (192) doesn't match model (256).
Traceback (most recent call last):
  File "/gpfs/accounts/si670f25_class_root/si670f25_class/santoshd/fvc/lib/training/pipeline.py", line 2213, in stage5_train_models
    model.fit(train_df, project_root=project_root_str_orig)
  File "/gpfs/accounts/si670f25_class_root/si670f25_class/santoshd/fvc/lib/training/_xgboost_pretrained.py", line 627, in fit
    features, y = self._extract_features_batch(
                  ^^^^^^^^^^^^^^^^^^^^^^^^^^^^^
  File "/gpfs/accounts/si670f25_class_root/si670f25_class/santoshd/fvc/lib/training/_xgboost_pretrained.py", line 586, in _extract_features_batch
    features = extract_features_from_pretrained_model(
               ^^^^^^^^^^^^^^^^^^^^^^^^^^^^^^^^^^^^^^^
  File "/gpfs/accounts/si670f25_class_root/si670f25_class/santoshd/fvc/lib/training/_xgboost_pretrained.py", line 304, in extract_features_from_pretrained_model
    vit_output = model.vit_backbone.forward_features(clips_reshaped)
                 ^^^^^^^^^^^^^^^^^^^^^^^^^^^^^^^^^^^^^^^^^^^^^^^^^^^
  File "/gpfs/accounts/si670f25_class_root/si670f25_class/santoshd/fvc/venv/lib/python3.11/site-packages/timm/models/vision_transformer.py", line 935, in forward_features
    x = self.patch_embed(x)
        ^^^^^^^^^^^^^^^^^^^
  File "/gpfs/accounts/si670f25_class_root/si670f25_class/santoshd/fvc/venv/lib/python3.11/site-packages/torch/nn/modules/module.py", line 1775, in _wrapped_call_impl
    return self._call_impl(*args, **kwargs)
           ^^^^^^^^^^^^^^^^^^^^^^^^^^^^^^^^
  File "/gpfs/accounts/si670f25_class_root/si670f25_class/santoshd/fvc/venv/lib/python3.11/site-packages/torch/nn/modules/module.py", line 1786, in _call_impl
    return forward_call(*args, **kwargs)
           ^^^^^^^^^^^^^^^^^^^^^^^^^^^^^
  File "/gpfs/accounts/si670f25_class_root/si670f25_class/santoshd/fvc/venv/lib/python3.11/site-packages/timm/layers/patch_embed.py", line 121, in forward
    _assert(H == self.img_size[0], f"Input height ({H}) doesn't match model ({self.img_size[0]}).")
  File "/gpfs/accounts/si670f25_class_root/si670f25_class/santoshd/fvc/venv/lib/python3.11/site-packages/torch/__init__.py", line 2185, in _assert
    assert condition, message
AssertionError: Input height (192) doesn't match model (256).
2025-12-14 10:14:04 [INFO] [lib.training.pipeline:1960] 
Final Training - xgboost_vit_gru - Fold 4/5 (full dataset)
2025-12-14 10:14:04 [INFO] [lib.training.pipeline:1969] Deleted existing final training fold 4 directory (clean mode)
2025-12-14 10:14:04 [INFO] [lib.training._xgboost_pretrained:617] Training XGBoost on features from vit_gru...
2025-12-14 10:14:04 [INFO] [lib.training._xgboost_pretrained:618] Processing 2622 videos...
2025-12-14 10:14:04 [INFO] [lib.training._xgboost_pretrained:522] Loading pretrained model: vit_gru (num_frames=400)
2025-12-14 10:14:05 [INFO] [timm.models._builder:217] Loading pretrained weights from Hugging Face hub (timm/vit_base_patch16_224.augreg2_in21k_ft_in1k)
2025-12-14 10:14:05 [INFO] [timm.models._hub:232] [timm/vit_base_patch16_224.augreg2_in21k_ft_in1k] Safe alternative available for 'pytorch_model.bin' (as 'model.safetensors'). Loading weights using safetensors.
2025-12-14 10:14:05 [INFO] [timm.layers.pos_embed:57] Resized position embedding: (14, 14) to (16, 16).
2025-12-14 10:14:05 [INFO] [lib.training._xgboost_pretrained:537] Loaded vit_gru model to GPU, cleared cache
2025-12-14 10:14:06 [INFO] [lib.training._xgboost_pretrained:585] Extracting features using vit_gru (num_frames=400)...
2025-12-14 10:14:06 [INFO] [lib.training._xgboost_pretrained:101] Applied PyTorch memory optimizations for feature extraction
2025-12-14 10:14:07 [ERROR] [lib.training.pipeline:2334] Error training final fold 4: Input height (192) doesn't match model (256).
Traceback (most recent call last):
  File "/gpfs/accounts/si670f25_class_root/si670f25_class/santoshd/fvc/lib/training/pipeline.py", line 2213, in stage5_train_models
    model.fit(train_df, project_root=project_root_str_orig)
  File "/gpfs/accounts/si670f25_class_root/si670f25_class/santoshd/fvc/lib/training/_xgboost_pretrained.py", line 627, in fit
    features, y = self._extract_features_batch(
                  ^^^^^^^^^^^^^^^^^^^^^^^^^^^^^
  File "/gpfs/accounts/si670f25_class_root/si670f25_class/santoshd/fvc/lib/training/_xgboost_pretrained.py", line 586, in _extract_features_batch
    features = extract_features_from_pretrained_model(
               ^^^^^^^^^^^^^^^^^^^^^^^^^^^^^^^^^^^^^^^
  File "/gpfs/accounts/si670f25_class_root/si670f25_class/santoshd/fvc/lib/training/_xgboost_pretrained.py", line 304, in extract_features_from_pretrained_model
    vit_output = model.vit_backbone.forward_features(clips_reshaped)
                 ^^^^^^^^^^^^^^^^^^^^^^^^^^^^^^^^^^^^^^^^^^^^^^^^^^^
  File "/gpfs/accounts/si670f25_class_root/si670f25_class/santoshd/fvc/venv/lib/python3.11/site-packages/timm/models/vision_transformer.py", line 935, in forward_features
    x = self.patch_embed(x)
        ^^^^^^^^^^^^^^^^^^^
  File "/gpfs/accounts/si670f25_class_root/si670f25_class/santoshd/fvc/venv/lib/python3.11/site-packages/torch/nn/modules/module.py", line 1775, in _wrapped_call_impl
    return self._call_impl(*args, **kwargs)
           ^^^^^^^^^^^^^^^^^^^^^^^^^^^^^^^^
  File "/gpfs/accounts/si670f25_class_root/si670f25_class/santoshd/fvc/venv/lib/python3.11/site-packages/torch/nn/modules/module.py", line 1786, in _call_impl
    return forward_call(*args, **kwargs)
           ^^^^^^^^^^^^^^^^^^^^^^^^^^^^^
  File "/gpfs/accounts/si670f25_class_root/si670f25_class/santoshd/fvc/venv/lib/python3.11/site-packages/timm/layers/patch_embed.py", line 121, in forward
    _assert(H == self.img_size[0], f"Input height ({H}) doesn't match model ({self.img_size[0]}).")
  File "/gpfs/accounts/si670f25_class_root/si670f25_class/santoshd/fvc/venv/lib/python3.11/site-packages/torch/__init__.py", line 2185, in _assert
    assert condition, message
AssertionError: Input height (192) doesn't match model (256).
2025-12-14 10:14:07 [INFO] [lib.training.pipeline:1960] 
Final Training - xgboost_vit_gru - Fold 5/5 (full dataset)
2025-12-14 10:14:07 [INFO] [lib.training.pipeline:1969] Deleted existing final training fold 5 directory (clean mode)
2025-12-14 10:14:07 [INFO] [lib.training._xgboost_pretrained:617] Training XGBoost on features from vit_gru...
2025-12-14 10:14:07 [INFO] [lib.training._xgboost_pretrained:618] Processing 2622 videos...
2025-12-14 10:14:08 [INFO] [lib.training._xgboost_pretrained:522] Loading pretrained model: vit_gru (num_frames=400)
2025-12-14 10:14:09 [INFO] [timm.models._builder:217] Loading pretrained weights from Hugging Face hub (timm/vit_base_patch16_224.augreg2_in21k_ft_in1k)
2025-12-14 10:14:09 [INFO] [timm.models._hub:232] [timm/vit_base_patch16_224.augreg2_in21k_ft_in1k] Safe alternative available for 'pytorch_model.bin' (as 'model.safetensors'). Loading weights using safetensors.
2025-12-14 10:14:09 [INFO] [timm.layers.pos_embed:57] Resized position embedding: (14, 14) to (16, 16).
2025-12-14 10:14:09 [INFO] [lib.training._xgboost_pretrained:537] Loaded vit_gru model to GPU, cleared cache
2025-12-14 10:14:09 [INFO] [lib.training._xgboost_pretrained:585] Extracting features using vit_gru (num_frames=400)...
2025-12-14 10:14:09 [INFO] [lib.training._xgboost_pretrained:101] Applied PyTorch memory optimizations for feature extraction
2025-12-14 10:14:11 [ERROR] [lib.training.pipeline:2334] Error training final fold 5: Input height (192) doesn't match model (256).
Traceback (most recent call last):
  File "/gpfs/accounts/si670f25_class_root/si670f25_class/santoshd/fvc/lib/training/pipeline.py", line 2213, in stage5_train_models
    model.fit(train_df, project_root=project_root_str_orig)
  File "/gpfs/accounts/si670f25_class_root/si670f25_class/santoshd/fvc/lib/training/_xgboost_pretrained.py", line 627, in fit
    features, y = self._extract_features_batch(
                  ^^^^^^^^^^^^^^^^^^^^^^^^^^^^^
  File "/gpfs/accounts/si670f25_class_root/si670f25_class/santoshd/fvc/lib/training/_xgboost_pretrained.py", line 586, in _extract_features_batch
    features = extract_features_from_pretrained_model(
               ^^^^^^^^^^^^^^^^^^^^^^^^^^^^^^^^^^^^^^^
  File "/gpfs/accounts/si670f25_class_root/si670f25_class/santoshd/fvc/lib/training/_xgboost_pretrained.py", line 304, in extract_features_from_pretrained_model
    vit_output = model.vit_backbone.forward_features(clips_reshaped)
                 ^^^^^^^^^^^^^^^^^^^^^^^^^^^^^^^^^^^^^^^^^^^^^^^^^^^
  File "/gpfs/accounts/si670f25_class_root/si670f25_class/santoshd/fvc/venv/lib/python3.11/site-packages/timm/models/vision_transformer.py", line 935, in forward_features
    x = self.patch_embed(x)
        ^^^^^^^^^^^^^^^^^^^
  File "/gpfs/accounts/si670f25_class_root/si670f25_class/santoshd/fvc/venv/lib/python3.11/site-packages/torch/nn/modules/module.py", line 1775, in _wrapped_call_impl
    return self._call_impl(*args, **kwargs)
           ^^^^^^^^^^^^^^^^^^^^^^^^^^^^^^^^
  File "/gpfs/accounts/si670f25_class_root/si670f25_class/santoshd/fvc/venv/lib/python3.11/site-packages/torch/nn/modules/module.py", line 1786, in _call_impl
    return forward_call(*args, **kwargs)
           ^^^^^^^^^^^^^^^^^^^^^^^^^^^^^
  File "/gpfs/accounts/si670f25_class_root/si670f25_class/santoshd/fvc/venv/lib/python3.11/site-packages/timm/layers/patch_embed.py", line 121, in forward
    _assert(H == self.img_size[0], f"Input height ({H}) doesn't match model ({self.img_size[0]}).")
  File "/gpfs/accounts/si670f25_class_root/si670f25_class/santoshd/fvc/venv/lib/python3.11/site-packages/torch/__init__.py", line 2185, in _assert
    assert condition, message
AssertionError: Input height (192) doesn't match model (256).
2025-12-14 10:14:11 [WARNING] [lib.training.pipeline:116] No model files found in /gpfs/accounts/si670f25_class_root/si670f25_class/santoshd/fvc/data/stage5/xgboost_vit_gru/fold_1 to copy
2025-12-14 10:14:11 [INFO] [lib.training.pipeline:2407] 
xgboost_vit_gru - Avg Val Loss: nan, Avg Val Acc: nan, Avg Val F1: nan
2025-12-14 10:14:13 [INFO] [lib.training.visualization:256] Saved CV fold comparison to /gpfs/accounts/si670f25_class_root/si670f25_class/santoshd/fvc/data/stage5/xgboost_vit_gru/plots/cv_fold_comparison.png
2025-12-14 10:14:13 [INFO] [lib.training.pipeline:2435] Generated plots for xgboost_vit_gru in /gpfs/accounts/si670f25_class_root/si670f25_class/santoshd/fvc/data/stage5/xgboost_vit_gru/plots
2025-12-14 10:14:14 [INFO] [lib.training.pipeline:2472] ================================================================================
2025-12-14 10:14:14 [INFO] [lib.training.pipeline:2473] Stage 5: Model Training Pipeline Completed
2025-12-14 10:14:14 [INFO] [lib.training.pipeline:2474] ================================================================================
2025-12-14 10:14:14 [INFO] [__main__:401] ================================================================================
2025-12-14 10:14:14 [INFO] [__main__:402] STAGE 5 COMPLETED SUCCESSFULLY
2025-12-14 10:14:14 [INFO] [__main__:403] ================================================================================
2025-12-14 10:14:14 [INFO] [__main__:404] Execution time: 55.60 seconds (0.93 minutes)
2025-12-14 10:14:14 [INFO] [__main__:406] Output directory: /gpfs/accounts/si670f25_class_root/si670f25_class/santoshd/fvc/data/stage5
2025-12-14 10:14:14 [INFO] [__main__:407] Models trained: ['xgboost_vit_gru']
2025-12-14 10:14:14 [INFO] [__main__:408] K-fold splits: 5
2025-12-14 10:14:14 [INFO] [__main__:414] ================================================================================
2025-12-14 10:14:14 [INFO] [__main__:415] Final memory statistics:
2025-12-14 10:14:14 [INFO] [__main__:416] ================================================================================
2025-12-14 10:14:14 [INFO] [lib.utils.memory:91] Memory stats (Stage 5: after training): {'cpu_memory_mb': 1569.97265625, 'cpu_memory_gb': 1.5331764221191406, 'cpu_vms_mb': 48550.30859375, 'gpu_allocated_gb': 0.0, 'gpu_reserved_gb': 0.968884224, 'gpu_total_gb': 16.928342016, 'gpu_free_gb': 15.959457792}
2025-12-14 10:14:14 [INFO] [__main__:419] ================================================================================
2025-12-14 10:14:14 [INFO] [__main__:420] Training complete!
2025-12-14 10:14:14 [INFO] [__main__:421] Results saved to: /gpfs/accounts/si670f25_class_root/si670f25_class/santoshd/fvc/data/stage5
2025-12-14 10:14:14 [INFO] [__main__:422] ================================================================================
