2025-12-15 17:59:05 [INFO] [__main__:310] ================================================================================
2025-12-15 17:59:05 [INFO] [__main__:311] STAGE 5: MODEL TRAINING
2025-12-15 17:59:05 [INFO] [__main__:312] ================================================================================
2025-12-15 17:59:05 [INFO] [__main__:313] Project root: /gpfs/accounts/si670f25_class_root/si670f25_class/santoshd/fvc
2025-12-15 17:59:05 [INFO] [__main__:314] Scaled metadata: /gpfs/accounts/si670f25_class_root/si670f25_class/santoshd/fvc/data/scaled_videos/scaled_metadata.arrow
2025-12-15 17:59:05 [INFO] [__main__:315] Features Stage 2: /gpfs/accounts/si670f25_class_root/si670f25_class/santoshd/fvc/data/features_stage2/features_metadata.arrow
2025-12-15 17:59:05 [INFO] [__main__:316] Features Stage 4: /gpfs/accounts/si670f25_class_root/si670f25_class/santoshd/fvc/data/features_stage4/features_scaled_metadata.arrow
2025-12-15 17:59:05 [INFO] [__main__:317] Model types: ['logistic_regression']
2025-12-15 17:59:05 [INFO] [__main__:318] K-fold splits: 5
2025-12-15 17:59:05 [INFO] [__main__:319] Number of frames: 1000
2025-12-15 17:59:05 [INFO] [__main__:320] Output directory: /gpfs/accounts/si670f25_class_root/si670f25_class/santoshd/fvc/data/stage5
2025-12-15 17:59:05 [INFO] [__main__:321] Experiment tracking: Enabled
2025-12-15 17:59:05 [INFO] [__main__:324] Delete existing: False
2025-12-15 17:59:05 [INFO] [__main__:325] Resume mode: True
2025-12-15 17:59:05 [INFO] [__main__:326] Log file: /gpfs/accounts/si670f25_class_root/si670f25_class/santoshd/fvc/logs/stage5_training_1765839545.log
2025-12-15 17:59:05 [INFO] [__main__:333] ================================================================================
2025-12-15 17:59:05 [INFO] [__main__:334] Checking prerequisites...
2025-12-15 17:59:05 [INFO] [__main__:335] ================================================================================
2025-12-15 17:59:05 [INFO] [__main__:342] ✓ Scaled metadata file found: /gpfs/accounts/si670f25_class_root/si670f25_class/santoshd/fvc/data/scaled_videos/scaled_metadata.arrow
2025-12-15 17:59:05 [INFO] [__main__:352] ✓ All model types are valid
2025-12-15 17:59:05 [INFO] [__main__:358] ================================================================================
2025-12-15 17:59:05 [INFO] [__main__:359] Initial memory statistics:
2025-12-15 17:59:05 [INFO] [__main__:360] ================================================================================
2025-12-15 17:59:05 [INFO] [lib.utils.memory:91] Memory stats (Stage 5: before training): {'cpu_memory_mb': 735.66015625, 'cpu_memory_gb': 0.7184181213378906, 'cpu_vms_mb': 10422.6875, 'gpu_allocated_gb': 0.0, 'gpu_reserved_gb': 0.0, 'gpu_total_gb': 16.928342016, 'gpu_free_gb': 16.928342016}
2025-12-15 17:59:05 [INFO] [__main__:364] ================================================================================
2025-12-15 17:59:05 [INFO] [__main__:365] Starting Stage 5: Model Training
2025-12-15 17:59:05 [INFO] [__main__:366] ================================================================================
2025-12-15 17:59:05 [INFO] [__main__:367] Training 1 model(s) with 5-fold cross-validation
2025-12-15 17:59:05 [INFO] [__main__:368] This may take a while depending on dataset size and model complexity...
2025-12-15 17:59:05 [INFO] [__main__:369] Progress will be logged in real-time
2025-12-15 17:59:05 [INFO] [__main__:370] ================================================================================
2025-12-15 17:59:05 [INFO] [__main__:375] Calling Stage 5 training pipeline...
2025-12-15 17:59:05 [INFO] [__main__:376] This may take a while - progress will be logged in real-time
2025-12-15 17:59:06 [INFO] [lib.training.pipeline:1353] Applied global PyTorch memory optimizations at pipeline start
2025-12-15 17:59:06 [INFO] [lib.training.pipeline:1356] ================================================================================
2025-12-15 17:59:06 [INFO] [lib.training.pipeline:1357] Stage 5: Model Training Pipeline Started
2025-12-15 17:59:06 [INFO] [lib.training.pipeline:1358] ================================================================================
2025-12-15 17:59:06 [INFO] [lib.training.pipeline:1359] Model types: ['logistic_regression']
2025-12-15 17:59:06 [INFO] [lib.training.pipeline:1360] K-fold splits: 5
2025-12-15 17:59:06 [INFO] [lib.training.pipeline:1361] Frames per video: 1000
2025-12-15 17:59:06 [INFO] [lib.training.pipeline:1362] Output directory: data/stage5
2025-12-15 17:59:06 [INFO] [lib.training.pipeline:1363] Initializing pipeline...
2025-12-15 17:59:06 [INFO] [lib.training.pipeline:246] ================================================================================
2025-12-15 17:59:06 [INFO] [lib.training.pipeline:247] STAGE 5 PREREQUISITE VALIDATION
2025-12-15 17:59:06 [INFO] [lib.training.pipeline:248] ================================================================================
2025-12-15 17:59:06 [INFO] [lib.training.pipeline:250] 
[1/3] Checking Stage 3 (scaled videos) - REQUIRED for all models...
2025-12-15 17:59:06 [INFO] [lib.training.pipeline:259] ✓ Stage 3 metadata found: 3278 scaled videos
2025-12-15 17:59:06 [INFO] [lib.training.pipeline:260]   Path: /gpfs/accounts/si670f25_class_root/si670f25_class/santoshd/fvc/data/scaled_videos/scaled_metadata.arrow
2025-12-15 17:59:06 [INFO] [lib.training.pipeline:262] 
[2/3] Checking Stage 2 (features) - REQUIRED for *_stage2 models...
2025-12-15 17:59:06 [INFO] [lib.training.pipeline:270] ✓ Stage 2 metadata found: 3278 feature rows
2025-12-15 17:59:06 [INFO] [lib.training.pipeline:271]   Path: /gpfs/accounts/si670f25_class_root/si670f25_class/santoshd/fvc/data/features_stage2/features_metadata.arrow
2025-12-15 17:59:06 [INFO] [lib.training.pipeline:273] 
[3/3] Checking Stage 4 (scaled features) - REQUIRED for *_stage2_stage4 models...
2025-12-15 17:59:06 [INFO] [lib.training.pipeline:281] ✓ Stage 4 metadata found: 3277 feature rows
2025-12-15 17:59:06 [INFO] [lib.training.pipeline:282]   Path: /gpfs/accounts/si670f25_class_root/si670f25_class/santoshd/fvc/data/features_stage4/features_scaled_metadata.arrow
2025-12-15 17:59:06 [INFO] [lib.training.pipeline:284] 
================================================================================
2025-12-15 17:59:06 [INFO] [lib.training.pipeline:285] MODEL REQUIREMENTS CHECK
2025-12-15 17:59:06 [INFO] [lib.training.pipeline:286] ================================================================================
2025-12-15 17:59:06 [INFO] [lib.training.pipeline:305] ✓ logistic_regression: CAN RUN
2025-12-15 17:59:06 [INFO] [lib.training.pipeline:307] 
================================================================================
2025-12-15 17:59:06 [INFO] [lib.training.pipeline:308] VALIDATION SUMMARY
2025-12-15 17:59:06 [INFO] [lib.training.pipeline:309] ================================================================================
2025-12-15 17:59:06 [INFO] [lib.training.pipeline:310] Stage 3 (scaled videos): ✓ Available
2025-12-15 17:59:06 [INFO] [lib.training.pipeline:311]   Count: 3278 videos
2025-12-15 17:59:06 [INFO] [lib.training.pipeline:312] Stage 2 (features): ✓ Available
2025-12-15 17:59:06 [INFO] [lib.training.pipeline:313]   Count: 3278 feature rows
2025-12-15 17:59:06 [INFO] [lib.training.pipeline:314] Stage 4 (scaled features): ✓ Available
2025-12-15 17:59:06 [INFO] [lib.training.pipeline:315]   Count: 3277 feature rows
2025-12-15 17:59:06 [INFO] [lib.training.pipeline:316] 
Runnable models: 1/1
2025-12-15 17:59:06 [INFO] [lib.training.pipeline:317]   ['logistic_regression']
2025-12-15 17:59:06 [INFO] [lib.training.pipeline:324] ================================================================================
2025-12-15 17:59:06 [INFO] [lib.training.pipeline:1444] 
Stage 5: Loading metadata...
2025-12-15 17:59:06 [INFO] [lib.training.pipeline:1468] Loaded metadata: 3278 rows
2025-12-15 17:59:06 [INFO] [lib.training.pipeline:1478] ✓ Data validation passed: 3278 rows (> 3000 required)
2025-12-15 17:59:06 [WARNING] [lib.utils.guardrails:171] Disk usage high: free=810284.20GB, used=1689555.80GB (67.6%)
2025-12-15 17:59:07 [INFO] [lib.training.pipeline:1499] Loading Stage 2 and Stage 4 features (required for feature-based models)...
2025-12-15 17:59:07 [INFO] [lib.training.pipeline:1509] Stage 5: Found 3278 scaled videos
2025-12-15 17:59:07 [INFO] [lib.training.pipeline:1512] ================================================================================
2025-12-15 17:59:07 [INFO] [lib.training.pipeline:1513] STAGE 5: VALIDATING VIDEOS (checking for corruption and empty videos)
2025-12-15 17:59:07 [INFO] [lib.training.pipeline:1514] ================================================================================
2025-12-15 17:59:07 [INFO] [lib.data.loading:156] Checking file existence for 3278 videos...
2025-12-15 17:59:10 [INFO] [lib.data.loading:166] Found 3278 existing video files (filtered out 0 missing files)
2025-12-15 17:59:10 [INFO] [lib.data.loading:170] Checking for corrupted videos (moov atom errors, etc.)...
2025-12-15 17:59:11 [INFO] [lib.data.loading:92] Loaded validation cache from /gpfs/accounts/si670f25_class_root/si670f25_class/santoshd/fvc/data/.video_validation_cache/validation_0192be168a40eb7e_corruptTrue_framesTrue.parquet (3278 entries)
2025-12-15 17:59:11 [INFO] [lib.data.loading:194] Cache hit: 3278 videos, Cache miss: 0 videos
2025-12-15 17:59:11 [WARNING] [lib.data.loading:306] Filtered out 1 corrupted videos and 0 empty videos. Keeping 3277 valid videos.
2025-12-15 17:59:11 [WARNING] [lib.data.loading:311] Sample of invalid videos:
2025-12-15 17:59:11 [WARNING] [lib.data.loading:313]   data/scaled_videos/FX5aeuJFQ64_aug1_scaled_aug1.mp4: Corrupted video: moov atom not found
2025-12-15 17:59:11 [INFO] [lib.data.loading:323] Found /gpfs/accounts/si670f25_class_root/si670f25_class/santoshd/fvc/data/skip_frame_check.txt - skipping frame check as requested.
2025-12-15 17:59:11 [WARNING] [lib.data.loading:387] Filtered out 1 invalid videos (corrupted). Keeping 3277 valid videos.
2025-12-15 17:59:11 [INFO] [lib.training.pipeline:1523] ✓ Video validation complete: 3277 valid videos ready for training
2025-12-15 17:59:11 [INFO] [lib.training.pipeline:1524] ================================================================================
2025-12-15 17:59:11 [INFO] [lib.training.pipeline:1610] Frame caching enabled (default): cache_dir=data/.frame_cache. This will cache processed frames to disk to speed up training. First epoch will be slower (building cache), subsequent epochs will be faster. To disable, set FVC_USE_FRAME_CACHE=0
2025-12-15 17:59:11 [INFO] [lib.training.pipeline:1726] 
================================================================================
2025-12-15 17:59:11 [INFO] [lib.training.pipeline:1727] Stage 5: Training model: logistic_regression
2025-12-15 17:59:11 [INFO] [lib.training.pipeline:1728] ================================================================================
2025-12-15 17:59:11 [INFO] [lib.training.pipeline:1764] Grid search: 6 hyperparameter combinations to try
2025-12-15 17:59:11 [INFO] [lib.training.pipeline:1772] ================================================================================
2025-12-15 17:59:11 [INFO] [lib.training.pipeline:1773] HYPERPARAMETER SEARCH: Using 10.0% stratified sample for efficiency
2025-12-15 17:59:11 [INFO] [lib.training.pipeline:1774] ================================================================================
2025-12-15 17:59:11 [INFO] [lib.training.pipeline:1783] Hyperparameter search sample: 327 rows (10.0% of 3277 total)
2025-12-15 17:59:11 [INFO] [lib.training.pipeline:1784] To change sample size, set FVC_GRID_SEARCH_SAMPLE_SIZE environment variable (current: 0.1)
2025-12-15 17:59:11 [INFO] [lib.training.pipeline:1796] Using 5-fold stratified cross-validation on 10.0% sample for hyperparameter search
2025-12-15 17:59:11 [INFO] [lib.training.pipeline:1807] 
================================================================================
2025-12-15 17:59:11 [INFO] [lib.training.pipeline:1808] Grid Search: Hyperparameter combination 1/6
2025-12-15 17:59:11 [INFO] [lib.training.pipeline:1809] Parameters: {'C': 0.1, 'max_iter': 1000}
2025-12-15 17:59:11 [INFO] [lib.training.pipeline:1810] ================================================================================
2025-12-15 17:59:11 [INFO] [lib.training.pipeline:1828] 
Hyperparameter Search - logistic_regression - Fold 1/5 (10.0% sample)
2025-12-15 17:59:11 [INFO] [lib.training.pipeline:1843] Fold 1 already trained (found existing model). Skipping.
2025-12-15 17:59:11 [INFO] [lib.training.pipeline:1844] To retrain this fold, use --delete-existing flag
2025-12-15 17:59:11 [INFO] [lib.training.pipeline:1828] 
Hyperparameter Search - logistic_regression - Fold 2/5 (10.0% sample)
2025-12-15 17:59:11 [INFO] [lib.training.pipeline:1843] Fold 2 already trained (found existing model). Skipping.
2025-12-15 17:59:11 [INFO] [lib.training.pipeline:1844] To retrain this fold, use --delete-existing flag
2025-12-15 17:59:11 [INFO] [lib.training.pipeline:1828] 
Hyperparameter Search - logistic_regression - Fold 3/5 (10.0% sample)
2025-12-15 17:59:11 [INFO] [lib.training.pipeline:1843] Fold 3 already trained (found existing model). Skipping.
2025-12-15 17:59:11 [INFO] [lib.training.pipeline:1844] To retrain this fold, use --delete-existing flag
2025-12-15 17:59:11 [INFO] [lib.training.pipeline:1828] 
Hyperparameter Search - logistic_regression - Fold 4/5 (10.0% sample)
2025-12-15 17:59:11 [INFO] [lib.training.pipeline:1843] Fold 4 already trained (found existing model). Skipping.
2025-12-15 17:59:11 [INFO] [lib.training.pipeline:1844] To retrain this fold, use --delete-existing flag
2025-12-15 17:59:11 [INFO] [lib.training.pipeline:1828] 
Hyperparameter Search - logistic_regression - Fold 5/5 (10.0% sample)
2025-12-15 17:59:11 [INFO] [lib.training.pipeline:1843] Fold 5 already trained (found existing model). Skipping.
2025-12-15 17:59:11 [INFO] [lib.training.pipeline:1844] To retrain this fold, use --delete-existing flag
2025-12-15 17:59:11 [INFO] [lib.training.pipeline:1807] 
================================================================================
2025-12-15 17:59:11 [INFO] [lib.training.pipeline:1808] Grid Search: Hyperparameter combination 2/6
2025-12-15 17:59:11 [INFO] [lib.training.pipeline:1809] Parameters: {'C': 0.1, 'max_iter': 2000}
2025-12-15 17:59:11 [INFO] [lib.training.pipeline:1810] ================================================================================
2025-12-15 17:59:11 [INFO] [lib.training.pipeline:1828] 
Hyperparameter Search - logistic_regression - Fold 1/5 (10.0% sample)
2025-12-15 17:59:11 [INFO] [lib.training.pipeline:1843] Fold 1 already trained (found existing model). Skipping.
2025-12-15 17:59:11 [INFO] [lib.training.pipeline:1844] To retrain this fold, use --delete-existing flag
2025-12-15 17:59:11 [INFO] [lib.training.pipeline:1828] 
Hyperparameter Search - logistic_regression - Fold 2/5 (10.0% sample)
2025-12-15 17:59:11 [INFO] [lib.training.pipeline:1843] Fold 2 already trained (found existing model). Skipping.
2025-12-15 17:59:11 [INFO] [lib.training.pipeline:1844] To retrain this fold, use --delete-existing flag
2025-12-15 17:59:11 [INFO] [lib.training.pipeline:1828] 
Hyperparameter Search - logistic_regression - Fold 3/5 (10.0% sample)
2025-12-15 17:59:11 [INFO] [lib.training.pipeline:1843] Fold 3 already trained (found existing model). Skipping.
2025-12-15 17:59:11 [INFO] [lib.training.pipeline:1844] To retrain this fold, use --delete-existing flag
2025-12-15 17:59:11 [INFO] [lib.training.pipeline:1828] 
Hyperparameter Search - logistic_regression - Fold 4/5 (10.0% sample)
2025-12-15 17:59:11 [INFO] [lib.training.pipeline:1843] Fold 4 already trained (found existing model). Skipping.
2025-12-15 17:59:11 [INFO] [lib.training.pipeline:1844] To retrain this fold, use --delete-existing flag
2025-12-15 17:59:11 [INFO] [lib.training.pipeline:1828] 
Hyperparameter Search - logistic_regression - Fold 5/5 (10.0% sample)
2025-12-15 17:59:11 [INFO] [lib.training.pipeline:1843] Fold 5 already trained (found existing model). Skipping.
2025-12-15 17:59:11 [INFO] [lib.training.pipeline:1844] To retrain this fold, use --delete-existing flag
2025-12-15 17:59:11 [INFO] [lib.training.pipeline:1807] 
================================================================================
2025-12-15 17:59:11 [INFO] [lib.training.pipeline:1808] Grid Search: Hyperparameter combination 3/6
2025-12-15 17:59:11 [INFO] [lib.training.pipeline:1809] Parameters: {'C': 1.0, 'max_iter': 1000}
2025-12-15 17:59:11 [INFO] [lib.training.pipeline:1810] ================================================================================
2025-12-15 17:59:11 [INFO] [lib.training.pipeline:1828] 
Hyperparameter Search - logistic_regression - Fold 1/5 (10.0% sample)
2025-12-15 17:59:11 [INFO] [lib.training.pipeline:1843] Fold 1 already trained (found existing model). Skipping.
2025-12-15 17:59:11 [INFO] [lib.training.pipeline:1844] To retrain this fold, use --delete-existing flag
2025-12-15 17:59:11 [INFO] [lib.training.pipeline:1828] 
Hyperparameter Search - logistic_regression - Fold 2/5 (10.0% sample)
2025-12-15 17:59:11 [INFO] [lib.training.pipeline:1843] Fold 2 already trained (found existing model). Skipping.
2025-12-15 17:59:11 [INFO] [lib.training.pipeline:1844] To retrain this fold, use --delete-existing flag
2025-12-15 17:59:11 [INFO] [lib.training.pipeline:1828] 
Hyperparameter Search - logistic_regression - Fold 3/5 (10.0% sample)
2025-12-15 17:59:11 [INFO] [lib.training.pipeline:1843] Fold 3 already trained (found existing model). Skipping.
2025-12-15 17:59:11 [INFO] [lib.training.pipeline:1844] To retrain this fold, use --delete-existing flag
2025-12-15 17:59:11 [INFO] [lib.training.pipeline:1828] 
Hyperparameter Search - logistic_regression - Fold 4/5 (10.0% sample)
2025-12-15 17:59:11 [INFO] [lib.training.pipeline:1843] Fold 4 already trained (found existing model). Skipping.
2025-12-15 17:59:11 [INFO] [lib.training.pipeline:1844] To retrain this fold, use --delete-existing flag
2025-12-15 17:59:11 [INFO] [lib.training.pipeline:1828] 
Hyperparameter Search - logistic_regression - Fold 5/5 (10.0% sample)
2025-12-15 17:59:11 [INFO] [lib.training.pipeline:1843] Fold 5 already trained (found existing model). Skipping.
2025-12-15 17:59:11 [INFO] [lib.training.pipeline:1844] To retrain this fold, use --delete-existing flag
2025-12-15 17:59:11 [INFO] [lib.training.pipeline:1807] 
================================================================================
2025-12-15 17:59:11 [INFO] [lib.training.pipeline:1808] Grid Search: Hyperparameter combination 4/6
2025-12-15 17:59:11 [INFO] [lib.training.pipeline:1809] Parameters: {'C': 1.0, 'max_iter': 2000}
2025-12-15 17:59:11 [INFO] [lib.training.pipeline:1810] ================================================================================
2025-12-15 17:59:11 [INFO] [lib.training.pipeline:1828] 
Hyperparameter Search - logistic_regression - Fold 1/5 (10.0% sample)
2025-12-15 17:59:11 [INFO] [lib.training.pipeline:1843] Fold 1 already trained (found existing model). Skipping.
2025-12-15 17:59:11 [INFO] [lib.training.pipeline:1844] To retrain this fold, use --delete-existing flag
2025-12-15 17:59:11 [INFO] [lib.training.pipeline:1828] 
Hyperparameter Search - logistic_regression - Fold 2/5 (10.0% sample)
2025-12-15 17:59:11 [INFO] [lib.training.pipeline:1843] Fold 2 already trained (found existing model). Skipping.
2025-12-15 17:59:11 [INFO] [lib.training.pipeline:1844] To retrain this fold, use --delete-existing flag
2025-12-15 17:59:11 [INFO] [lib.training.pipeline:1828] 
Hyperparameter Search - logistic_regression - Fold 3/5 (10.0% sample)
2025-12-15 17:59:11 [INFO] [lib.training.pipeline:1843] Fold 3 already trained (found existing model). Skipping.
2025-12-15 17:59:11 [INFO] [lib.training.pipeline:1844] To retrain this fold, use --delete-existing flag
2025-12-15 17:59:11 [INFO] [lib.training.pipeline:1828] 
Hyperparameter Search - logistic_regression - Fold 4/5 (10.0% sample)
2025-12-15 17:59:11 [INFO] [lib.training.pipeline:1843] Fold 4 already trained (found existing model). Skipping.
2025-12-15 17:59:11 [INFO] [lib.training.pipeline:1844] To retrain this fold, use --delete-existing flag
2025-12-15 17:59:11 [INFO] [lib.training.pipeline:1828] 
Hyperparameter Search - logistic_regression - Fold 5/5 (10.0% sample)
2025-12-15 17:59:11 [INFO] [lib.training.pipeline:1843] Fold 5 already trained (found existing model). Skipping.
2025-12-15 17:59:11 [INFO] [lib.training.pipeline:1844] To retrain this fold, use --delete-existing flag
2025-12-15 17:59:11 [INFO] [lib.training.pipeline:1807] 
================================================================================
2025-12-15 17:59:11 [INFO] [lib.training.pipeline:1808] Grid Search: Hyperparameter combination 5/6
2025-12-15 17:59:11 [INFO] [lib.training.pipeline:1809] Parameters: {'C': 10.0, 'max_iter': 1000}
2025-12-15 17:59:11 [INFO] [lib.training.pipeline:1810] ================================================================================
2025-12-15 17:59:11 [INFO] [lib.training.pipeline:1828] 
Hyperparameter Search - logistic_regression - Fold 1/5 (10.0% sample)
2025-12-15 17:59:11 [INFO] [lib.training.pipeline:1843] Fold 1 already trained (found existing model). Skipping.
2025-12-15 17:59:11 [INFO] [lib.training.pipeline:1844] To retrain this fold, use --delete-existing flag
2025-12-15 17:59:11 [INFO] [lib.training.pipeline:1828] 
Hyperparameter Search - logistic_regression - Fold 2/5 (10.0% sample)
2025-12-15 17:59:11 [INFO] [lib.training.pipeline:1843] Fold 2 already trained (found existing model). Skipping.
2025-12-15 17:59:11 [INFO] [lib.training.pipeline:1844] To retrain this fold, use --delete-existing flag
2025-12-15 17:59:11 [INFO] [lib.training.pipeline:1828] 
Hyperparameter Search - logistic_regression - Fold 3/5 (10.0% sample)
2025-12-15 17:59:11 [INFO] [lib.training.pipeline:1843] Fold 3 already trained (found existing model). Skipping.
2025-12-15 17:59:11 [INFO] [lib.training.pipeline:1844] To retrain this fold, use --delete-existing flag
2025-12-15 17:59:11 [INFO] [lib.training.pipeline:1828] 
Hyperparameter Search - logistic_regression - Fold 4/5 (10.0% sample)
2025-12-15 17:59:11 [INFO] [lib.training.pipeline:1843] Fold 4 already trained (found existing model). Skipping.
2025-12-15 17:59:11 [INFO] [lib.training.pipeline:1844] To retrain this fold, use --delete-existing flag
2025-12-15 17:59:11 [INFO] [lib.training.pipeline:1828] 
Hyperparameter Search - logistic_regression - Fold 5/5 (10.0% sample)
2025-12-15 17:59:11 [INFO] [lib.training.pipeline:1843] Fold 5 already trained (found existing model). Skipping.
2025-12-15 17:59:11 [INFO] [lib.training.pipeline:1844] To retrain this fold, use --delete-existing flag
2025-12-15 17:59:11 [INFO] [lib.training.pipeline:1807] 
================================================================================
2025-12-15 17:59:11 [INFO] [lib.training.pipeline:1808] Grid Search: Hyperparameter combination 6/6
2025-12-15 17:59:11 [INFO] [lib.training.pipeline:1809] Parameters: {'C': 10.0, 'max_iter': 2000}
2025-12-15 17:59:11 [INFO] [lib.training.pipeline:1810] ================================================================================
2025-12-15 17:59:11 [INFO] [lib.training.pipeline:1828] 
Hyperparameter Search - logistic_regression - Fold 1/5 (10.0% sample)
2025-12-15 17:59:11 [INFO] [lib.training.pipeline:1843] Fold 1 already trained (found existing model). Skipping.
2025-12-15 17:59:11 [INFO] [lib.training.pipeline:1844] To retrain this fold, use --delete-existing flag
2025-12-15 17:59:11 [INFO] [lib.training.pipeline:1828] 
Hyperparameter Search - logistic_regression - Fold 2/5 (10.0% sample)
2025-12-15 17:59:11 [INFO] [lib.training.pipeline:1843] Fold 2 already trained (found existing model). Skipping.
2025-12-15 17:59:11 [INFO] [lib.training.pipeline:1844] To retrain this fold, use --delete-existing flag
2025-12-15 17:59:11 [INFO] [lib.training.pipeline:1828] 
Hyperparameter Search - logistic_regression - Fold 3/5 (10.0% sample)
2025-12-15 17:59:11 [INFO] [lib.training.pipeline:1843] Fold 3 already trained (found existing model). Skipping.
2025-12-15 17:59:11 [INFO] [lib.training.pipeline:1844] To retrain this fold, use --delete-existing flag
2025-12-15 17:59:11 [INFO] [lib.training.pipeline:1828] 
Hyperparameter Search - logistic_regression - Fold 4/5 (10.0% sample)
2025-12-15 17:59:11 [INFO] [lib.training.pipeline:1843] Fold 4 already trained (found existing model). Skipping.
2025-12-15 17:59:11 [INFO] [lib.training.pipeline:1844] To retrain this fold, use --delete-existing flag
2025-12-15 17:59:11 [INFO] [lib.training.pipeline:1828] 
Hyperparameter Search - logistic_regression - Fold 5/5 (10.0% sample)
2025-12-15 17:59:11 [INFO] [lib.training.pipeline:1843] Fold 5 already trained (found existing model). Skipping.
2025-12-15 17:59:11 [INFO] [lib.training.pipeline:1844] To retrain this fold, use --delete-existing flag
2025-12-15 17:59:11 [INFO] [lib.training.pipeline:1977] ================================================================================
2025-12-15 17:59:11 [INFO] [lib.training.pipeline:1978] FINAL TRAINING: Using full dataset with best hyperparameters
2025-12-15 17:59:11 [INFO] [lib.training.pipeline:1979] ================================================================================
2025-12-15 17:59:11 [INFO] [lib.training.pipeline:1992] Final training: Using 5-fold stratified cross-validation on full dataset (3277 rows)
2025-12-15 17:59:11 [INFO] [lib.training.pipeline:2002] Final training using default hyperparameters (no grid search)
2025-12-15 17:59:11 [INFO] [lib.training.pipeline:2006] 
Final Training - logistic_regression - Fold 1/5 (full dataset)
2025-12-15 17:59:11 [INFO] [lib.training.pipeline:2022] Final training fold 1 already trained (found existing model). Skipping.
2025-12-15 17:59:11 [INFO] [lib.training.pipeline:2023] To retrain this fold, use --delete-existing flag
2025-12-15 17:59:11 [INFO] [lib.training.pipeline:2006] 
Final Training - logistic_regression - Fold 2/5 (full dataset)
2025-12-15 17:59:11 [INFO] [lib.training.pipeline:2022] Final training fold 2 already trained (found existing model). Skipping.
2025-12-15 17:59:11 [INFO] [lib.training.pipeline:2023] To retrain this fold, use --delete-existing flag
2025-12-15 17:59:11 [INFO] [lib.training.pipeline:2006] 
Final Training - logistic_regression - Fold 3/5 (full dataset)
2025-12-15 17:59:11 [INFO] [lib.training.pipeline:2022] Final training fold 3 already trained (found existing model). Skipping.
2025-12-15 17:59:11 [INFO] [lib.training.pipeline:2023] To retrain this fold, use --delete-existing flag
2025-12-15 17:59:11 [INFO] [lib.training.pipeline:2006] 
Final Training - logistic_regression - Fold 4/5 (full dataset)
2025-12-15 17:59:11 [INFO] [lib.training.pipeline:2022] Final training fold 4 already trained (found existing model). Skipping.
2025-12-15 17:59:11 [INFO] [lib.training.pipeline:2023] To retrain this fold, use --delete-existing flag
2025-12-15 17:59:11 [INFO] [lib.training.pipeline:2006] 
Final Training - logistic_regression - Fold 5/5 (full dataset)
2025-12-15 17:59:11 [INFO] [lib.training.pipeline:2022] Final training fold 5 already trained (found existing model). Skipping.
2025-12-15 17:59:11 [INFO] [lib.training.pipeline:2023] To retrain this fold, use --delete-existing flag
2025-12-15 17:59:12 [INFO] [lib.training.pipeline:2237] ================================================================================
2025-12-15 17:59:12 [INFO] [lib.training.pipeline:2238] Stage 5: Model Training Pipeline Completed
2025-12-15 17:59:12 [INFO] [lib.training.pipeline:2239] ================================================================================
2025-12-15 17:59:12 [INFO] [__main__:401] ================================================================================
2025-12-15 17:59:12 [INFO] [__main__:402] STAGE 5 COMPLETED SUCCESSFULLY
2025-12-15 17:59:12 [INFO] [__main__:403] ================================================================================
2025-12-15 17:59:12 [INFO] [__main__:404] Execution time: 6.18 seconds (0.10 minutes)
2025-12-15 17:59:12 [INFO] [__main__:406] Output directory: /gpfs/accounts/si670f25_class_root/si670f25_class/santoshd/fvc/data/stage5
2025-12-15 17:59:12 [INFO] [__main__:407] Models trained: ['logistic_regression']
2025-12-15 17:59:12 [INFO] [__main__:408] K-fold splits: 5
2025-12-15 17:59:12 [INFO] [__main__:414] ================================================================================
2025-12-15 17:59:12 [INFO] [__main__:415] Final memory statistics:
2025-12-15 17:59:12 [INFO] [__main__:416] ================================================================================
2025-12-15 17:59:12 [INFO] [lib.utils.memory:91] Memory stats (Stage 5: after training): {'cpu_memory_mb': 900.06640625, 'cpu_memory_gb': 0.8789710998535156, 'cpu_vms_mb': 12044.828125, 'gpu_allocated_gb': 0.0, 'gpu_reserved_gb': 0.0, 'gpu_total_gb': 16.928342016, 'gpu_free_gb': 16.928342016}
2025-12-15 17:59:12 [INFO] [__main__:419] ================================================================================
2025-12-15 17:59:12 [INFO] [__main__:420] Training complete!
2025-12-15 17:59:12 [INFO] [__main__:421] Results saved to: /gpfs/accounts/si670f25_class_root/si670f25_class/santoshd/fvc/data/stage5
2025-12-15 17:59:12 [INFO] [__main__:422] ================================================================================
