2025-12-10 14:22:45 [INFO] [__main__:167] ================================================================================
2025-12-10 14:22:45 [INFO] [__main__:168] STAGE 4: SCALED VIDEO FEATURE EXTRACTION
2025-12-10 14:22:45 [INFO] [__main__:169] ================================================================================
2025-12-10 14:22:45 [INFO] [__main__:170] Project root: /gpfs/accounts/si670f25_class_root/si670f25_class/santoshd/fvc
2025-12-10 14:22:45 [INFO] [__main__:171] Scaled metadata: /gpfs/accounts/si670f25_class_root/si670f25_class/santoshd/fvc/data/scaled_videos/scaled_metadata.parquet
2025-12-10 14:22:45 [INFO] [__main__:172] Output directory: /gpfs/accounts/si670f25_class_root/si670f25_class/santoshd/fvc/data/features_stage4
2025-12-10 14:22:45 [INFO] [__main__:176] Frame sampling: Adaptive (10.0% of frames, min=5, max=50)
2025-12-10 14:22:45 [INFO] [__main__:179] Video range: [0, 10)
2025-12-10 14:22:45 [INFO] [__main__:182] Delete existing: True
2025-12-10 14:22:45 [INFO] [__main__:183] Resume mode: True
2025-12-10 14:22:45 [INFO] [__main__:184] Execution order: forward
2025-12-10 14:22:45 [INFO] [__main__:185] Log file: /gpfs/accounts/si670f25_class_root/si670f25_class/santoshd/fvc/logs/stage4_scaled_features_1765394565.log
2025-12-10 14:22:45 [DEBUG] [__main__:186] Python version: 3.11.7 (main, Dec 15 2023, 18:12:31) [GCC 11.2.0]
2025-12-10 14:22:45 [DEBUG] [__main__:187] Python executable: /gpfs/accounts/si670f25_class_root/si670f25_class/santoshd/fvc/venv/bin/python
2025-12-10 14:22:45 [DEBUG] [__main__:188] Working directory: /gpfs/accounts/si670f25_class_root/si670f25_class/santoshd/fvc
2025-12-10 14:22:45 [DEBUG] [__main__:189] Command line arguments: ['src/scripts/run_stage4_scaled_features.py', '--project-root', '.', '--scaled-metadata', 'data/scaled_videos/scaled_metadata.parquet', '--start-idx', '0', '--end-idx', '10', '--delete-existing']
2025-12-10 14:22:45 [INFO] [__main__:192] ================================================================================
2025-12-10 14:22:45 [INFO] [__main__:193] Checking prerequisites...
2025-12-10 14:22:45 [INFO] [__main__:194] ================================================================================
2025-12-10 14:22:45 [ERROR] [__main__:197] Scaled metadata file not found: /gpfs/accounts/si670f25_class_root/si670f25_class/santoshd/fvc/data/scaled_videos/scaled_metadata.parquet
2025-12-10 14:22:45 [ERROR] [__main__:198] Please run Stage 3 first: python src/scripts/run_stage3_scaling.py
