2025-12-09 04:16:04 [INFO] [__main__:167] ================================================================================
2025-12-09 04:16:04 [INFO] [__main__:168] STAGE 4: SCALED VIDEO FEATURE EXTRACTION
2025-12-09 04:16:04 [INFO] [__main__:169] ================================================================================
2025-12-09 04:16:04 [INFO] [__main__:170] Project root: /gpfs/accounts/si670f25_class_root/si670f25_class/santoshd/fvc
2025-12-09 04:16:04 [INFO] [__main__:171] Scaled metadata: /gpfs/accounts/si670f25_class_root/si670f25_class/santoshd/fvc/data/scaled_videos/scaled_metadata.arrow
2025-12-09 04:16:04 [INFO] [__main__:172] Output directory: /gpfs/accounts/si670f25_class_root/si670f25_class/santoshd/fvc/data/features_stage4
2025-12-09 04:16:04 [INFO] [__main__:176] Frame sampling: Adaptive (10.0% of frames, min=5, max=50)
2025-12-09 04:16:04 [INFO] [__main__:179] Video range: [0, 1082)
2025-12-09 04:16:04 [INFO] [__main__:182] Delete existing: False
2025-12-09 04:16:04 [INFO] [__main__:183] Resume mode: True
2025-12-09 04:16:04 [INFO] [__main__:184] Execution order: forward
2025-12-09 04:16:04 [INFO] [__main__:185] Log file: /gpfs/accounts/si670f25_class_root/si670f25_class/santoshd/fvc/logs/stage4_scaled_features_1765271764.log
2025-12-09 04:16:04 [DEBUG] [__main__:186] Python version: 3.11.7 (main, Dec 15 2023, 18:12:31) [GCC 11.2.0]
2025-12-09 04:16:04 [DEBUG] [__main__:187] Python executable: /gpfs/accounts/si670f25_class_root/si670f25_class/santoshd/fvc/venv/bin/python
2025-12-09 04:16:04 [DEBUG] [__main__:188] Working directory: /gpfs/accounts/si670f25_class_root/si670f25_class/santoshd/fvc
2025-12-09 04:16:04 [DEBUG] [__main__:189] Command line arguments: ['/gpfs/accounts/si670f25_class_root/si670f25_class/santoshd/fvc/src/scripts/run_stage4_scaled_features.py', '--project-root', '/gpfs/accounts/si670f25_class_root/si670f25_class/santoshd/fvc', '--scaled-metadata', '/gpfs/accounts/si670f25_class_root/si670f25_class/santoshd/fvc/data/scaled_videos/scaled_metadata.arrow', '--output-dir', 'data/features_stage4', '--start-idx', '0', '--end-idx', '1082', '--execution-order', 'forward', '--resume']
2025-12-09 04:16:04 [INFO] [__main__:192] ================================================================================
2025-12-09 04:16:04 [INFO] [__main__:193] Checking prerequisites...
2025-12-09 04:16:04 [INFO] [__main__:194] ================================================================================
2025-12-09 04:16:04 [INFO] [__main__:200] ✓ Scaled metadata file found: /gpfs/accounts/si670f25_class_root/si670f25_class/santoshd/fvc/data/scaled_videos/scaled_metadata.arrow
2025-12-09 04:16:04 [DEBUG] [__main__:205] System information:
2025-12-09 04:16:04 [DEBUG] [__main__:206]   CPU count: 40
2025-12-09 04:16:04 [DEBUG] [__main__:207]   Total memory: 200.64 GB
2025-12-09 04:16:04 [DEBUG] [__main__:208]   Available memory: 184.99 GB
2025-12-09 04:16:04 [INFO] [__main__:213] ================================================================================
2025-12-09 04:16:04 [INFO] [__main__:214] Initial memory statistics:
2025-12-09 04:16:04 [INFO] [__main__:215] ================================================================================
2025-12-09 04:16:04 [INFO] [lib.utils.memory:89] Memory stats (Stage 4: before scaled feature extraction): {'cpu_memory_mb': 536.6796875, 'cpu_memory_gb': 0.5241012573242188, 'cpu_vms_mb': 5239.1171875, 'gpu_allocated_gb': 0.0, 'gpu_reserved_gb': 0.0, 'gpu_total_gb': 16.928342016, 'gpu_free_gb': 16.928342016}
2025-12-09 04:16:04 [DEBUG] [lib.utils.memory:95] CPU percent: 0.0%
2025-12-09 04:16:04 [DEBUG] [lib.utils.memory:96] Num threads: 4
2025-12-09 04:16:04 [INFO] [__main__:219] ================================================================================
2025-12-09 04:16:04 [INFO] [__main__:220] Starting Stage 4: Scaled Video Feature Extraction
2025-12-09 04:16:04 [INFO] [__main__:221] ================================================================================
2025-12-09 04:16:05 [INFO] [__main__:222] This may take a while depending on dataset size...
2025-12-09 04:16:05 [INFO] [__main__:223] Progress will be logged in real-time
2025-12-09 04:16:05 [INFO] [__main__:224] ================================================================================
2025-12-09 04:16:05 [INFO] [lib.features.scaled:210] Stage 4: Loading scaled metadata...
2025-12-09 04:16:05 [INFO] [lib.features.scaled:242] Stage 4: Processing video range [0, 1082) of 3244 total videos
2025-12-09 04:16:05 [INFO] [lib.features.scaled:251] Stage 4: Processing 1082 scaled videos in this range
2025-12-09 04:16:06 [INFO] [lib.features.scaled:265] Stage 4: Found 2435 existing feature files (resume mode)
2025-12-09 04:16:06 [INFO] [lib.features.scaled:301] Stage 4: Processing videos in FORWARD order (from start to end)
2025-12-09 04:16:08 [DEBUG] [lib.features.scaled:83] Adaptive sampling: 1473 total frames -> 50 frames (10.0%, bounded [5, 50])
2025-12-09 04:16:20 [DEBUG] [lib.features.scaled:83] Adaptive sampling: 1246 total frames -> 50 frames (10.0%, bounded [5, 50])
2025-12-09 04:16:28 [DEBUG] [lib.features.scaled:83] Adaptive sampling: 1573 total frames -> 50 frames (10.0%, bounded [5, 50])
2025-12-09 04:16:36 [DEBUG] [lib.features.scaled:388] Skipping /gpfs/accounts/si670f25_class_root/si670f25_class/santoshd/fvc/data/scaled_videos/H7B0Vo7w8V0_aug7_scaled_aug7.mp4 - feature file already exists
2025-12-09 04:16:36 [DEBUG] [lib.features.scaled:83] Adaptive sampling: 1885 total frames -> 50 frames (10.0%, bounded [5, 50])
2025-12-09 04:16:45 [DEBUG] [lib.features.scaled:83] Adaptive sampling: 2770 total frames -> 50 frames (10.0%, bounded [5, 50])
2025-12-09 04:16:53 [DEBUG] [lib.features.scaled:83] Adaptive sampling: 1508 total frames -> 50 frames (10.0%, bounded [5, 50])
2025-12-09 04:17:01 [DEBUG] [lib.features.scaled:83] Adaptive sampling: 1349 total frames -> 50 frames (10.0%, bounded [5, 50])
2025-12-09 04:17:09 [DEBUG] [lib.features.scaled:83] Adaptive sampling: 525 total frames -> 50 frames (10.0%, bounded [5, 50])
2025-12-09 04:17:17 [DEBUG] [lib.features.scaled:83] Adaptive sampling: 113 total frames -> 11 frames (10.0%, bounded [5, 50])
2025-12-09 04:17:19 [INFO] [lib.utils.memory:89] Memory stats (Stage 4: processing video 10/1082 (index 9)): {'cpu_memory_mb': 566.328125, 'cpu_memory_gb': 0.5530548095703125, 'cpu_vms_mb': 10568.890625, 'gpu_allocated_gb': 0.0, 'gpu_reserved_gb': 0.0, 'gpu_total_gb': 16.928342016, 'gpu_free_gb': 16.928342016}
2025-12-09 04:17:19 [DEBUG] [lib.features.scaled:83] Adaptive sampling: 200 total frames -> 20 frames (10.0%, bounded [5, 50])
2025-12-09 04:17:22 [DEBUG] [lib.features.scaled:83] Adaptive sampling: 1583 total frames -> 50 frames (10.0%, bounded [5, 50])
2025-12-09 04:17:30 [DEBUG] [lib.features.scaled:388] Skipping /gpfs/accounts/si670f25_class_root/si670f25_class/santoshd/fvc/data/scaled_videos/8LPANATSiTY_aug2_scaled_aug2.mp4 - feature file already exists
2025-12-09 04:17:31 [DEBUG] [lib.features.scaled:83] Adaptive sampling: 1508 total frames -> 50 frames (10.0%, bounded [5, 50])
2025-12-09 04:17:39 [DEBUG] [lib.features.scaled:83] Adaptive sampling: 806 total frames -> 50 frames (10.0%, bounded [5, 50])
2025-12-09 04:17:46 [DEBUG] [lib.features.scaled:83] Adaptive sampling: 792 total frames -> 50 frames (10.0%, bounded [5, 50])
2025-12-09 04:17:54 [DEBUG] [lib.features.scaled:388] Skipping /gpfs/accounts/si670f25_class_root/si670f25_class/santoshd/fvc/data/scaled_videos/3ZL9WEPJ9lQ_aug6_scaled_aug6.mp4 - feature file already exists
2025-12-09 04:17:54 [DEBUG] [lib.features.scaled:83] Adaptive sampling: 1156 total frames -> 50 frames (10.0%, bounded [5, 50])
2025-12-09 04:18:02 [DEBUG] [lib.features.scaled:388] Skipping /gpfs/accounts/si670f25_class_root/si670f25_class/santoshd/fvc/data/scaled_videos/5aAuVnN73yE_aug2_scaled_aug2.mp4 - feature file already exists
2025-12-09 04:18:02 [DEBUG] [lib.features.scaled:83] Adaptive sampling: 3933 total frames -> 50 frames (10.0%, bounded [5, 50])
2025-12-09 04:18:10 [DEBUG] [lib.features.scaled:388] Skipping /gpfs/accounts/si670f25_class_root/si670f25_class/santoshd/fvc/data/scaled_videos/769548237694992387_aug2_scaled_aug2.mp4 - feature file already exists
2025-12-09 04:18:11 [DEBUG] [lib.features.scaled:83] Adaptive sampling: 5072 total frames -> 50 frames (10.0%, bounded [5, 50])
2025-12-09 04:18:20 [DEBUG] [lib.features.scaled:83] Adaptive sampling: 6762 total frames -> 50 frames (10.0%, bounded [5, 50])
2025-12-09 04:18:30 [DEBUG] [lib.features.scaled:83] Adaptive sampling: 1524 total frames -> 50 frames (10.0%, bounded [5, 50])
2025-12-09 04:18:38 [INFO] [lib.utils.memory:89] Memory stats (Stage 4: processing video 20/1082 (index 19)): {'cpu_memory_mb': 566.4296875, 'cpu_memory_gb': 0.5531539916992188, 'cpu_vms_mb': 10568.890625, 'gpu_allocated_gb': 0.0, 'gpu_reserved_gb': 0.0, 'gpu_total_gb': 16.928342016, 'gpu_free_gb': 16.928342016}
2025-12-09 04:18:38 [DEBUG] [lib.features.scaled:83] Adaptive sampling: 500 total frames -> 50 frames (10.0%, bounded [5, 50])
2025-12-09 04:18:46 [DEBUG] [lib.features.scaled:83] Adaptive sampling: 1799 total frames -> 50 frames (10.0%, bounded [5, 50])
2025-12-09 04:18:55 [DEBUG] [lib.features.scaled:83] Adaptive sampling: 5223 total frames -> 50 frames (10.0%, bounded [5, 50])
2025-12-09 04:19:05 [DEBUG] [lib.features.scaled:83] Adaptive sampling: 3547 total frames -> 50 frames (10.0%, bounded [5, 50])
2025-12-09 04:19:14 [DEBUG] [lib.features.scaled:83] Adaptive sampling: 6994 total frames -> 50 frames (10.0%, bounded [5, 50])
2025-12-09 04:19:23 [DEBUG] [lib.features.scaled:83] Adaptive sampling: 2598 total frames -> 50 frames (10.0%, bounded [5, 50])
2025-12-09 04:19:31 [DEBUG] [lib.features.scaled:388] Skipping /gpfs/accounts/si670f25_class_root/si670f25_class/santoshd/fvc/data/scaled_videos/105440609967953_aug3_scaled_aug3.mp4 - feature file already exists
2025-12-09 04:19:32 [DEBUG] [lib.features.scaled:83] Adaptive sampling: 1159 total frames -> 50 frames (10.0%, bounded [5, 50])
2025-12-09 04:19:39 [DEBUG] [lib.features.scaled:388] Skipping /gpfs/accounts/si670f25_class_root/si670f25_class/santoshd/fvc/data/scaled_videos/oZ0LZPoID9I_original_scaled_original.mp4 - feature file already exists
2025-12-09 04:19:39 [DEBUG] [lib.features.scaled:83] Adaptive sampling: 949 total frames -> 50 frames (10.0%, bounded [5, 50])
2025-12-09 04:19:47 [DEBUG] [lib.features.scaled:83] Adaptive sampling: 276 total frames -> 27 frames (10.0%, bounded [5, 50])
2025-12-09 04:19:52 [DEBUG] [lib.features.scaled:83] Adaptive sampling: 2571 total frames -> 50 frames (10.0%, bounded [5, 50])
2025-12-09 04:20:00 [INFO] [lib.utils.memory:89] Memory stats (Stage 4: processing video 30/1082 (index 29)): {'cpu_memory_mb': 566.484375, 'cpu_memory_gb': 0.5532073974609375, 'cpu_vms_mb': 10568.890625, 'gpu_allocated_gb': 0.0, 'gpu_reserved_gb': 0.0, 'gpu_total_gb': 16.928342016, 'gpu_free_gb': 16.928342016}
2025-12-09 04:20:00 [DEBUG] [lib.features.scaled:83] Adaptive sampling: 363 total frames -> 36 frames (10.0%, bounded [5, 50])
2025-12-09 04:20:06 [DEBUG] [lib.features.scaled:388] Skipping /gpfs/accounts/si670f25_class_root/si670f25_class/santoshd/fvc/data/scaled_videos/821996804601304_aug8_scaled_aug8.mp4 - feature file already exists
2025-12-09 04:20:06 [DEBUG] [lib.features.scaled:83] Adaptive sampling: 2949 total frames -> 50 frames (10.0%, bounded [5, 50])
2025-12-09 04:20:14 [DEBUG] [lib.features.scaled:83] Adaptive sampling: 2171 total frames -> 50 frames (10.0%, bounded [5, 50])
2025-12-09 04:20:22 [DEBUG] [lib.features.scaled:83] Adaptive sampling: 113 total frames -> 11 frames (10.0%, bounded [5, 50])
2025-12-09 04:20:25 [DEBUG] [lib.features.scaled:83] Adaptive sampling: 3553 total frames -> 50 frames (10.0%, bounded [5, 50])
2025-12-09 04:20:33 [DEBUG] [lib.features.scaled:83] Adaptive sampling: 479 total frames -> 47 frames (10.0%, bounded [5, 50])
2025-12-09 04:20:40 [DEBUG] [lib.features.scaled:83] Adaptive sampling: 1685 total frames -> 50 frames (10.0%, bounded [5, 50])
2025-12-09 04:20:48 [DEBUG] [lib.features.scaled:83] Adaptive sampling: 5072 total frames -> 50 frames (10.0%, bounded [5, 50])
2025-12-09 04:20:57 [DEBUG] [lib.features.scaled:388] Skipping /gpfs/accounts/si670f25_class_root/si670f25_class/santoshd/fvc/data/scaled_videos/10151422025602266_aug2_scaled_aug2.mp4 - feature file already exists
2025-12-09 04:20:57 [DEBUG] [lib.features.scaled:83] Adaptive sampling: 817 total frames -> 50 frames (10.0%, bounded [5, 50])
2025-12-09 04:21:06 [DEBUG] [lib.features.scaled:83] Adaptive sampling: 3435 total frames -> 50 frames (10.0%, bounded [5, 50])
2025-12-09 04:21:14 [INFO] [lib.utils.memory:89] Memory stats (Stage 4: processing video 40/1082 (index 39)): {'cpu_memory_mb': 566.52734375, 'cpu_memory_gb': 0.5532493591308594, 'cpu_vms_mb': 10569.890625, 'gpu_allocated_gb': 0.0, 'gpu_reserved_gb': 0.0, 'gpu_total_gb': 16.928342016, 'gpu_free_gb': 16.928342016}
2025-12-09 04:21:14 [DEBUG] [lib.features.scaled:83] Adaptive sampling: 4297 total frames -> 50 frames (10.0%, bounded [5, 50])
2025-12-09 04:21:23 [DEBUG] [lib.features.scaled:83] Adaptive sampling: 2437 total frames -> 50 frames (10.0%, bounded [5, 50])
2025-12-09 04:21:31 [DEBUG] [lib.features.scaled:388] Skipping /gpfs/accounts/si670f25_class_root/si670f25_class/santoshd/fvc/data/scaled_videos/5GGapLxdONo_aug6_scaled_aug6.mp4 - feature file already exists
2025-12-09 04:21:31 [DEBUG] [lib.features.scaled:83] Adaptive sampling: 1967 total frames -> 50 frames (10.0%, bounded [5, 50])
2025-12-09 04:21:39 [DEBUG] [lib.features.scaled:83] Adaptive sampling: 2549 total frames -> 50 frames (10.0%, bounded [5, 50])
2025-12-09 04:21:48 [DEBUG] [lib.features.scaled:83] Adaptive sampling: 1507 total frames -> 50 frames (10.0%, bounded [5, 50])
2025-12-09 04:21:55 [DEBUG] [lib.features.scaled:388] Skipping /gpfs/accounts/si670f25_class_root/si670f25_class/santoshd/fvc/data/scaled_videos/13CzthL19zo_aug1_scaled_aug1.mp4 - feature file already exists
2025-12-09 04:21:56 [DEBUG] [lib.features.scaled:83] Adaptive sampling: 3923 total frames -> 50 frames (10.0%, bounded [5, 50])
2025-12-09 04:22:05 [DEBUG] [lib.features.scaled:83] Adaptive sampling: 10468 total frames -> 50 frames (10.0%, bounded [5, 50])
2025-12-09 04:22:16 [DEBUG] [lib.features.scaled:83] Adaptive sampling: 2334 total frames -> 50 frames (10.0%, bounded [5, 50])
2025-12-09 04:22:24 [DEBUG] [lib.features.scaled:83] Adaptive sampling: 6762 total frames -> 50 frames (10.0%, bounded [5, 50])
2025-12-09 04:22:33 [DEBUG] [lib.features.scaled:83] Adaptive sampling: 299 total frames -> 29 frames (10.0%, bounded [5, 50])
2025-12-09 04:22:38 [INFO] [lib.utils.memory:89] Memory stats (Stage 4: processing video 50/1082 (index 49)): {'cpu_memory_mb': 566.57421875, 'cpu_memory_gb': 0.5532951354980469, 'cpu_vms_mb': 10569.890625, 'gpu_allocated_gb': 0.0, 'gpu_reserved_gb': 0.0, 'gpu_total_gb': 16.928342016, 'gpu_free_gb': 16.928342016}
2025-12-09 04:22:38 [DEBUG] [lib.features.scaled:83] Adaptive sampling: 2022 total frames -> 50 frames (10.0%, bounded [5, 50])
2025-12-09 04:22:46 [DEBUG] [lib.features.scaled:83] Adaptive sampling: 1244 total frames -> 50 frames (10.0%, bounded [5, 50])
2025-12-09 04:22:54 [DEBUG] [lib.features.scaled:83] Adaptive sampling: 4154 total frames -> 50 frames (10.0%, bounded [5, 50])
2025-12-09 04:23:02 [DEBUG] [lib.features.scaled:83] Adaptive sampling: 1132 total frames -> 50 frames (10.0%, bounded [5, 50])
2025-12-09 04:23:10 [DEBUG] [lib.features.scaled:388] Skipping /gpfs/accounts/si670f25_class_root/si670f25_class/santoshd/fvc/data/scaled_videos/530267490456361_original_scaled_original.mp4 - feature file already exists
2025-12-09 04:23:10 [DEBUG] [lib.features.scaled:83] Adaptive sampling: 2148 total frames -> 50 frames (10.0%, bounded [5, 50])
2025-12-09 04:23:19 [DEBUG] [lib.features.scaled:83] Adaptive sampling: 514 total frames -> 50 frames (10.0%, bounded [5, 50])
2025-12-09 04:23:27 [DEBUG] [lib.features.scaled:83] Adaptive sampling: 1098 total frames -> 50 frames (10.0%, bounded [5, 50])
2025-12-09 04:23:35 [DEBUG] [lib.features.scaled:83] Adaptive sampling: 1086 total frames -> 50 frames (10.0%, bounded [5, 50])
2025-12-09 04:23:43 [DEBUG] [lib.features.scaled:388] Skipping /gpfs/accounts/si670f25_class_root/si670f25_class/santoshd/fvc/data/scaled_videos/5ssoZCODdjY_aug2_scaled_aug2.mp4 - feature file already exists
2025-12-09 04:23:43 [DEBUG] [lib.features.scaled:83] Adaptive sampling: 22330 total frames -> 50 frames (10.0%, bounded [5, 50])
2025-12-09 04:23:57 [DEBUG] [lib.features.scaled:83] Adaptive sampling: 887 total frames -> 50 frames (10.0%, bounded [5, 50])
2025-12-09 04:24:05 [DEBUG] [lib.features.scaled:388] Skipping /gpfs/accounts/si670f25_class_root/si670f25_class/santoshd/fvc/data/scaled_videos/4AI9zvx-jAg_aug0_scaled_aug0.mp4 - feature file already exists
2025-12-09 04:24:05 [INFO] [lib.utils.memory:89] Memory stats (Stage 4: processing video 60/1082 (index 59)): {'cpu_memory_mb': 566.61328125, 'cpu_memory_gb': 0.5533332824707031, 'cpu_vms_mb': 10569.890625, 'gpu_allocated_gb': 0.0, 'gpu_reserved_gb': 0.0, 'gpu_total_gb': 16.928342016, 'gpu_free_gb': 16.928342016}
2025-12-09 04:24:05 [DEBUG] [lib.features.scaled:83] Adaptive sampling: 4154 total frames -> 50 frames (10.0%, bounded [5, 50])
2025-12-09 04:24:13 [DEBUG] [lib.features.scaled:83] Adaptive sampling: 9250 total frames -> 50 frames (10.0%, bounded [5, 50])
2025-12-09 04:24:25 [DEBUG] [lib.features.scaled:83] Adaptive sampling: 2768 total frames -> 50 frames (10.0%, bounded [5, 50])
2025-12-09 04:24:33 [DEBUG] [lib.features.scaled:388] Skipping /gpfs/accounts/si670f25_class_root/si670f25_class/santoshd/fvc/data/scaled_videos/867391646634990_original_scaled_original.mp4 - feature file already exists
2025-12-09 04:24:33 [DEBUG] [lib.features.scaled:83] Adaptive sampling: 380 total frames -> 38 frames (10.0%, bounded [5, 50])
2025-12-09 04:24:39 [DEBUG] [lib.features.scaled:83] Adaptive sampling: 2437 total frames -> 50 frames (10.0%, bounded [5, 50])
2025-12-09 04:24:48 [DEBUG] [lib.features.scaled:83] Adaptive sampling: 768 total frames -> 50 frames (10.0%, bounded [5, 50])
2025-12-09 04:24:56 [DEBUG] [lib.features.scaled:83] Adaptive sampling: 3160 total frames -> 50 frames (10.0%, bounded [5, 50])
2025-12-09 04:25:04 [DEBUG] [lib.features.scaled:83] Adaptive sampling: 2468 total frames -> 50 frames (10.0%, bounded [5, 50])
2025-12-09 04:25:13 [DEBUG] [lib.features.scaled:83] Adaptive sampling: 2144 total frames -> 50 frames (10.0%, bounded [5, 50])
2025-12-09 04:25:21 [DEBUG] [lib.features.scaled:388] Skipping /gpfs/accounts/si670f25_class_root/si670f25_class/santoshd/fvc/data/scaled_videos/6T2N2TEbQcw_aug2_scaled_aug2.mp4 - feature file already exists
2025-12-09 04:25:21 [DEBUG] [lib.features.scaled:83] Adaptive sampling: 181 total frames -> 18 frames (10.0%, bounded [5, 50])
2025-12-09 04:25:24 [INFO] [lib.utils.memory:89] Memory stats (Stage 4: processing video 70/1082 (index 69)): {'cpu_memory_mb': 566.671875, 'cpu_memory_gb': 0.5533905029296875, 'cpu_vms_mb': 10569.890625, 'gpu_allocated_gb': 0.0, 'gpu_reserved_gb': 0.0, 'gpu_total_gb': 16.928342016, 'gpu_free_gb': 16.928342016}
2025-12-09 04:25:24 [DEBUG] [lib.features.scaled:83] Adaptive sampling: 612 total frames -> 50 frames (10.0%, bounded [5, 50])
2025-12-09 04:25:32 [DEBUG] [lib.features.scaled:83] Adaptive sampling: 4582 total frames -> 50 frames (10.0%, bounded [5, 50])
2025-12-09 04:25:42 [DEBUG] [lib.features.scaled:83] Adaptive sampling: 3933 total frames -> 50 frames (10.0%, bounded [5, 50])
2025-12-09 04:25:50 [DEBUG] [lib.features.scaled:83] Adaptive sampling: 1132 total frames -> 50 frames (10.0%, bounded [5, 50])
2025-12-09 04:25:58 [DEBUG] [lib.features.scaled:83] Adaptive sampling: 2548 total frames -> 50 frames (10.0%, bounded [5, 50])
2025-12-09 04:26:07 [DEBUG] [lib.features.scaled:83] Adaptive sampling: 1918 total frames -> 50 frames (10.0%, bounded [5, 50])
2025-12-09 04:26:15 [DEBUG] [lib.features.scaled:83] Adaptive sampling: 7173 total frames -> 50 frames (10.0%, bounded [5, 50])
2025-12-09 04:26:25 [DEBUG] [lib.features.scaled:83] Adaptive sampling: 560 total frames -> 50 frames (10.0%, bounded [5, 50])
2025-12-09 04:26:33 [DEBUG] [lib.features.scaled:83] Adaptive sampling: 1159 total frames -> 50 frames (10.0%, bounded [5, 50])
2025-12-09 04:26:41 [DEBUG] [lib.features.scaled:388] Skipping /gpfs/accounts/si670f25_class_root/si670f25_class/santoshd/fvc/data/scaled_videos/oZ0LZPoID9I_aug5_scaled_aug5.mp4 - feature file already exists
2025-12-09 04:26:41 [DEBUG] [lib.features.scaled:83] Adaptive sampling: 598 total frames -> 50 frames (10.0%, bounded [5, 50])
2025-12-09 04:26:48 [DEBUG] [lib.features.scaled:388] Skipping /gpfs/accounts/si670f25_class_root/si670f25_class/santoshd/fvc/data/scaled_videos/712264442554228736_aug9_scaled_aug9.mp4 - feature file already exists
2025-12-09 04:26:48 [INFO] [lib.utils.memory:89] Memory stats (Stage 4: processing video 80/1082 (index 79)): {'cpu_memory_mb': 566.68359375, 'cpu_memory_gb': 0.5534019470214844, 'cpu_vms_mb': 10569.890625, 'gpu_allocated_gb': 0.0, 'gpu_reserved_gb': 0.0, 'gpu_total_gb': 16.928342016, 'gpu_free_gb': 16.928342016}
2025-12-09 04:26:48 [DEBUG] [lib.features.scaled:83] Adaptive sampling: 380 total frames -> 38 frames (10.0%, bounded [5, 50])
2025-12-09 04:26:54 [DEBUG] [lib.features.scaled:388] Skipping /gpfs/accounts/si670f25_class_root/si670f25_class/santoshd/fvc/data/scaled_videos/-ZZf5Y663tc_aug2_scaled_aug2.mp4 - feature file already exists
2025-12-09 04:26:54 [DEBUG] [lib.features.scaled:83] Adaptive sampling: 2334 total frames -> 50 frames (10.0%, bounded [5, 50])
2025-12-09 04:27:02 [DEBUG] [lib.features.scaled:83] Adaptive sampling: 181 total frames -> 18 frames (10.0%, bounded [5, 50])
2025-12-09 04:27:05 [DEBUG] [lib.features.scaled:388] Skipping /gpfs/accounts/si670f25_class_root/si670f25_class/santoshd/fvc/data/scaled_videos/652500263740276737_aug2_scaled_aug2.mp4 - feature file already exists
2025-12-09 04:27:05 [DEBUG] [lib.features.scaled:83] Adaptive sampling: 206 total frames -> 20 frames (10.0%, bounded [5, 50])
2025-12-09 04:27:09 [DEBUG] [lib.features.scaled:388] Skipping /gpfs/accounts/si670f25_class_root/si670f25_class/santoshd/fvc/data/scaled_videos/654273045855621120_aug4_scaled_aug4.mp4 - feature file already exists
2025-12-09 04:27:09 [DEBUG] [lib.features.scaled:83] Adaptive sampling: 500 total frames -> 50 frames (10.0%, bounded [5, 50])
2025-12-09 04:27:17 [DEBUG] [lib.features.scaled:83] Adaptive sampling: 1583 total frames -> 50 frames (10.0%, bounded [5, 50])
2025-12-09 04:27:25 [DEBUG] [lib.features.scaled:83] Adaptive sampling: 718 total frames -> 50 frames (10.0%, bounded [5, 50])
2025-12-09 04:27:33 [DEBUG] [lib.features.scaled:83] Adaptive sampling: 5209 total frames -> 50 frames (10.0%, bounded [5, 50])
