2025-12-12 14:39:23 [INFO] [__main__:310] ================================================================================
2025-12-12 14:39:23 [INFO] [__main__:311] STAGE 5: MODEL TRAINING
2025-12-12 14:39:23 [INFO] [__main__:312] ================================================================================
2025-12-12 14:39:23 [INFO] [__main__:313] Project root: /gpfs/accounts/si670f25_class_root/si670f25_class/santoshd/fvc
2025-12-12 14:39:23 [INFO] [__main__:314] Scaled metadata: /gpfs/accounts/si670f25_class_root/si670f25_class/santoshd/fvc/data/scaled_videos/scaled_metadata.arrow
2025-12-12 14:39:23 [INFO] [__main__:315] Features Stage 2: /gpfs/accounts/si670f25_class_root/si670f25_class/santoshd/fvc/data/features_stage2/features_metadata.arrow
2025-12-12 14:39:23 [INFO] [__main__:316] Features Stage 4: /gpfs/accounts/si670f25_class_root/si670f25_class/santoshd/fvc/data/features_stage4/features_scaled_metadata.arrow
2025-12-12 14:39:23 [INFO] [__main__:317] Model types: ['x3d']
2025-12-12 14:39:23 [INFO] [__main__:318] K-fold splits: 5
2025-12-12 14:39:23 [INFO] [__main__:319] Number of frames: 500
2025-12-12 14:39:23 [INFO] [__main__:320] Output directory: /gpfs/accounts/si670f25_class_root/si670f25_class/santoshd/fvc/data/stage5
2025-12-12 14:39:23 [INFO] [__main__:321] Experiment tracking: Enabled
2025-12-12 14:39:23 [INFO] [__main__:324] Delete existing: False
2025-12-12 14:39:23 [INFO] [__main__:325] Resume mode: True
2025-12-12 14:39:23 [INFO] [__main__:326] Log file: /gpfs/accounts/si670f25_class_root/si670f25_class/santoshd/fvc/logs/stage5_training_1765568363.log
2025-12-12 14:39:23 [INFO] [__main__:333] ================================================================================
2025-12-12 14:39:23 [INFO] [__main__:334] Checking prerequisites...
2025-12-12 14:39:23 [INFO] [__main__:335] ================================================================================
2025-12-12 14:39:23 [INFO] [__main__:342] ✓ Scaled metadata file found: /gpfs/accounts/si670f25_class_root/si670f25_class/santoshd/fvc/data/scaled_videos/scaled_metadata.arrow
2025-12-12 14:39:23 [INFO] [__main__:352] ✓ All model types are valid
2025-12-12 14:39:23 [INFO] [__main__:358] ================================================================================
2025-12-12 14:39:23 [INFO] [__main__:359] Initial memory statistics:
2025-12-12 14:39:23 [INFO] [__main__:360] ================================================================================
2025-12-12 14:39:23 [INFO] [lib.utils.memory:89] Memory stats (Stage 5: before training): {'cpu_memory_mb': 735.6171875, 'cpu_memory_gb': 0.7183761596679688, 'cpu_vms_mb': 10217.55078125, 'gpu_allocated_gb': 0.0, 'gpu_reserved_gb': 0.0, 'gpu_total_gb': 16.928342016, 'gpu_free_gb': 16.928342016}
2025-12-12 14:39:23 [INFO] [__main__:364] ================================================================================
2025-12-12 14:39:23 [INFO] [__main__:365] Starting Stage 5: Model Training
2025-12-12 14:39:23 [INFO] [__main__:366] ================================================================================
2025-12-12 14:39:23 [INFO] [__main__:367] Training 1 model(s) with 5-fold cross-validation
2025-12-12 14:39:23 [INFO] [__main__:368] This may take a while depending on dataset size and model complexity...
2025-12-12 14:39:23 [INFO] [__main__:369] Progress will be logged in real-time
2025-12-12 14:39:23 [INFO] [__main__:370] ================================================================================
2025-12-12 14:39:23 [INFO] [__main__:375] Calling Stage 5 training pipeline...
2025-12-12 14:39:23 [INFO] [__main__:376] This may take a while - progress will be logged in real-time
2025-12-12 14:39:23 [INFO] [lib.training.pipeline:490] ================================================================================
2025-12-12 14:39:23 [INFO] [lib.training.pipeline:491] Stage 5: Model Training Pipeline Started
2025-12-12 14:39:23 [INFO] [lib.training.pipeline:492] ================================================================================
2025-12-12 14:39:23 [INFO] [lib.training.pipeline:493] Model types: ['x3d']
2025-12-12 14:39:23 [INFO] [lib.training.pipeline:494] K-fold splits: 5
2025-12-12 14:39:23 [INFO] [lib.training.pipeline:495] Frames per video: 500
2025-12-12 14:39:23 [INFO] [lib.training.pipeline:496] Output directory: data/stage5
2025-12-12 14:39:23 [INFO] [lib.training.pipeline:497] Initializing pipeline...
2025-12-12 14:39:23 [INFO] [lib.training.pipeline:265] ================================================================================
2025-12-12 14:39:23 [INFO] [lib.training.pipeline:266] STAGE 5 PREREQUISITE VALIDATION
2025-12-12 14:39:23 [INFO] [lib.training.pipeline:267] ================================================================================
2025-12-12 14:39:23 [INFO] [lib.training.pipeline:270] 
[1/3] Checking Stage 3 (scaled videos) - REQUIRED for all models...
2025-12-12 14:39:26 [INFO] [lib.training.pipeline:279] ✓ Stage 3 metadata found: 3278 scaled videos
2025-12-12 14:39:26 [INFO] [lib.training.pipeline:280]   Path: /gpfs/accounts/si670f25_class_root/si670f25_class/santoshd/fvc/data/scaled_videos/scaled_metadata.arrow
2025-12-12 14:39:26 [INFO] [lib.training.pipeline:283] 
[2/3] Checking Stage 2 (features) - REQUIRED for *_stage2 models...
2025-12-12 14:39:26 [INFO] [lib.training.pipeline:291] ✓ Stage 2 metadata found: 3278 feature rows
2025-12-12 14:39:26 [INFO] [lib.training.pipeline:292]   Path: /gpfs/accounts/si670f25_class_root/si670f25_class/santoshd/fvc/data/features_stage2/features_metadata.arrow
2025-12-12 14:39:26 [INFO] [lib.training.pipeline:295] 
[3/3] Checking Stage 4 (scaled features) - REQUIRED for *_stage2_stage4 models...
2025-12-12 14:39:26 [INFO] [lib.training.pipeline:303] ✓ Stage 4 metadata found: 3277 feature rows
2025-12-12 14:39:26 [INFO] [lib.training.pipeline:304]   Path: /gpfs/accounts/si670f25_class_root/si670f25_class/santoshd/fvc/data/features_stage4/features_scaled_metadata.arrow
2025-12-12 14:39:26 [INFO] [lib.training.pipeline:307] 
================================================================================
2025-12-12 14:39:26 [INFO] [lib.training.pipeline:308] MODEL REQUIREMENTS CHECK
2025-12-12 14:39:26 [INFO] [lib.training.pipeline:309] ================================================================================
2025-12-12 14:39:26 [INFO] [lib.training.pipeline:333] ✓ x3d: CAN RUN
2025-12-12 14:39:26 [INFO] [lib.training.pipeline:336] 
================================================================================
2025-12-12 14:39:26 [INFO] [lib.training.pipeline:337] VALIDATION SUMMARY
2025-12-12 14:39:26 [INFO] [lib.training.pipeline:338] ================================================================================
2025-12-12 14:39:26 [INFO] [lib.training.pipeline:339] Stage 3 (scaled videos): ✓ Available
2025-12-12 14:39:26 [INFO] [lib.training.pipeline:340]   Count: 3278 videos
2025-12-12 14:39:26 [INFO] [lib.training.pipeline:341] Stage 2 (features): ✓ Available
2025-12-12 14:39:26 [INFO] [lib.training.pipeline:342]   Count: 3278 feature rows
2025-12-12 14:39:26 [INFO] [lib.training.pipeline:343] Stage 4 (scaled features): ✓ Available
2025-12-12 14:39:26 [INFO] [lib.training.pipeline:344]   Count: 3277 feature rows
2025-12-12 14:39:26 [INFO] [lib.training.pipeline:345] 
Runnable models: 1/1
2025-12-12 14:39:26 [INFO] [lib.training.pipeline:346]   ['x3d']
2025-12-12 14:39:26 [INFO] [lib.training.pipeline:353] ================================================================================
2025-12-12 14:39:27 [INFO] [lib.training.pipeline:583] 
Stage 5: Loading metadata...
2025-12-12 14:39:27 [INFO] [lib.training.pipeline:609] Loaded metadata: 3278 rows
2025-12-12 14:39:27 [INFO] [lib.training.pipeline:619] ✓ Data validation passed: 3278 rows (> 3000 required)
2025-12-12 14:39:27 [WARNING] [lib.utils.guardrails:171] Disk usage high: free=822800.85GB, used=1677039.15GB (67.1%)
2025-12-12 14:39:27 [INFO] [lib.training.pipeline:651] Stage 5: Found 3278 scaled videos
2025-12-12 14:39:27 [INFO] [lib.training.pipeline:725] 
================================================================================
2025-12-12 14:39:27 [INFO] [lib.training.pipeline:726] Stage 5: Training model: x3d
2025-12-12 14:39:27 [INFO] [lib.training.pipeline:727] ================================================================================
2025-12-12 14:39:29 [INFO] [lib.training.pipeline:751] Grid search: 32 hyperparameter combinations to try
2025-12-12 14:39:29 [INFO] [lib.training.pipeline:759] ================================================================================
2025-12-12 14:39:29 [INFO] [lib.training.pipeline:760] HYPERPARAMETER SEARCH: Using 20% stratified sample for efficiency
2025-12-12 14:39:29 [INFO] [lib.training.pipeline:761] ================================================================================
2025-12-12 14:39:30 [INFO] [lib.training.pipeline:770] Hyperparameter search sample: 655 rows (20.0% of 3278 total)
2025-12-12 14:39:34 [INFO] [lib.training.pipeline:783] Using 5-fold stratified cross-validation on 20% sample for hyperparameter search
2025-12-12 14:39:34 [INFO] [lib.training.pipeline:796] 
================================================================================
2025-12-12 14:39:34 [INFO] [lib.training.pipeline:797] Grid Search: Hyperparameter combination 1/32
2025-12-12 14:39:34 [INFO] [lib.training.pipeline:798] Parameters: {'learning_rate': 5e-05, 'backbone_lr': 1e-06, 'head_lr': 0.0001, 'weight_decay': 0.0001, 'batch_size': 2}
2025-12-12 14:39:34 [INFO] [lib.training.pipeline:799] ================================================================================
2025-12-12 14:39:34 [INFO] [lib.training.pipeline:811] 
Hyperparameter Search - x3d - Fold 1/5 (20% sample)
2025-12-12 14:39:34 [INFO] [lib.training.pipeline:879] Training configuration - Batch size: 2, Gradient accumulation steps: 32, Effective batch size: 64
2025-12-12 14:39:34 [WARNING] [lib.training.x3d:57] torchvision X3D not available. Using r3d_18 as approximation.
2025-12-12 14:39:43 [INFO] [lib.mlops.mlflow_tracker:89] MLflow run started: cf01e4c3d8604884ad6ae3b1750d1180 (experiment: x3d)
2025-12-12 14:39:43 [INFO] [lib.training.pipeline:997] Training PyTorch model x3d on fold 1...
2025-12-12 14:39:59 [INFO] [lib.training.pipeline:1039] Model forward pass test successful. Output shape: torch.Size([1, 1])
2025-12-12 14:39:59 [INFO] [lib.training.trainer:260] Warmup will be handled in training loop (2 epochs)
2025-12-12 14:40:07 [ERROR] [lib.training.pipeline:1112] CUDA OOM or runtime error during training: CUDA out of memory. Tried to allocate 2.93 GiB. GPU 0 has a total capacity of 15.77 GiB of which 2.93 GiB is free. Including non-PyTorch memory, this process has 12.83 GiB memory in use. Of the allocated memory 12.40 GiB is allocated by PyTorch, and 66.80 MiB is reserved by PyTorch but unallocated. If reserved but unallocated memory is large try setting PYTORCH_CUDA_ALLOC_CONF=expandable_segments:True to avoid fragmentation.  See documentation for Memory Management  (https://pytorch.org/docs/stable/notes/cuda.html#environment-variables). Model: x3d, Fold: 1, Batch size: 2
2025-12-12 14:40:07 [ERROR] [lib.training.pipeline:1507] Error training fold 1: CUDA out of memory. Tried to allocate 2.93 GiB. GPU 0 has a total capacity of 15.77 GiB of which 2.93 GiB is free. Including non-PyTorch memory, this process has 12.83 GiB memory in use. Of the allocated memory 12.40 GiB is allocated by PyTorch, and 66.80 MiB is reserved by PyTorch but unallocated. If reserved but unallocated memory is large try setting PYTORCH_CUDA_ALLOC_CONF=expandable_segments:True to avoid fragmentation.  See documentation for Memory Management  (https://pytorch.org/docs/stable/notes/cuda.html#environment-variables)
Traceback (most recent call last):
  File "/gpfs/accounts/si670f25_class_root/si670f25_class/santoshd/fvc/lib/training/pipeline.py", line 1089, in stage5_train_models
    model = fit(
            ^^^^
  File "/gpfs/accounts/si670f25_class_root/si670f25_class/santoshd/fvc/lib/training/trainer.py", line 609, in fit
    train_loss = train_one_epoch(
                 ^^^^^^^^^^^^^^^^
  File "/gpfs/accounts/si670f25_class_root/si670f25_class/santoshd/fvc/lib/training/trainer.py", line 330, in train_one_epoch
    logits = model(clips)
             ^^^^^^^^^^^^
  File "/gpfs/accounts/si670f25_class_root/si670f25_class/santoshd/fvc/venv/lib/python3.11/site-packages/torch/nn/modules/module.py", line 1775, in _wrapped_call_impl
    return self._call_impl(*args, **kwargs)
           ^^^^^^^^^^^^^^^^^^^^^^^^^^^^^^^^
  File "/gpfs/accounts/si670f25_class_root/si670f25_class/santoshd/fvc/venv/lib/python3.11/site-packages/torch/nn/modules/module.py", line 1786, in _call_impl
    return forward_call(*args, **kwargs)
           ^^^^^^^^^^^^^^^^^^^^^^^^^^^^^
  File "/gpfs/accounts/si670f25_class_root/si670f25_class/santoshd/fvc/lib/training/x3d.py", line 81, in forward
    return self.backbone(x)
           ^^^^^^^^^^^^^^^^
  File "/gpfs/accounts/si670f25_class_root/si670f25_class/santoshd/fvc/venv/lib/python3.11/site-packages/torch/nn/modules/module.py", line 1775, in _wrapped_call_impl
    return self._call_impl(*args, **kwargs)
           ^^^^^^^^^^^^^^^^^^^^^^^^^^^^^^^^
  File "/gpfs/accounts/si670f25_class_root/si670f25_class/santoshd/fvc/venv/lib/python3.11/site-packages/torch/nn/modules/module.py", line 1786, in _call_impl
    return forward_call(*args, **kwargs)
           ^^^^^^^^^^^^^^^^^^^^^^^^^^^^^
  File "/gpfs/accounts/si670f25_class_root/si670f25_class/santoshd/fvc/venv/lib/python3.11/site-packages/torchvision/models/video/resnet.py", line 254, in forward
    x = self.layer1(x)
        ^^^^^^^^^^^^^^
  File "/gpfs/accounts/si670f25_class_root/si670f25_class/santoshd/fvc/venv/lib/python3.11/site-packages/torch/nn/modules/module.py", line 1775, in _wrapped_call_impl
    return self._call_impl(*args, **kwargs)
           ^^^^^^^^^^^^^^^^^^^^^^^^^^^^^^^^
  File "/gpfs/accounts/si670f25_class_root/si670f25_class/santoshd/fvc/venv/lib/python3.11/site-packages/torch/nn/modules/module.py", line 1786, in _call_impl
    return forward_call(*args, **kwargs)
           ^^^^^^^^^^^^^^^^^^^^^^^^^^^^^
  File "/gpfs/accounts/si670f25_class_root/si670f25_class/santoshd/fvc/venv/lib/python3.11/site-packages/torch/nn/modules/container.py", line 250, in forward
    input = module(input)
            ^^^^^^^^^^^^^
  File "/gpfs/accounts/si670f25_class_root/si670f25_class/santoshd/fvc/venv/lib/python3.11/site-packages/torch/nn/modules/module.py", line 1775, in _wrapped_call_impl
    return self._call_impl(*args, **kwargs)
           ^^^^^^^^^^^^^^^^^^^^^^^^^^^^^^^^
  File "/gpfs/accounts/si670f25_class_root/si670f25_class/santoshd/fvc/venv/lib/python3.11/site-packages/torch/nn/modules/module.py", line 1786, in _call_impl
    return forward_call(*args, **kwargs)
           ^^^^^^^^^^^^^^^^^^^^^^^^^^^^^
  File "/gpfs/accounts/si670f25_class_root/si670f25_class/santoshd/fvc/venv/lib/python3.11/site-packages/torchvision/models/video/resnet.py", line 114, in forward
    out = self.conv2(out)
          ^^^^^^^^^^^^^^^
  File "/gpfs/accounts/si670f25_class_root/si670f25_class/santoshd/fvc/venv/lib/python3.11/site-packages/torch/nn/modules/module.py", line 1775, in _wrapped_call_impl
    return self._call_impl(*args, **kwargs)
           ^^^^^^^^^^^^^^^^^^^^^^^^^^^^^^^^
  File "/gpfs/accounts/si670f25_class_root/si670f25_class/santoshd/fvc/venv/lib/python3.11/site-packages/torch/nn/modules/module.py", line 1786, in _call_impl
    return forward_call(*args, **kwargs)
           ^^^^^^^^^^^^^^^^^^^^^^^^^^^^^
  File "/gpfs/accounts/si670f25_class_root/si670f25_class/santoshd/fvc/venv/lib/python3.11/site-packages/torch/nn/modules/container.py", line 250, in forward
    input = module(input)
            ^^^^^^^^^^^^^
  File "/gpfs/accounts/si670f25_class_root/si670f25_class/santoshd/fvc/venv/lib/python3.11/site-packages/torch/nn/modules/module.py", line 1775, in _wrapped_call_impl
    return self._call_impl(*args, **kwargs)
           ^^^^^^^^^^^^^^^^^^^^^^^^^^^^^^^^
  File "/gpfs/accounts/si670f25_class_root/si670f25_class/santoshd/fvc/venv/lib/python3.11/site-packages/torch/nn/modules/module.py", line 1786, in _call_impl
    return forward_call(*args, **kwargs)
           ^^^^^^^^^^^^^^^^^^^^^^^^^^^^^
  File "/gpfs/accounts/si670f25_class_root/si670f25_class/santoshd/fvc/venv/lib/python3.11/site-packages/torch/nn/modules/batchnorm.py", line 193, in forward
    return F.batch_norm(
           ^^^^^^^^^^^^^
  File "/gpfs/accounts/si670f25_class_root/si670f25_class/santoshd/fvc/venv/lib/python3.11/site-packages/torch/nn/functional.py", line 2813, in batch_norm
    return torch.batch_norm(
           ^^^^^^^^^^^^^^^^^
torch.OutOfMemoryError: CUDA out of memory. Tried to allocate 2.93 GiB. GPU 0 has a total capacity of 15.77 GiB of which 2.93 GiB is free. Including non-PyTorch memory, this process has 12.83 GiB memory in use. Of the allocated memory 12.40 GiB is allocated by PyTorch, and 66.80 MiB is reserved by PyTorch but unallocated. If reserved but unallocated memory is large try setting PYTORCH_CUDA_ALLOC_CONF=expandable_segments:True to avoid fragmentation.  See documentation for Memory Management  (https://pytorch.org/docs/stable/notes/cuda.html#environment-variables)
2025-12-12 14:40:07 [INFO] [lib.training.pipeline:811] 
Hyperparameter Search - x3d - Fold 2/5 (20% sample)
2025-12-12 14:40:07 [INFO] [lib.training.pipeline:879] Training configuration - Batch size: 2, Gradient accumulation steps: 32, Effective batch size: 64
2025-12-12 14:40:07 [WARNING] [lib.training.x3d:57] torchvision X3D not available. Using r3d_18 as approximation.
2025-12-12 14:40:08 [WARNING] [lib.mlops.mlflow_tracker:176] Failed to create MLflow tracker: Run with UUID cf01e4c3d8604884ad6ae3b1750d1180 is already active. To start a new run, first end the current run with mlflow.end_run(). To start a nested run, call start_run with nested=True
2025-12-12 14:40:08 [INFO] [lib.training.pipeline:997] Training PyTorch model x3d on fold 2...
2025-12-12 14:40:09 [INFO] [lib.training.pipeline:1039] Model forward pass test successful. Output shape: torch.Size([1, 1])
2025-12-12 14:40:09 [INFO] [lib.training.trainer:260] Warmup will be handled in training loop (2 epochs)
2025-12-12 14:40:15 [ERROR] [lib.training.pipeline:1112] CUDA OOM or runtime error during training: CUDA out of memory. Tried to allocate 3.91 GiB. GPU 0 has a total capacity of 15.77 GiB of which 2.77 GiB is free. Including non-PyTorch memory, this process has 12.99 GiB memory in use. Of the allocated memory 12.58 GiB is allocated by PyTorch, and 41.30 MiB is reserved by PyTorch but unallocated. If reserved but unallocated memory is large try setting PYTORCH_CUDA_ALLOC_CONF=expandable_segments:True to avoid fragmentation.  See documentation for Memory Management  (https://pytorch.org/docs/stable/notes/cuda.html#environment-variables). Model: x3d, Fold: 2, Batch size: 2
2025-12-12 14:40:15 [ERROR] [lib.training.pipeline:1507] Error training fold 2: CUDA out of memory. Tried to allocate 3.91 GiB. GPU 0 has a total capacity of 15.77 GiB of which 2.77 GiB is free. Including non-PyTorch memory, this process has 12.99 GiB memory in use. Of the allocated memory 12.58 GiB is allocated by PyTorch, and 41.30 MiB is reserved by PyTorch but unallocated. If reserved but unallocated memory is large try setting PYTORCH_CUDA_ALLOC_CONF=expandable_segments:True to avoid fragmentation.  See documentation for Memory Management  (https://pytorch.org/docs/stable/notes/cuda.html#environment-variables)
Traceback (most recent call last):
  File "/gpfs/accounts/si670f25_class_root/si670f25_class/santoshd/fvc/lib/training/pipeline.py", line 1089, in stage5_train_models
    model = fit(
            ^^^^
  File "/gpfs/accounts/si670f25_class_root/si670f25_class/santoshd/fvc/lib/training/trainer.py", line 609, in fit
    train_loss = train_one_epoch(
                 ^^^^^^^^^^^^^^^^
  File "/gpfs/accounts/si670f25_class_root/si670f25_class/santoshd/fvc/lib/training/trainer.py", line 330, in train_one_epoch
    logits = model(clips)
             ^^^^^^^^^^^^
  File "/gpfs/accounts/si670f25_class_root/si670f25_class/santoshd/fvc/venv/lib/python3.11/site-packages/torch/nn/modules/module.py", line 1775, in _wrapped_call_impl
    return self._call_impl(*args, **kwargs)
           ^^^^^^^^^^^^^^^^^^^^^^^^^^^^^^^^
  File "/gpfs/accounts/si670f25_class_root/si670f25_class/santoshd/fvc/venv/lib/python3.11/site-packages/torch/nn/modules/module.py", line 1786, in _call_impl
    return forward_call(*args, **kwargs)
           ^^^^^^^^^^^^^^^^^^^^^^^^^^^^^
  File "/gpfs/accounts/si670f25_class_root/si670f25_class/santoshd/fvc/lib/training/x3d.py", line 81, in forward
    return self.backbone(x)
           ^^^^^^^^^^^^^^^^
  File "/gpfs/accounts/si670f25_class_root/si670f25_class/santoshd/fvc/venv/lib/python3.11/site-packages/torch/nn/modules/module.py", line 1775, in _wrapped_call_impl
    return self._call_impl(*args, **kwargs)
           ^^^^^^^^^^^^^^^^^^^^^^^^^^^^^^^^
  File "/gpfs/accounts/si670f25_class_root/si670f25_class/santoshd/fvc/venv/lib/python3.11/site-packages/torch/nn/modules/module.py", line 1786, in _call_impl
    return forward_call(*args, **kwargs)
           ^^^^^^^^^^^^^^^^^^^^^^^^^^^^^
  File "/gpfs/accounts/si670f25_class_root/si670f25_class/santoshd/fvc/venv/lib/python3.11/site-packages/torchvision/models/video/resnet.py", line 254, in forward
    x = self.layer1(x)
        ^^^^^^^^^^^^^^
  File "/gpfs/accounts/si670f25_class_root/si670f25_class/santoshd/fvc/venv/lib/python3.11/site-packages/torch/nn/modules/module.py", line 1775, in _wrapped_call_impl
    return self._call_impl(*args, **kwargs)
           ^^^^^^^^^^^^^^^^^^^^^^^^^^^^^^^^
  File "/gpfs/accounts/si670f25_class_root/si670f25_class/santoshd/fvc/venv/lib/python3.11/site-packages/torch/nn/modules/module.py", line 1786, in _call_impl
    return forward_call(*args, **kwargs)
           ^^^^^^^^^^^^^^^^^^^^^^^^^^^^^
  File "/gpfs/accounts/si670f25_class_root/si670f25_class/santoshd/fvc/venv/lib/python3.11/site-packages/torch/nn/modules/container.py", line 250, in forward
    input = module(input)
            ^^^^^^^^^^^^^
  File "/gpfs/accounts/si670f25_class_root/si670f25_class/santoshd/fvc/venv/lib/python3.11/site-packages/torch/nn/modules/module.py", line 1775, in _wrapped_call_impl
    return self._call_impl(*args, **kwargs)
           ^^^^^^^^^^^^^^^^^^^^^^^^^^^^^^^^
  File "/gpfs/accounts/si670f25_class_root/si670f25_class/santoshd/fvc/venv/lib/python3.11/site-packages/torch/nn/modules/module.py", line 1786, in _call_impl
    return forward_call(*args, **kwargs)
           ^^^^^^^^^^^^^^^^^^^^^^^^^^^^^
  File "/gpfs/accounts/si670f25_class_root/si670f25_class/santoshd/fvc/venv/lib/python3.11/site-packages/torchvision/models/video/resnet.py", line 114, in forward
    out = self.conv2(out)
          ^^^^^^^^^^^^^^^
  File "/gpfs/accounts/si670f25_class_root/si670f25_class/santoshd/fvc/venv/lib/python3.11/site-packages/torch/nn/modules/module.py", line 1775, in _wrapped_call_impl
    return self._call_impl(*args, **kwargs)
           ^^^^^^^^^^^^^^^^^^^^^^^^^^^^^^^^
  File "/gpfs/accounts/si670f25_class_root/si670f25_class/santoshd/fvc/venv/lib/python3.11/site-packages/torch/nn/modules/module.py", line 1786, in _call_impl
    return forward_call(*args, **kwargs)
           ^^^^^^^^^^^^^^^^^^^^^^^^^^^^^
  File "/gpfs/accounts/si670f25_class_root/si670f25_class/santoshd/fvc/venv/lib/python3.11/site-packages/torch/nn/modules/container.py", line 250, in forward
    input = module(input)
            ^^^^^^^^^^^^^
  File "/gpfs/accounts/si670f25_class_root/si670f25_class/santoshd/fvc/venv/lib/python3.11/site-packages/torch/nn/modules/module.py", line 1775, in _wrapped_call_impl
    return self._call_impl(*args, **kwargs)
           ^^^^^^^^^^^^^^^^^^^^^^^^^^^^^^^^
  File "/gpfs/accounts/si670f25_class_root/si670f25_class/santoshd/fvc/venv/lib/python3.11/site-packages/torch/nn/modules/module.py", line 1786, in _call_impl
    return forward_call(*args, **kwargs)
           ^^^^^^^^^^^^^^^^^^^^^^^^^^^^^
  File "/gpfs/accounts/si670f25_class_root/si670f25_class/santoshd/fvc/venv/lib/python3.11/site-packages/torch/nn/modules/batchnorm.py", line 193, in forward
    return F.batch_norm(
           ^^^^^^^^^^^^^
  File "/gpfs/accounts/si670f25_class_root/si670f25_class/santoshd/fvc/venv/lib/python3.11/site-packages/torch/nn/functional.py", line 2813, in batch_norm
    return torch.batch_norm(
           ^^^^^^^^^^^^^^^^^
torch.OutOfMemoryError: CUDA out of memory. Tried to allocate 3.91 GiB. GPU 0 has a total capacity of 15.77 GiB of which 2.77 GiB is free. Including non-PyTorch memory, this process has 12.99 GiB memory in use. Of the allocated memory 12.58 GiB is allocated by PyTorch, and 41.30 MiB is reserved by PyTorch but unallocated. If reserved but unallocated memory is large try setting PYTORCH_CUDA_ALLOC_CONF=expandable_segments:True to avoid fragmentation.  See documentation for Memory Management  (https://pytorch.org/docs/stable/notes/cuda.html#environment-variables)
2025-12-12 14:40:15 [INFO] [lib.training.pipeline:811] 
Hyperparameter Search - x3d - Fold 3/5 (20% sample)
2025-12-12 14:40:15 [INFO] [lib.training.pipeline:879] Training configuration - Batch size: 2, Gradient accumulation steps: 32, Effective batch size: 64
2025-12-12 14:40:15 [WARNING] [lib.training.x3d:57] torchvision X3D not available. Using r3d_18 as approximation.
2025-12-12 14:40:16 [WARNING] [lib.mlops.mlflow_tracker:176] Failed to create MLflow tracker: Run with UUID cf01e4c3d8604884ad6ae3b1750d1180 is already active. To start a new run, first end the current run with mlflow.end_run(). To start a nested run, call start_run with nested=True
2025-12-12 14:40:16 [INFO] [lib.training.pipeline:997] Training PyTorch model x3d on fold 3...
2025-12-12 14:40:17 [INFO] [lib.training.pipeline:1039] Model forward pass test successful. Output shape: torch.Size([1, 1])
2025-12-12 14:40:18 [INFO] [lib.training.trainer:260] Warmup will be handled in training loop (2 epochs)
2025-12-12 14:40:23 [ERROR] [lib.training.pipeline:1112] CUDA OOM or runtime error during training: CUDA out of memory. Tried to allocate 3.91 GiB. GPU 0 has a total capacity of 15.77 GiB of which 2.73 GiB is free. Including non-PyTorch memory, this process has 13.03 GiB memory in use. Of the allocated memory 12.58 GiB is allocated by PyTorch, and 81.30 MiB is reserved by PyTorch but unallocated. If reserved but unallocated memory is large try setting PYTORCH_CUDA_ALLOC_CONF=expandable_segments:True to avoid fragmentation.  See documentation for Memory Management  (https://pytorch.org/docs/stable/notes/cuda.html#environment-variables). Model: x3d, Fold: 3, Batch size: 2
2025-12-12 14:40:23 [ERROR] [lib.training.pipeline:1507] Error training fold 3: CUDA out of memory. Tried to allocate 3.91 GiB. GPU 0 has a total capacity of 15.77 GiB of which 2.73 GiB is free. Including non-PyTorch memory, this process has 13.03 GiB memory in use. Of the allocated memory 12.58 GiB is allocated by PyTorch, and 81.30 MiB is reserved by PyTorch but unallocated. If reserved but unallocated memory is large try setting PYTORCH_CUDA_ALLOC_CONF=expandable_segments:True to avoid fragmentation.  See documentation for Memory Management  (https://pytorch.org/docs/stable/notes/cuda.html#environment-variables)
Traceback (most recent call last):
  File "/gpfs/accounts/si670f25_class_root/si670f25_class/santoshd/fvc/lib/training/pipeline.py", line 1089, in stage5_train_models
    model = fit(
            ^^^^
  File "/gpfs/accounts/si670f25_class_root/si670f25_class/santoshd/fvc/lib/training/trainer.py", line 609, in fit
    train_loss = train_one_epoch(
                 ^^^^^^^^^^^^^^^^
  File "/gpfs/accounts/si670f25_class_root/si670f25_class/santoshd/fvc/lib/training/trainer.py", line 330, in train_one_epoch
    logits = model(clips)
             ^^^^^^^^^^^^
  File "/gpfs/accounts/si670f25_class_root/si670f25_class/santoshd/fvc/venv/lib/python3.11/site-packages/torch/nn/modules/module.py", line 1775, in _wrapped_call_impl
    return self._call_impl(*args, **kwargs)
           ^^^^^^^^^^^^^^^^^^^^^^^^^^^^^^^^
  File "/gpfs/accounts/si670f25_class_root/si670f25_class/santoshd/fvc/venv/lib/python3.11/site-packages/torch/nn/modules/module.py", line 1786, in _call_impl
    return forward_call(*args, **kwargs)
           ^^^^^^^^^^^^^^^^^^^^^^^^^^^^^
  File "/gpfs/accounts/si670f25_class_root/si670f25_class/santoshd/fvc/lib/training/x3d.py", line 81, in forward
    return self.backbone(x)
           ^^^^^^^^^^^^^^^^
  File "/gpfs/accounts/si670f25_class_root/si670f25_class/santoshd/fvc/venv/lib/python3.11/site-packages/torch/nn/modules/module.py", line 1775, in _wrapped_call_impl
    return self._call_impl(*args, **kwargs)
           ^^^^^^^^^^^^^^^^^^^^^^^^^^^^^^^^
  File "/gpfs/accounts/si670f25_class_root/si670f25_class/santoshd/fvc/venv/lib/python3.11/site-packages/torch/nn/modules/module.py", line 1786, in _call_impl
    return forward_call(*args, **kwargs)
           ^^^^^^^^^^^^^^^^^^^^^^^^^^^^^
  File "/gpfs/accounts/si670f25_class_root/si670f25_class/santoshd/fvc/venv/lib/python3.11/site-packages/torchvision/models/video/resnet.py", line 254, in forward
    x = self.layer1(x)
        ^^^^^^^^^^^^^^
  File "/gpfs/accounts/si670f25_class_root/si670f25_class/santoshd/fvc/venv/lib/python3.11/site-packages/torch/nn/modules/module.py", line 1775, in _wrapped_call_impl
    return self._call_impl(*args, **kwargs)
           ^^^^^^^^^^^^^^^^^^^^^^^^^^^^^^^^
  File "/gpfs/accounts/si670f25_class_root/si670f25_class/santoshd/fvc/venv/lib/python3.11/site-packages/torch/nn/modules/module.py", line 1786, in _call_impl
    return forward_call(*args, **kwargs)
           ^^^^^^^^^^^^^^^^^^^^^^^^^^^^^
  File "/gpfs/accounts/si670f25_class_root/si670f25_class/santoshd/fvc/venv/lib/python3.11/site-packages/torch/nn/modules/container.py", line 250, in forward
    input = module(input)
            ^^^^^^^^^^^^^
  File "/gpfs/accounts/si670f25_class_root/si670f25_class/santoshd/fvc/venv/lib/python3.11/site-packages/torch/nn/modules/module.py", line 1775, in _wrapped_call_impl
    return self._call_impl(*args, **kwargs)
           ^^^^^^^^^^^^^^^^^^^^^^^^^^^^^^^^
  File "/gpfs/accounts/si670f25_class_root/si670f25_class/santoshd/fvc/venv/lib/python3.11/site-packages/torch/nn/modules/module.py", line 1786, in _call_impl
    return forward_call(*args, **kwargs)
           ^^^^^^^^^^^^^^^^^^^^^^^^^^^^^
  File "/gpfs/accounts/si670f25_class_root/si670f25_class/santoshd/fvc/venv/lib/python3.11/site-packages/torchvision/models/video/resnet.py", line 114, in forward
    out = self.conv2(out)
          ^^^^^^^^^^^^^^^
  File "/gpfs/accounts/si670f25_class_root/si670f25_class/santoshd/fvc/venv/lib/python3.11/site-packages/torch/nn/modules/module.py", line 1775, in _wrapped_call_impl
    return self._call_impl(*args, **kwargs)
           ^^^^^^^^^^^^^^^^^^^^^^^^^^^^^^^^
  File "/gpfs/accounts/si670f25_class_root/si670f25_class/santoshd/fvc/venv/lib/python3.11/site-packages/torch/nn/modules/module.py", line 1786, in _call_impl
    return forward_call(*args, **kwargs)
           ^^^^^^^^^^^^^^^^^^^^^^^^^^^^^
  File "/gpfs/accounts/si670f25_class_root/si670f25_class/santoshd/fvc/venv/lib/python3.11/site-packages/torch/nn/modules/container.py", line 250, in forward
    input = module(input)
            ^^^^^^^^^^^^^
  File "/gpfs/accounts/si670f25_class_root/si670f25_class/santoshd/fvc/venv/lib/python3.11/site-packages/torch/nn/modules/module.py", line 1775, in _wrapped_call_impl
    return self._call_impl(*args, **kwargs)
           ^^^^^^^^^^^^^^^^^^^^^^^^^^^^^^^^
  File "/gpfs/accounts/si670f25_class_root/si670f25_class/santoshd/fvc/venv/lib/python3.11/site-packages/torch/nn/modules/module.py", line 1786, in _call_impl
    return forward_call(*args, **kwargs)
           ^^^^^^^^^^^^^^^^^^^^^^^^^^^^^
  File "/gpfs/accounts/si670f25_class_root/si670f25_class/santoshd/fvc/venv/lib/python3.11/site-packages/torch/nn/modules/batchnorm.py", line 193, in forward
    return F.batch_norm(
           ^^^^^^^^^^^^^
  File "/gpfs/accounts/si670f25_class_root/si670f25_class/santoshd/fvc/venv/lib/python3.11/site-packages/torch/nn/functional.py", line 2813, in batch_norm
    return torch.batch_norm(
           ^^^^^^^^^^^^^^^^^
torch.OutOfMemoryError: CUDA out of memory. Tried to allocate 3.91 GiB. GPU 0 has a total capacity of 15.77 GiB of which 2.73 GiB is free. Including non-PyTorch memory, this process has 13.03 GiB memory in use. Of the allocated memory 12.58 GiB is allocated by PyTorch, and 81.30 MiB is reserved by PyTorch but unallocated. If reserved but unallocated memory is large try setting PYTORCH_CUDA_ALLOC_CONF=expandable_segments:True to avoid fragmentation.  See documentation for Memory Management  (https://pytorch.org/docs/stable/notes/cuda.html#environment-variables)
2025-12-12 14:40:24 [INFO] [lib.training.pipeline:811] 
Hyperparameter Search - x3d - Fold 4/5 (20% sample)
2025-12-12 14:40:24 [INFO] [lib.training.pipeline:879] Training configuration - Batch size: 2, Gradient accumulation steps: 32, Effective batch size: 64
2025-12-12 14:40:24 [WARNING] [lib.training.x3d:57] torchvision X3D not available. Using r3d_18 as approximation.
2025-12-12 14:40:24 [WARNING] [lib.mlops.mlflow_tracker:176] Failed to create MLflow tracker: Run with UUID cf01e4c3d8604884ad6ae3b1750d1180 is already active. To start a new run, first end the current run with mlflow.end_run(). To start a nested run, call start_run with nested=True
2025-12-12 14:40:24 [INFO] [lib.training.pipeline:997] Training PyTorch model x3d on fold 4...
2025-12-12 14:40:25 [INFO] [lib.training.pipeline:1039] Model forward pass test successful. Output shape: torch.Size([1, 1])
2025-12-12 14:40:26 [INFO] [lib.training.trainer:260] Warmup will be handled in training loop (2 epochs)
2025-12-12 14:40:37 [ERROR] [lib.training.pipeline:1112] CUDA OOM or runtime error during training: CUDA out of memory. Tried to allocate 3.91 GiB. GPU 0 has a total capacity of 15.77 GiB of which 2.73 GiB is free. Including non-PyTorch memory, this process has 13.03 GiB memory in use. Of the allocated memory 12.58 GiB is allocated by PyTorch, and 83.30 MiB is reserved by PyTorch but unallocated. If reserved but unallocated memory is large try setting PYTORCH_CUDA_ALLOC_CONF=expandable_segments:True to avoid fragmentation.  See documentation for Memory Management  (https://pytorch.org/docs/stable/notes/cuda.html#environment-variables). Model: x3d, Fold: 4, Batch size: 2
2025-12-12 14:40:37 [ERROR] [lib.training.pipeline:1507] Error training fold 4: CUDA out of memory. Tried to allocate 3.91 GiB. GPU 0 has a total capacity of 15.77 GiB of which 2.73 GiB is free. Including non-PyTorch memory, this process has 13.03 GiB memory in use. Of the allocated memory 12.58 GiB is allocated by PyTorch, and 83.30 MiB is reserved by PyTorch but unallocated. If reserved but unallocated memory is large try setting PYTORCH_CUDA_ALLOC_CONF=expandable_segments:True to avoid fragmentation.  See documentation for Memory Management  (https://pytorch.org/docs/stable/notes/cuda.html#environment-variables)
Traceback (most recent call last):
  File "/gpfs/accounts/si670f25_class_root/si670f25_class/santoshd/fvc/lib/training/pipeline.py", line 1089, in stage5_train_models
    model = fit(
            ^^^^
  File "/gpfs/accounts/si670f25_class_root/si670f25_class/santoshd/fvc/lib/training/trainer.py", line 609, in fit
    train_loss = train_one_epoch(
                 ^^^^^^^^^^^^^^^^
  File "/gpfs/accounts/si670f25_class_root/si670f25_class/santoshd/fvc/lib/training/trainer.py", line 330, in train_one_epoch
    logits = model(clips)
             ^^^^^^^^^^^^
  File "/gpfs/accounts/si670f25_class_root/si670f25_class/santoshd/fvc/venv/lib/python3.11/site-packages/torch/nn/modules/module.py", line 1775, in _wrapped_call_impl
    return self._call_impl(*args, **kwargs)
           ^^^^^^^^^^^^^^^^^^^^^^^^^^^^^^^^
  File "/gpfs/accounts/si670f25_class_root/si670f25_class/santoshd/fvc/venv/lib/python3.11/site-packages/torch/nn/modules/module.py", line 1786, in _call_impl
    return forward_call(*args, **kwargs)
           ^^^^^^^^^^^^^^^^^^^^^^^^^^^^^
  File "/gpfs/accounts/si670f25_class_root/si670f25_class/santoshd/fvc/lib/training/x3d.py", line 81, in forward
    return self.backbone(x)
           ^^^^^^^^^^^^^^^^
  File "/gpfs/accounts/si670f25_class_root/si670f25_class/santoshd/fvc/venv/lib/python3.11/site-packages/torch/nn/modules/module.py", line 1775, in _wrapped_call_impl
    return self._call_impl(*args, **kwargs)
           ^^^^^^^^^^^^^^^^^^^^^^^^^^^^^^^^
  File "/gpfs/accounts/si670f25_class_root/si670f25_class/santoshd/fvc/venv/lib/python3.11/site-packages/torch/nn/modules/module.py", line 1786, in _call_impl
    return forward_call(*args, **kwargs)
           ^^^^^^^^^^^^^^^^^^^^^^^^^^^^^
  File "/gpfs/accounts/si670f25_class_root/si670f25_class/santoshd/fvc/venv/lib/python3.11/site-packages/torchvision/models/video/resnet.py", line 254, in forward
    x = self.layer1(x)
        ^^^^^^^^^^^^^^
  File "/gpfs/accounts/si670f25_class_root/si670f25_class/santoshd/fvc/venv/lib/python3.11/site-packages/torch/nn/modules/module.py", line 1775, in _wrapped_call_impl
    return self._call_impl(*args, **kwargs)
           ^^^^^^^^^^^^^^^^^^^^^^^^^^^^^^^^
  File "/gpfs/accounts/si670f25_class_root/si670f25_class/santoshd/fvc/venv/lib/python3.11/site-packages/torch/nn/modules/module.py", line 1786, in _call_impl
    return forward_call(*args, **kwargs)
           ^^^^^^^^^^^^^^^^^^^^^^^^^^^^^
  File "/gpfs/accounts/si670f25_class_root/si670f25_class/santoshd/fvc/venv/lib/python3.11/site-packages/torch/nn/modules/container.py", line 250, in forward
    input = module(input)
            ^^^^^^^^^^^^^
  File "/gpfs/accounts/si670f25_class_root/si670f25_class/santoshd/fvc/venv/lib/python3.11/site-packages/torch/nn/modules/module.py", line 1775, in _wrapped_call_impl
    return self._call_impl(*args, **kwargs)
           ^^^^^^^^^^^^^^^^^^^^^^^^^^^^^^^^
  File "/gpfs/accounts/si670f25_class_root/si670f25_class/santoshd/fvc/venv/lib/python3.11/site-packages/torch/nn/modules/module.py", line 1786, in _call_impl
    return forward_call(*args, **kwargs)
           ^^^^^^^^^^^^^^^^^^^^^^^^^^^^^
  File "/gpfs/accounts/si670f25_class_root/si670f25_class/santoshd/fvc/venv/lib/python3.11/site-packages/torchvision/models/video/resnet.py", line 114, in forward
    out = self.conv2(out)
          ^^^^^^^^^^^^^^^
  File "/gpfs/accounts/si670f25_class_root/si670f25_class/santoshd/fvc/venv/lib/python3.11/site-packages/torch/nn/modules/module.py", line 1775, in _wrapped_call_impl
    return self._call_impl(*args, **kwargs)
           ^^^^^^^^^^^^^^^^^^^^^^^^^^^^^^^^
  File "/gpfs/accounts/si670f25_class_root/si670f25_class/santoshd/fvc/venv/lib/python3.11/site-packages/torch/nn/modules/module.py", line 1786, in _call_impl
    return forward_call(*args, **kwargs)
           ^^^^^^^^^^^^^^^^^^^^^^^^^^^^^
  File "/gpfs/accounts/si670f25_class_root/si670f25_class/santoshd/fvc/venv/lib/python3.11/site-packages/torch/nn/modules/container.py", line 250, in forward
    input = module(input)
            ^^^^^^^^^^^^^
  File "/gpfs/accounts/si670f25_class_root/si670f25_class/santoshd/fvc/venv/lib/python3.11/site-packages/torch/nn/modules/module.py", line 1775, in _wrapped_call_impl
    return self._call_impl(*args, **kwargs)
           ^^^^^^^^^^^^^^^^^^^^^^^^^^^^^^^^
  File "/gpfs/accounts/si670f25_class_root/si670f25_class/santoshd/fvc/venv/lib/python3.11/site-packages/torch/nn/modules/module.py", line 1786, in _call_impl
    return forward_call(*args, **kwargs)
           ^^^^^^^^^^^^^^^^^^^^^^^^^^^^^
  File "/gpfs/accounts/si670f25_class_root/si670f25_class/santoshd/fvc/venv/lib/python3.11/site-packages/torch/nn/modules/batchnorm.py", line 193, in forward
    return F.batch_norm(
           ^^^^^^^^^^^^^
  File "/gpfs/accounts/si670f25_class_root/si670f25_class/santoshd/fvc/venv/lib/python3.11/site-packages/torch/nn/functional.py", line 2813, in batch_norm
    return torch.batch_norm(
           ^^^^^^^^^^^^^^^^^
torch.OutOfMemoryError: CUDA out of memory. Tried to allocate 3.91 GiB. GPU 0 has a total capacity of 15.77 GiB of which 2.73 GiB is free. Including non-PyTorch memory, this process has 13.03 GiB memory in use. Of the allocated memory 12.58 GiB is allocated by PyTorch, and 83.30 MiB is reserved by PyTorch but unallocated. If reserved but unallocated memory is large try setting PYTORCH_CUDA_ALLOC_CONF=expandable_segments:True to avoid fragmentation.  See documentation for Memory Management  (https://pytorch.org/docs/stable/notes/cuda.html#environment-variables)
2025-12-12 14:40:38 [INFO] [lib.training.pipeline:811] 
Hyperparameter Search - x3d - Fold 5/5 (20% sample)
2025-12-12 14:40:38 [INFO] [lib.training.pipeline:879] Training configuration - Batch size: 2, Gradient accumulation steps: 32, Effective batch size: 64
2025-12-12 14:40:38 [WARNING] [lib.training.x3d:57] torchvision X3D not available. Using r3d_18 as approximation.
2025-12-12 14:40:38 [WARNING] [lib.mlops.mlflow_tracker:176] Failed to create MLflow tracker: Run with UUID cf01e4c3d8604884ad6ae3b1750d1180 is already active. To start a new run, first end the current run with mlflow.end_run(). To start a nested run, call start_run with nested=True
2025-12-12 14:40:38 [INFO] [lib.training.pipeline:997] Training PyTorch model x3d on fold 5...
2025-12-12 14:40:39 [INFO] [lib.training.pipeline:1039] Model forward pass test successful. Output shape: torch.Size([1, 1])
2025-12-12 14:40:40 [INFO] [lib.training.trainer:260] Warmup will be handled in training loop (2 epochs)
2025-12-12 14:40:44 [ERROR] [lib.training.pipeline:1112] CUDA OOM or runtime error during training: CUDA out of memory. Tried to allocate 2.93 GiB. GPU 0 has a total capacity of 15.77 GiB of which 2.88 GiB is free. Including non-PyTorch memory, this process has 12.88 GiB memory in use. Of the allocated memory 12.40 GiB is allocated by PyTorch, and 110.80 MiB is reserved by PyTorch but unallocated. If reserved but unallocated memory is large try setting PYTORCH_CUDA_ALLOC_CONF=expandable_segments:True to avoid fragmentation.  See documentation for Memory Management  (https://pytorch.org/docs/stable/notes/cuda.html#environment-variables). Model: x3d, Fold: 5, Batch size: 2
2025-12-12 14:40:44 [ERROR] [lib.training.pipeline:1507] Error training fold 5: CUDA out of memory. Tried to allocate 2.93 GiB. GPU 0 has a total capacity of 15.77 GiB of which 2.88 GiB is free. Including non-PyTorch memory, this process has 12.88 GiB memory in use. Of the allocated memory 12.40 GiB is allocated by PyTorch, and 110.80 MiB is reserved by PyTorch but unallocated. If reserved but unallocated memory is large try setting PYTORCH_CUDA_ALLOC_CONF=expandable_segments:True to avoid fragmentation.  See documentation for Memory Management  (https://pytorch.org/docs/stable/notes/cuda.html#environment-variables)
Traceback (most recent call last):
  File "/gpfs/accounts/si670f25_class_root/si670f25_class/santoshd/fvc/lib/training/pipeline.py", line 1089, in stage5_train_models
    model = fit(
            ^^^^
  File "/gpfs/accounts/si670f25_class_root/si670f25_class/santoshd/fvc/lib/training/trainer.py", line 609, in fit
    train_loss = train_one_epoch(
                 ^^^^^^^^^^^^^^^^
  File "/gpfs/accounts/si670f25_class_root/si670f25_class/santoshd/fvc/lib/training/trainer.py", line 330, in train_one_epoch
    logits = model(clips)
             ^^^^^^^^^^^^
  File "/gpfs/accounts/si670f25_class_root/si670f25_class/santoshd/fvc/venv/lib/python3.11/site-packages/torch/nn/modules/module.py", line 1775, in _wrapped_call_impl
    return self._call_impl(*args, **kwargs)
           ^^^^^^^^^^^^^^^^^^^^^^^^^^^^^^^^
  File "/gpfs/accounts/si670f25_class_root/si670f25_class/santoshd/fvc/venv/lib/python3.11/site-packages/torch/nn/modules/module.py", line 1786, in _call_impl
    return forward_call(*args, **kwargs)
           ^^^^^^^^^^^^^^^^^^^^^^^^^^^^^
  File "/gpfs/accounts/si670f25_class_root/si670f25_class/santoshd/fvc/lib/training/x3d.py", line 81, in forward
    return self.backbone(x)
           ^^^^^^^^^^^^^^^^
  File "/gpfs/accounts/si670f25_class_root/si670f25_class/santoshd/fvc/venv/lib/python3.11/site-packages/torch/nn/modules/module.py", line 1775, in _wrapped_call_impl
    return self._call_impl(*args, **kwargs)
           ^^^^^^^^^^^^^^^^^^^^^^^^^^^^^^^^
  File "/gpfs/accounts/si670f25_class_root/si670f25_class/santoshd/fvc/venv/lib/python3.11/site-packages/torch/nn/modules/module.py", line 1786, in _call_impl
    return forward_call(*args, **kwargs)
           ^^^^^^^^^^^^^^^^^^^^^^^^^^^^^
  File "/gpfs/accounts/si670f25_class_root/si670f25_class/santoshd/fvc/venv/lib/python3.11/site-packages/torchvision/models/video/resnet.py", line 254, in forward
    x = self.layer1(x)
        ^^^^^^^^^^^^^^
  File "/gpfs/accounts/si670f25_class_root/si670f25_class/santoshd/fvc/venv/lib/python3.11/site-packages/torch/nn/modules/module.py", line 1775, in _wrapped_call_impl
    return self._call_impl(*args, **kwargs)
           ^^^^^^^^^^^^^^^^^^^^^^^^^^^^^^^^
  File "/gpfs/accounts/si670f25_class_root/si670f25_class/santoshd/fvc/venv/lib/python3.11/site-packages/torch/nn/modules/module.py", line 1786, in _call_impl
    return forward_call(*args, **kwargs)
           ^^^^^^^^^^^^^^^^^^^^^^^^^^^^^
  File "/gpfs/accounts/si670f25_class_root/si670f25_class/santoshd/fvc/venv/lib/python3.11/site-packages/torch/nn/modules/container.py", line 250, in forward
    input = module(input)
            ^^^^^^^^^^^^^
  File "/gpfs/accounts/si670f25_class_root/si670f25_class/santoshd/fvc/venv/lib/python3.11/site-packages/torch/nn/modules/module.py", line 1775, in _wrapped_call_impl
    return self._call_impl(*args, **kwargs)
           ^^^^^^^^^^^^^^^^^^^^^^^^^^^^^^^^
  File "/gpfs/accounts/si670f25_class_root/si670f25_class/santoshd/fvc/venv/lib/python3.11/site-packages/torch/nn/modules/module.py", line 1786, in _call_impl
    return forward_call(*args, **kwargs)
           ^^^^^^^^^^^^^^^^^^^^^^^^^^^^^
  File "/gpfs/accounts/si670f25_class_root/si670f25_class/santoshd/fvc/venv/lib/python3.11/site-packages/torchvision/models/video/resnet.py", line 114, in forward
    out = self.conv2(out)
          ^^^^^^^^^^^^^^^
  File "/gpfs/accounts/si670f25_class_root/si670f25_class/santoshd/fvc/venv/lib/python3.11/site-packages/torch/nn/modules/module.py", line 1775, in _wrapped_call_impl
    return self._call_impl(*args, **kwargs)
           ^^^^^^^^^^^^^^^^^^^^^^^^^^^^^^^^
  File "/gpfs/accounts/si670f25_class_root/si670f25_class/santoshd/fvc/venv/lib/python3.11/site-packages/torch/nn/modules/module.py", line 1786, in _call_impl
    return forward_call(*args, **kwargs)
           ^^^^^^^^^^^^^^^^^^^^^^^^^^^^^
  File "/gpfs/accounts/si670f25_class_root/si670f25_class/santoshd/fvc/venv/lib/python3.11/site-packages/torch/nn/modules/container.py", line 250, in forward
    input = module(input)
            ^^^^^^^^^^^^^
  File "/gpfs/accounts/si670f25_class_root/si670f25_class/santoshd/fvc/venv/lib/python3.11/site-packages/torch/nn/modules/module.py", line 1775, in _wrapped_call_impl
    return self._call_impl(*args, **kwargs)
           ^^^^^^^^^^^^^^^^^^^^^^^^^^^^^^^^
  File "/gpfs/accounts/si670f25_class_root/si670f25_class/santoshd/fvc/venv/lib/python3.11/site-packages/torch/nn/modules/module.py", line 1786, in _call_impl
    return forward_call(*args, **kwargs)
           ^^^^^^^^^^^^^^^^^^^^^^^^^^^^^
  File "/gpfs/accounts/si670f25_class_root/si670f25_class/santoshd/fvc/venv/lib/python3.11/site-packages/torch/nn/modules/batchnorm.py", line 193, in forward
    return F.batch_norm(
           ^^^^^^^^^^^^^
  File "/gpfs/accounts/si670f25_class_root/si670f25_class/santoshd/fvc/venv/lib/python3.11/site-packages/torch/nn/functional.py", line 2813, in batch_norm
    return torch.batch_norm(
           ^^^^^^^^^^^^^^^^^
torch.OutOfMemoryError: CUDA out of memory. Tried to allocate 2.93 GiB. GPU 0 has a total capacity of 15.77 GiB of which 2.88 GiB is free. Including non-PyTorch memory, this process has 12.88 GiB memory in use. Of the allocated memory 12.40 GiB is allocated by PyTorch, and 110.80 MiB is reserved by PyTorch but unallocated. If reserved but unallocated memory is large try setting PYTORCH_CUDA_ALLOC_CONF=expandable_segments:True to avoid fragmentation.  See documentation for Memory Management  (https://pytorch.org/docs/stable/notes/cuda.html#environment-variables)
2025-12-12 14:40:44 [INFO] [lib.training.pipeline:796] 
================================================================================
2025-12-12 14:40:44 [INFO] [lib.training.pipeline:797] Grid Search: Hyperparameter combination 2/32
2025-12-12 14:40:44 [INFO] [lib.training.pipeline:798] Parameters: {'learning_rate': 5e-05, 'backbone_lr': 1e-06, 'head_lr': 0.0001, 'weight_decay': 0.0001, 'batch_size': 4}
2025-12-12 14:40:44 [INFO] [lib.training.pipeline:799] ================================================================================
2025-12-12 14:40:44 [INFO] [lib.training.pipeline:811] 
Hyperparameter Search - x3d - Fold 1/5 (20% sample)
2025-12-12 14:40:44 [INFO] [lib.training.pipeline:879] Training configuration - Batch size: 4, Gradient accumulation steps: 32, Effective batch size: 128
2025-12-12 14:40:44 [WARNING] [lib.training.x3d:57] torchvision X3D not available. Using r3d_18 as approximation.
2025-12-12 14:40:45 [WARNING] [lib.mlops.mlflow_tracker:176] Failed to create MLflow tracker: Run with UUID cf01e4c3d8604884ad6ae3b1750d1180 is already active. To start a new run, first end the current run with mlflow.end_run(). To start a nested run, call start_run with nested=True
2025-12-12 14:40:45 [INFO] [lib.training.pipeline:997] Training PyTorch model x3d on fold 1...
2025-12-12 14:40:46 [INFO] [lib.training.pipeline:1039] Model forward pass test successful. Output shape: torch.Size([1, 1])
2025-12-12 14:40:46 [INFO] [lib.training.trainer:260] Warmup will be handled in training loop (2 epochs)
2025-12-12 14:41:00 [ERROR] [lib.training.pipeline:1112] CUDA OOM or runtime error during training: CUDA out of memory. Tried to allocate 4.39 GiB. GPU 0 has a total capacity of 15.77 GiB of which 1.17 GiB is free. Including non-PyTorch memory, this process has 14.59 GiB memory in use. Of the allocated memory 14.14 GiB is allocated by PyTorch, and 89.55 MiB is reserved by PyTorch but unallocated. If reserved but unallocated memory is large try setting PYTORCH_CUDA_ALLOC_CONF=expandable_segments:True to avoid fragmentation.  See documentation for Memory Management  (https://pytorch.org/docs/stable/notes/cuda.html#environment-variables). Model: x3d, Fold: 1, Batch size: 4
2025-12-12 14:41:00 [ERROR] [lib.training.pipeline:1507] Error training fold 1: CUDA out of memory. Tried to allocate 4.39 GiB. GPU 0 has a total capacity of 15.77 GiB of which 1.17 GiB is free. Including non-PyTorch memory, this process has 14.59 GiB memory in use. Of the allocated memory 14.14 GiB is allocated by PyTorch, and 89.55 MiB is reserved by PyTorch but unallocated. If reserved but unallocated memory is large try setting PYTORCH_CUDA_ALLOC_CONF=expandable_segments:True to avoid fragmentation.  See documentation for Memory Management  (https://pytorch.org/docs/stable/notes/cuda.html#environment-variables)
Traceback (most recent call last):
  File "/gpfs/accounts/si670f25_class_root/si670f25_class/santoshd/fvc/lib/training/pipeline.py", line 1089, in stage5_train_models
    model = fit(
            ^^^^
  File "/gpfs/accounts/si670f25_class_root/si670f25_class/santoshd/fvc/lib/training/trainer.py", line 609, in fit
    train_loss = train_one_epoch(
                 ^^^^^^^^^^^^^^^^
  File "/gpfs/accounts/si670f25_class_root/si670f25_class/santoshd/fvc/lib/training/trainer.py", line 330, in train_one_epoch
    logits = model(clips)
             ^^^^^^^^^^^^
  File "/gpfs/accounts/si670f25_class_root/si670f25_class/santoshd/fvc/venv/lib/python3.11/site-packages/torch/nn/modules/module.py", line 1775, in _wrapped_call_impl
    return self._call_impl(*args, **kwargs)
           ^^^^^^^^^^^^^^^^^^^^^^^^^^^^^^^^
  File "/gpfs/accounts/si670f25_class_root/si670f25_class/santoshd/fvc/venv/lib/python3.11/site-packages/torch/nn/modules/module.py", line 1786, in _call_impl
    return forward_call(*args, **kwargs)
           ^^^^^^^^^^^^^^^^^^^^^^^^^^^^^
  File "/gpfs/accounts/si670f25_class_root/si670f25_class/santoshd/fvc/lib/training/x3d.py", line 81, in forward
    return self.backbone(x)
           ^^^^^^^^^^^^^^^^
  File "/gpfs/accounts/si670f25_class_root/si670f25_class/santoshd/fvc/venv/lib/python3.11/site-packages/torch/nn/modules/module.py", line 1775, in _wrapped_call_impl
    return self._call_impl(*args, **kwargs)
           ^^^^^^^^^^^^^^^^^^^^^^^^^^^^^^^^
  File "/gpfs/accounts/si670f25_class_root/si670f25_class/santoshd/fvc/venv/lib/python3.11/site-packages/torch/nn/modules/module.py", line 1786, in _call_impl
    return forward_call(*args, **kwargs)
           ^^^^^^^^^^^^^^^^^^^^^^^^^^^^^
  File "/gpfs/accounts/si670f25_class_root/si670f25_class/santoshd/fvc/venv/lib/python3.11/site-packages/torchvision/models/video/resnet.py", line 254, in forward
    x = self.layer1(x)
        ^^^^^^^^^^^^^^
  File "/gpfs/accounts/si670f25_class_root/si670f25_class/santoshd/fvc/venv/lib/python3.11/site-packages/torch/nn/modules/module.py", line 1775, in _wrapped_call_impl
    return self._call_impl(*args, **kwargs)
           ^^^^^^^^^^^^^^^^^^^^^^^^^^^^^^^^
  File "/gpfs/accounts/si670f25_class_root/si670f25_class/santoshd/fvc/venv/lib/python3.11/site-packages/torch/nn/modules/module.py", line 1786, in _call_impl
    return forward_call(*args, **kwargs)
           ^^^^^^^^^^^^^^^^^^^^^^^^^^^^^
  File "/gpfs/accounts/si670f25_class_root/si670f25_class/santoshd/fvc/venv/lib/python3.11/site-packages/torch/nn/modules/container.py", line 250, in forward
    input = module(input)
            ^^^^^^^^^^^^^
  File "/gpfs/accounts/si670f25_class_root/si670f25_class/santoshd/fvc/venv/lib/python3.11/site-packages/torch/nn/modules/module.py", line 1775, in _wrapped_call_impl
    return self._call_impl(*args, **kwargs)
           ^^^^^^^^^^^^^^^^^^^^^^^^^^^^^^^^
  File "/gpfs/accounts/si670f25_class_root/si670f25_class/santoshd/fvc/venv/lib/python3.11/site-packages/torch/nn/modules/module.py", line 1786, in _call_impl
    return forward_call(*args, **kwargs)
           ^^^^^^^^^^^^^^^^^^^^^^^^^^^^^
  File "/gpfs/accounts/si670f25_class_root/si670f25_class/santoshd/fvc/venv/lib/python3.11/site-packages/torchvision/models/video/resnet.py", line 114, in forward
    out = self.conv2(out)
          ^^^^^^^^^^^^^^^
  File "/gpfs/accounts/si670f25_class_root/si670f25_class/santoshd/fvc/venv/lib/python3.11/site-packages/torch/nn/modules/module.py", line 1775, in _wrapped_call_impl
    return self._call_impl(*args, **kwargs)
           ^^^^^^^^^^^^^^^^^^^^^^^^^^^^^^^^
  File "/gpfs/accounts/si670f25_class_root/si670f25_class/santoshd/fvc/venv/lib/python3.11/site-packages/torch/nn/modules/module.py", line 1786, in _call_impl
    return forward_call(*args, **kwargs)
           ^^^^^^^^^^^^^^^^^^^^^^^^^^^^^
  File "/gpfs/accounts/si670f25_class_root/si670f25_class/santoshd/fvc/venv/lib/python3.11/site-packages/torch/nn/modules/container.py", line 250, in forward
    input = module(input)
            ^^^^^^^^^^^^^
  File "/gpfs/accounts/si670f25_class_root/si670f25_class/santoshd/fvc/venv/lib/python3.11/site-packages/torch/nn/modules/module.py", line 1775, in _wrapped_call_impl
    return self._call_impl(*args, **kwargs)
           ^^^^^^^^^^^^^^^^^^^^^^^^^^^^^^^^
  File "/gpfs/accounts/si670f25_class_root/si670f25_class/santoshd/fvc/venv/lib/python3.11/site-packages/torch/nn/modules/module.py", line 1786, in _call_impl
    return forward_call(*args, **kwargs)
           ^^^^^^^^^^^^^^^^^^^^^^^^^^^^^
  File "/gpfs/accounts/si670f25_class_root/si670f25_class/santoshd/fvc/venv/lib/python3.11/site-packages/torch/nn/modules/batchnorm.py", line 193, in forward
    return F.batch_norm(
           ^^^^^^^^^^^^^
  File "/gpfs/accounts/si670f25_class_root/si670f25_class/santoshd/fvc/venv/lib/python3.11/site-packages/torch/nn/functional.py", line 2813, in batch_norm
    return torch.batch_norm(
           ^^^^^^^^^^^^^^^^^
torch.OutOfMemoryError: CUDA out of memory. Tried to allocate 4.39 GiB. GPU 0 has a total capacity of 15.77 GiB of which 1.17 GiB is free. Including non-PyTorch memory, this process has 14.59 GiB memory in use. Of the allocated memory 14.14 GiB is allocated by PyTorch, and 89.55 MiB is reserved by PyTorch but unallocated. If reserved but unallocated memory is large try setting PYTORCH_CUDA_ALLOC_CONF=expandable_segments:True to avoid fragmentation.  See documentation for Memory Management  (https://pytorch.org/docs/stable/notes/cuda.html#environment-variables)
2025-12-12 14:41:01 [INFO] [lib.training.pipeline:811] 
Hyperparameter Search - x3d - Fold 2/5 (20% sample)
2025-12-12 14:41:01 [INFO] [lib.training.pipeline:879] Training configuration - Batch size: 4, Gradient accumulation steps: 32, Effective batch size: 128
2025-12-12 14:41:01 [WARNING] [lib.training.x3d:57] torchvision X3D not available. Using r3d_18 as approximation.
2025-12-12 14:41:01 [WARNING] [lib.mlops.mlflow_tracker:176] Failed to create MLflow tracker: Run with UUID cf01e4c3d8604884ad6ae3b1750d1180 is already active. To start a new run, first end the current run with mlflow.end_run(). To start a nested run, call start_run with nested=True
2025-12-12 14:41:01 [INFO] [lib.training.pipeline:997] Training PyTorch model x3d on fold 2...
2025-12-12 14:41:02 [INFO] [lib.training.pipeline:1039] Model forward pass test successful. Output shape: torch.Size([1, 1])
2025-12-12 14:41:03 [INFO] [lib.training.trainer:260] Warmup will be handled in training loop (2 epochs)
2025-12-12 14:41:13 [ERROR] [lib.training.pipeline:1112] CUDA OOM or runtime error during training: CUDA out of memory. Tried to allocate 7.81 GiB. GPU 0 has a total capacity of 15.77 GiB of which 5.85 GiB is free. Including non-PyTorch memory, this process has 9.91 GiB memory in use. Of the allocated memory 9.41 GiB is allocated by PyTorch, and 133.30 MiB is reserved by PyTorch but unallocated. If reserved but unallocated memory is large try setting PYTORCH_CUDA_ALLOC_CONF=expandable_segments:True to avoid fragmentation.  See documentation for Memory Management  (https://pytorch.org/docs/stable/notes/cuda.html#environment-variables). Model: x3d, Fold: 2, Batch size: 4
2025-12-12 14:41:13 [ERROR] [lib.training.pipeline:1507] Error training fold 2: CUDA out of memory. Tried to allocate 7.81 GiB. GPU 0 has a total capacity of 15.77 GiB of which 5.85 GiB is free. Including non-PyTorch memory, this process has 9.91 GiB memory in use. Of the allocated memory 9.41 GiB is allocated by PyTorch, and 133.30 MiB is reserved by PyTorch but unallocated. If reserved but unallocated memory is large try setting PYTORCH_CUDA_ALLOC_CONF=expandable_segments:True to avoid fragmentation.  See documentation for Memory Management  (https://pytorch.org/docs/stable/notes/cuda.html#environment-variables)
Traceback (most recent call last):
  File "/gpfs/accounts/si670f25_class_root/si670f25_class/santoshd/fvc/lib/training/pipeline.py", line 1089, in stage5_train_models
    logger.error(
        ^^^^^^^^^
  File "/gpfs/accounts/si670f25_class_root/si670f25_class/santoshd/fvc/lib/training/trainer.py", line 609, in fit
    train_loss = train_one_epoch(
                 ^^^^^^^^^^^^^^^^
  File "/gpfs/accounts/si670f25_class_root/si670f25_class/santoshd/fvc/lib/training/trainer.py", line 330, in train_one_epoch
    logits = model(clips)
             ^^^^^^^^^^^^
  File "/gpfs/accounts/si670f25_class_root/si670f25_class/santoshd/fvc/venv/lib/python3.11/site-packages/torch/nn/modules/module.py", line 1775, in _wrapped_call_impl
    return self._call_impl(*args, **kwargs)
           ^^^^^^^^^^^^^^^^^^^^^^^^^^^^^^^^
  File "/gpfs/accounts/si670f25_class_root/si670f25_class/santoshd/fvc/venv/lib/python3.11/site-packages/torch/nn/modules/module.py", line 1786, in _call_impl
    return forward_call(*args, **kwargs)
           ^^^^^^^^^^^^^^^^^^^^^^^^^^^^^
  File "/gpfs/accounts/si670f25_class_root/si670f25_class/santoshd/fvc/lib/training/x3d.py", line 81, in forward
    return self.backbone(x)
           ^^^^^^^^^^^^^^^^
  File "/gpfs/accounts/si670f25_class_root/si670f25_class/santoshd/fvc/venv/lib/python3.11/site-packages/torch/nn/modules/module.py", line 1775, in _wrapped_call_impl
    return self._call_impl(*args, **kwargs)
           ^^^^^^^^^^^^^^^^^^^^^^^^^^^^^^^^
  File "/gpfs/accounts/si670f25_class_root/si670f25_class/santoshd/fvc/venv/lib/python3.11/site-packages/torch/nn/modules/module.py", line 1786, in _call_impl
    return forward_call(*args, **kwargs)
           ^^^^^^^^^^^^^^^^^^^^^^^^^^^^^
  File "/gpfs/accounts/si670f25_class_root/si670f25_class/santoshd/fvc/venv/lib/python3.11/site-packages/torchvision/models/video/resnet.py", line 252, in forward
    x = self.stem(x)
        ^^^^^^^^^^^^
  File "/gpfs/accounts/si670f25_class_root/si670f25_class/santoshd/fvc/venv/lib/python3.11/site-packages/torch/nn/modules/module.py", line 1775, in _wrapped_call_impl
    return self._call_impl(*args, **kwargs)
           ^^^^^^^^^^^^^^^^^^^^^^^^^^^^^^^^
  File "/gpfs/accounts/si670f25_class_root/si670f25_class/santoshd/fvc/venv/lib/python3.11/site-packages/torch/nn/modules/module.py", line 1786, in _call_impl
    return forward_call(*args, **kwargs)
           ^^^^^^^^^^^^^^^^^^^^^^^^^^^^^
  File "/gpfs/accounts/si670f25_class_root/si670f25_class/santoshd/fvc/venv/lib/python3.11/site-packages/torch/nn/modules/container.py", line 250, in forward
    input = module(input)
            ^^^^^^^^^^^^^
  File "/gpfs/accounts/si670f25_class_root/si670f25_class/santoshd/fvc/venv/lib/python3.11/site-packages/torch/nn/modules/module.py", line 1775, in _wrapped_call_impl
    return self._call_impl(*args, **kwargs)
           ^^^^^^^^^^^^^^^^^^^^^^^^^^^^^^^^
  File "/gpfs/accounts/si670f25_class_root/si670f25_class/santoshd/fvc/venv/lib/python3.11/site-packages/torch/nn/modules/module.py", line 1786, in _call_impl
    return forward_call(*args, **kwargs)
           ^^^^^^^^^^^^^^^^^^^^^^^^^^^^^
  File "/gpfs/accounts/si670f25_class_root/si670f25_class/santoshd/fvc/venv/lib/python3.11/site-packages/torch/nn/modules/batchnorm.py", line 193, in forward
    return F.batch_norm(
           ^^^^^^^^^^^^^
  File "/gpfs/accounts/si670f25_class_root/si670f25_class/santoshd/fvc/venv/lib/python3.11/site-packages/torch/nn/functional.py", line 2813, in batch_norm
    return torch.batch_norm(
           ^^^^^^^^^^^^^^^^^
torch.OutOfMemoryError: CUDA out of memory. Tried to allocate 7.81 GiB. GPU 0 has a total capacity of 15.77 GiB of which 5.85 GiB is free. Including non-PyTorch memory, this process has 9.91 GiB memory in use. Of the allocated memory 9.41 GiB is allocated by PyTorch, and 133.30 MiB is reserved by PyTorch but unallocated. If reserved but unallocated memory is large try setting PYTORCH_CUDA_ALLOC_CONF=expandable_segments:True to avoid fragmentation.  See documentation for Memory Management  (https://pytorch.org/docs/stable/notes/cuda.html#environment-variables)
2025-12-12 14:41:14 [INFO] [lib.training.pipeline:811] 
Hyperparameter Search - x3d - Fold 3/5 (20% sample)
2025-12-12 14:41:14 [INFO] [lib.training.pipeline:879] Training configuration - Batch size: 4, Gradient accumulation steps: 32, Effective batch size: 128
2025-12-12 14:41:14 [WARNING] [lib.training.x3d:57] torchvision X3D not available. Using r3d_18 as approximation.
2025-12-12 14:41:14 [WARNING] [lib.mlops.mlflow_tracker:176] Failed to create MLflow tracker: Run with UUID cf01e4c3d8604884ad6ae3b1750d1180 is already active. To start a new run, first end the current run with mlflow.end_run(). To start a nested run, call start_run with nested=True
2025-12-12 14:41:14 [INFO] [lib.training.pipeline:997] Training PyTorch model x3d on fold 3...
2025-12-12 14:41:16 [INFO] [lib.training.pipeline:1039] Model forward pass test successful. Output shape: torch.Size([1, 1])
2025-12-12 14:41:16 [INFO] [lib.training.trainer:260] Warmup will be handled in training loop (2 epochs)
2025-12-12 14:41:23 [ERROR] [lib.training.pipeline:1112] CUDA OOM or runtime error during training: CUDA out of memory. Tried to allocate 5.86 GiB. GPU 0 has a total capacity of 15.77 GiB of which 2.31 GiB is free. Including non-PyTorch memory, this process has 13.44 GiB memory in use. Of the allocated memory 12.95 GiB is allocated by PyTorch, and 128.30 MiB is reserved by PyTorch but unallocated. If reserved but unallocated memory is large try setting PYTORCH_CUDA_ALLOC_CONF=expandable_segments:True to avoid fragmentation.  See documentation for Memory Management  (https://pytorch.org/docs/stable/notes/cuda.html#environment-variables). Model: x3d, Fold: 3, Batch size: 4
2025-12-12 14:41:23 [ERROR] [lib.training.pipeline:1507] Error training fold 3: CUDA out of memory. Tried to allocate 5.86 GiB. GPU 0 has a total capacity of 15.77 GiB of which 2.31 GiB is free. Including non-PyTorch memory, this process has 13.44 GiB memory in use. Of the allocated memory 12.95 GiB is allocated by PyTorch, and 128.30 MiB is reserved by PyTorch but unallocated. If reserved but unallocated memory is large try setting PYTORCH_CUDA_ALLOC_CONF=expandable_segments:True to avoid fragmentation.  See documentation for Memory Management  (https://pytorch.org/docs/stable/notes/cuda.html#environment-variables)
Traceback (most recent call last):
  File "/gpfs/accounts/si670f25_class_root/si670f25_class/santoshd/fvc/lib/training/pipeline.py", line 1089, in stage5_train_models
    logger.error(
        ^^^^^^^^^
  File "/gpfs/accounts/si670f25_class_root/si670f25_class/santoshd/fvc/lib/training/trainer.py", line 609, in fit
    train_loss = train_one_epoch(
                 ^^^^^^^^^^^^^^^^
  File "/gpfs/accounts/si670f25_class_root/si670f25_class/santoshd/fvc/lib/training/trainer.py", line 330, in train_one_epoch
    logits = model(clips)
             ^^^^^^^^^^^^
  File "/gpfs/accounts/si670f25_class_root/si670f25_class/santoshd/fvc/venv/lib/python3.11/site-packages/torch/nn/modules/module.py", line 1775, in _wrapped_call_impl
    return self._call_impl(*args, **kwargs)
           ^^^^^^^^^^^^^^^^^^^^^^^^^^^^^^^^
  File "/gpfs/accounts/si670f25_class_root/si670f25_class/santoshd/fvc/venv/lib/python3.11/site-packages/torch/nn/modules/module.py", line 1786, in _call_impl
    return forward_call(*args, **kwargs)
           ^^^^^^^^^^^^^^^^^^^^^^^^^^^^^
  File "/gpfs/accounts/si670f25_class_root/si670f25_class/santoshd/fvc/lib/training/x3d.py", line 81, in forward
    return self.backbone(x)
           ^^^^^^^^^^^^^^^^
  File "/gpfs/accounts/si670f25_class_root/si670f25_class/santoshd/fvc/venv/lib/python3.11/site-packages/torch/nn/modules/module.py", line 1775, in _wrapped_call_impl
    return self._call_impl(*args, **kwargs)
           ^^^^^^^^^^^^^^^^^^^^^^^^^^^^^^^^
  File "/gpfs/accounts/si670f25_class_root/si670f25_class/santoshd/fvc/venv/lib/python3.11/site-packages/torch/nn/modules/module.py", line 1786, in _call_impl
    return forward_call(*args, **kwargs)
           ^^^^^^^^^^^^^^^^^^^^^^^^^^^^^
  File "/gpfs/accounts/si670f25_class_root/si670f25_class/santoshd/fvc/venv/lib/python3.11/site-packages/torchvision/models/video/resnet.py", line 254, in forward
    x = self.layer1(x)
        ^^^^^^^^^^^^^^
  File "/gpfs/accounts/si670f25_class_root/si670f25_class/santoshd/fvc/venv/lib/python3.11/site-packages/torch/nn/modules/module.py", line 1775, in _wrapped_call_impl
    return self._call_impl(*args, **kwargs)
           ^^^^^^^^^^^^^^^^^^^^^^^^^^^^^^^^
  File "/gpfs/accounts/si670f25_class_root/si670f25_class/santoshd/fvc/venv/lib/python3.11/site-packages/torch/nn/modules/module.py", line 1786, in _call_impl
    return forward_call(*args, **kwargs)
           ^^^^^^^^^^^^^^^^^^^^^^^^^^^^^
  File "/gpfs/accounts/si670f25_class_root/si670f25_class/santoshd/fvc/venv/lib/python3.11/site-packages/torch/nn/modules/container.py", line 250, in forward
    input = module(input)
            ^^^^^^^^^^^^^
  File "/gpfs/accounts/si670f25_class_root/si670f25_class/santoshd/fvc/venv/lib/python3.11/site-packages/torch/nn/modules/module.py", line 1775, in _wrapped_call_impl
    return self._call_impl(*args, **kwargs)
           ^^^^^^^^^^^^^^^^^^^^^^^^^^^^^^^^
  File "/gpfs/accounts/si670f25_class_root/si670f25_class/santoshd/fvc/venv/lib/python3.11/site-packages/torch/nn/modules/module.py", line 1786, in _call_impl
    return forward_call(*args, **kwargs)
           ^^^^^^^^^^^^^^^^^^^^^^^^^^^^^
  File "/gpfs/accounts/si670f25_class_root/si670f25_class/santoshd/fvc/venv/lib/python3.11/site-packages/torchvision/models/video/resnet.py", line 113, in forward
    out = self.conv1(x)
          ^^^^^^^^^^^^^
  File "/gpfs/accounts/si670f25_class_root/si670f25_class/santoshd/fvc/venv/lib/python3.11/site-packages/torch/nn/modules/module.py", line 1775, in _wrapped_call_impl
    return self._call_impl(*args, **kwargs)
           ^^^^^^^^^^^^^^^^^^^^^^^^^^^^^^^^
  File "/gpfs/accounts/si670f25_class_root/si670f25_class/santoshd/fvc/venv/lib/python3.11/site-packages/torch/nn/modules/module.py", line 1786, in _call_impl
    return forward_call(*args, **kwargs)
           ^^^^^^^^^^^^^^^^^^^^^^^^^^^^^
  File "/gpfs/accounts/si670f25_class_root/si670f25_class/santoshd/fvc/venv/lib/python3.11/site-packages/torch/nn/modules/container.py", line 250, in forward
    input = module(input)
            ^^^^^^^^^^^^^
  File "/gpfs/accounts/si670f25_class_root/si670f25_class/santoshd/fvc/venv/lib/python3.11/site-packages/torch/nn/modules/module.py", line 1775, in _wrapped_call_impl
    return self._call_impl(*args, **kwargs)
           ^^^^^^^^^^^^^^^^^^^^^^^^^^^^^^^^
  File "/gpfs/accounts/si670f25_class_root/si670f25_class/santoshd/fvc/venv/lib/python3.11/site-packages/torch/nn/modules/module.py", line 1786, in _call_impl
    return forward_call(*args, **kwargs)
           ^^^^^^^^^^^^^^^^^^^^^^^^^^^^^
  File "/gpfs/accounts/si670f25_class_root/si670f25_class/santoshd/fvc/venv/lib/python3.11/site-packages/torch/nn/modules/batchnorm.py", line 193, in forward
    return F.batch_norm(
           ^^^^^^^^^^^^^
  File "/gpfs/accounts/si670f25_class_root/si670f25_class/santoshd/fvc/venv/lib/python3.11/site-packages/torch/nn/functional.py", line 2813, in batch_norm
    return torch.batch_norm(
           ^^^^^^^^^^^^^^^^^
torch.OutOfMemoryError: CUDA out of memory. Tried to allocate 5.86 GiB. GPU 0 has a total capacity of 15.77 GiB of which 2.31 GiB is free. Including non-PyTorch memory, this process has 13.44 GiB memory in use. Of the allocated memory 12.95 GiB is allocated by PyTorch, and 128.30 MiB is reserved by PyTorch but unallocated. If reserved but unallocated memory is large try setting PYTORCH_CUDA_ALLOC_CONF=expandable_segments:True to avoid fragmentation.  See documentation for Memory Management  (https://pytorch.org/docs/stable/notes/cuda.html#environment-variables)
2025-12-12 14:41:24 [INFO] [lib.training.pipeline:811] 
Hyperparameter Search - x3d - Fold 4/5 (20% sample)
2025-12-12 14:41:24 [INFO] [lib.training.pipeline:879] Training configuration - Batch size: 4, Gradient accumulation steps: 32, Effective batch size: 128
2025-12-12 14:41:24 [WARNING] [lib.training.x3d:57] torchvision X3D not available. Using r3d_18 as approximation.
2025-12-12 14:41:24 [WARNING] [lib.mlops.mlflow_tracker:176] Failed to create MLflow tracker: Run with UUID cf01e4c3d8604884ad6ae3b1750d1180 is already active. To start a new run, first end the current run with mlflow.end_run(). To start a nested run, call start_run with nested=True
2025-12-12 14:41:24 [INFO] [lib.training.pipeline:997] Training PyTorch model x3d on fold 4...
2025-12-12 14:41:26 [INFO] [lib.training.pipeline:1039] Model forward pass test successful. Output shape: torch.Size([1, 1])
2025-12-12 14:41:26 [INFO] [lib.training.trainer:260] Warmup will be handled in training loop (2 epochs)
2025-12-12 14:41:35 [ERROR] [lib.training.pipeline:1112] CUDA OOM or runtime error during training: CUDA out of memory. Tried to allocate 7.81 GiB. GPU 0 has a total capacity of 15.77 GiB of which 5.89 GiB is free. Including non-PyTorch memory, this process has 9.87 GiB memory in use. Of the allocated memory 9.41 GiB is allocated by PyTorch, and 93.30 MiB is reserved by PyTorch but unallocated. If reserved but unallocated memory is large try setting PYTORCH_CUDA_ALLOC_CONF=expandable_segments:True to avoid fragmentation.  See documentation for Memory Management  (https://pytorch.org/docs/stable/notes/cuda.html#environment-variables). Model: x3d, Fold: 4, Batch size: 4
2025-12-12 14:41:35 [ERROR] [lib.training.pipeline:1507] Error training fold 4: CUDA out of memory. Tried to allocate 7.81 GiB. GPU 0 has a total capacity of 15.77 GiB of which 5.89 GiB is free. Including non-PyTorch memory, this process has 9.87 GiB memory in use. Of the allocated memory 9.41 GiB is allocated by PyTorch, and 93.30 MiB is reserved by PyTorch but unallocated. If reserved but unallocated memory is large try setting PYTORCH_CUDA_ALLOC_CONF=expandable_segments:True to avoid fragmentation.  See documentation for Memory Management  (https://pytorch.org/docs/stable/notes/cuda.html#environment-variables)
Traceback (most recent call last):
  File "/gpfs/accounts/si670f25_class_root/si670f25_class/santoshd/fvc/lib/training/pipeline.py", line 1089, in stage5_train_models
    logger.error(
        ^^^^^^^^^
  File "/gpfs/accounts/si670f25_class_root/si670f25_class/santoshd/fvc/lib/training/trainer.py", line 609, in fit
    train_loss = train_one_epoch(
                 ^^^^^^^^^^^^^^^^
  File "/gpfs/accounts/si670f25_class_root/si670f25_class/santoshd/fvc/lib/training/trainer.py", line 330, in train_one_epoch
    logits = model(clips)
             ^^^^^^^^^^^^
  File "/gpfs/accounts/si670f25_class_root/si670f25_class/santoshd/fvc/venv/lib/python3.11/site-packages/torch/nn/modules/module.py", line 1775, in _wrapped_call_impl
    return self._call_impl(*args, **kwargs)
           ^^^^^^^^^^^^^^^^^^^^^^^^^^^^^^^^
  File "/gpfs/accounts/si670f25_class_root/si670f25_class/santoshd/fvc/venv/lib/python3.11/site-packages/torch/nn/modules/module.py", line 1786, in _call_impl
    return forward_call(*args, **kwargs)
           ^^^^^^^^^^^^^^^^^^^^^^^^^^^^^
  File "/gpfs/accounts/si670f25_class_root/si670f25_class/santoshd/fvc/lib/training/x3d.py", line 81, in forward
    return self.backbone(x)
           ^^^^^^^^^^^^^^^^
  File "/gpfs/accounts/si670f25_class_root/si670f25_class/santoshd/fvc/venv/lib/python3.11/site-packages/torch/nn/modules/module.py", line 1775, in _wrapped_call_impl
    return self._call_impl(*args, **kwargs)
           ^^^^^^^^^^^^^^^^^^^^^^^^^^^^^^^^
  File "/gpfs/accounts/si670f25_class_root/si670f25_class/santoshd/fvc/venv/lib/python3.11/site-packages/torch/nn/modules/module.py", line 1786, in _call_impl
    return forward_call(*args, **kwargs)
           ^^^^^^^^^^^^^^^^^^^^^^^^^^^^^
  File "/gpfs/accounts/si670f25_class_root/si670f25_class/santoshd/fvc/venv/lib/python3.11/site-packages/torchvision/models/video/resnet.py", line 252, in forward
    x = self.stem(x)
        ^^^^^^^^^^^^
  File "/gpfs/accounts/si670f25_class_root/si670f25_class/santoshd/fvc/venv/lib/python3.11/site-packages/torch/nn/modules/module.py", line 1775, in _wrapped_call_impl
    return self._call_impl(*args, **kwargs)
           ^^^^^^^^^^^^^^^^^^^^^^^^^^^^^^^^
  File "/gpfs/accounts/si670f25_class_root/si670f25_class/santoshd/fvc/venv/lib/python3.11/site-packages/torch/nn/modules/module.py", line 1786, in _call_impl
    return forward_call(*args, **kwargs)
           ^^^^^^^^^^^^^^^^^^^^^^^^^^^^^
  File "/gpfs/accounts/si670f25_class_root/si670f25_class/santoshd/fvc/venv/lib/python3.11/site-packages/torch/nn/modules/container.py", line 250, in forward
    input = module(input)
            ^^^^^^^^^^^^^
  File "/gpfs/accounts/si670f25_class_root/si670f25_class/santoshd/fvc/venv/lib/python3.11/site-packages/torch/nn/modules/module.py", line 1775, in _wrapped_call_impl
    return self._call_impl(*args, **kwargs)
           ^^^^^^^^^^^^^^^^^^^^^^^^^^^^^^^^
  File "/gpfs/accounts/si670f25_class_root/si670f25_class/santoshd/fvc/venv/lib/python3.11/site-packages/torch/nn/modules/module.py", line 1786, in _call_impl
    return forward_call(*args, **kwargs)
           ^^^^^^^^^^^^^^^^^^^^^^^^^^^^^
  File "/gpfs/accounts/si670f25_class_root/si670f25_class/santoshd/fvc/venv/lib/python3.11/site-packages/torch/nn/modules/batchnorm.py", line 193, in forward
    return F.batch_norm(
           ^^^^^^^^^^^^^
  File "/gpfs/accounts/si670f25_class_root/si670f25_class/santoshd/fvc/venv/lib/python3.11/site-packages/torch/nn/functional.py", line 2813, in batch_norm
    return torch.batch_norm(
           ^^^^^^^^^^^^^^^^^
torch.OutOfMemoryError: CUDA out of memory. Tried to allocate 7.81 GiB. GPU 0 has a total capacity of 15.77 GiB of which 5.89 GiB is free. Including non-PyTorch memory, this process has 9.87 GiB memory in use. Of the allocated memory 9.41 GiB is allocated by PyTorch, and 93.30 MiB is reserved by PyTorch but unallocated. If reserved but unallocated memory is large try setting PYTORCH_CUDA_ALLOC_CONF=expandable_segments:True to avoid fragmentation.  See documentation for Memory Management  (https://pytorch.org/docs/stable/notes/cuda.html#environment-variables)
2025-12-12 14:41:35 [INFO] [lib.training.pipeline:811] 
Hyperparameter Search - x3d - Fold 5/5 (20% sample)
2025-12-12 14:41:35 [INFO] [lib.training.pipeline:879] Training configuration - Batch size: 4, Gradient accumulation steps: 32, Effective batch size: 128
2025-12-12 14:41:35 [WARNING] [lib.training.x3d:57] torchvision X3D not available. Using r3d_18 as approximation.
2025-12-12 14:41:36 [WARNING] [lib.mlops.mlflow_tracker:176] Failed to create MLflow tracker: Run with UUID cf01e4c3d8604884ad6ae3b1750d1180 is already active. To start a new run, first end the current run with mlflow.end_run(). To start a nested run, call start_run with nested=True
2025-12-12 14:41:36 [INFO] [lib.training.pipeline:997] Training PyTorch model x3d on fold 5...
2025-12-12 14:41:37 [INFO] [lib.training.pipeline:1039] Model forward pass test successful. Output shape: torch.Size([1, 1])
2025-12-12 14:41:38 [INFO] [lib.training.trainer:260] Warmup will be handled in training loop (2 epochs)
2025-12-12 14:41:48 [ERROR] [lib.training.pipeline:1112] CUDA OOM or runtime error during training: CUDA out of memory. Tried to allocate 7.81 GiB. GPU 0 has a total capacity of 15.77 GiB of which 5.89 GiB is free. Including non-PyTorch memory, this process has 9.87 GiB memory in use. Of the allocated memory 9.41 GiB is allocated by PyTorch, and 93.30 MiB is reserved by PyTorch but unallocated. If reserved but unallocated memory is large try setting PYTORCH_CUDA_ALLOC_CONF=expandable_segments:True to avoid fragmentation.  See documentation for Memory Management  (https://pytorch.org/docs/stable/notes/cuda.html#environment-variables). Model: x3d, Fold: 5, Batch size: 4
2025-12-12 14:41:48 [ERROR] [lib.training.pipeline:1507] Error training fold 5: CUDA out of memory. Tried to allocate 7.81 GiB. GPU 0 has a total capacity of 15.77 GiB of which 5.89 GiB is free. Including non-PyTorch memory, this process has 9.87 GiB memory in use. Of the allocated memory 9.41 GiB is allocated by PyTorch, and 93.30 MiB is reserved by PyTorch but unallocated. If reserved but unallocated memory is large try setting PYTORCH_CUDA_ALLOC_CONF=expandable_segments:True to avoid fragmentation.  See documentation for Memory Management  (https://pytorch.org/docs/stable/notes/cuda.html#environment-variables)
Traceback (most recent call last):
  File "/gpfs/accounts/si670f25_class_root/si670f25_class/santoshd/fvc/lib/training/pipeline.py", line 1089, in stage5_train_models
    logger.error(
        ^^^^^^^^^
  File "/gpfs/accounts/si670f25_class_root/si670f25_class/santoshd/fvc/lib/training/trainer.py", line 609, in fit
    train_loss = train_one_epoch(
                 ^^^^^^^^^^^^^^^^
  File "/gpfs/accounts/si670f25_class_root/si670f25_class/santoshd/fvc/lib/training/trainer.py", line 330, in train_one_epoch
    logits = model(clips)
             ^^^^^^^^^^^^
  File "/gpfs/accounts/si670f25_class_root/si670f25_class/santoshd/fvc/venv/lib/python3.11/site-packages/torch/nn/modules/module.py", line 1775, in _wrapped_call_impl
    return self._call_impl(*args, **kwargs)
           ^^^^^^^^^^^^^^^^^^^^^^^^^^^^^^^^
  File "/gpfs/accounts/si670f25_class_root/si670f25_class/santoshd/fvc/venv/lib/python3.11/site-packages/torch/nn/modules/module.py", line 1786, in _call_impl
    return forward_call(*args, **kwargs)
           ^^^^^^^^^^^^^^^^^^^^^^^^^^^^^
  File "/gpfs/accounts/si670f25_class_root/si670f25_class/santoshd/fvc/lib/training/x3d.py", line 81, in forward
    return self.backbone(x)
           ^^^^^^^^^^^^^^^^
  File "/gpfs/accounts/si670f25_class_root/si670f25_class/santoshd/fvc/venv/lib/python3.11/site-packages/torch/nn/modules/module.py", line 1775, in _wrapped_call_impl
    return self._call_impl(*args, **kwargs)
           ^^^^^^^^^^^^^^^^^^^^^^^^^^^^^^^^
  File "/gpfs/accounts/si670f25_class_root/si670f25_class/santoshd/fvc/venv/lib/python3.11/site-packages/torch/nn/modules/module.py", line 1786, in _call_impl
    return forward_call(*args, **kwargs)
           ^^^^^^^^^^^^^^^^^^^^^^^^^^^^^
  File "/gpfs/accounts/si670f25_class_root/si670f25_class/santoshd/fvc/venv/lib/python3.11/site-packages/torchvision/models/video/resnet.py", line 252, in forward
    x = self.stem(x)
        ^^^^^^^^^^^^
  File "/gpfs/accounts/si670f25_class_root/si670f25_class/santoshd/fvc/venv/lib/python3.11/site-packages/torch/nn/modules/module.py", line 1775, in _wrapped_call_impl
    return self._call_impl(*args, **kwargs)
           ^^^^^^^^^^^^^^^^^^^^^^^^^^^^^^^^
  File "/gpfs/accounts/si670f25_class_root/si670f25_class/santoshd/fvc/venv/lib/python3.11/site-packages/torch/nn/modules/module.py", line 1786, in _call_impl
    return forward_call(*args, **kwargs)
           ^^^^^^^^^^^^^^^^^^^^^^^^^^^^^
  File "/gpfs/accounts/si670f25_class_root/si670f25_class/santoshd/fvc/venv/lib/python3.11/site-packages/torch/nn/modules/container.py", line 250, in forward
    input = module(input)
            ^^^^^^^^^^^^^
  File "/gpfs/accounts/si670f25_class_root/si670f25_class/santoshd/fvc/venv/lib/python3.11/site-packages/torch/nn/modules/module.py", line 1775, in _wrapped_call_impl
    return self._call_impl(*args, **kwargs)
           ^^^^^^^^^^^^^^^^^^^^^^^^^^^^^^^^
  File "/gpfs/accounts/si670f25_class_root/si670f25_class/santoshd/fvc/venv/lib/python3.11/site-packages/torch/nn/modules/module.py", line 1786, in _call_impl
    return forward_call(*args, **kwargs)
           ^^^^^^^^^^^^^^^^^^^^^^^^^^^^^
  File "/gpfs/accounts/si670f25_class_root/si670f25_class/santoshd/fvc/venv/lib/python3.11/site-packages/torch/nn/modules/batchnorm.py", line 193, in forward
    return F.batch_norm(
           ^^^^^^^^^^^^^
  File "/gpfs/accounts/si670f25_class_root/si670f25_class/santoshd/fvc/venv/lib/python3.11/site-packages/torch/nn/functional.py", line 2813, in batch_norm
    return torch.batch_norm(
           ^^^^^^^^^^^^^^^^^
torch.OutOfMemoryError: CUDA out of memory. Tried to allocate 7.81 GiB. GPU 0 has a total capacity of 15.77 GiB of which 5.89 GiB is free. Including non-PyTorch memory, this process has 9.87 GiB memory in use. Of the allocated memory 9.41 GiB is allocated by PyTorch, and 93.30 MiB is reserved by PyTorch but unallocated. If reserved but unallocated memory is large try setting PYTORCH_CUDA_ALLOC_CONF=expandable_segments:True to avoid fragmentation.  See documentation for Memory Management  (https://pytorch.org/docs/stable/notes/cuda.html#environment-variables)
2025-12-12 14:41:48 [INFO] [lib.training.pipeline:796] 
================================================================================
2025-12-12 14:41:48 [INFO] [lib.training.pipeline:797] Grid Search: Hyperparameter combination 3/32
2025-12-12 14:41:48 [INFO] [lib.training.pipeline:798] Parameters: {'learning_rate': 5e-05, 'backbone_lr': 1e-06, 'head_lr': 0.0001, 'weight_decay': 0.001, 'batch_size': 2}
2025-12-12 14:41:48 [INFO] [lib.training.pipeline:799] ================================================================================
2025-12-12 14:41:48 [INFO] [lib.training.pipeline:811] 
Hyperparameter Search - x3d - Fold 1/5 (20% sample)
2025-12-12 14:41:48 [INFO] [lib.training.pipeline:879] Training configuration - Batch size: 2, Gradient accumulation steps: 32, Effective batch size: 64
2025-12-12 14:41:48 [WARNING] [lib.training.x3d:57] torchvision X3D not available. Using r3d_18 as approximation.
2025-12-12 14:41:49 [WARNING] [lib.mlops.mlflow_tracker:176] Failed to create MLflow tracker: Run with UUID cf01e4c3d8604884ad6ae3b1750d1180 is already active. To start a new run, first end the current run with mlflow.end_run(). To start a nested run, call start_run with nested=True
2025-12-12 14:41:49 [INFO] [lib.training.pipeline:997] Training PyTorch model x3d on fold 1...
2025-12-12 14:41:50 [INFO] [lib.training.pipeline:1039] Model forward pass test successful. Output shape: torch.Size([1, 1])
2025-12-12 14:41:51 [INFO] [lib.training.trainer:260] Warmup will be handled in training loop (2 epochs)
2025-12-12 14:41:58 [ERROR] [lib.training.pipeline:1112] CUDA OOM or runtime error during training: CUDA out of memory. Tried to allocate 3.91 GiB. GPU 0 has a total capacity of 15.77 GiB of which 2.69 GiB is free. Including non-PyTorch memory, this process has 13.07 GiB memory in use. Of the allocated memory 12.58 GiB is allocated by PyTorch, and 123.30 MiB is reserved by PyTorch but unallocated. If reserved but unallocated memory is large try setting PYTORCH_CUDA_ALLOC_CONF=expandable_segments:True to avoid fragmentation.  See documentation for Memory Management  (https://pytorch.org/docs/stable/notes/cuda.html#environment-variables). Model: x3d, Fold: 1, Batch size: 2
2025-12-12 14:41:58 [ERROR] [lib.training.pipeline:1507] Error training fold 1: CUDA out of memory. Tried to allocate 3.91 GiB. GPU 0 has a total capacity of 15.77 GiB of which 2.69 GiB is free. Including non-PyTorch memory, this process has 13.07 GiB memory in use. Of the allocated memory 12.58 GiB is allocated by PyTorch, and 123.30 MiB is reserved by PyTorch but unallocated. If reserved but unallocated memory is large try setting PYTORCH_CUDA_ALLOC_CONF=expandable_segments:True to avoid fragmentation.  See documentation for Memory Management  (https://pytorch.org/docs/stable/notes/cuda.html#environment-variables)
Traceback (most recent call last):
  File "/gpfs/accounts/si670f25_class_root/si670f25_class/santoshd/fvc/lib/training/pipeline.py", line 1089, in stage5_train_models
    logger.error(
        ^^^^^^^^^
  File "/gpfs/accounts/si670f25_class_root/si670f25_class/santoshd/fvc/lib/training/trainer.py", line 609, in fit
    train_loss = train_one_epoch(
                 ^^^^^^^^^^^^^^^^
  File "/gpfs/accounts/si670f25_class_root/si670f25_class/santoshd/fvc/lib/training/trainer.py", line 330, in train_one_epoch
    logits = model(clips)
             ^^^^^^^^^^^^
  File "/gpfs/accounts/si670f25_class_root/si670f25_class/santoshd/fvc/venv/lib/python3.11/site-packages/torch/nn/modules/module.py", line 1775, in _wrapped_call_impl
    return self._call_impl(*args, **kwargs)
           ^^^^^^^^^^^^^^^^^^^^^^^^^^^^^^^^
  File "/gpfs/accounts/si670f25_class_root/si670f25_class/santoshd/fvc/venv/lib/python3.11/site-packages/torch/nn/modules/module.py", line 1786, in _call_impl
    return forward_call(*args, **kwargs)
           ^^^^^^^^^^^^^^^^^^^^^^^^^^^^^
  File "/gpfs/accounts/si670f25_class_root/si670f25_class/santoshd/fvc/lib/training/x3d.py", line 81, in forward
    return self.backbone(x)
           ^^^^^^^^^^^^^^^^
  File "/gpfs/accounts/si670f25_class_root/si670f25_class/santoshd/fvc/venv/lib/python3.11/site-packages/torch/nn/modules/module.py", line 1775, in _wrapped_call_impl
    return self._call_impl(*args, **kwargs)
           ^^^^^^^^^^^^^^^^^^^^^^^^^^^^^^^^
  File "/gpfs/accounts/si670f25_class_root/si670f25_class/santoshd/fvc/venv/lib/python3.11/site-packages/torch/nn/modules/module.py", line 1786, in _call_impl
    return forward_call(*args, **kwargs)
           ^^^^^^^^^^^^^^^^^^^^^^^^^^^^^
  File "/gpfs/accounts/si670f25_class_root/si670f25_class/santoshd/fvc/venv/lib/python3.11/site-packages/torchvision/models/video/resnet.py", line 254, in forward
    x = self.layer1(x)
        ^^^^^^^^^^^^^^
  File "/gpfs/accounts/si670f25_class_root/si670f25_class/santoshd/fvc/venv/lib/python3.11/site-packages/torch/nn/modules/module.py", line 1775, in _wrapped_call_impl
    return self._call_impl(*args, **kwargs)
           ^^^^^^^^^^^^^^^^^^^^^^^^^^^^^^^^
  File "/gpfs/accounts/si670f25_class_root/si670f25_class/santoshd/fvc/venv/lib/python3.11/site-packages/torch/nn/modules/module.py", line 1786, in _call_impl
    return forward_call(*args, **kwargs)
           ^^^^^^^^^^^^^^^^^^^^^^^^^^^^^
  File "/gpfs/accounts/si670f25_class_root/si670f25_class/santoshd/fvc/venv/lib/python3.11/site-packages/torch/nn/modules/container.py", line 250, in forward
    input = module(input)
            ^^^^^^^^^^^^^
  File "/gpfs/accounts/si670f25_class_root/si670f25_class/santoshd/fvc/venv/lib/python3.11/site-packages/torch/nn/modules/module.py", line 1775, in _wrapped_call_impl
    return self._call_impl(*args, **kwargs)
           ^^^^^^^^^^^^^^^^^^^^^^^^^^^^^^^^
  File "/gpfs/accounts/si670f25_class_root/si670f25_class/santoshd/fvc/venv/lib/python3.11/site-packages/torch/nn/modules/module.py", line 1786, in _call_impl
    return forward_call(*args, **kwargs)
           ^^^^^^^^^^^^^^^^^^^^^^^^^^^^^
  File "/gpfs/accounts/si670f25_class_root/si670f25_class/santoshd/fvc/venv/lib/python3.11/site-packages/torchvision/models/video/resnet.py", line 114, in forward
    out = self.conv2(out)
          ^^^^^^^^^^^^^^^
  File "/gpfs/accounts/si670f25_class_root/si670f25_class/santoshd/fvc/venv/lib/python3.11/site-packages/torch/nn/modules/module.py", line 1775, in _wrapped_call_impl
    return self._call_impl(*args, **kwargs)
           ^^^^^^^^^^^^^^^^^^^^^^^^^^^^^^^^
  File "/gpfs/accounts/si670f25_class_root/si670f25_class/santoshd/fvc/venv/lib/python3.11/site-packages/torch/nn/modules/module.py", line 1786, in _call_impl
    return forward_call(*args, **kwargs)
           ^^^^^^^^^^^^^^^^^^^^^^^^^^^^^
  File "/gpfs/accounts/si670f25_class_root/si670f25_class/santoshd/fvc/venv/lib/python3.11/site-packages/torch/nn/modules/container.py", line 250, in forward
    input = module(input)
            ^^^^^^^^^^^^^
  File "/gpfs/accounts/si670f25_class_root/si670f25_class/santoshd/fvc/venv/lib/python3.11/site-packages/torch/nn/modules/module.py", line 1775, in _wrapped_call_impl
    return self._call_impl(*args, **kwargs)
           ^^^^^^^^^^^^^^^^^^^^^^^^^^^^^^^^
  File "/gpfs/accounts/si670f25_class_root/si670f25_class/santoshd/fvc/venv/lib/python3.11/site-packages/torch/nn/modules/module.py", line 1786, in _call_impl
    return forward_call(*args, **kwargs)
           ^^^^^^^^^^^^^^^^^^^^^^^^^^^^^
  File "/gpfs/accounts/si670f25_class_root/si670f25_class/santoshd/fvc/venv/lib/python3.11/site-packages/torch/nn/modules/batchnorm.py", line 193, in forward
    return F.batch_norm(
           ^^^^^^^^^^^^^
  File "/gpfs/accounts/si670f25_class_root/si670f25_class/santoshd/fvc/venv/lib/python3.11/site-packages/torch/nn/functional.py", line 2813, in batch_norm
    return torch.batch_norm(
           ^^^^^^^^^^^^^^^^^
torch.OutOfMemoryError: CUDA out of memory. Tried to allocate 3.91 GiB. GPU 0 has a total capacity of 15.77 GiB of which 2.69 GiB is free. Including non-PyTorch memory, this process has 13.07 GiB memory in use. Of the allocated memory 12.58 GiB is allocated by PyTorch, and 123.30 MiB is reserved by PyTorch but unallocated. If reserved but unallocated memory is large try setting PYTORCH_CUDA_ALLOC_CONF=expandable_segments:True to avoid fragmentation.  See documentation for Memory Management  (https://pytorch.org/docs/stable/notes/cuda.html#environment-variables)
2025-12-12 14:41:59 [INFO] [lib.training.pipeline:811] 
Hyperparameter Search - x3d - Fold 2/5 (20% sample)
2025-12-12 14:41:59 [INFO] [lib.training.pipeline:879] Training configuration - Batch size: 2, Gradient accumulation steps: 32, Effective batch size: 64
2025-12-12 14:41:59 [WARNING] [lib.training.x3d:57] torchvision X3D not available. Using r3d_18 as approximation.
2025-12-12 14:41:59 [WARNING] [lib.mlops.mlflow_tracker:176] Failed to create MLflow tracker: Run with UUID cf01e4c3d8604884ad6ae3b1750d1180 is already active. To start a new run, first end the current run with mlflow.end_run(). To start a nested run, call start_run with nested=True
2025-12-12 14:41:59 [INFO] [lib.training.pipeline:997] Training PyTorch model x3d on fold 2...
2025-12-12 14:42:00 [INFO] [lib.training.pipeline:1039] Model forward pass test successful. Output shape: torch.Size([1, 1])
2025-12-12 14:42:01 [INFO] [lib.training.trainer:260] Warmup will be handled in training loop (2 epochs)
