2025-12-09 20:10:13 [INFO] [lib.utils.memory:89] Memory stats (Stage 5: before training): {'cpu_memory_mb': 755.01953125, 'cpu_memory_gb': 0.7373237609863281, 'cpu_vms_mb': 10239.984375, 'gpu_allocated_gb': 0.0, 'gpu_reserved_gb': 0.0, 'gpu_total_gb': 16.928342016, 'gpu_free_gb': 16.928342016}
2025-12-09 20:10:13 [DEBUG] [lib.utils.memory:95] CPU percent: 0.0%
2025-12-09 20:10:13 [DEBUG] [lib.utils.memory:96] Num threads: 4
2025-12-09 20:10:13 [ERROR] [__main__:332] ================================================================================
2025-12-09 20:10:13 [ERROR] [__main__:333] STAGE 5 FAILED
2025-12-09 20:10:13 [ERROR] [__main__:334] ================================================================================
2025-12-09 20:10:13 [ERROR] [__main__:335] Error: cannot access local variable 'Path' where it is not associated with a value
2025-12-09 20:10:13 [ERROR] [__main__:336] Exception type: UnboundLocalError
2025-12-09 20:10:13 [ERROR] [__main__:337] Full traceback:
Traceback (most recent call last):
  File "/gpfs/accounts/si670f25_class_root/si670f25_class/santoshd/fvc/src/scripts/run_stage5_training.py", line 277, in main
    results = stage5_train_models(
              ^^^^^^^^^^^^^^^^^^^^
  File "/gpfs/accounts/si670f25_class_root/si670f25_class/santoshd/fvc/lib/training/pipeline.py", line 66, in stage5_train_models
    project_root = Path(project_root)
                   ^^^^
UnboundLocalError: cannot access local variable 'Path' where it is not associated with a value
2025-12-09 20:10:13 [ERROR] [__main__:338] Output directory: /gpfs/accounts/si670f25_class_root/si670f25_class/santoshd/fvc/data/stage5
2025-12-09 20:10:13 [ERROR] [__main__:339] Partial results may be available
2025-12-09 20:10:13 [ERROR] [__main__:340] ================================================================================
