2025-12-07 13:02:09 [INFO] [__main__:151] ================================================================================
2025-12-07 13:02:09 [INFO] [__main__:152] STAGE 3: VIDEO SCALING
2025-12-07 13:02:09 [INFO] [__main__:153] ================================================================================
2025-12-07 13:02:09 [INFO] [__main__:154] Project root: /gpfs/accounts/si670f25_class_root/si670f25_class/santoshd/fvc
2025-12-07 13:02:09 [INFO] [__main__:155] Augmented metadata: /gpfs/accounts/si670f25_class_root/si670f25_class/santoshd/fvc/data/augmented_videos/augmented_metadata.csv
2025-12-07 13:02:09 [INFO] [__main__:156] Output directory: /gpfs/accounts/si670f25_class_root/si670f25_class/santoshd/fvc/data/scaled_videos
2025-12-07 13:02:09 [INFO] [__main__:157] Scaling method: autoencoder
2025-12-07 13:02:09 [INFO] [__main__:158] Target max dimension: 256 pixels
2025-12-07 13:02:09 [INFO] [__main__:160] Video range: [2030, 2436)
2025-12-07 13:02:09 [INFO] [__main__:163] Delete existing: False
2025-12-07 13:02:09 [INFO] [__main__:164] Resume mode: True
2025-12-07 13:02:09 [INFO] [__main__:165] Log file: /gpfs/accounts/si670f25_class_root/si670f25_class/santoshd/fvc/logs/stage3_scaling_1765130529.log
2025-12-07 13:02:09 [DEBUG] [__main__:166] Python version: 3.11.7 (main, Dec 15 2023, 18:12:31) [GCC 11.2.0]
2025-12-07 13:02:09 [DEBUG] [__main__:167] Python executable: /gpfs/accounts/si670f25_class_root/si670f25_class/santoshd/fvc/venv/bin/python
2025-12-07 13:02:09 [DEBUG] [__main__:168] Working directory: /gpfs/accounts/si670f25_class_root/si670f25_class/santoshd/fvc
2025-12-07 13:02:09 [DEBUG] [__main__:169] Command line arguments: ['/gpfs/accounts/si670f25_class_root/si670f25_class/santoshd/fvc/src/scripts/run_stage3_scaling.py', '--project-root', '/gpfs/accounts/si670f25_class_root/si670f25_class/santoshd/fvc', '--augmented-metadata', '/gpfs/accounts/si670f25_class_root/si670f25_class/santoshd/fvc/data/augmented_videos/augmented_metadata.csv', '--method', 'autoencoder', '--target-size', '256', '--chunk-size', '400', '--output-dir', 'data/scaled_videos', '--start-idx', '2030', '--end-idx', '2436', '--resume']
2025-12-07 13:02:09 [INFO] [__main__:172] ================================================================================
2025-12-07 13:02:09 [INFO] [__main__:173] Checking prerequisites...
2025-12-07 13:02:09 [INFO] [__main__:174] ================================================================================
2025-12-07 13:02:09 [INFO] [__main__:180] ✓ Augmented metadata file found: /gpfs/accounts/si670f25_class_root/si670f25_class/santoshd/fvc/data/augmented_videos/augmented_metadata.csv
2025-12-07 13:02:09 [DEBUG] [__main__:185] System information:
2025-12-07 13:02:09 [DEBUG] [__main__:186]   CPU count: 40
2025-12-07 13:02:09 [DEBUG] [__main__:187]   Total memory: 200.81 GB
2025-12-07 13:02:09 [DEBUG] [__main__:188]   Available memory: 192.19 GB
2025-12-07 13:02:09 [INFO] [__main__:193] ================================================================================
2025-12-07 13:02:09 [INFO] [__main__:194] Initial memory statistics:
2025-12-07 13:02:09 [INFO] [__main__:195] ================================================================================
2025-12-07 13:02:09 [INFO] [lib.utils.memory:89] Memory stats (Stage 3: before scaling): {'cpu_memory_mb': 700.8515625, 'cpu_memory_gb': 0.6844253540039062, 'cpu_vms_mb': 5653.046875, 'gpu_allocated_gb': 0.0, 'gpu_reserved_gb': 0.0, 'gpu_total_gb': 16.928342016, 'gpu_free_gb': 16.928342016}
2025-12-07 13:02:09 [DEBUG] [lib.utils.memory:95] CPU percent: 0.0%
2025-12-07 13:02:09 [DEBUG] [lib.utils.memory:96] Num threads: 4
2025-12-07 13:02:09 [INFO] [__main__:199] ================================================================================
2025-12-07 13:02:09 [INFO] [__main__:200] Starting Stage 3: Video Scaling
2025-12-07 13:02:09 [INFO] [__main__:201] ================================================================================
2025-12-07 13:02:09 [INFO] [__main__:202] This may take a while depending on dataset size...
2025-12-07 13:02:09 [INFO] [__main__:203] Progress will be logged in real-time
2025-12-07 13:02:09 [INFO] [__main__:204] ================================================================================
2025-12-07 13:02:09 [INFO] [lib.scaling.pipeline:297] Stage 3: Loading augmented metadata...
2025-12-07 13:02:09 [INFO] [lib.scaling.pipeline:329] Stage 3: Processing video range [2030, 2436) of 3244 total videos
2025-12-07 13:02:09 [INFO] [lib.scaling.pipeline:338] Stage 3: Processing 406 videos in this range
2025-12-07 13:02:09 [INFO] [lib.scaling.pipeline:339] Stage 3: Target max dimension: 256 pixels
2025-12-07 13:02:09 [INFO] [lib.scaling.pipeline:345] Stage 3: Method: autoencoder
2025-12-07 13:02:09 [INFO] [lib.scaling.pipeline:346] Stage 3: Chunk size: 400 frames
2025-12-07 13:02:09 [INFO] [lib.scaling.pipeline:353] Stage 3: Loading Hugging Face autoencoder: stabilityai/sd-vae-ft-mse
2025-12-07 13:02:09 [INFO] [lib.scaling.methods:111] Loading Hugging Face autoencoder: stabilityai/sd-vae-ft-mse on cuda
2025-12-07 13:02:09 [DEBUG] [lib.scaling.methods:128] Attempting to load as standalone VAE (no subfolder)
2025-12-07 13:02:09 [DEBUG] [urllib3.connectionpool:1049] Starting new HTTPS connection (1): huggingface.co:443
2025-12-07 13:02:09 [DEBUG] [urllib3.connectionpool:544] https://huggingface.co:443 "HEAD /stabilityai/sd-vae-ft-mse/resolve/main/config.json HTTP/1.1" 307 0
2025-12-07 13:02:09 [DEBUG] [urllib3.connectionpool:544] https://huggingface.co:443 "HEAD /api/resolve-cache/models/stabilityai/sd-vae-ft-mse/31f26fdeee1355a5c34592e401dd41e45d25a493/config.json HTTP/1.1" 200 0
2025-12-07 13:02:09 [DEBUG] [urllib3.connectionpool:544] https://huggingface.co:443 "HEAD /stabilityai/sd-vae-ft-mse/resolve/31f26fdeee1355a5c34592e401dd41e45d25a493/diffusion_pytorch_model.safetensors.index.json HTTP/1.1" 404 0
2025-12-07 13:02:10 [INFO] [lib.scaling.methods:163] ✓ Loaded autoencoder: stabilityai/sd-vae-ft-mse
2025-12-07 13:02:10 [INFO] [lib.scaling.pipeline:355] ✓ Autoencoder loaded successfully
2025-12-07 13:02:10 [WARNING] [lib.utils.paths:168] Metadata file is empty: /gpfs/accounts/si670f25_class_root/si670f25_class/santoshd/fvc/data/scaled_videos/scaled_metadata.arrow, trying other formats...
2025-12-07 13:02:10 [WARNING] [lib.utils.paths:177] No valid metadata file found for /gpfs/accounts/si670f25_class_root/si670f25_class/santoshd/fvc/data/scaled_videos/scaled_metadata
2025-12-07 13:02:10 [INFO] [lib.scaling.pipeline:376] Stage 3: No existing metadata found or metadata is empty, starting fresh
2025-12-07 13:02:10 [INFO] [lib.utils.memory:89] Memory stats (Stage 3: processing video 1/406): {'cpu_memory_mb': 1024.3984375, 'cpu_memory_gb': 1.0003890991210938, 'cpu_vms_mb': 11043.58984375, 'gpu_allocated_gb': 0.172825088, 'gpu_reserved_gb': 0.17825792, 'gpu_total_gb': 16.928342016, 'gpu_free_gb': 16.750084096}
2025-12-07 13:02:10 [INFO] [lib.scaling.pipeline:518] Scaling AKTsQxbvXiU_aug2.mp4 to AKTsQxbvXiU_aug2_scaled_aug2.mp4
2025-12-07 13:02:11 [DEBUG] [lib.scaling.pipeline:92] Video has 3547 frames, processing in chunks of 400
2025-12-07 13:02:11 [DEBUG] [lib.scaling.pipeline:108] Processing chunk 1/9 (frames 0-399)
2025-12-07 13:02:11 [DEBUG] [lib.augmentation.io:94] Loaded 400 frames from AKTsQxbvXiU_aug2.mp4 (frames 0-399)
2025-12-07 13:02:36 [DEBUG] [lib.augmentation.io:148] Adjusting dimensions for H.264 compatibility: 145x256 -> 144x256
2025-12-07 13:02:39 [DEBUG] [lib.scaling.pipeline:214] Saved chunk 1 with 400 frames
2025-12-07 13:02:39 [DEBUG] [lib.scaling.pipeline:108] Processing chunk 2/9 (frames 400-799)
2025-12-07 13:02:39 [DEBUG] [lib.augmentation.io:94] Loaded 400 frames from AKTsQxbvXiU_aug2.mp4 (frames 400-799)
2025-12-07 13:02:48 [DEBUG] [lib.augmentation.io:148] Adjusting dimensions for H.264 compatibility: 145x256 -> 144x256
2025-12-07 13:02:50 [DEBUG] [lib.scaling.pipeline:214] Saved chunk 2 with 400 frames
2025-12-07 13:02:50 [DEBUG] [lib.scaling.pipeline:108] Processing chunk 3/9 (frames 800-1199)
2025-12-07 13:02:50 [DEBUG] [lib.augmentation.io:94] Loaded 400 frames from AKTsQxbvXiU_aug2.mp4 (frames 800-1199)
2025-12-07 13:02:59 [DEBUG] [lib.augmentation.io:148] Adjusting dimensions for H.264 compatibility: 145x256 -> 144x256
2025-12-07 13:03:01 [DEBUG] [lib.scaling.pipeline:214] Saved chunk 3 with 400 frames
2025-12-07 13:03:01 [DEBUG] [lib.scaling.pipeline:108] Processing chunk 4/9 (frames 1200-1599)
2025-12-07 13:03:01 [DEBUG] [lib.augmentation.io:94] Loaded 400 frames from AKTsQxbvXiU_aug2.mp4 (frames 1200-1599)
2025-12-07 13:03:10 [DEBUG] [lib.augmentation.io:148] Adjusting dimensions for H.264 compatibility: 145x256 -> 144x256
2025-12-07 13:03:12 [DEBUG] [lib.scaling.pipeline:214] Saved chunk 4 with 400 frames
2025-12-07 13:03:12 [DEBUG] [lib.scaling.pipeline:108] Processing chunk 5/9 (frames 1600-1999)
2025-12-07 13:03:13 [DEBUG] [lib.augmentation.io:94] Loaded 400 frames from AKTsQxbvXiU_aug2.mp4 (frames 1600-1999)
2025-12-07 13:03:21 [DEBUG] [lib.augmentation.io:148] Adjusting dimensions for H.264 compatibility: 145x256 -> 144x256
2025-12-07 13:03:23 [DEBUG] [lib.scaling.pipeline:214] Saved chunk 5 with 400 frames
2025-12-07 13:03:23 [DEBUG] [lib.scaling.pipeline:108] Processing chunk 6/9 (frames 2000-2399)
2025-12-07 13:03:24 [DEBUG] [lib.augmentation.io:94] Loaded 400 frames from AKTsQxbvXiU_aug2.mp4 (frames 2000-2399)
2025-12-07 13:03:32 [DEBUG] [lib.augmentation.io:148] Adjusting dimensions for H.264 compatibility: 145x256 -> 144x256
2025-12-07 13:03:34 [DEBUG] [lib.scaling.pipeline:214] Saved chunk 6 with 400 frames
2025-12-07 13:03:35 [DEBUG] [lib.scaling.pipeline:108] Processing chunk 7/9 (frames 2400-2799)
2025-12-07 13:03:35 [DEBUG] [lib.augmentation.io:94] Loaded 400 frames from AKTsQxbvXiU_aug2.mp4 (frames 2400-2799)
2025-12-07 13:03:43 [DEBUG] [lib.augmentation.io:148] Adjusting dimensions for H.264 compatibility: 145x256 -> 144x256
2025-12-07 13:03:46 [DEBUG] [lib.scaling.pipeline:214] Saved chunk 7 with 400 frames
2025-12-07 13:03:46 [DEBUG] [lib.scaling.pipeline:108] Processing chunk 8/9 (frames 2800-3199)
2025-12-07 13:03:46 [DEBUG] [lib.augmentation.io:94] Loaded 400 frames from AKTsQxbvXiU_aug2.mp4 (frames 2800-3199)
2025-12-07 13:03:55 [DEBUG] [lib.augmentation.io:148] Adjusting dimensions for H.264 compatibility: 145x256 -> 144x256
2025-12-07 13:03:57 [DEBUG] [lib.scaling.pipeline:214] Saved chunk 8 with 400 frames
2025-12-07 13:03:57 [DEBUG] [lib.scaling.pipeline:108] Processing chunk 9/9 (frames 3200-3546)
2025-12-07 13:03:58 [DEBUG] [lib.augmentation.io:94] Loaded 347 frames from AKTsQxbvXiU_aug2.mp4 (frames 3200-3546)
2025-12-07 13:04:05 [DEBUG] [lib.augmentation.io:148] Adjusting dimensions for H.264 compatibility: 145x256 -> 144x256
2025-12-07 13:04:07 [DEBUG] [lib.scaling.pipeline:214] Saved chunk 9 with 347 frames
2025-12-07 13:04:07 [DEBUG] [lib.scaling.pipeline:224] Concatenating 9 chunks into final video...
2025-12-07 13:04:21 [INFO] [lib.scaling.pipeline:571] ✓ Scaled: AKTsQxbvXiU_aug2_scaled_aug2.mp4
2025-12-07 13:04:22 [INFO] [lib.scaling.pipeline:518] Scaling AKTsQxbvXiU_aug3.mp4 to AKTsQxbvXiU_aug3_scaled_aug3.mp4
2025-12-07 13:04:23 [DEBUG] [lib.scaling.pipeline:92] Video has 3547 frames, processing in chunks of 400
2025-12-07 13:04:23 [DEBUG] [lib.scaling.pipeline:108] Processing chunk 1/9 (frames 0-399)
2025-12-07 13:04:23 [DEBUG] [lib.augmentation.io:94] Loaded 400 frames from AKTsQxbvXiU_aug3.mp4 (frames 0-399)
2025-12-07 13:04:31 [DEBUG] [lib.augmentation.io:148] Adjusting dimensions for H.264 compatibility: 145x256 -> 144x256
2025-12-07 13:04:33 [DEBUG] [lib.scaling.pipeline:214] Saved chunk 1 with 400 frames
2025-12-07 13:04:34 [DEBUG] [lib.scaling.pipeline:108] Processing chunk 2/9 (frames 400-799)
2025-12-07 13:04:34 [DEBUG] [lib.augmentation.io:94] Loaded 400 frames from AKTsQxbvXiU_aug3.mp4 (frames 400-799)
2025-12-07 13:04:42 [DEBUG] [lib.augmentation.io:148] Adjusting dimensions for H.264 compatibility: 145x256 -> 144x256
2025-12-07 13:04:44 [DEBUG] [lib.scaling.pipeline:214] Saved chunk 2 with 400 frames
2025-12-07 13:04:45 [DEBUG] [lib.scaling.pipeline:108] Processing chunk 3/9 (frames 800-1199)
2025-12-07 13:04:45 [DEBUG] [lib.augmentation.io:94] Loaded 400 frames from AKTsQxbvXiU_aug3.mp4 (frames 800-1199)
2025-12-07 13:04:53 [DEBUG] [lib.augmentation.io:148] Adjusting dimensions for H.264 compatibility: 145x256 -> 144x256
2025-12-07 13:04:55 [DEBUG] [lib.scaling.pipeline:214] Saved chunk 3 with 400 frames
2025-12-07 13:04:55 [DEBUG] [lib.scaling.pipeline:108] Processing chunk 4/9 (frames 1200-1599)
2025-12-07 13:04:56 [DEBUG] [lib.augmentation.io:94] Loaded 400 frames from AKTsQxbvXiU_aug3.mp4 (frames 1200-1599)
2025-12-07 13:05:04 [DEBUG] [lib.augmentation.io:148] Adjusting dimensions for H.264 compatibility: 145x256 -> 144x256
2025-12-07 13:05:06 [DEBUG] [lib.scaling.pipeline:214] Saved chunk 4 with 400 frames
2025-12-07 13:05:07 [DEBUG] [lib.scaling.pipeline:108] Processing chunk 5/9 (frames 1600-1999)
2025-12-07 13:05:07 [DEBUG] [lib.augmentation.io:94] Loaded 400 frames from AKTsQxbvXiU_aug3.mp4 (frames 1600-1999)
2025-12-07 13:05:15 [DEBUG] [lib.augmentation.io:148] Adjusting dimensions for H.264 compatibility: 145x256 -> 144x256
2025-12-07 13:05:17 [DEBUG] [lib.scaling.pipeline:214] Saved chunk 5 with 400 frames
2025-12-07 13:05:18 [DEBUG] [lib.scaling.pipeline:108] Processing chunk 6/9 (frames 2000-2399)
2025-12-07 13:05:18 [DEBUG] [lib.augmentation.io:94] Loaded 400 frames from AKTsQxbvXiU_aug3.mp4 (frames 2000-2399)
2025-12-07 13:05:26 [DEBUG] [lib.augmentation.io:148] Adjusting dimensions for H.264 compatibility: 145x256 -> 144x256
2025-12-07 13:05:29 [DEBUG] [lib.scaling.pipeline:214] Saved chunk 6 with 400 frames
2025-12-07 13:05:29 [DEBUG] [lib.scaling.pipeline:108] Processing chunk 7/9 (frames 2400-2799)
2025-12-07 13:05:30 [DEBUG] [lib.augmentation.io:94] Loaded 400 frames from AKTsQxbvXiU_aug3.mp4 (frames 2400-2799)
2025-12-07 13:05:38 [DEBUG] [lib.augmentation.io:148] Adjusting dimensions for H.264 compatibility: 145x256 -> 144x256
2025-12-07 13:05:40 [DEBUG] [lib.scaling.pipeline:214] Saved chunk 7 with 400 frames
2025-12-07 13:05:40 [DEBUG] [lib.scaling.pipeline:108] Processing chunk 8/9 (frames 2800-3199)
2025-12-07 13:05:41 [DEBUG] [lib.augmentation.io:94] Loaded 400 frames from AKTsQxbvXiU_aug3.mp4 (frames 2800-3199)
2025-12-07 13:05:49 [DEBUG] [lib.augmentation.io:148] Adjusting dimensions for H.264 compatibility: 145x256 -> 144x256
2025-12-07 13:05:51 [DEBUG] [lib.scaling.pipeline:214] Saved chunk 8 with 400 frames
2025-12-07 13:05:52 [DEBUG] [lib.scaling.pipeline:108] Processing chunk 9/9 (frames 3200-3546)
2025-12-07 13:05:52 [DEBUG] [lib.augmentation.io:94] Loaded 347 frames from AKTsQxbvXiU_aug3.mp4 (frames 3200-3546)
2025-12-07 13:06:00 [DEBUG] [lib.augmentation.io:148] Adjusting dimensions for H.264 compatibility: 145x256 -> 144x256
2025-12-07 13:06:02 [DEBUG] [lib.scaling.pipeline:214] Saved chunk 9 with 347 frames
2025-12-07 13:06:02 [DEBUG] [lib.scaling.pipeline:224] Concatenating 9 chunks into final video...
2025-12-07 13:06:16 [INFO] [lib.scaling.pipeline:571] ✓ Scaled: AKTsQxbvXiU_aug3_scaled_aug3.mp4
2025-12-07 13:06:17 [INFO] [lib.scaling.pipeline:518] Scaling AKTsQxbvXiU_aug4.mp4 to AKTsQxbvXiU_aug4_scaled_aug4.mp4
2025-12-07 13:06:18 [DEBUG] [lib.scaling.pipeline:92] Video has 3547 frames, processing in chunks of 400
2025-12-07 13:06:18 [DEBUG] [lib.scaling.pipeline:108] Processing chunk 1/9 (frames 0-399)
2025-12-07 13:06:18 [DEBUG] [lib.augmentation.io:94] Loaded 400 frames from AKTsQxbvXiU_aug4.mp4 (frames 0-399)
2025-12-07 13:06:26 [DEBUG] [lib.augmentation.io:148] Adjusting dimensions for H.264 compatibility: 145x256 -> 144x256
2025-12-07 13:06:28 [DEBUG] [lib.scaling.pipeline:214] Saved chunk 1 with 400 frames
2025-12-07 13:06:29 [DEBUG] [lib.scaling.pipeline:108] Processing chunk 2/9 (frames 400-799)
2025-12-07 13:06:29 [DEBUG] [lib.augmentation.io:94] Loaded 400 frames from AKTsQxbvXiU_aug4.mp4 (frames 400-799)
2025-12-07 13:06:37 [DEBUG] [lib.augmentation.io:148] Adjusting dimensions for H.264 compatibility: 145x256 -> 144x256
2025-12-07 13:06:40 [DEBUG] [lib.scaling.pipeline:214] Saved chunk 2 with 400 frames
2025-12-07 13:06:40 [DEBUG] [lib.scaling.pipeline:108] Processing chunk 3/9 (frames 800-1199)
2025-12-07 13:06:40 [DEBUG] [lib.augmentation.io:94] Loaded 400 frames from AKTsQxbvXiU_aug4.mp4 (frames 800-1199)
2025-12-07 13:06:48 [DEBUG] [lib.augmentation.io:148] Adjusting dimensions for H.264 compatibility: 145x256 -> 144x256
2025-12-07 13:06:51 [DEBUG] [lib.scaling.pipeline:214] Saved chunk 3 with 400 frames
2025-12-07 13:06:51 [DEBUG] [lib.scaling.pipeline:108] Processing chunk 4/9 (frames 1200-1599)
2025-12-07 13:06:51 [DEBUG] [lib.augmentation.io:94] Loaded 400 frames from AKTsQxbvXiU_aug4.mp4 (frames 1200-1599)
2025-12-07 13:07:00 [DEBUG] [lib.augmentation.io:148] Adjusting dimensions for H.264 compatibility: 145x256 -> 144x256
2025-12-07 13:07:02 [DEBUG] [lib.scaling.pipeline:214] Saved chunk 4 with 400 frames
2025-12-07 13:07:02 [DEBUG] [lib.scaling.pipeline:108] Processing chunk 5/9 (frames 1600-1999)
2025-12-07 13:07:03 [DEBUG] [lib.augmentation.io:94] Loaded 400 frames from AKTsQxbvXiU_aug4.mp4 (frames 1600-1999)
2025-12-07 13:07:11 [DEBUG] [lib.augmentation.io:148] Adjusting dimensions for H.264 compatibility: 145x256 -> 144x256
2025-12-07 13:07:13 [DEBUG] [lib.scaling.pipeline:214] Saved chunk 5 with 400 frames
2025-12-07 13:07:13 [DEBUG] [lib.scaling.pipeline:108] Processing chunk 6/9 (frames 2000-2399)
2025-12-07 13:07:14 [DEBUG] [lib.augmentation.io:94] Loaded 400 frames from AKTsQxbvXiU_aug4.mp4 (frames 2000-2399)
2025-12-07 13:07:22 [DEBUG] [lib.augmentation.io:148] Adjusting dimensions for H.264 compatibility: 145x256 -> 144x256
2025-12-07 13:07:25 [DEBUG] [lib.scaling.pipeline:214] Saved chunk 6 with 400 frames
2025-12-07 13:07:25 [DEBUG] [lib.scaling.pipeline:108] Processing chunk 7/9 (frames 2400-2799)
2025-12-07 13:07:26 [DEBUG] [lib.augmentation.io:94] Loaded 400 frames from AKTsQxbvXiU_aug4.mp4 (frames 2400-2799)
2025-12-07 13:07:34 [DEBUG] [lib.augmentation.io:148] Adjusting dimensions for H.264 compatibility: 145x256 -> 144x256
2025-12-07 13:07:36 [DEBUG] [lib.scaling.pipeline:214] Saved chunk 7 with 400 frames
2025-12-07 13:07:37 [DEBUG] [lib.scaling.pipeline:108] Processing chunk 8/9 (frames 2800-3199)
2025-12-07 13:07:37 [DEBUG] [lib.augmentation.io:94] Loaded 400 frames from AKTsQxbvXiU_aug4.mp4 (frames 2800-3199)
2025-12-07 13:07:46 [DEBUG] [lib.augmentation.io:148] Adjusting dimensions for H.264 compatibility: 145x256 -> 144x256
2025-12-07 13:07:48 [DEBUG] [lib.scaling.pipeline:214] Saved chunk 8 with 400 frames
2025-12-07 13:07:48 [DEBUG] [lib.scaling.pipeline:108] Processing chunk 9/9 (frames 3200-3546)
2025-12-07 13:07:49 [DEBUG] [lib.augmentation.io:94] Loaded 347 frames from AKTsQxbvXiU_aug4.mp4 (frames 3200-3546)
2025-12-07 13:07:56 [DEBUG] [lib.augmentation.io:148] Adjusting dimensions for H.264 compatibility: 145x256 -> 144x256
2025-12-07 13:07:58 [DEBUG] [lib.scaling.pipeline:214] Saved chunk 9 with 347 frames
2025-12-07 13:07:59 [DEBUG] [lib.scaling.pipeline:224] Concatenating 9 chunks into final video...
2025-12-07 13:08:15 [INFO] [lib.scaling.pipeline:571] ✓ Scaled: AKTsQxbvXiU_aug4_scaled_aug4.mp4
2025-12-07 13:08:16 [INFO] [lib.scaling.pipeline:518] Scaling AKTsQxbvXiU_aug5.mp4 to AKTsQxbvXiU_aug5_scaled_aug5.mp4
2025-12-07 13:08:16 [DEBUG] [lib.scaling.pipeline:92] Video has 3547 frames, processing in chunks of 400
2025-12-07 13:08:16 [DEBUG] [lib.scaling.pipeline:108] Processing chunk 1/9 (frames 0-399)
2025-12-07 13:08:17 [DEBUG] [lib.augmentation.io:94] Loaded 400 frames from AKTsQxbvXiU_aug5.mp4 (frames 0-399)
2025-12-07 13:08:25 [DEBUG] [lib.augmentation.io:148] Adjusting dimensions for H.264 compatibility: 145x256 -> 144x256
2025-12-07 13:08:27 [DEBUG] [lib.scaling.pipeline:214] Saved chunk 1 with 400 frames
2025-12-07 13:08:27 [DEBUG] [lib.scaling.pipeline:108] Processing chunk 2/9 (frames 400-799)
2025-12-07 13:08:27 [DEBUG] [lib.augmentation.io:94] Loaded 400 frames from AKTsQxbvXiU_aug5.mp4 (frames 400-799)
2025-12-07 13:08:36 [DEBUG] [lib.augmentation.io:148] Adjusting dimensions for H.264 compatibility: 145x256 -> 144x256
2025-12-07 13:08:37 [DEBUG] [lib.scaling.pipeline:214] Saved chunk 2 with 400 frames
2025-12-07 13:08:38 [DEBUG] [lib.scaling.pipeline:108] Processing chunk 3/9 (frames 800-1199)
2025-12-07 13:08:38 [DEBUG] [lib.augmentation.io:94] Loaded 400 frames from AKTsQxbvXiU_aug5.mp4 (frames 800-1199)
2025-12-07 13:08:46 [DEBUG] [lib.augmentation.io:148] Adjusting dimensions for H.264 compatibility: 145x256 -> 144x256
2025-12-07 13:08:48 [DEBUG] [lib.scaling.pipeline:214] Saved chunk 3 with 400 frames
2025-12-07 13:08:48 [DEBUG] [lib.scaling.pipeline:108] Processing chunk 4/9 (frames 1200-1599)
2025-12-07 13:08:49 [DEBUG] [lib.augmentation.io:94] Loaded 400 frames from AKTsQxbvXiU_aug5.mp4 (frames 1200-1599)
2025-12-07 13:08:57 [DEBUG] [lib.augmentation.io:148] Adjusting dimensions for H.264 compatibility: 145x256 -> 144x256
2025-12-07 13:08:59 [DEBUG] [lib.scaling.pipeline:214] Saved chunk 4 with 400 frames
2025-12-07 13:08:59 [DEBUG] [lib.scaling.pipeline:108] Processing chunk 5/9 (frames 1600-1999)
2025-12-07 13:08:59 [DEBUG] [lib.augmentation.io:94] Loaded 400 frames from AKTsQxbvXiU_aug5.mp4 (frames 1600-1999)
2025-12-07 13:09:08 [DEBUG] [lib.augmentation.io:148] Adjusting dimensions for H.264 compatibility: 145x256 -> 144x256
2025-12-07 13:09:09 [DEBUG] [lib.scaling.pipeline:214] Saved chunk 5 with 400 frames
2025-12-07 13:09:10 [DEBUG] [lib.scaling.pipeline:108] Processing chunk 6/9 (frames 2000-2399)
2025-12-07 13:09:10 [DEBUG] [lib.augmentation.io:94] Loaded 400 frames from AKTsQxbvXiU_aug5.mp4 (frames 2000-2399)
2025-12-07 13:09:18 [DEBUG] [lib.augmentation.io:148] Adjusting dimensions for H.264 compatibility: 145x256 -> 144x256
2025-12-07 13:09:20 [DEBUG] [lib.scaling.pipeline:214] Saved chunk 6 with 400 frames
2025-12-07 13:09:21 [DEBUG] [lib.scaling.pipeline:108] Processing chunk 7/9 (frames 2400-2799)
2025-12-07 13:09:21 [DEBUG] [lib.augmentation.io:94] Loaded 400 frames from AKTsQxbvXiU_aug5.mp4 (frames 2400-2799)
2025-12-07 13:09:29 [DEBUG] [lib.augmentation.io:148] Adjusting dimensions for H.264 compatibility: 145x256 -> 144x256
2025-12-07 13:09:31 [DEBUG] [lib.scaling.pipeline:214] Saved chunk 7 with 400 frames
2025-12-07 13:09:31 [DEBUG] [lib.scaling.pipeline:108] Processing chunk 8/9 (frames 2800-3199)
2025-12-07 13:09:32 [DEBUG] [lib.augmentation.io:94] Loaded 400 frames from AKTsQxbvXiU_aug5.mp4 (frames 2800-3199)
2025-12-07 13:09:40 [DEBUG] [lib.augmentation.io:148] Adjusting dimensions for H.264 compatibility: 145x256 -> 144x256
2025-12-07 13:09:42 [DEBUG] [lib.scaling.pipeline:214] Saved chunk 8 with 400 frames
2025-12-07 13:09:43 [DEBUG] [lib.scaling.pipeline:108] Processing chunk 9/9 (frames 3200-3546)
2025-12-07 13:09:43 [DEBUG] [lib.augmentation.io:94] Loaded 347 frames from AKTsQxbvXiU_aug5.mp4 (frames 3200-3546)
2025-12-07 13:09:50 [DEBUG] [lib.augmentation.io:148] Adjusting dimensions for H.264 compatibility: 145x256 -> 144x256
2025-12-07 13:09:52 [DEBUG] [lib.scaling.pipeline:214] Saved chunk 9 with 347 frames
2025-12-07 13:09:52 [DEBUG] [lib.scaling.pipeline:224] Concatenating 9 chunks into final video...
2025-12-07 13:10:04 [INFO] [lib.scaling.pipeline:571] ✓ Scaled: AKTsQxbvXiU_aug5_scaled_aug5.mp4
2025-12-07 13:10:05 [INFO] [lib.scaling.pipeline:518] Scaling AKTsQxbvXiU_aug6.mp4 to AKTsQxbvXiU_aug6_scaled_aug6.mp4
2025-12-07 13:10:06 [DEBUG] [lib.scaling.pipeline:92] Video has 3547 frames, processing in chunks of 400
2025-12-07 13:10:06 [DEBUG] [lib.scaling.pipeline:108] Processing chunk 1/9 (frames 0-399)
2025-12-07 13:10:06 [DEBUG] [lib.augmentation.io:94] Loaded 400 frames from AKTsQxbvXiU_aug6.mp4 (frames 0-399)
2025-12-07 13:10:14 [DEBUG] [lib.augmentation.io:148] Adjusting dimensions for H.264 compatibility: 145x256 -> 144x256
2025-12-07 13:10:16 [DEBUG] [lib.scaling.pipeline:214] Saved chunk 1 with 400 frames
2025-12-07 13:10:16 [DEBUG] [lib.scaling.pipeline:108] Processing chunk 2/9 (frames 400-799)
2025-12-07 13:10:17 [DEBUG] [lib.augmentation.io:94] Loaded 400 frames from AKTsQxbvXiU_aug6.mp4 (frames 400-799)
2025-12-07 13:10:25 [DEBUG] [lib.augmentation.io:148] Adjusting dimensions for H.264 compatibility: 145x256 -> 144x256
2025-12-07 13:10:27 [DEBUG] [lib.scaling.pipeline:214] Saved chunk 2 with 400 frames
2025-12-07 13:10:27 [DEBUG] [lib.scaling.pipeline:108] Processing chunk 3/9 (frames 800-1199)
2025-12-07 13:10:27 [DEBUG] [lib.augmentation.io:94] Loaded 400 frames from AKTsQxbvXiU_aug6.mp4 (frames 800-1199)
2025-12-07 13:10:36 [DEBUG] [lib.augmentation.io:148] Adjusting dimensions for H.264 compatibility: 145x256 -> 144x256
2025-12-07 13:10:38 [DEBUG] [lib.scaling.pipeline:214] Saved chunk 3 with 400 frames
2025-12-07 13:10:38 [DEBUG] [lib.scaling.pipeline:108] Processing chunk 4/9 (frames 1200-1599)
2025-12-07 13:10:38 [DEBUG] [lib.augmentation.io:94] Loaded 400 frames from AKTsQxbvXiU_aug6.mp4 (frames 1200-1599)
2025-12-07 13:10:47 [DEBUG] [lib.augmentation.io:148] Adjusting dimensions for H.264 compatibility: 145x256 -> 144x256
2025-12-07 13:10:49 [DEBUG] [lib.scaling.pipeline:214] Saved chunk 4 with 400 frames
2025-12-07 13:10:49 [DEBUG] [lib.scaling.pipeline:108] Processing chunk 5/9 (frames 1600-1999)
2025-12-07 13:10:49 [DEBUG] [lib.augmentation.io:94] Loaded 400 frames from AKTsQxbvXiU_aug6.mp4 (frames 1600-1999)
2025-12-07 13:10:58 [DEBUG] [lib.augmentation.io:148] Adjusting dimensions for H.264 compatibility: 145x256 -> 144x256
2025-12-07 13:11:00 [DEBUG] [lib.scaling.pipeline:214] Saved chunk 5 with 400 frames
2025-12-07 13:11:00 [DEBUG] [lib.scaling.pipeline:108] Processing chunk 6/9 (frames 2000-2399)
2025-12-07 13:11:00 [DEBUG] [lib.augmentation.io:94] Loaded 400 frames from AKTsQxbvXiU_aug6.mp4 (frames 2000-2399)
2025-12-07 13:11:09 [DEBUG] [lib.augmentation.io:148] Adjusting dimensions for H.264 compatibility: 145x256 -> 144x256
2025-12-07 13:11:11 [DEBUG] [lib.scaling.pipeline:214] Saved chunk 6 with 400 frames
2025-12-07 13:11:11 [DEBUG] [lib.scaling.pipeline:108] Processing chunk 7/9 (frames 2400-2799)
2025-12-07 13:11:11 [DEBUG] [lib.augmentation.io:94] Loaded 400 frames from AKTsQxbvXiU_aug6.mp4 (frames 2400-2799)
2025-12-07 13:11:20 [DEBUG] [lib.augmentation.io:148] Adjusting dimensions for H.264 compatibility: 145x256 -> 144x256
2025-12-07 13:11:22 [DEBUG] [lib.scaling.pipeline:214] Saved chunk 7 with 400 frames
2025-12-07 13:11:22 [DEBUG] [lib.scaling.pipeline:108] Processing chunk 8/9 (frames 2800-3199)
2025-12-07 13:11:23 [DEBUG] [lib.augmentation.io:94] Loaded 400 frames from AKTsQxbvXiU_aug6.mp4 (frames 2800-3199)
2025-12-07 13:11:31 [DEBUG] [lib.augmentation.io:148] Adjusting dimensions for H.264 compatibility: 145x256 -> 144x256
2025-12-07 13:11:33 [DEBUG] [lib.scaling.pipeline:214] Saved chunk 8 with 400 frames
2025-12-07 13:11:33 [DEBUG] [lib.scaling.pipeline:108] Processing chunk 9/9 (frames 3200-3546)
2025-12-07 13:11:34 [DEBUG] [lib.augmentation.io:94] Loaded 347 frames from AKTsQxbvXiU_aug6.mp4 (frames 3200-3546)
2025-12-07 13:11:41 [DEBUG] [lib.augmentation.io:148] Adjusting dimensions for H.264 compatibility: 145x256 -> 144x256
2025-12-07 13:11:43 [DEBUG] [lib.scaling.pipeline:214] Saved chunk 9 with 347 frames
2025-12-07 13:11:43 [DEBUG] [lib.scaling.pipeline:224] Concatenating 9 chunks into final video...
2025-12-07 13:11:57 [INFO] [lib.scaling.pipeline:571] ✓ Scaled: AKTsQxbvXiU_aug6_scaled_aug6.mp4
2025-12-07 13:11:57 [INFO] [lib.scaling.pipeline:518] Scaling AKTsQxbvXiU_aug7.mp4 to AKTsQxbvXiU_aug7_scaled_aug7.mp4
2025-12-07 13:11:58 [DEBUG] [lib.scaling.pipeline:92] Video has 3547 frames, processing in chunks of 400
2025-12-07 13:11:58 [DEBUG] [lib.scaling.pipeline:108] Processing chunk 1/9 (frames 0-399)
2025-12-07 13:11:59 [DEBUG] [lib.augmentation.io:94] Loaded 400 frames from AKTsQxbvXiU_aug7.mp4 (frames 0-399)
2025-12-07 13:12:07 [DEBUG] [lib.augmentation.io:148] Adjusting dimensions for H.264 compatibility: 145x256 -> 144x256
2025-12-07 13:12:09 [DEBUG] [lib.scaling.pipeline:214] Saved chunk 1 with 400 frames
2025-12-07 13:12:09 [DEBUG] [lib.scaling.pipeline:108] Processing chunk 2/9 (frames 400-799)
2025-12-07 13:12:10 [DEBUG] [lib.augmentation.io:94] Loaded 400 frames from AKTsQxbvXiU_aug7.mp4 (frames 400-799)
2025-12-07 13:12:18 [DEBUG] [lib.augmentation.io:148] Adjusting dimensions for H.264 compatibility: 145x256 -> 144x256
2025-12-07 13:12:20 [DEBUG] [lib.scaling.pipeline:214] Saved chunk 2 with 400 frames
2025-12-07 13:12:20 [DEBUG] [lib.scaling.pipeline:108] Processing chunk 3/9 (frames 800-1199)
2025-12-07 13:12:21 [DEBUG] [lib.augmentation.io:94] Loaded 400 frames from AKTsQxbvXiU_aug7.mp4 (frames 800-1199)
2025-12-07 13:12:29 [DEBUG] [lib.augmentation.io:148] Adjusting dimensions for H.264 compatibility: 145x256 -> 144x256
2025-12-07 13:12:31 [DEBUG] [lib.scaling.pipeline:214] Saved chunk 3 with 400 frames
2025-12-07 13:12:32 [DEBUG] [lib.scaling.pipeline:108] Processing chunk 4/9 (frames 1200-1599)
2025-12-07 13:12:32 [DEBUG] [lib.augmentation.io:94] Loaded 400 frames from AKTsQxbvXiU_aug7.mp4 (frames 1200-1599)
2025-12-07 13:12:40 [DEBUG] [lib.augmentation.io:148] Adjusting dimensions for H.264 compatibility: 145x256 -> 144x256
2025-12-07 13:12:42 [DEBUG] [lib.scaling.pipeline:214] Saved chunk 4 with 400 frames
2025-12-07 13:12:43 [DEBUG] [lib.scaling.pipeline:108] Processing chunk 5/9 (frames 1600-1999)
2025-12-07 13:12:43 [DEBUG] [lib.augmentation.io:94] Loaded 400 frames from AKTsQxbvXiU_aug7.mp4 (frames 1600-1999)
2025-12-07 13:12:52 [DEBUG] [lib.augmentation.io:148] Adjusting dimensions for H.264 compatibility: 145x256 -> 144x256
2025-12-07 13:12:54 [DEBUG] [lib.scaling.pipeline:214] Saved chunk 5 with 400 frames
2025-12-07 13:12:54 [DEBUG] [lib.scaling.pipeline:108] Processing chunk 6/9 (frames 2000-2399)
2025-12-07 13:12:55 [DEBUG] [lib.augmentation.io:94] Loaded 400 frames from AKTsQxbvXiU_aug7.mp4 (frames 2000-2399)
2025-12-07 13:13:03 [DEBUG] [lib.augmentation.io:148] Adjusting dimensions for H.264 compatibility: 145x256 -> 144x256
2025-12-07 13:13:05 [DEBUG] [lib.scaling.pipeline:214] Saved chunk 6 with 400 frames
2025-12-07 13:13:05 [DEBUG] [lib.scaling.pipeline:108] Processing chunk 7/9 (frames 2400-2799)
2025-12-07 13:13:06 [DEBUG] [lib.augmentation.io:94] Loaded 400 frames from AKTsQxbvXiU_aug7.mp4 (frames 2400-2799)
2025-12-07 13:13:14 [DEBUG] [lib.augmentation.io:148] Adjusting dimensions for H.264 compatibility: 145x256 -> 144x256
2025-12-07 13:13:17 [DEBUG] [lib.scaling.pipeline:214] Saved chunk 7 with 400 frames
2025-12-07 13:13:17 [DEBUG] [lib.scaling.pipeline:108] Processing chunk 8/9 (frames 2800-3199)
2025-12-07 13:13:18 [DEBUG] [lib.augmentation.io:94] Loaded 400 frames from AKTsQxbvXiU_aug7.mp4 (frames 2800-3199)
2025-12-07 13:13:26 [DEBUG] [lib.augmentation.io:148] Adjusting dimensions for H.264 compatibility: 145x256 -> 144x256
2025-12-07 13:13:28 [DEBUG] [lib.scaling.pipeline:214] Saved chunk 8 with 400 frames
2025-12-07 13:13:29 [DEBUG] [lib.scaling.pipeline:108] Processing chunk 9/9 (frames 3200-3546)
2025-12-07 13:13:29 [DEBUG] [lib.augmentation.io:94] Loaded 347 frames from AKTsQxbvXiU_aug7.mp4 (frames 3200-3546)
2025-12-07 13:13:37 [DEBUG] [lib.augmentation.io:148] Adjusting dimensions for H.264 compatibility: 145x256 -> 144x256
2025-12-07 13:13:39 [DEBUG] [lib.scaling.pipeline:214] Saved chunk 9 with 347 frames
2025-12-07 13:13:39 [DEBUG] [lib.scaling.pipeline:224] Concatenating 9 chunks into final video...
2025-12-07 13:13:55 [INFO] [lib.scaling.pipeline:571] ✓ Scaled: AKTsQxbvXiU_aug7_scaled_aug7.mp4
2025-12-07 13:13:55 [INFO] [lib.scaling.pipeline:518] Scaling AKTsQxbvXiU_aug8.mp4 to AKTsQxbvXiU_aug8_scaled_aug8.mp4
2025-12-07 13:13:56 [DEBUG] [lib.scaling.pipeline:92] Video has 3547 frames, processing in chunks of 400
2025-12-07 13:13:56 [DEBUG] [lib.scaling.pipeline:108] Processing chunk 1/9 (frames 0-399)
2025-12-07 13:13:56 [DEBUG] [lib.augmentation.io:94] Loaded 400 frames from AKTsQxbvXiU_aug8.mp4 (frames 0-399)
2025-12-07 13:14:04 [DEBUG] [lib.augmentation.io:148] Adjusting dimensions for H.264 compatibility: 145x256 -> 144x256
2025-12-07 13:14:07 [DEBUG] [lib.scaling.pipeline:214] Saved chunk 1 with 400 frames
2025-12-07 13:14:07 [DEBUG] [lib.scaling.pipeline:108] Processing chunk 2/9 (frames 400-799)
2025-12-07 13:14:07 [DEBUG] [lib.augmentation.io:94] Loaded 400 frames from AKTsQxbvXiU_aug8.mp4 (frames 400-799)
2025-12-07 13:14:16 [DEBUG] [lib.augmentation.io:148] Adjusting dimensions for H.264 compatibility: 145x256 -> 144x256
2025-12-07 13:14:18 [DEBUG] [lib.scaling.pipeline:214] Saved chunk 2 with 400 frames
2025-12-07 13:14:18 [DEBUG] [lib.scaling.pipeline:108] Processing chunk 3/9 (frames 800-1199)
2025-12-07 13:14:19 [DEBUG] [lib.augmentation.io:94] Loaded 400 frames from AKTsQxbvXiU_aug8.mp4 (frames 800-1199)
2025-12-07 13:14:27 [DEBUG] [lib.augmentation.io:148] Adjusting dimensions for H.264 compatibility: 145x256 -> 144x256
2025-12-07 13:14:29 [DEBUG] [lib.scaling.pipeline:214] Saved chunk 3 with 400 frames
2025-12-07 13:14:29 [DEBUG] [lib.scaling.pipeline:108] Processing chunk 4/9 (frames 1200-1599)
2025-12-07 13:14:30 [DEBUG] [lib.augmentation.io:94] Loaded 400 frames from AKTsQxbvXiU_aug8.mp4 (frames 1200-1599)
2025-12-07 13:14:38 [DEBUG] [lib.augmentation.io:148] Adjusting dimensions for H.264 compatibility: 145x256 -> 144x256
2025-12-07 13:14:40 [DEBUG] [lib.scaling.pipeline:214] Saved chunk 4 with 400 frames
2025-12-07 13:14:41 [DEBUG] [lib.scaling.pipeline:108] Processing chunk 5/9 (frames 1600-1999)
2025-12-07 13:14:41 [DEBUG] [lib.augmentation.io:94] Loaded 400 frames from AKTsQxbvXiU_aug8.mp4 (frames 1600-1999)
2025-12-07 13:14:49 [DEBUG] [lib.augmentation.io:148] Adjusting dimensions for H.264 compatibility: 145x256 -> 144x256
2025-12-07 13:14:52 [DEBUG] [lib.scaling.pipeline:214] Saved chunk 5 with 400 frames
2025-12-07 13:14:52 [DEBUG] [lib.scaling.pipeline:108] Processing chunk 6/9 (frames 2000-2399)
2025-12-07 13:14:52 [DEBUG] [lib.augmentation.io:94] Loaded 400 frames from AKTsQxbvXiU_aug8.mp4 (frames 2000-2399)
2025-12-07 13:15:01 [DEBUG] [lib.augmentation.io:148] Adjusting dimensions for H.264 compatibility: 145x256 -> 144x256
2025-12-07 13:15:03 [DEBUG] [lib.scaling.pipeline:214] Saved chunk 6 with 400 frames
2025-12-07 13:15:03 [DEBUG] [lib.scaling.pipeline:108] Processing chunk 7/9 (frames 2400-2799)
2025-12-07 13:15:04 [DEBUG] [lib.augmentation.io:94] Loaded 400 frames from AKTsQxbvXiU_aug8.mp4 (frames 2400-2799)
2025-12-07 13:15:12 [DEBUG] [lib.augmentation.io:148] Adjusting dimensions for H.264 compatibility: 145x256 -> 144x256
2025-12-07 13:15:15 [DEBUG] [lib.scaling.pipeline:214] Saved chunk 7 with 400 frames
2025-12-07 13:15:15 [DEBUG] [lib.scaling.pipeline:108] Processing chunk 8/9 (frames 2800-3199)
2025-12-07 13:15:15 [DEBUG] [lib.augmentation.io:94] Loaded 400 frames from AKTsQxbvXiU_aug8.mp4 (frames 2800-3199)
2025-12-07 13:15:24 [DEBUG] [lib.augmentation.io:148] Adjusting dimensions for H.264 compatibility: 145x256 -> 144x256
2025-12-07 13:15:26 [DEBUG] [lib.scaling.pipeline:214] Saved chunk 8 with 400 frames
2025-12-07 13:15:26 [DEBUG] [lib.scaling.pipeline:108] Processing chunk 9/9 (frames 3200-3546)
2025-12-07 13:15:27 [DEBUG] [lib.augmentation.io:94] Loaded 347 frames from AKTsQxbvXiU_aug8.mp4 (frames 3200-3546)
2025-12-07 13:15:35 [DEBUG] [lib.augmentation.io:148] Adjusting dimensions for H.264 compatibility: 145x256 -> 144x256
2025-12-07 13:15:36 [DEBUG] [lib.scaling.pipeline:214] Saved chunk 9 with 347 frames
2025-12-07 13:15:37 [DEBUG] [lib.scaling.pipeline:224] Concatenating 9 chunks into final video...
2025-12-07 13:15:53 [INFO] [lib.scaling.pipeline:571] ✓ Scaled: AKTsQxbvXiU_aug8_scaled_aug8.mp4
2025-12-07 13:15:54 [INFO] [lib.scaling.pipeline:518] Scaling AKTsQxbvXiU_aug9.mp4 to AKTsQxbvXiU_aug9_scaled_aug9.mp4
2025-12-07 13:15:55 [DEBUG] [lib.scaling.pipeline:92] Video has 3547 frames, processing in chunks of 400
2025-12-07 13:15:55 [DEBUG] [lib.scaling.pipeline:108] Processing chunk 1/9 (frames 0-399)
2025-12-07 13:15:55 [DEBUG] [lib.augmentation.io:94] Loaded 400 frames from AKTsQxbvXiU_aug9.mp4 (frames 0-399)
2025-12-07 13:16:03 [DEBUG] [lib.augmentation.io:148] Adjusting dimensions for H.264 compatibility: 145x256 -> 144x256
2025-12-07 13:16:06 [DEBUG] [lib.scaling.pipeline:214] Saved chunk 1 with 400 frames
2025-12-07 13:16:06 [DEBUG] [lib.scaling.pipeline:108] Processing chunk 2/9 (frames 400-799)
2025-12-07 13:16:06 [DEBUG] [lib.augmentation.io:94] Loaded 400 frames from AKTsQxbvXiU_aug9.mp4 (frames 400-799)
2025-12-07 13:16:14 [DEBUG] [lib.augmentation.io:148] Adjusting dimensions for H.264 compatibility: 145x256 -> 144x256
2025-12-07 13:16:17 [DEBUG] [lib.scaling.pipeline:214] Saved chunk 2 with 400 frames
2025-12-07 13:16:17 [DEBUG] [lib.scaling.pipeline:108] Processing chunk 3/9 (frames 800-1199)
2025-12-07 13:16:17 [DEBUG] [lib.augmentation.io:94] Loaded 400 frames from AKTsQxbvXiU_aug9.mp4 (frames 800-1199)
2025-12-07 13:16:26 [DEBUG] [lib.augmentation.io:148] Adjusting dimensions for H.264 compatibility: 145x256 -> 144x256
2025-12-07 13:16:28 [DEBUG] [lib.scaling.pipeline:214] Saved chunk 3 with 400 frames
2025-12-07 13:16:28 [DEBUG] [lib.scaling.pipeline:108] Processing chunk 4/9 (frames 1200-1599)
2025-12-07 13:16:29 [DEBUG] [lib.augmentation.io:94] Loaded 400 frames from AKTsQxbvXiU_aug9.mp4 (frames 1200-1599)
2025-12-07 13:16:37 [DEBUG] [lib.augmentation.io:148] Adjusting dimensions for H.264 compatibility: 145x256 -> 144x256
2025-12-07 13:16:39 [DEBUG] [lib.scaling.pipeline:214] Saved chunk 4 with 400 frames
2025-12-07 13:16:40 [DEBUG] [lib.scaling.pipeline:108] Processing chunk 5/9 (frames 1600-1999)
2025-12-07 13:16:40 [DEBUG] [lib.augmentation.io:94] Loaded 400 frames from AKTsQxbvXiU_aug9.mp4 (frames 1600-1999)
2025-12-07 13:16:49 [DEBUG] [lib.augmentation.io:148] Adjusting dimensions for H.264 compatibility: 145x256 -> 144x256
2025-12-07 13:16:51 [DEBUG] [lib.scaling.pipeline:214] Saved chunk 5 with 400 frames
2025-12-07 13:16:51 [DEBUG] [lib.scaling.pipeline:108] Processing chunk 6/9 (frames 2000-2399)
2025-12-07 13:16:52 [DEBUG] [lib.augmentation.io:94] Loaded 400 frames from AKTsQxbvXiU_aug9.mp4 (frames 2000-2399)
2025-12-07 13:17:00 [DEBUG] [lib.augmentation.io:148] Adjusting dimensions for H.264 compatibility: 145x256 -> 144x256
2025-12-07 13:17:03 [DEBUG] [lib.scaling.pipeline:214] Saved chunk 6 with 400 frames
2025-12-07 13:17:03 [DEBUG] [lib.scaling.pipeline:108] Processing chunk 7/9 (frames 2400-2799)
2025-12-07 13:17:04 [DEBUG] [lib.augmentation.io:94] Loaded 400 frames from AKTsQxbvXiU_aug9.mp4 (frames 2400-2799)
2025-12-07 13:17:12 [DEBUG] [lib.augmentation.io:148] Adjusting dimensions for H.264 compatibility: 145x256 -> 144x256
2025-12-07 13:17:14 [DEBUG] [lib.scaling.pipeline:214] Saved chunk 7 with 400 frames
2025-12-07 13:17:15 [DEBUG] [lib.scaling.pipeline:108] Processing chunk 8/9 (frames 2800-3199)
2025-12-07 13:17:16 [DEBUG] [lib.augmentation.io:94] Loaded 400 frames from AKTsQxbvXiU_aug9.mp4 (frames 2800-3199)
2025-12-07 13:17:24 [DEBUG] [lib.augmentation.io:148] Adjusting dimensions for H.264 compatibility: 145x256 -> 144x256
2025-12-07 13:17:26 [DEBUG] [lib.scaling.pipeline:214] Saved chunk 8 with 400 frames
2025-12-07 13:17:26 [DEBUG] [lib.scaling.pipeline:108] Processing chunk 9/9 (frames 3200-3546)
2025-12-07 13:17:27 [DEBUG] [lib.augmentation.io:94] Loaded 347 frames from AKTsQxbvXiU_aug9.mp4 (frames 3200-3546)
2025-12-07 13:17:35 [DEBUG] [lib.augmentation.io:148] Adjusting dimensions for H.264 compatibility: 145x256 -> 144x256
2025-12-07 13:17:37 [DEBUG] [lib.scaling.pipeline:214] Saved chunk 9 with 347 frames
2025-12-07 13:17:37 [DEBUG] [lib.scaling.pipeline:224] Concatenating 9 chunks into final video...
2025-12-07 13:17:54 [INFO] [lib.scaling.pipeline:571] ✓ Scaled: AKTsQxbvXiU_aug9_scaled_aug9.mp4
2025-12-07 13:17:54 [INFO] [lib.scaling.pipeline:518] Scaling 10157046008856509_original.mp4 to 10157046008856509_original_scaled_original.mp4
2025-12-07 13:18:02 [DEBUG] [lib.scaling.pipeline:92] Video has 2145 frames, processing in chunks of 400
2025-12-07 13:18:02 [DEBUG] [lib.scaling.pipeline:108] Processing chunk 1/6 (frames 0-399)
2025-12-07 13:18:05 [DEBUG] [lib.augmentation.io:94] Loaded 400 frames from 10157046008856509_original.mp4 (frames 0-399)
2025-12-07 13:18:24 [DEBUG] [lib.scaling.pipeline:214] Saved chunk 1 with 400 frames
2025-12-07 13:18:25 [DEBUG] [lib.scaling.pipeline:108] Processing chunk 2/6 (frames 400-799)
2025-12-07 13:18:28 [DEBUG] [lib.augmentation.io:94] Loaded 400 frames from 10157046008856509_original.mp4 (frames 400-799)
2025-12-07 13:18:47 [DEBUG] [lib.scaling.pipeline:214] Saved chunk 2 with 400 frames
2025-12-07 13:18:47 [DEBUG] [lib.scaling.pipeline:108] Processing chunk 3/6 (frames 800-1199)
2025-12-07 13:18:52 [DEBUG] [lib.augmentation.io:94] Loaded 400 frames from 10157046008856509_original.mp4 (frames 800-1199)
2025-12-07 13:19:11 [DEBUG] [lib.scaling.pipeline:214] Saved chunk 3 with 400 frames
2025-12-07 13:19:11 [DEBUG] [lib.scaling.pipeline:108] Processing chunk 4/6 (frames 1200-1599)
2025-12-07 13:19:18 [DEBUG] [lib.augmentation.io:94] Loaded 400 frames from 10157046008856509_original.mp4 (frames 1200-1599)
2025-12-07 13:19:36 [DEBUG] [lib.scaling.pipeline:214] Saved chunk 4 with 400 frames
2025-12-07 13:19:37 [DEBUG] [lib.scaling.pipeline:108] Processing chunk 5/6 (frames 1600-1999)
2025-12-07 13:19:44 [DEBUG] [lib.augmentation.io:94] Loaded 400 frames from 10157046008856509_original.mp4 (frames 1600-1999)
2025-12-07 13:20:03 [DEBUG] [lib.scaling.pipeline:214] Saved chunk 5 with 400 frames
2025-12-07 13:20:04 [DEBUG] [lib.scaling.pipeline:108] Processing chunk 6/6 (frames 2000-2144)
2025-12-07 13:20:12 [DEBUG] [lib.augmentation.io:94] Loaded 145 frames from 10157046008856509_original.mp4 (frames 2000-2144)
2025-12-07 13:20:19 [DEBUG] [lib.scaling.pipeline:214] Saved chunk 6 with 145 frames
2025-12-07 13:20:19 [DEBUG] [lib.scaling.pipeline:224] Concatenating 6 chunks into final video...
2025-12-07 13:20:34 [INFO] [lib.scaling.pipeline:571] ✓ Scaled: 10157046008856509_original_scaled_original.mp4
2025-12-07 13:20:35 [INFO] [lib.scaling.pipeline:518] Scaling 10157046008856509_aug0.mp4 to 10157046008856509_aug0_scaled_aug0.mp4
2025-12-07 13:20:45 [DEBUG] [lib.scaling.pipeline:92] Video has 2145 frames, processing in chunks of 400
2025-12-07 13:20:45 [DEBUG] [lib.scaling.pipeline:108] Processing chunk 1/6 (frames 0-399)
2025-12-07 13:20:48 [DEBUG] [lib.augmentation.io:94] Loaded 400 frames from 10157046008856509_aug0.mp4 (frames 0-399)
2025-12-07 13:21:07 [DEBUG] [lib.scaling.pipeline:214] Saved chunk 1 with 400 frames
2025-12-07 13:21:08 [DEBUG] [lib.scaling.pipeline:108] Processing chunk 2/6 (frames 400-799)
2025-12-07 13:21:12 [DEBUG] [lib.augmentation.io:94] Loaded 400 frames from 10157046008856509_aug0.mp4 (frames 400-799)
2025-12-07 13:21:31 [DEBUG] [lib.scaling.pipeline:214] Saved chunk 2 with 400 frames
2025-12-07 13:21:31 [DEBUG] [lib.scaling.pipeline:108] Processing chunk 3/6 (frames 800-1199)
2025-12-07 13:21:38 [DEBUG] [lib.augmentation.io:94] Loaded 400 frames from 10157046008856509_aug0.mp4 (frames 800-1199)
2025-12-07 13:21:58 [DEBUG] [lib.scaling.pipeline:214] Saved chunk 3 with 400 frames
2025-12-07 13:21:58 [DEBUG] [lib.scaling.pipeline:108] Processing chunk 4/6 (frames 1200-1599)
2025-12-07 13:22:06 [DEBUG] [lib.augmentation.io:94] Loaded 400 frames from 10157046008856509_aug0.mp4 (frames 1200-1599)
2025-12-07 13:22:25 [DEBUG] [lib.scaling.pipeline:214] Saved chunk 4 with 400 frames
2025-12-07 13:22:26 [DEBUG] [lib.scaling.pipeline:108] Processing chunk 5/6 (frames 1600-1999)
2025-12-07 13:22:36 [DEBUG] [lib.augmentation.io:94] Loaded 400 frames from 10157046008856509_aug0.mp4 (frames 1600-1999)
2025-12-07 13:22:55 [DEBUG] [lib.scaling.pipeline:214] Saved chunk 5 with 400 frames
2025-12-07 13:22:56 [DEBUG] [lib.scaling.pipeline:108] Processing chunk 6/6 (frames 2000-2144)
2025-12-07 13:23:06 [DEBUG] [lib.augmentation.io:94] Loaded 145 frames from 10157046008856509_aug0.mp4 (frames 2000-2144)
2025-12-07 13:23:13 [DEBUG] [lib.scaling.pipeline:214] Saved chunk 6 with 145 frames
2025-12-07 13:23:14 [DEBUG] [lib.scaling.pipeline:224] Concatenating 6 chunks into final video...
2025-12-07 13:23:33 [INFO] [lib.scaling.pipeline:571] ✓ Scaled: 10157046008856509_aug0_scaled_aug0.mp4
2025-12-07 13:23:33 [INFO] [lib.utils.memory:89] Memory stats (Stage 3: processing video 11/406): {'cpu_memory_mb': 2818.75390625, 'cpu_memory_gb': 2.7526893615722656, 'cpu_vms_mb': 13697.359375, 'gpu_allocated_gb': 0.182393344, 'gpu_reserved_gb': 0.201326592, 'gpu_total_gb': 16.928342016, 'gpu_free_gb': 16.727015424}
2025-12-07 13:23:33 [INFO] [lib.scaling.pipeline:518] Scaling 10157046008856509_aug1.mp4 to 10157046008856509_aug1_scaled_aug1.mp4
2025-12-07 13:23:42 [DEBUG] [lib.scaling.pipeline:92] Video has 2145 frames, processing in chunks of 400
2025-12-07 13:23:42 [DEBUG] [lib.scaling.pipeline:108] Processing chunk 1/6 (frames 0-399)
2025-12-07 13:23:45 [DEBUG] [lib.augmentation.io:94] Loaded 400 frames from 10157046008856509_aug1.mp4 (frames 0-399)
2025-12-07 13:24:03 [DEBUG] [lib.scaling.pipeline:214] Saved chunk 1 with 400 frames
2025-12-07 13:24:04 [DEBUG] [lib.scaling.pipeline:108] Processing chunk 2/6 (frames 400-799)
2025-12-07 13:24:08 [DEBUG] [lib.augmentation.io:94] Loaded 400 frames from 10157046008856509_aug1.mp4 (frames 400-799)
2025-12-07 13:24:27 [DEBUG] [lib.scaling.pipeline:214] Saved chunk 2 with 400 frames
2025-12-07 13:24:27 [DEBUG] [lib.scaling.pipeline:108] Processing chunk 3/6 (frames 800-1199)
2025-12-07 13:24:32 [DEBUG] [lib.augmentation.io:94] Loaded 400 frames from 10157046008856509_aug1.mp4 (frames 800-1199)
2025-12-07 13:24:51 [DEBUG] [lib.scaling.pipeline:214] Saved chunk 3 with 400 frames
2025-12-07 13:24:51 [DEBUG] [lib.scaling.pipeline:108] Processing chunk 4/6 (frames 1200-1599)
2025-12-07 13:24:58 [DEBUG] [lib.augmentation.io:94] Loaded 400 frames from 10157046008856509_aug1.mp4 (frames 1200-1599)
2025-12-07 13:25:17 [DEBUG] [lib.scaling.pipeline:214] Saved chunk 4 with 400 frames
2025-12-07 13:25:17 [DEBUG] [lib.scaling.pipeline:108] Processing chunk 5/6 (frames 1600-1999)
2025-12-07 13:25:26 [DEBUG] [lib.augmentation.io:94] Loaded 400 frames from 10157046008856509_aug1.mp4 (frames 1600-1999)
2025-12-07 13:25:44 [DEBUG] [lib.scaling.pipeline:214] Saved chunk 5 with 400 frames
2025-12-07 13:25:45 [DEBUG] [lib.scaling.pipeline:108] Processing chunk 6/6 (frames 2000-2144)
2025-12-07 13:25:54 [DEBUG] [lib.augmentation.io:94] Loaded 145 frames from 10157046008856509_aug1.mp4 (frames 2000-2144)
2025-12-07 13:26:01 [DEBUG] [lib.scaling.pipeline:214] Saved chunk 6 with 145 frames
2025-12-07 13:26:01 [DEBUG] [lib.scaling.pipeline:224] Concatenating 6 chunks into final video...
2025-12-07 13:26:17 [INFO] [lib.scaling.pipeline:571] ✓ Scaled: 10157046008856509_aug1_scaled_aug1.mp4
2025-12-07 13:26:17 [INFO] [lib.scaling.pipeline:518] Scaling 10157046008856509_aug2.mp4 to 10157046008856509_aug2_scaled_aug2.mp4
2025-12-07 13:26:39 [DEBUG] [lib.scaling.pipeline:92] Video has 2145 frames, processing in chunks of 400
2025-12-07 13:26:39 [DEBUG] [lib.scaling.pipeline:108] Processing chunk 1/6 (frames 0-399)
2025-12-07 13:26:45 [DEBUG] [lib.augmentation.io:94] Loaded 400 frames from 10157046008856509_aug2.mp4 (frames 0-399)
2025-12-07 13:27:03 [DEBUG] [lib.scaling.pipeline:214] Saved chunk 1 with 400 frames
2025-12-07 13:27:03 [DEBUG] [lib.scaling.pipeline:108] Processing chunk 2/6 (frames 400-799)
2025-12-07 13:27:12 [DEBUG] [lib.augmentation.io:94] Loaded 400 frames from 10157046008856509_aug2.mp4 (frames 400-799)
2025-12-07 13:27:31 [DEBUG] [lib.scaling.pipeline:214] Saved chunk 2 with 400 frames
2025-12-07 13:27:31 [DEBUG] [lib.scaling.pipeline:108] Processing chunk 3/6 (frames 800-1199)
2025-12-07 13:27:44 [DEBUG] [lib.augmentation.io:94] Loaded 400 frames from 10157046008856509_aug2.mp4 (frames 800-1199)
2025-12-07 13:28:03 [DEBUG] [lib.scaling.pipeline:214] Saved chunk 3 with 400 frames
2025-12-07 13:28:03 [DEBUG] [lib.scaling.pipeline:108] Processing chunk 4/6 (frames 1200-1599)
2025-12-07 13:28:19 [DEBUG] [lib.augmentation.io:94] Loaded 400 frames from 10157046008856509_aug2.mp4 (frames 1200-1599)
2025-12-07 13:28:38 [DEBUG] [lib.scaling.pipeline:214] Saved chunk 4 with 400 frames
2025-12-07 13:28:38 [DEBUG] [lib.scaling.pipeline:108] Processing chunk 5/6 (frames 1600-1999)
2025-12-07 13:28:59 [DEBUG] [lib.augmentation.io:94] Loaded 400 frames from 10157046008856509_aug2.mp4 (frames 1600-1999)
2025-12-07 13:29:18 [DEBUG] [lib.scaling.pipeline:214] Saved chunk 5 with 400 frames
2025-12-07 13:29:19 [DEBUG] [lib.scaling.pipeline:108] Processing chunk 6/6 (frames 2000-2144)
2025-12-07 13:29:40 [DEBUG] [lib.augmentation.io:94] Loaded 145 frames from 10157046008856509_aug2.mp4 (frames 2000-2144)
2025-12-07 13:29:48 [DEBUG] [lib.scaling.pipeline:214] Saved chunk 6 with 145 frames
2025-12-07 13:29:48 [DEBUG] [lib.scaling.pipeline:224] Concatenating 6 chunks into final video...
2025-12-07 13:30:03 [INFO] [lib.scaling.pipeline:571] ✓ Scaled: 10157046008856509_aug2_scaled_aug2.mp4
2025-12-07 13:30:04 [INFO] [lib.scaling.pipeline:518] Scaling 10157046008856509_aug3.mp4 to 10157046008856509_aug3_scaled_aug3.mp4
2025-12-07 13:30:13 [DEBUG] [lib.scaling.pipeline:92] Video has 2145 frames, processing in chunks of 400
2025-12-07 13:30:13 [DEBUG] [lib.scaling.pipeline:108] Processing chunk 1/6 (frames 0-399)
2025-12-07 13:30:16 [DEBUG] [lib.augmentation.io:94] Loaded 400 frames from 10157046008856509_aug3.mp4 (frames 0-399)
2025-12-07 13:30:35 [DEBUG] [lib.scaling.pipeline:214] Saved chunk 1 with 400 frames
2025-12-07 13:30:35 [DEBUG] [lib.scaling.pipeline:108] Processing chunk 2/6 (frames 400-799)
2025-12-07 13:30:39 [DEBUG] [lib.augmentation.io:94] Loaded 400 frames from 10157046008856509_aug3.mp4 (frames 400-799)
2025-12-07 13:30:58 [DEBUG] [lib.scaling.pipeline:214] Saved chunk 2 with 400 frames
2025-12-07 13:30:59 [DEBUG] [lib.scaling.pipeline:108] Processing chunk 3/6 (frames 800-1199)
2025-12-07 13:31:05 [DEBUG] [lib.augmentation.io:94] Loaded 400 frames from 10157046008856509_aug3.mp4 (frames 800-1199)
2025-12-07 13:31:23 [DEBUG] [lib.scaling.pipeline:214] Saved chunk 3 with 400 frames
2025-12-07 13:31:24 [DEBUG] [lib.scaling.pipeline:108] Processing chunk 4/6 (frames 1200-1599)
2025-12-07 13:31:31 [DEBUG] [lib.augmentation.io:94] Loaded 400 frames from 10157046008856509_aug3.mp4 (frames 1200-1599)
2025-12-07 13:31:50 [DEBUG] [lib.scaling.pipeline:214] Saved chunk 4 with 400 frames
2025-12-07 13:31:51 [DEBUG] [lib.scaling.pipeline:108] Processing chunk 5/6 (frames 1600-1999)
2025-12-07 13:32:00 [DEBUG] [lib.augmentation.io:94] Loaded 400 frames from 10157046008856509_aug3.mp4 (frames 1600-1999)
2025-12-07 13:32:19 [DEBUG] [lib.scaling.pipeline:214] Saved chunk 5 with 400 frames
2025-12-07 13:32:19 [DEBUG] [lib.scaling.pipeline:108] Processing chunk 6/6 (frames 2000-2144)
2025-12-07 13:32:29 [DEBUG] [lib.augmentation.io:94] Loaded 145 frames from 10157046008856509_aug3.mp4 (frames 2000-2144)
2025-12-07 13:32:36 [DEBUG] [lib.scaling.pipeline:214] Saved chunk 6 with 145 frames
2025-12-07 13:32:36 [DEBUG] [lib.scaling.pipeline:224] Concatenating 6 chunks into final video...
2025-12-07 13:32:53 [INFO] [lib.scaling.pipeline:571] ✓ Scaled: 10157046008856509_aug3_scaled_aug3.mp4
2025-12-07 13:32:53 [INFO] [lib.scaling.pipeline:518] Scaling 10157046008856509_aug4.mp4 to 10157046008856509_aug4_scaled_aug4.mp4
2025-12-07 13:33:03 [DEBUG] [lib.scaling.pipeline:92] Video has 2145 frames, processing in chunks of 400
2025-12-07 13:33:03 [DEBUG] [lib.scaling.pipeline:108] Processing chunk 1/6 (frames 0-399)
2025-12-07 13:33:05 [DEBUG] [lib.augmentation.io:94] Loaded 400 frames from 10157046008856509_aug4.mp4 (frames 0-399)
2025-12-07 13:33:24 [DEBUG] [lib.scaling.pipeline:214] Saved chunk 1 with 400 frames
2025-12-07 13:33:24 [DEBUG] [lib.scaling.pipeline:108] Processing chunk 2/6 (frames 400-799)
2025-12-07 13:33:28 [DEBUG] [lib.augmentation.io:94] Loaded 400 frames from 10157046008856509_aug4.mp4 (frames 400-799)
2025-12-07 13:33:47 [DEBUG] [lib.scaling.pipeline:214] Saved chunk 2 with 400 frames
2025-12-07 13:33:47 [DEBUG] [lib.scaling.pipeline:108] Processing chunk 3/6 (frames 800-1199)
2025-12-07 13:33:53 [DEBUG] [lib.augmentation.io:94] Loaded 400 frames from 10157046008856509_aug4.mp4 (frames 800-1199)
2025-12-07 13:34:11 [DEBUG] [lib.scaling.pipeline:214] Saved chunk 3 with 400 frames
2025-12-07 13:34:12 [DEBUG] [lib.scaling.pipeline:108] Processing chunk 4/6 (frames 1200-1599)
2025-12-07 13:34:19 [DEBUG] [lib.augmentation.io:94] Loaded 400 frames from 10157046008856509_aug4.mp4 (frames 1200-1599)
2025-12-07 13:34:38 [DEBUG] [lib.scaling.pipeline:214] Saved chunk 4 with 400 frames
2025-12-07 13:34:38 [DEBUG] [lib.scaling.pipeline:108] Processing chunk 5/6 (frames 1600-1999)
2025-12-07 13:34:47 [DEBUG] [lib.augmentation.io:94] Loaded 400 frames from 10157046008856509_aug4.mp4 (frames 1600-1999)
2025-12-07 13:35:06 [DEBUG] [lib.scaling.pipeline:214] Saved chunk 5 with 400 frames
2025-12-07 13:35:06 [DEBUG] [lib.scaling.pipeline:108] Processing chunk 6/6 (frames 2000-2144)
2025-12-07 13:35:15 [DEBUG] [lib.augmentation.io:94] Loaded 145 frames from 10157046008856509_aug4.mp4 (frames 2000-2144)
2025-12-07 13:35:22 [DEBUG] [lib.scaling.pipeline:214] Saved chunk 6 with 145 frames
2025-12-07 13:35:22 [DEBUG] [lib.scaling.pipeline:224] Concatenating 6 chunks into final video...
2025-12-07 13:35:38 [INFO] [lib.scaling.pipeline:571] ✓ Scaled: 10157046008856509_aug4_scaled_aug4.mp4
2025-12-07 13:35:38 [INFO] [lib.scaling.pipeline:518] Scaling 10157046008856509_aug5.mp4 to 10157046008856509_aug5_scaled_aug5.mp4
2025-12-07 13:35:47 [DEBUG] [lib.scaling.pipeline:92] Video has 2145 frames, processing in chunks of 400
2025-12-07 13:35:47 [DEBUG] [lib.scaling.pipeline:108] Processing chunk 1/6 (frames 0-399)
2025-12-07 13:35:49 [DEBUG] [lib.augmentation.io:94] Loaded 400 frames from 10157046008856509_aug5.mp4 (frames 0-399)
2025-12-07 13:36:08 [DEBUG] [lib.scaling.pipeline:214] Saved chunk 1 with 400 frames
2025-12-07 13:36:08 [DEBUG] [lib.scaling.pipeline:108] Processing chunk 2/6 (frames 400-799)
2025-12-07 13:36:12 [DEBUG] [lib.augmentation.io:94] Loaded 400 frames from 10157046008856509_aug5.mp4 (frames 400-799)
2025-12-07 13:36:31 [DEBUG] [lib.scaling.pipeline:214] Saved chunk 2 with 400 frames
2025-12-07 13:36:31 [DEBUG] [lib.scaling.pipeline:108] Processing chunk 3/6 (frames 800-1199)
2025-12-07 13:36:36 [DEBUG] [lib.augmentation.io:94] Loaded 400 frames from 10157046008856509_aug5.mp4 (frames 800-1199)
2025-12-07 13:36:55 [DEBUG] [lib.scaling.pipeline:214] Saved chunk 3 with 400 frames
2025-12-07 13:36:55 [DEBUG] [lib.scaling.pipeline:108] Processing chunk 4/6 (frames 1200-1599)
2025-12-07 13:37:02 [DEBUG] [lib.augmentation.io:94] Loaded 400 frames from 10157046008856509_aug5.mp4 (frames 1200-1599)
2025-12-07 13:37:21 [DEBUG] [lib.scaling.pipeline:214] Saved chunk 4 with 400 frames
2025-12-07 13:37:21 [DEBUG] [lib.scaling.pipeline:108] Processing chunk 5/6 (frames 1600-1999)
2025-12-07 13:37:30 [DEBUG] [lib.augmentation.io:94] Loaded 400 frames from 10157046008856509_aug5.mp4 (frames 1600-1999)
2025-12-07 13:37:49 [DEBUG] [lib.scaling.pipeline:214] Saved chunk 5 with 400 frames
2025-12-07 13:37:49 [DEBUG] [lib.scaling.pipeline:108] Processing chunk 6/6 (frames 2000-2144)
2025-12-07 13:37:58 [DEBUG] [lib.augmentation.io:94] Loaded 145 frames from 10157046008856509_aug5.mp4 (frames 2000-2144)
2025-12-07 13:38:05 [DEBUG] [lib.scaling.pipeline:214] Saved chunk 6 with 145 frames
2025-12-07 13:38:05 [DEBUG] [lib.scaling.pipeline:224] Concatenating 6 chunks into final video...
2025-12-07 13:38:21 [INFO] [lib.scaling.pipeline:571] ✓ Scaled: 10157046008856509_aug5_scaled_aug5.mp4
2025-12-07 13:38:21 [INFO] [lib.scaling.pipeline:518] Scaling 10157046008856509_aug6.mp4 to 10157046008856509_aug6_scaled_aug6.mp4
2025-12-07 13:38:31 [DEBUG] [lib.scaling.pipeline:92] Video has 2145 frames, processing in chunks of 400
2025-12-07 13:38:31 [DEBUG] [lib.scaling.pipeline:108] Processing chunk 1/6 (frames 0-399)
2025-12-07 13:38:33 [DEBUG] [lib.augmentation.io:94] Loaded 400 frames from 10157046008856509_aug6.mp4 (frames 0-399)
2025-12-07 13:38:52 [DEBUG] [lib.scaling.pipeline:214] Saved chunk 1 with 400 frames
2025-12-07 13:38:52 [DEBUG] [lib.scaling.pipeline:108] Processing chunk 2/6 (frames 400-799)
2025-12-07 13:38:56 [DEBUG] [lib.augmentation.io:94] Loaded 400 frames from 10157046008856509_aug6.mp4 (frames 400-799)
2025-12-07 13:39:15 [DEBUG] [lib.scaling.pipeline:214] Saved chunk 2 with 400 frames
2025-12-07 13:39:16 [DEBUG] [lib.scaling.pipeline:108] Processing chunk 3/6 (frames 800-1199)
2025-12-07 13:39:21 [DEBUG] [lib.augmentation.io:94] Loaded 400 frames from 10157046008856509_aug6.mp4 (frames 800-1199)
2025-12-07 13:39:40 [DEBUG] [lib.scaling.pipeline:214] Saved chunk 3 with 400 frames
2025-12-07 13:39:40 [DEBUG] [lib.scaling.pipeline:108] Processing chunk 4/6 (frames 1200-1599)
2025-12-07 13:39:48 [DEBUG] [lib.augmentation.io:94] Loaded 400 frames from 10157046008856509_aug6.mp4 (frames 1200-1599)
2025-12-07 13:40:07 [DEBUG] [lib.scaling.pipeline:214] Saved chunk 4 with 400 frames
2025-12-07 13:40:07 [DEBUG] [lib.scaling.pipeline:108] Processing chunk 5/6 (frames 1600-1999)
2025-12-07 13:40:16 [DEBUG] [lib.augmentation.io:94] Loaded 400 frames from 10157046008856509_aug6.mp4 (frames 1600-1999)
2025-12-07 13:40:35 [DEBUG] [lib.scaling.pipeline:214] Saved chunk 5 with 400 frames
2025-12-07 13:40:35 [DEBUG] [lib.scaling.pipeline:108] Processing chunk 6/6 (frames 2000-2144)
2025-12-07 13:40:45 [DEBUG] [lib.augmentation.io:94] Loaded 145 frames from 10157046008856509_aug6.mp4 (frames 2000-2144)
2025-12-07 13:40:52 [DEBUG] [lib.scaling.pipeline:214] Saved chunk 6 with 145 frames
2025-12-07 13:40:53 [DEBUG] [lib.scaling.pipeline:224] Concatenating 6 chunks into final video...
2025-12-07 13:41:08 [INFO] [lib.scaling.pipeline:571] ✓ Scaled: 10157046008856509_aug6_scaled_aug6.mp4
2025-12-07 13:41:09 [INFO] [lib.scaling.pipeline:518] Scaling 10157046008856509_aug7.mp4 to 10157046008856509_aug7_scaled_aug7.mp4
2025-12-07 13:41:21 [DEBUG] [lib.scaling.pipeline:92] Video has 2145 frames, processing in chunks of 400
2025-12-07 13:41:21 [DEBUG] [lib.scaling.pipeline:108] Processing chunk 1/6 (frames 0-399)
2025-12-07 13:41:23 [DEBUG] [lib.augmentation.io:94] Loaded 400 frames from 10157046008856509_aug7.mp4 (frames 0-399)
2025-12-07 13:41:43 [DEBUG] [lib.scaling.pipeline:214] Saved chunk 1 with 400 frames
2025-12-07 13:41:43 [DEBUG] [lib.scaling.pipeline:108] Processing chunk 2/6 (frames 400-799)
2025-12-07 13:41:48 [DEBUG] [lib.augmentation.io:94] Loaded 400 frames from 10157046008856509_aug7.mp4 (frames 400-799)
2025-12-07 13:42:08 [DEBUG] [lib.scaling.pipeline:214] Saved chunk 2 with 400 frames
2025-12-07 13:42:08 [DEBUG] [lib.scaling.pipeline:108] Processing chunk 3/6 (frames 800-1199)
2025-12-07 13:42:15 [DEBUG] [lib.augmentation.io:94] Loaded 400 frames from 10157046008856509_aug7.mp4 (frames 800-1199)
2025-12-07 13:42:35 [DEBUG] [lib.scaling.pipeline:214] Saved chunk 3 with 400 frames
2025-12-07 13:42:35 [DEBUG] [lib.scaling.pipeline:108] Processing chunk 4/6 (frames 1200-1599)
2025-12-07 13:42:44 [DEBUG] [lib.augmentation.io:94] Loaded 400 frames from 10157046008856509_aug7.mp4 (frames 1200-1599)
2025-12-07 13:43:04 [DEBUG] [lib.scaling.pipeline:214] Saved chunk 4 with 400 frames
2025-12-07 13:43:04 [DEBUG] [lib.scaling.pipeline:108] Processing chunk 5/6 (frames 1600-1999)
2025-12-07 13:43:16 [DEBUG] [lib.augmentation.io:94] Loaded 400 frames from 10157046008856509_aug7.mp4 (frames 1600-1999)
2025-12-07 13:43:35 [DEBUG] [lib.scaling.pipeline:214] Saved chunk 5 with 400 frames
2025-12-07 13:43:35 [DEBUG] [lib.scaling.pipeline:108] Processing chunk 6/6 (frames 2000-2144)
2025-12-07 13:43:47 [DEBUG] [lib.augmentation.io:94] Loaded 145 frames from 10157046008856509_aug7.mp4 (frames 2000-2144)
2025-12-07 13:43:54 [DEBUG] [lib.scaling.pipeline:214] Saved chunk 6 with 145 frames
2025-12-07 13:43:55 [DEBUG] [lib.scaling.pipeline:224] Concatenating 6 chunks into final video...
2025-12-07 13:44:14 [INFO] [lib.scaling.pipeline:571] ✓ Scaled: 10157046008856509_aug7_scaled_aug7.mp4
2025-12-07 13:44:14 [INFO] [lib.scaling.pipeline:518] Scaling 10157046008856509_aug8.mp4 to 10157046008856509_aug8_scaled_aug8.mp4
2025-12-07 13:44:24 [DEBUG] [lib.scaling.pipeline:92] Video has 2145 frames, processing in chunks of 400
2025-12-07 13:44:24 [DEBUG] [lib.scaling.pipeline:108] Processing chunk 1/6 (frames 0-399)
2025-12-07 13:44:27 [DEBUG] [lib.augmentation.io:94] Loaded 400 frames from 10157046008856509_aug8.mp4 (frames 0-399)
2025-12-07 13:44:46 [DEBUG] [lib.scaling.pipeline:214] Saved chunk 1 with 400 frames
2025-12-07 13:44:46 [DEBUG] [lib.scaling.pipeline:108] Processing chunk 2/6 (frames 400-799)
2025-12-07 13:44:51 [DEBUG] [lib.augmentation.io:94] Loaded 400 frames from 10157046008856509_aug8.mp4 (frames 400-799)
2025-12-07 13:45:10 [DEBUG] [lib.scaling.pipeline:214] Saved chunk 2 with 400 frames
2025-12-07 13:45:10 [DEBUG] [lib.scaling.pipeline:108] Processing chunk 3/6 (frames 800-1199)
