2025-12-14 17:50:22 [INFO] [__main__:310] ================================================================================
2025-12-14 17:50:22 [INFO] [__main__:311] STAGE 5: MODEL TRAINING
2025-12-14 17:50:22 [INFO] [__main__:312] ================================================================================
2025-12-14 17:50:22 [INFO] [__main__:313] Project root: /gpfs/accounts/si670f25_class_root/si670f25_class/santoshd/fvc
2025-12-14 17:50:22 [INFO] [__main__:314] Scaled metadata: /gpfs/accounts/si670f25_class_root/si670f25_class/santoshd/fvc/data/scaled_videos/scaled_metadata.arrow
2025-12-14 17:50:22 [INFO] [__main__:315] Features Stage 2: /gpfs/accounts/si670f25_class_root/si670f25_class/santoshd/fvc/data/features_stage2/features_metadata.arrow
2025-12-14 17:50:22 [INFO] [__main__:316] Features Stage 4: /gpfs/accounts/si670f25_class_root/si670f25_class/santoshd/fvc/data/features_stage4/features_scaled_metadata.arrow
2025-12-14 17:50:22 [INFO] [__main__:317] Model types: ['slowfast']
2025-12-14 17:50:22 [INFO] [__main__:318] K-fold splits: 5
2025-12-14 17:50:22 [INFO] [__main__:319] Number of frames: 500
2025-12-14 17:50:22 [INFO] [__main__:320] Output directory: /gpfs/accounts/si670f25_class_root/si670f25_class/santoshd/fvc/data/stage5
2025-12-14 17:50:22 [INFO] [__main__:321] Experiment tracking: Enabled
2025-12-14 17:50:22 [INFO] [__main__:324] Delete existing: False
2025-12-14 17:50:22 [INFO] [__main__:325] Resume mode: True
2025-12-14 17:50:22 [INFO] [__main__:326] Log file: /gpfs/accounts/si670f25_class_root/si670f25_class/santoshd/fvc/logs/stage5_training_1765752622.log
2025-12-14 17:50:22 [INFO] [__main__:333] ================================================================================
2025-12-14 17:50:22 [INFO] [__main__:334] Checking prerequisites...
2025-12-14 17:50:22 [INFO] [__main__:335] ================================================================================
2025-12-14 17:50:22 [INFO] [__main__:342] ✓ Scaled metadata file found: /gpfs/accounts/si670f25_class_root/si670f25_class/santoshd/fvc/data/scaled_videos/scaled_metadata.arrow
2025-12-14 17:50:22 [INFO] [__main__:352] ✓ All model types are valid
2025-12-14 17:50:22 [INFO] [__main__:358] ================================================================================
2025-12-14 17:50:22 [INFO] [__main__:359] Initial memory statistics:
2025-12-14 17:50:22 [INFO] [__main__:360] ================================================================================
2025-12-14 17:50:22 [INFO] [lib.utils.memory:91] Memory stats (Stage 5: before training): {'cpu_memory_mb': 758.078125, 'cpu_memory_gb': 0.7403106689453125, 'cpu_vms_mb': 10239.59765625, 'gpu_allocated_gb': 0.0, 'gpu_reserved_gb': 0.0, 'gpu_total_gb': 16.928342016, 'gpu_free_gb': 16.928342016}
2025-12-14 17:50:22 [INFO] [__main__:364] ================================================================================
2025-12-14 17:50:22 [INFO] [__main__:365] Starting Stage 5: Model Training
2025-12-14 17:50:22 [INFO] [__main__:366] ================================================================================
2025-12-14 17:50:22 [INFO] [__main__:367] Training 1 model(s) with 5-fold cross-validation
2025-12-14 17:50:22 [INFO] [__main__:368] This may take a while depending on dataset size and model complexity...
2025-12-14 17:50:22 [INFO] [__main__:369] Progress will be logged in real-time
2025-12-14 17:50:22 [INFO] [__main__:370] ================================================================================
2025-12-14 17:50:22 [INFO] [__main__:375] Calling Stage 5 training pipeline...
2025-12-14 17:50:22 [INFO] [__main__:376] This may take a while - progress will be logged in real-time
2025-12-14 17:50:22 [INFO] [lib.training.pipeline:851] ================================================================================
2025-12-14 17:50:22 [INFO] [lib.training.pipeline:852] Stage 5: Model Training Pipeline Started
2025-12-14 17:50:22 [INFO] [lib.training.pipeline:853] ================================================================================
2025-12-14 17:50:22 [INFO] [lib.training.pipeline:854] Model types: ['slowfast']
2025-12-14 17:50:22 [INFO] [lib.training.pipeline:855] K-fold splits: 5
2025-12-14 17:50:22 [INFO] [lib.training.pipeline:856] Frames per video: 500
2025-12-14 17:50:22 [INFO] [lib.training.pipeline:857] Output directory: data/stage5
2025-12-14 17:50:22 [INFO] [lib.training.pipeline:858] Initializing pipeline...
2025-12-14 17:50:22 [INFO] [lib.training.pipeline:261] ================================================================================
2025-12-14 17:50:22 [INFO] [lib.training.pipeline:262] STAGE 5 PREREQUISITE VALIDATION
2025-12-14 17:50:22 [INFO] [lib.training.pipeline:263] ================================================================================
2025-12-14 17:50:22 [INFO] [lib.training.pipeline:266] 
[1/3] Checking Stage 3 (scaled videos) - REQUIRED for all models...
2025-12-14 17:50:24 [INFO] [lib.training.pipeline:275] ✓ Stage 3 metadata found: 3278 scaled videos
2025-12-14 17:50:24 [INFO] [lib.training.pipeline:276]   Path: /gpfs/accounts/si670f25_class_root/si670f25_class/santoshd/fvc/data/scaled_videos/scaled_metadata.arrow
2025-12-14 17:50:24 [INFO] [lib.training.pipeline:279] 
[2/3] Checking Stage 2 (features) - REQUIRED for *_stage2 models...
2025-12-14 17:50:24 [INFO] [lib.training.pipeline:287] ✓ Stage 2 metadata found: 3278 feature rows
2025-12-14 17:50:24 [INFO] [lib.training.pipeline:288]   Path: /gpfs/accounts/si670f25_class_root/si670f25_class/santoshd/fvc/data/features_stage2/features_metadata.arrow
2025-12-14 17:50:24 [INFO] [lib.training.pipeline:291] 
[3/3] Checking Stage 4 (scaled features) - REQUIRED for *_stage2_stage4 models...
2025-12-14 17:50:24 [INFO] [lib.training.pipeline:299] ✓ Stage 4 metadata found: 3277 feature rows
2025-12-14 17:50:24 [INFO] [lib.training.pipeline:300]   Path: /gpfs/accounts/si670f25_class_root/si670f25_class/santoshd/fvc/data/features_stage4/features_scaled_metadata.arrow
2025-12-14 17:50:24 [INFO] [lib.training.pipeline:303] 
================================================================================
2025-12-14 17:50:24 [INFO] [lib.training.pipeline:304] MODEL REQUIREMENTS CHECK
2025-12-14 17:50:24 [INFO] [lib.training.pipeline:305] ================================================================================
2025-12-14 17:50:24 [INFO] [lib.training.pipeline:329] ✓ slowfast: CAN RUN
2025-12-14 17:50:24 [INFO] [lib.training.pipeline:332] 
================================================================================
2025-12-14 17:50:24 [INFO] [lib.training.pipeline:333] VALIDATION SUMMARY
2025-12-14 17:50:24 [INFO] [lib.training.pipeline:334] ================================================================================
2025-12-14 17:50:24 [INFO] [lib.training.pipeline:335] Stage 3 (scaled videos): ✓ Available
2025-12-14 17:50:24 [INFO] [lib.training.pipeline:336]   Count: 3278 videos
2025-12-14 17:50:24 [INFO] [lib.training.pipeline:337] Stage 2 (features): ✓ Available
2025-12-14 17:50:24 [INFO] [lib.training.pipeline:338]   Count: 3278 feature rows
2025-12-14 17:50:24 [INFO] [lib.training.pipeline:339] Stage 4 (scaled features): ✓ Available
2025-12-14 17:50:24 [INFO] [lib.training.pipeline:340]   Count: 3277 feature rows
2025-12-14 17:50:24 [INFO] [lib.training.pipeline:341] 
Runnable models: 1/1
2025-12-14 17:50:24 [INFO] [lib.training.pipeline:342]   ['slowfast']
2025-12-14 17:50:24 [INFO] [lib.training.pipeline:349] ================================================================================
2025-12-14 17:50:24 [INFO] [lib.training.pipeline:942] 
Stage 5: Loading metadata...
2025-12-14 17:50:24 [INFO] [lib.training.pipeline:968] Loaded metadata: 3278 rows
2025-12-14 17:50:24 [INFO] [lib.training.pipeline:978] ✓ Data validation passed: 3278 rows (> 3000 required)
2025-12-14 17:50:24 [WARNING] [lib.utils.guardrails:171] Disk usage high: free=824958.47GB, used=1674881.53GB (67.0%)
2025-12-14 17:50:24 [INFO] [lib.training.pipeline:1010] Stage 5: Found 3278 scaled videos
2025-12-14 17:50:24 [INFO] [lib.training.pipeline:1015] ================================================================================
2025-12-14 17:50:24 [INFO] [lib.training.pipeline:1016] STAGE 5: VALIDATING VIDEOS (checking for corruption and empty videos)
2025-12-14 17:50:24 [INFO] [lib.training.pipeline:1017] ================================================================================
2025-12-14 17:50:24 [INFO] [lib.data.loading:156] Checking file existence for 3278 videos...
2025-12-14 17:50:27 [INFO] [lib.data.loading:166] Found 3278 existing video files (filtered out 0 missing files)
2025-12-14 17:50:27 [INFO] [lib.data.loading:170] Checking for corrupted videos (moov atom errors, etc.)...
2025-12-14 17:50:29 [INFO] [lib.data.loading:92] Loaded validation cache from /gpfs/accounts/si670f25_class_root/si670f25_class/santoshd/fvc/data/.video_validation_cache/validation_0192be168a40eb7e_corruptTrue_framesTrue.parquet (3278 entries)
2025-12-14 17:50:29 [INFO] [lib.data.loading:194] Cache hit: 3278 videos, Cache miss: 0 videos
2025-12-14 17:50:29 [WARNING] [lib.data.loading:306] Filtered out 1 corrupted videos and 0 empty videos. Keeping 3277 valid videos.
2025-12-14 17:50:29 [WARNING] [lib.data.loading:311] Sample of invalid videos:
2025-12-14 17:50:29 [WARNING] [lib.data.loading:313]   data/scaled_videos/FX5aeuJFQ64_aug1_scaled_aug1.mp4: Corrupted video: moov atom not found
2025-12-14 17:50:29 [INFO] [lib.data.loading:323] Found /gpfs/accounts/si670f25_class_root/si670f25_class/santoshd/fvc/data/skip_frame_check.txt - skipping frame check as requested.
2025-12-14 17:50:29 [WARNING] [lib.data.loading:387] Filtered out 1 invalid videos (corrupted). Keeping 3277 valid videos.
2025-12-14 17:50:29 [INFO] [lib.training.pipeline:1029] ✓ Video validation complete: 3277 valid videos ready for training
2025-12-14 17:50:29 [INFO] [lib.training.pipeline:1030] ================================================================================
2025-12-14 17:50:29 [INFO] [lib.training.pipeline:1111] Enabling adaptive chunked frame loading for slowfast: initial_chunk_size=5, num_frames=500. Chunk size will adapt automatically based on OOM events (AIMD algorithm).
2025-12-14 17:50:29 [INFO] [lib.training.pipeline:1126] Frame caching enabled (default): cache_dir=data/.frame_cache. This will cache processed frames to disk to speed up training. First epoch will be slower (building cache), subsequent epochs will be faster. To disable, set FVC_USE_FRAME_CACHE=0
2025-12-14 17:50:29 [INFO] [lib.training.pipeline:1262] 
================================================================================
2025-12-14 17:50:29 [INFO] [lib.training.pipeline:1263] Stage 5: Training model: slowfast
2025-12-14 17:50:29 [INFO] [lib.training.pipeline:1264] ================================================================================
2025-12-14 17:50:29 [INFO] [lib.training.pipeline:1304] Grid search: 1 hyperparameter combinations to try
2025-12-14 17:50:29 [INFO] [lib.training.pipeline:1317] ================================================================================
2025-12-14 17:50:29 [INFO] [lib.training.pipeline:1318] HYPERPARAMETER SEARCH: Using 10.0% stratified sample for efficiency
2025-12-14 17:50:29 [INFO] [lib.training.pipeline:1319] ================================================================================
2025-12-14 17:50:29 [INFO] [lib.training.pipeline:1329] Hyperparameter search sample: 327 rows (10.0% of 3277 total)
2025-12-14 17:50:29 [INFO] [lib.training.pipeline:1330] To change sample size, set FVC_GRID_SEARCH_SAMPLE_SIZE environment variable (current: 0.1)
2025-12-14 17:50:29 [INFO] [lib.training.pipeline:1343] Using 5-fold stratified cross-validation on 10.0% sample for hyperparameter search
2025-12-14 17:50:29 [INFO] [lib.training.pipeline:1356] 
================================================================================
2025-12-14 17:50:29 [INFO] [lib.training.pipeline:1357] Grid Search: Hyperparameter combination 1/1
2025-12-14 17:50:29 [INFO] [lib.training.pipeline:1358] Parameters: {'learning_rate': 0.0001, 'backbone_lr': 5e-06, 'head_lr': 0.0005, 'weight_decay': 0.0001}
2025-12-14 17:50:29 [INFO] [lib.training.pipeline:1359] ================================================================================
2025-12-14 17:50:29 [INFO] [lib.training.pipeline:1381] 
Hyperparameter Search - slowfast - Fold 1/5 (10.0% sample)
2025-12-14 17:50:29 [INFO] [lib.training.pipeline:1477] Training configuration - Batch size: 1, Gradient accumulation steps: 32, Effective batch size: 32
2025-12-14 17:50:30 [INFO] [lib.training.pipeline:1522] Applied PyTorch memory optimizations: expandable_segments, cudnn.benchmark=False
2025-12-14 17:50:30 [INFO] [lib.training.slowfast:102] torchvision SlowFast not available. Trying PyTorch Hub (pytorchvideo)...
2025-12-14 17:50:30 [INFO] [lib.training.slowfast:108] Loading SlowFast R50 from PyTorch Hub (facebookresearch/pytorchvideo)...
2025-12-14 17:50:32 [INFO] [lib.training.slowfast:163] ✓ Loaded SlowFast from PyTorch Hub (pytorchvideo)
2025-12-14 17:50:32 [INFO] [lib.training.slowfast:188] ✓ Verified SlowFast model structure: Net
2025-12-14 17:50:39 [INFO] [lib.mlops.mlflow_tracker:89] MLflow run started: a6f18fe8dba64cdd83de6a7154331faf (experiment: slowfast)
2025-12-14 17:50:39 [INFO] [lib.training.pipeline:1615] Training PyTorch model slowfast on fold 1...
2025-12-14 17:50:39 [INFO] [lib.training.pipeline:1621] Performing HYPER-AGGRESSIVE GC before training slowfast...
2025-12-14 17:50:41 [INFO] [lib.training.pipeline:1631] Hyper-aggressive GC complete. GPU memory cleared.
2025-12-14 17:50:50 [WARNING] [lib.training.slowfast:524] SlowFast temporal dimension mismatch: Sizes of tensors must match except in dimension 1. Expected size 63 but got size 125 for tensor number 1 in the list.. Input shape: (N=1, C=3, T=500, H=256, W=256), Slow pathway T: 63, Fast pathway T: 500. This may indicate the input temporal dimension (500) is not compatible with SlowFast's dual-pathway architecture (alpha=8). Re-raising to allow caller to handle gracefully.
2025-12-14 17:50:50 [WARNING] [lib.training.pipeline:1774] SlowFast temporal dimension mismatch during forward pass test: Sizes of tensors must match except in dimension 1. Expected size 63 but got size 125 for tensor number 1 in the list.. Input shape: torch.Size([1, 3, 500, 256, 256]). This indicates the input temporal dimension may not be compatible with SlowFast's dual-pathway architecture (alpha ratio). Training will handle this via error handling. Continuing...
2025-12-14 17:50:50 [INFO] [lib.training.trainer:260] Warmup will be handled in training loop (2 epochs)
2025-12-14 17:51:06 [WARNING] [lib.training.slowfast:524] SlowFast temporal dimension mismatch: Sizes of tensors must match except in dimension 1. Expected size 63 but got size 125 for tensor number 1 in the list.. Input shape: (N=1, C=3, T=500, H=256, W=256), Slow pathway T: 63, Fast pathway T: 500. This may indicate the input temporal dimension (500) is not compatible with SlowFast's dual-pathway architecture (alpha=8). Re-raising to allow caller to handle gracefully.
2025-12-14 17:51:06 [ERROR] [lib.training.pipeline:1972] Runtime error during training: Sizes of tensors must match except in dimension 1. Expected size 63 but got size 125 for tensor number 1 in the list.. Model: slowfast, Fold: 1
2025-12-14 17:51:06 [ERROR] [lib.training.pipeline:2121] Error training fold 1: Sizes of tensors must match except in dimension 1. Expected size 63 but got size 125 for tensor number 1 in the list.
Traceback (most recent call last):
  File "/gpfs/accounts/si670f25_class_root/si670f25_class/santoshd/fvc/lib/training/pipeline.py", line 1878, in stage5_train_models
    model = fit(
            ^^^^
  File "/gpfs/accounts/si670f25_class_root/si670f25_class/santoshd/fvc/lib/training/trainer.py", line 793, in fit
    train_loss = train_one_epoch(
                 ^^^^^^^^^^^^^^^^
  File "/gpfs/accounts/si670f25_class_root/si670f25_class/santoshd/fvc/lib/training/trainer.py", line 370, in train_one_epoch
    logits = model(clips)
             ^^^^^^^^^^^^
  File "/gpfs/accounts/si670f25_class_root/si670f25_class/santoshd/fvc/venv/lib/python3.11/site-packages/torch/nn/modules/module.py", line 1775, in _wrapped_call_impl
    return self._call_impl(*args, **kwargs)
           ^^^^^^^^^^^^^^^^^^^^^^^^^^^^^^^^
  File "/gpfs/accounts/si670f25_class_root/si670f25_class/santoshd/fvc/venv/lib/python3.11/site-packages/torch/nn/modules/module.py", line 1786, in _call_impl
    return forward_call(*args, **kwargs)
           ^^^^^^^^^^^^^^^^^^^^^^^^^^^^^
  File "/gpfs/accounts/si670f25_class_root/si670f25_class/santoshd/fvc/lib/training/slowfast.py", line 518, in forward
    return self.backbone([slow_x, fast_x])
           ^^^^^^^^^^^^^^^^^^^^^^^^^^^^^^^
  File "/gpfs/accounts/si670f25_class_root/si670f25_class/santoshd/fvc/venv/lib/python3.11/site-packages/torch/nn/modules/module.py", line 1775, in _wrapped_call_impl
    return self._call_impl(*args, **kwargs)
           ^^^^^^^^^^^^^^^^^^^^^^^^^^^^^^^^
  File "/gpfs/accounts/si670f25_class_root/si670f25_class/santoshd/fvc/venv/lib/python3.11/site-packages/torch/nn/modules/module.py", line 1786, in _call_impl
    return forward_call(*args, **kwargs)
           ^^^^^^^^^^^^^^^^^^^^^^^^^^^^^
  File "/home/suzanef/.cache/torch/hub/facebookresearch_pytorchvideo_main/pytorchvideo/models/net.py", line 43, in forward
    x = block(x)
        ^^^^^^^^
  File "/gpfs/accounts/si670f25_class_root/si670f25_class/santoshd/fvc/venv/lib/python3.11/site-packages/torch/nn/modules/module.py", line 1775, in _wrapped_call_impl
    return self._call_impl(*args, **kwargs)
           ^^^^^^^^^^^^^^^^^^^^^^^^^^^^^^^^
  File "/gpfs/accounts/si670f25_class_root/si670f25_class/santoshd/fvc/venv/lib/python3.11/site-packages/torch/nn/modules/module.py", line 1786, in _call_impl
    return forward_call(*args, **kwargs)
           ^^^^^^^^^^^^^^^^^^^^^^^^^^^^^
  File "/home/suzanef/.cache/torch/hub/facebookresearch_pytorchvideo_main/pytorchvideo/models/net.py", line 121, in forward
    x_out = self.multipathway_fusion(x_out)
            ^^^^^^^^^^^^^^^^^^^^^^^^^^^^^^^
  File "/gpfs/accounts/si670f25_class_root/si670f25_class/santoshd/fvc/venv/lib/python3.11/site-packages/torch/nn/modules/module.py", line 1775, in _wrapped_call_impl
    return self._call_impl(*args, **kwargs)
           ^^^^^^^^^^^^^^^^^^^^^^^^^^^^^^^^
  File "/gpfs/accounts/si670f25_class_root/si670f25_class/santoshd/fvc/venv/lib/python3.11/site-packages/torch/nn/modules/module.py", line 1786, in _call_impl
    return forward_call(*args, **kwargs)
           ^^^^^^^^^^^^^^^^^^^^^^^^^^^^^
  File "/home/suzanef/.cache/torch/hub/facebookresearch_pytorchvideo_main/pytorchvideo/models/slowfast.py", line 728, in forward
    x_s_fuse = torch.cat([x_s, fuse], 1)
               ^^^^^^^^^^^^^^^^^^^^^^^^^
RuntimeError: Sizes of tensors must match except in dimension 1. Expected size 63 but got size 125 for tensor number 1 in the list.
2025-12-14 17:51:06 [INFO] [lib.mlops.mlflow_tracker:142] MLflow run ended: a6f18fe8dba64cdd83de6a7154331faf
2025-12-14 17:51:06 [INFO] [lib.training.pipeline:1381] 
Hyperparameter Search - slowfast - Fold 2/5 (10.0% sample)
2025-12-14 17:51:06 [INFO] [lib.training.pipeline:1477] Training configuration - Batch size: 1, Gradient accumulation steps: 32, Effective batch size: 32
2025-12-14 17:51:06 [INFO] [lib.training.pipeline:1522] Applied PyTorch memory optimizations: expandable_segments, cudnn.benchmark=False
2025-12-14 17:51:06 [INFO] [lib.training.slowfast:102] torchvision SlowFast not available. Trying PyTorch Hub (pytorchvideo)...
2025-12-14 17:51:06 [INFO] [lib.training.slowfast:108] Loading SlowFast R50 from PyTorch Hub (facebookresearch/pytorchvideo)...
2025-12-14 17:51:08 [INFO] [lib.training.slowfast:163] ✓ Loaded SlowFast from PyTorch Hub (pytorchvideo)
2025-12-14 17:51:08 [INFO] [lib.training.slowfast:188] ✓ Verified SlowFast model structure: Net
2025-12-14 17:51:08 [INFO] [lib.mlops.mlflow_tracker:89] MLflow run started: 85d299ac433544ea8f95fe0d96f680bf (experiment: slowfast)
2025-12-14 17:51:08 [INFO] [lib.training.pipeline:1615] Training PyTorch model slowfast on fold 2...
2025-12-14 17:51:08 [INFO] [lib.training.pipeline:1621] Performing HYPER-AGGRESSIVE GC before training slowfast...
2025-12-14 17:51:10 [INFO] [lib.training.pipeline:1631] Hyper-aggressive GC complete. GPU memory cleared.
2025-12-14 17:51:12 [WARNING] [lib.training.slowfast:524] SlowFast temporal dimension mismatch: Sizes of tensors must match except in dimension 1. Expected size 63 but got size 125 for tensor number 1 in the list.. Input shape: (N=1, C=3, T=500, H=256, W=256), Slow pathway T: 63, Fast pathway T: 500. This may indicate the input temporal dimension (500) is not compatible with SlowFast's dual-pathway architecture (alpha=8). Re-raising to allow caller to handle gracefully.
2025-12-14 17:51:12 [WARNING] [lib.training.pipeline:1774] SlowFast temporal dimension mismatch during forward pass test: Sizes of tensors must match except in dimension 1. Expected size 63 but got size 125 for tensor number 1 in the list.. Input shape: torch.Size([1, 3, 500, 256, 256]). This indicates the input temporal dimension may not be compatible with SlowFast's dual-pathway architecture (alpha ratio). Training will handle this via error handling. Continuing...
2025-12-14 17:51:12 [INFO] [lib.training.trainer:260] Warmup will be handled in training loop (2 epochs)
2025-12-14 17:51:27 [WARNING] [lib.training.slowfast:524] SlowFast temporal dimension mismatch: Sizes of tensors must match except in dimension 1. Expected size 63 but got size 125 for tensor number 1 in the list.. Input shape: (N=1, C=3, T=500, H=256, W=256), Slow pathway T: 63, Fast pathway T: 500. This may indicate the input temporal dimension (500) is not compatible with SlowFast's dual-pathway architecture (alpha=8). Re-raising to allow caller to handle gracefully.
2025-12-14 17:51:27 [ERROR] [lib.training.pipeline:1972] Runtime error during training: Sizes of tensors must match except in dimension 1. Expected size 63 but got size 125 for tensor number 1 in the list.. Model: slowfast, Fold: 2
2025-12-14 17:51:27 [ERROR] [lib.training.pipeline:2121] Error training fold 2: Sizes of tensors must match except in dimension 1. Expected size 63 but got size 125 for tensor number 1 in the list.
Traceback (most recent call last):
  File "/gpfs/accounts/si670f25_class_root/si670f25_class/santoshd/fvc/lib/training/pipeline.py", line 1878, in stage5_train_models
    model = fit(
            ^^^^
  File "/gpfs/accounts/si670f25_class_root/si670f25_class/santoshd/fvc/lib/training/trainer.py", line 793, in fit
    train_loss = train_one_epoch(
                 ^^^^^^^^^^^^^^^^
  File "/gpfs/accounts/si670f25_class_root/si670f25_class/santoshd/fvc/lib/training/trainer.py", line 370, in train_one_epoch
    logits = model(clips)
             ^^^^^^^^^^^^
  File "/gpfs/accounts/si670f25_class_root/si670f25_class/santoshd/fvc/venv/lib/python3.11/site-packages/torch/nn/modules/module.py", line 1775, in _wrapped_call_impl
    return self._call_impl(*args, **kwargs)
           ^^^^^^^^^^^^^^^^^^^^^^^^^^^^^^^^
  File "/gpfs/accounts/si670f25_class_root/si670f25_class/santoshd/fvc/venv/lib/python3.11/site-packages/torch/nn/modules/module.py", line 1786, in _call_impl
    return forward_call(*args, **kwargs)
           ^^^^^^^^^^^^^^^^^^^^^^^^^^^^^
  File "/gpfs/accounts/si670f25_class_root/si670f25_class/santoshd/fvc/lib/training/slowfast.py", line 518, in forward
    return self.backbone([slow_x, fast_x])
           ^^^^^^^^^^^^^^^^^^^^^^^^^^^^^^^
  File "/gpfs/accounts/si670f25_class_root/si670f25_class/santoshd/fvc/venv/lib/python3.11/site-packages/torch/nn/modules/module.py", line 1775, in _wrapped_call_impl
    return self._call_impl(*args, **kwargs)
           ^^^^^^^^^^^^^^^^^^^^^^^^^^^^^^^^
  File "/gpfs/accounts/si670f25_class_root/si670f25_class/santoshd/fvc/venv/lib/python3.11/site-packages/torch/nn/modules/module.py", line 1786, in _call_impl
    return forward_call(*args, **kwargs)
           ^^^^^^^^^^^^^^^^^^^^^^^^^^^^^
  File "/home/suzanef/.cache/torch/hub/facebookresearch_pytorchvideo_main/pytorchvideo/models/net.py", line 43, in forward
    x = block(x)
        ^^^^^^^^
  File "/gpfs/accounts/si670f25_class_root/si670f25_class/santoshd/fvc/venv/lib/python3.11/site-packages/torch/nn/modules/module.py", line 1775, in _wrapped_call_impl
    return self._call_impl(*args, **kwargs)
           ^^^^^^^^^^^^^^^^^^^^^^^^^^^^^^^^
  File "/gpfs/accounts/si670f25_class_root/si670f25_class/santoshd/fvc/venv/lib/python3.11/site-packages/torch/nn/modules/module.py", line 1786, in _call_impl
    return forward_call(*args, **kwargs)
           ^^^^^^^^^^^^^^^^^^^^^^^^^^^^^
  File "/home/suzanef/.cache/torch/hub/facebookresearch_pytorchvideo_main/pytorchvideo/models/net.py", line 121, in forward
    x_out = self.multipathway_fusion(x_out)
            ^^^^^^^^^^^^^^^^^^^^^^^^^^^^^^^
  File "/gpfs/accounts/si670f25_class_root/si670f25_class/santoshd/fvc/venv/lib/python3.11/site-packages/torch/nn/modules/module.py", line 1775, in _wrapped_call_impl
    return self._call_impl(*args, **kwargs)
           ^^^^^^^^^^^^^^^^^^^^^^^^^^^^^^^^
  File "/gpfs/accounts/si670f25_class_root/si670f25_class/santoshd/fvc/venv/lib/python3.11/site-packages/torch/nn/modules/module.py", line 1786, in _call_impl
    return forward_call(*args, **kwargs)
           ^^^^^^^^^^^^^^^^^^^^^^^^^^^^^
  File "/home/suzanef/.cache/torch/hub/facebookresearch_pytorchvideo_main/pytorchvideo/models/slowfast.py", line 728, in forward
    x_s_fuse = torch.cat([x_s, fuse], 1)
               ^^^^^^^^^^^^^^^^^^^^^^^^^
RuntimeError: Sizes of tensors must match except in dimension 1. Expected size 63 but got size 125 for tensor number 1 in the list.
2025-12-14 17:51:27 [INFO] [lib.mlops.mlflow_tracker:142] MLflow run ended: 85d299ac433544ea8f95fe0d96f680bf
2025-12-14 17:51:27 [INFO] [lib.training.pipeline:1381] 
Hyperparameter Search - slowfast - Fold 3/5 (10.0% sample)
2025-12-14 17:51:27 [INFO] [lib.training.pipeline:1477] Training configuration - Batch size: 1, Gradient accumulation steps: 32, Effective batch size: 32
2025-12-14 17:51:27 [INFO] [lib.training.pipeline:1522] Applied PyTorch memory optimizations: expandable_segments, cudnn.benchmark=False
2025-12-14 17:51:27 [INFO] [lib.training.slowfast:102] torchvision SlowFast not available. Trying PyTorch Hub (pytorchvideo)...
2025-12-14 17:51:27 [INFO] [lib.training.slowfast:108] Loading SlowFast R50 from PyTorch Hub (facebookresearch/pytorchvideo)...
2025-12-14 17:51:28 [INFO] [lib.training.slowfast:163] ✓ Loaded SlowFast from PyTorch Hub (pytorchvideo)
2025-12-14 17:51:28 [INFO] [lib.training.slowfast:188] ✓ Verified SlowFast model structure: Net
2025-12-14 17:51:29 [INFO] [lib.mlops.mlflow_tracker:89] MLflow run started: 9241aed3546040328583e53da691dd8d (experiment: slowfast)
2025-12-14 17:51:29 [INFO] [lib.training.pipeline:1615] Training PyTorch model slowfast on fold 3...
2025-12-14 17:51:29 [INFO] [lib.training.pipeline:1621] Performing HYPER-AGGRESSIVE GC before training slowfast...
2025-12-14 17:51:31 [INFO] [lib.training.pipeline:1631] Hyper-aggressive GC complete. GPU memory cleared.
2025-12-14 17:51:33 [WARNING] [lib.training.slowfast:524] SlowFast temporal dimension mismatch: Sizes of tensors must match except in dimension 1. Expected size 63 but got size 125 for tensor number 1 in the list.. Input shape: (N=1, C=3, T=500, H=256, W=256), Slow pathway T: 63, Fast pathway T: 500. This may indicate the input temporal dimension (500) is not compatible with SlowFast's dual-pathway architecture (alpha=8). Re-raising to allow caller to handle gracefully.
2025-12-14 17:51:33 [WARNING] [lib.training.pipeline:1774] SlowFast temporal dimension mismatch during forward pass test: Sizes of tensors must match except in dimension 1. Expected size 63 but got size 125 for tensor number 1 in the list.. Input shape: torch.Size([1, 3, 500, 256, 256]). This indicates the input temporal dimension may not be compatible with SlowFast's dual-pathway architecture (alpha ratio). Training will handle this via error handling. Continuing...
2025-12-14 17:51:33 [INFO] [lib.training.trainer:260] Warmup will be handled in training loop (2 epochs)
2025-12-14 17:51:43 [INFO] [lib.models.video:462] Chunk size increased from 10 to 20 (after 3 successes, increment: 10)
2025-12-14 17:51:47 [WARNING] [lib.training.slowfast:524] SlowFast temporal dimension mismatch: Sizes of tensors must match except in dimension 1. Expected size 63 but got size 125 for tensor number 1 in the list.. Input shape: (N=1, C=3, T=500, H=256, W=256), Slow pathway T: 63, Fast pathway T: 500. This may indicate the input temporal dimension (500) is not compatible with SlowFast's dual-pathway architecture (alpha=8). Re-raising to allow caller to handle gracefully.
2025-12-14 17:51:48 [ERROR] [lib.training.pipeline:1972] Runtime error during training: Sizes of tensors must match except in dimension 1. Expected size 63 but got size 125 for tensor number 1 in the list.. Model: slowfast, Fold: 3
2025-12-14 17:51:48 [ERROR] [lib.training.pipeline:2121] Error training fold 3: Sizes of tensors must match except in dimension 1. Expected size 63 but got size 125 for tensor number 1 in the list.
Traceback (most recent call last):
  File "/gpfs/accounts/si670f25_class_root/si670f25_class/santoshd/fvc/lib/training/pipeline.py", line 1878, in stage5_train_models
    model = fit(
            ^^^^
  File "/gpfs/accounts/si670f25_class_root/si670f25_class/santoshd/fvc/lib/training/trainer.py", line 793, in fit
    train_loss = train_one_epoch(
                 ^^^^^^^^^^^^^^^^
  File "/gpfs/accounts/si670f25_class_root/si670f25_class/santoshd/fvc/lib/training/trainer.py", line 370, in train_one_epoch
    logits = model(clips)
             ^^^^^^^^^^^^
  File "/gpfs/accounts/si670f25_class_root/si670f25_class/santoshd/fvc/venv/lib/python3.11/site-packages/torch/nn/modules/module.py", line 1775, in _wrapped_call_impl
    return self._call_impl(*args, **kwargs)
           ^^^^^^^^^^^^^^^^^^^^^^^^^^^^^^^^
  File "/gpfs/accounts/si670f25_class_root/si670f25_class/santoshd/fvc/venv/lib/python3.11/site-packages/torch/nn/modules/module.py", line 1786, in _call_impl
    return forward_call(*args, **kwargs)
           ^^^^^^^^^^^^^^^^^^^^^^^^^^^^^
  File "/gpfs/accounts/si670f25_class_root/si670f25_class/santoshd/fvc/lib/training/slowfast.py", line 518, in forward
    return self.backbone([slow_x, fast_x])
           ^^^^^^^^^^^^^^^^^^^^^^^^^^^^^^^
  File "/gpfs/accounts/si670f25_class_root/si670f25_class/santoshd/fvc/venv/lib/python3.11/site-packages/torch/nn/modules/module.py", line 1775, in _wrapped_call_impl
    return self._call_impl(*args, **kwargs)
           ^^^^^^^^^^^^^^^^^^^^^^^^^^^^^^^^
  File "/gpfs/accounts/si670f25_class_root/si670f25_class/santoshd/fvc/venv/lib/python3.11/site-packages/torch/nn/modules/module.py", line 1786, in _call_impl
    return forward_call(*args, **kwargs)
           ^^^^^^^^^^^^^^^^^^^^^^^^^^^^^
  File "/home/suzanef/.cache/torch/hub/facebookresearch_pytorchvideo_main/pytorchvideo/models/net.py", line 43, in forward
    x = block(x)
        ^^^^^^^^
  File "/gpfs/accounts/si670f25_class_root/si670f25_class/santoshd/fvc/venv/lib/python3.11/site-packages/torch/nn/modules/module.py", line 1775, in _wrapped_call_impl
    return self._call_impl(*args, **kwargs)
           ^^^^^^^^^^^^^^^^^^^^^^^^^^^^^^^^
  File "/gpfs/accounts/si670f25_class_root/si670f25_class/santoshd/fvc/venv/lib/python3.11/site-packages/torch/nn/modules/module.py", line 1786, in _call_impl
    return forward_call(*args, **kwargs)
           ^^^^^^^^^^^^^^^^^^^^^^^^^^^^^
  File "/home/suzanef/.cache/torch/hub/facebookresearch_pytorchvideo_main/pytorchvideo/models/net.py", line 121, in forward
    x_out = self.multipathway_fusion(x_out)
            ^^^^^^^^^^^^^^^^^^^^^^^^^^^^^^^
  File "/gpfs/accounts/si670f25_class_root/si670f25_class/santoshd/fvc/venv/lib/python3.11/site-packages/torch/nn/modules/module.py", line 1775, in _wrapped_call_impl
    return self._call_impl(*args, **kwargs)
           ^^^^^^^^^^^^^^^^^^^^^^^^^^^^^^^^
  File "/gpfs/accounts/si670f25_class_root/si670f25_class/santoshd/fvc/venv/lib/python3.11/site-packages/torch/nn/modules/module.py", line 1786, in _call_impl
    return forward_call(*args, **kwargs)
           ^^^^^^^^^^^^^^^^^^^^^^^^^^^^^
  File "/home/suzanef/.cache/torch/hub/facebookresearch_pytorchvideo_main/pytorchvideo/models/slowfast.py", line 728, in forward
    x_s_fuse = torch.cat([x_s, fuse], 1)
               ^^^^^^^^^^^^^^^^^^^^^^^^^
RuntimeError: Sizes of tensors must match except in dimension 1. Expected size 63 but got size 125 for tensor number 1 in the list.
2025-12-14 17:51:48 [INFO] [lib.mlops.mlflow_tracker:142] MLflow run ended: 9241aed3546040328583e53da691dd8d
2025-12-14 17:51:48 [INFO] [lib.training.pipeline:1381] 
Hyperparameter Search - slowfast - Fold 4/5 (10.0% sample)
2025-12-14 17:51:48 [INFO] [lib.training.pipeline:1477] Training configuration - Batch size: 1, Gradient accumulation steps: 32, Effective batch size: 32
2025-12-14 17:51:48 [INFO] [lib.training.pipeline:1522] Applied PyTorch memory optimizations: expandable_segments, cudnn.benchmark=False
2025-12-14 17:51:48 [INFO] [lib.training.slowfast:102] torchvision SlowFast not available. Trying PyTorch Hub (pytorchvideo)...
2025-12-14 17:51:48 [INFO] [lib.training.slowfast:108] Loading SlowFast R50 from PyTorch Hub (facebookresearch/pytorchvideo)...
2025-12-14 17:51:49 [INFO] [lib.training.slowfast:163] ✓ Loaded SlowFast from PyTorch Hub (pytorchvideo)
2025-12-14 17:51:49 [INFO] [lib.training.slowfast:188] ✓ Verified SlowFast model structure: Net
2025-12-14 17:51:49 [INFO] [lib.mlops.mlflow_tracker:89] MLflow run started: 1a72f4927596423887badf687f47c658 (experiment: slowfast)
2025-12-14 17:51:49 [INFO] [lib.training.pipeline:1615] Training PyTorch model slowfast on fold 4...
2025-12-14 17:51:49 [INFO] [lib.training.pipeline:1621] Performing HYPER-AGGRESSIVE GC before training slowfast...
2025-12-14 17:51:51 [INFO] [lib.training.pipeline:1631] Hyper-aggressive GC complete. GPU memory cleared.
2025-12-14 17:51:54 [WARNING] [lib.training.slowfast:524] SlowFast temporal dimension mismatch: Sizes of tensors must match except in dimension 1. Expected size 63 but got size 125 for tensor number 1 in the list.. Input shape: (N=1, C=3, T=500, H=256, W=256), Slow pathway T: 63, Fast pathway T: 500. This may indicate the input temporal dimension (500) is not compatible with SlowFast's dual-pathway architecture (alpha=8). Re-raising to allow caller to handle gracefully.
2025-12-14 17:51:54 [WARNING] [lib.training.pipeline:1774] SlowFast temporal dimension mismatch during forward pass test: Sizes of tensors must match except in dimension 1. Expected size 63 but got size 125 for tensor number 1 in the list.. Input shape: torch.Size([1, 3, 500, 256, 256]). This indicates the input temporal dimension may not be compatible with SlowFast's dual-pathway architecture (alpha ratio). Training will handle this via error handling. Continuing...
2025-12-14 17:51:54 [INFO] [lib.training.trainer:260] Warmup will be handled in training loop (2 epochs)
2025-12-14 17:52:08 [WARNING] [lib.training.slowfast:524] SlowFast temporal dimension mismatch: Sizes of tensors must match except in dimension 1. Expected size 63 but got size 125 for tensor number 1 in the list.. Input shape: (N=1, C=3, T=500, H=256, W=256), Slow pathway T: 63, Fast pathway T: 500. This may indicate the input temporal dimension (500) is not compatible with SlowFast's dual-pathway architecture (alpha=8). Re-raising to allow caller to handle gracefully.
2025-12-14 17:52:08 [ERROR] [lib.training.pipeline:1972] Runtime error during training: Sizes of tensors must match except in dimension 1. Expected size 63 but got size 125 for tensor number 1 in the list.. Model: slowfast, Fold: 4
2025-12-14 17:52:08 [ERROR] [lib.training.pipeline:2121] Error training fold 4: Sizes of tensors must match except in dimension 1. Expected size 63 but got size 125 for tensor number 1 in the list.
Traceback (most recent call last):
  File "/gpfs/accounts/si670f25_class_root/si670f25_class/santoshd/fvc/lib/training/pipeline.py", line 1878, in stage5_train_models
    model = fit(
            ^^^^
  File "/gpfs/accounts/si670f25_class_root/si670f25_class/santoshd/fvc/lib/training/trainer.py", line 793, in fit
    train_loss = train_one_epoch(
                 ^^^^^^^^^^^^^^^^
  File "/gpfs/accounts/si670f25_class_root/si670f25_class/santoshd/fvc/lib/training/trainer.py", line 370, in train_one_epoch
    logits = model(clips)
             ^^^^^^^^^^^^
  File "/gpfs/accounts/si670f25_class_root/si670f25_class/santoshd/fvc/venv/lib/python3.11/site-packages/torch/nn/modules/module.py", line 1775, in _wrapped_call_impl
    return self._call_impl(*args, **kwargs)
           ^^^^^^^^^^^^^^^^^^^^^^^^^^^^^^^^
  File "/gpfs/accounts/si670f25_class_root/si670f25_class/santoshd/fvc/venv/lib/python3.11/site-packages/torch/nn/modules/module.py", line 1786, in _call_impl
    return forward_call(*args, **kwargs)
           ^^^^^^^^^^^^^^^^^^^^^^^^^^^^^
  File "/gpfs/accounts/si670f25_class_root/si670f25_class/santoshd/fvc/lib/training/slowfast.py", line 518, in forward
    return self.backbone([slow_x, fast_x])
           ^^^^^^^^^^^^^^^^^^^^^^^^^^^^^^^
  File "/gpfs/accounts/si670f25_class_root/si670f25_class/santoshd/fvc/venv/lib/python3.11/site-packages/torch/nn/modules/module.py", line 1775, in _wrapped_call_impl
    return self._call_impl(*args, **kwargs)
           ^^^^^^^^^^^^^^^^^^^^^^^^^^^^^^^^
  File "/gpfs/accounts/si670f25_class_root/si670f25_class/santoshd/fvc/venv/lib/python3.11/site-packages/torch/nn/modules/module.py", line 1786, in _call_impl
    return forward_call(*args, **kwargs)
           ^^^^^^^^^^^^^^^^^^^^^^^^^^^^^
  File "/home/suzanef/.cache/torch/hub/facebookresearch_pytorchvideo_main/pytorchvideo/models/net.py", line 43, in forward
    x = block(x)
        ^^^^^^^^
  File "/gpfs/accounts/si670f25_class_root/si670f25_class/santoshd/fvc/venv/lib/python3.11/site-packages/torch/nn/modules/module.py", line 1775, in _wrapped_call_impl
    return self._call_impl(*args, **kwargs)
           ^^^^^^^^^^^^^^^^^^^^^^^^^^^^^^^^
  File "/gpfs/accounts/si670f25_class_root/si670f25_class/santoshd/fvc/venv/lib/python3.11/site-packages/torch/nn/modules/module.py", line 1786, in _call_impl
    return forward_call(*args, **kwargs)
           ^^^^^^^^^^^^^^^^^^^^^^^^^^^^^
  File "/home/suzanef/.cache/torch/hub/facebookresearch_pytorchvideo_main/pytorchvideo/models/net.py", line 121, in forward
    x_out = self.multipathway_fusion(x_out)
            ^^^^^^^^^^^^^^^^^^^^^^^^^^^^^^^
  File "/gpfs/accounts/si670f25_class_root/si670f25_class/santoshd/fvc/venv/lib/python3.11/site-packages/torch/nn/modules/module.py", line 1775, in _wrapped_call_impl
    return self._call_impl(*args, **kwargs)
           ^^^^^^^^^^^^^^^^^^^^^^^^^^^^^^^^
  File "/gpfs/accounts/si670f25_class_root/si670f25_class/santoshd/fvc/venv/lib/python3.11/site-packages/torch/nn/modules/module.py", line 1786, in _call_impl
    return forward_call(*args, **kwargs)
           ^^^^^^^^^^^^^^^^^^^^^^^^^^^^^
  File "/home/suzanef/.cache/torch/hub/facebookresearch_pytorchvideo_main/pytorchvideo/models/slowfast.py", line 728, in forward
    x_s_fuse = torch.cat([x_s, fuse], 1)
               ^^^^^^^^^^^^^^^^^^^^^^^^^
RuntimeError: Sizes of tensors must match except in dimension 1. Expected size 63 but got size 125 for tensor number 1 in the list.
2025-12-14 17:52:08 [INFO] [lib.mlops.mlflow_tracker:142] MLflow run ended: 1a72f4927596423887badf687f47c658
2025-12-14 17:52:08 [INFO] [lib.training.pipeline:1381] 
Hyperparameter Search - slowfast - Fold 5/5 (10.0% sample)
2025-12-14 17:52:08 [INFO] [lib.training.pipeline:1477] Training configuration - Batch size: 1, Gradient accumulation steps: 32, Effective batch size: 32
2025-12-14 17:52:08 [INFO] [lib.training.pipeline:1522] Applied PyTorch memory optimizations: expandable_segments, cudnn.benchmark=False
2025-12-14 17:52:08 [INFO] [lib.training.slowfast:102] torchvision SlowFast not available. Trying PyTorch Hub (pytorchvideo)...
2025-12-14 17:52:08 [INFO] [lib.training.slowfast:108] Loading SlowFast R50 from PyTorch Hub (facebookresearch/pytorchvideo)...
2025-12-14 17:52:09 [INFO] [lib.training.slowfast:163] ✓ Loaded SlowFast from PyTorch Hub (pytorchvideo)
2025-12-14 17:52:09 [INFO] [lib.training.slowfast:188] ✓ Verified SlowFast model structure: Net
2025-12-14 17:52:09 [INFO] [lib.mlops.mlflow_tracker:89] MLflow run started: 8e88b90b9c7e4c52b5776c75d0db9889 (experiment: slowfast)
2025-12-14 17:52:09 [INFO] [lib.training.pipeline:1615] Training PyTorch model slowfast on fold 5...
2025-12-14 17:52:09 [INFO] [lib.training.pipeline:1621] Performing HYPER-AGGRESSIVE GC before training slowfast...
2025-12-14 17:52:11 [INFO] [lib.training.pipeline:1631] Hyper-aggressive GC complete. GPU memory cleared.
2025-12-14 17:52:14 [WARNING] [lib.training.slowfast:524] SlowFast temporal dimension mismatch: Sizes of tensors must match except in dimension 1. Expected size 63 but got size 125 for tensor number 1 in the list.. Input shape: (N=1, C=3, T=500, H=256, W=256), Slow pathway T: 63, Fast pathway T: 500. This may indicate the input temporal dimension (500) is not compatible with SlowFast's dual-pathway architecture (alpha=8). Re-raising to allow caller to handle gracefully.
2025-12-14 17:52:14 [WARNING] [lib.training.pipeline:1774] SlowFast temporal dimension mismatch during forward pass test: Sizes of tensors must match except in dimension 1. Expected size 63 but got size 125 for tensor number 1 in the list.. Input shape: torch.Size([1, 3, 500, 256, 256]). This indicates the input temporal dimension may not be compatible with SlowFast's dual-pathway architecture (alpha ratio). Training will handle this via error handling. Continuing...
2025-12-14 17:52:14 [INFO] [lib.training.trainer:260] Warmup will be handled in training loop (2 epochs)
2025-12-14 17:52:17 [WARNING] [lib.training.slowfast:524] SlowFast temporal dimension mismatch: Sizes of tensors must match except in dimension 1. Expected size 63 but got size 125 for tensor number 1 in the list.. Input shape: (N=1, C=3, T=500, H=256, W=256), Slow pathway T: 63, Fast pathway T: 500. This may indicate the input temporal dimension (500) is not compatible with SlowFast's dual-pathway architecture (alpha=8). Re-raising to allow caller to handle gracefully.
2025-12-14 17:52:17 [ERROR] [lib.training.pipeline:1972] Runtime error during training: Sizes of tensors must match except in dimension 1. Expected size 63 but got size 125 for tensor number 1 in the list.. Model: slowfast, Fold: 5
2025-12-14 17:52:17 [ERROR] [lib.training.pipeline:2121] Error training fold 5: Sizes of tensors must match except in dimension 1. Expected size 63 but got size 125 for tensor number 1 in the list.
Traceback (most recent call last):
  File "/gpfs/accounts/si670f25_class_root/si670f25_class/santoshd/fvc/lib/training/pipeline.py", line 1878, in stage5_train_models
    model = fit(
            ^^^^
  File "/gpfs/accounts/si670f25_class_root/si670f25_class/santoshd/fvc/lib/training/trainer.py", line 793, in fit
    train_loss = train_one_epoch(
                 ^^^^^^^^^^^^^^^^
  File "/gpfs/accounts/si670f25_class_root/si670f25_class/santoshd/fvc/lib/training/trainer.py", line 370, in train_one_epoch
    logits = model(clips)
             ^^^^^^^^^^^^
  File "/gpfs/accounts/si670f25_class_root/si670f25_class/santoshd/fvc/venv/lib/python3.11/site-packages/torch/nn/modules/module.py", line 1775, in _wrapped_call_impl
    return self._call_impl(*args, **kwargs)
           ^^^^^^^^^^^^^^^^^^^^^^^^^^^^^^^^
  File "/gpfs/accounts/si670f25_class_root/si670f25_class/santoshd/fvc/venv/lib/python3.11/site-packages/torch/nn/modules/module.py", line 1786, in _call_impl
    return forward_call(*args, **kwargs)
           ^^^^^^^^^^^^^^^^^^^^^^^^^^^^^
  File "/gpfs/accounts/si670f25_class_root/si670f25_class/santoshd/fvc/lib/training/slowfast.py", line 518, in forward
    return self.backbone([slow_x, fast_x])
           ^^^^^^^^^^^^^^^^^^^^^^^^^^^^^^^
  File "/gpfs/accounts/si670f25_class_root/si670f25_class/santoshd/fvc/venv/lib/python3.11/site-packages/torch/nn/modules/module.py", line 1775, in _wrapped_call_impl
    return self._call_impl(*args, **kwargs)
           ^^^^^^^^^^^^^^^^^^^^^^^^^^^^^^^^
  File "/gpfs/accounts/si670f25_class_root/si670f25_class/santoshd/fvc/venv/lib/python3.11/site-packages/torch/nn/modules/module.py", line 1786, in _call_impl
    return forward_call(*args, **kwargs)
           ^^^^^^^^^^^^^^^^^^^^^^^^^^^^^
  File "/home/suzanef/.cache/torch/hub/facebookresearch_pytorchvideo_main/pytorchvideo/models/net.py", line 43, in forward
    x = block(x)
        ^^^^^^^^
  File "/gpfs/accounts/si670f25_class_root/si670f25_class/santoshd/fvc/venv/lib/python3.11/site-packages/torch/nn/modules/module.py", line 1775, in _wrapped_call_impl
    return self._call_impl(*args, **kwargs)
           ^^^^^^^^^^^^^^^^^^^^^^^^^^^^^^^^
  File "/gpfs/accounts/si670f25_class_root/si670f25_class/santoshd/fvc/venv/lib/python3.11/site-packages/torch/nn/modules/module.py", line 1786, in _call_impl
    return forward_call(*args, **kwargs)
           ^^^^^^^^^^^^^^^^^^^^^^^^^^^^^
  File "/home/suzanef/.cache/torch/hub/facebookresearch_pytorchvideo_main/pytorchvideo/models/net.py", line 121, in forward
    x_out = self.multipathway_fusion(x_out)
            ^^^^^^^^^^^^^^^^^^^^^^^^^^^^^^^
  File "/gpfs/accounts/si670f25_class_root/si670f25_class/santoshd/fvc/venv/lib/python3.11/site-packages/torch/nn/modules/module.py", line 1775, in _wrapped_call_impl
    return self._call_impl(*args, **kwargs)
           ^^^^^^^^^^^^^^^^^^^^^^^^^^^^^^^^
  File "/gpfs/accounts/si670f25_class_root/si670f25_class/santoshd/fvc/venv/lib/python3.11/site-packages/torch/nn/modules/module.py", line 1786, in _call_impl
    return forward_call(*args, **kwargs)
           ^^^^^^^^^^^^^^^^^^^^^^^^^^^^^
  File "/home/suzanef/.cache/torch/hub/facebookresearch_pytorchvideo_main/pytorchvideo/models/slowfast.py", line 728, in forward
    x_s_fuse = torch.cat([x_s, fuse], 1)
               ^^^^^^^^^^^^^^^^^^^^^^^^^
RuntimeError: Sizes of tensors must match except in dimension 1. Expected size 63 but got size 125 for tensor number 1 in the list.
2025-12-14 17:52:17 [INFO] [lib.mlops.mlflow_tracker:142] MLflow run ended: 8e88b90b9c7e4c52b5776c75d0db9889
2025-12-14 17:52:17 [INFO] [lib.training.pipeline:2177] Using single parameter combination: {'learning_rate': 0.0001, 'backbone_lr': 5e-06, 'head_lr': 0.0005, 'weight_decay': 0.0001}
2025-12-14 17:52:17 [INFO] [lib.training.pipeline:2180] ================================================================================
2025-12-14 17:52:17 [INFO] [lib.training.pipeline:2181] FINAL TRAINING: Using full dataset with best hyperparameters
2025-12-14 17:52:17 [INFO] [lib.training.pipeline:2182] ================================================================================
2025-12-14 17:52:17 [INFO] [lib.training.pipeline:2195] Final training: Using 5-fold stratified cross-validation on full dataset (3277 rows)
2025-12-14 17:52:17 [INFO] [lib.training.pipeline:2203] Final training using best hyperparameters: {'learning_rate': 0.0001, 'backbone_lr': 5e-06, 'head_lr': 0.0005, 'weight_decay': 0.0001}
2025-12-14 17:52:17 [INFO] [lib.training.pipeline:2209] 
Final Training - slowfast - Fold 1/5 (full dataset)
2025-12-14 17:52:17 [INFO] [lib.training.pipeline:2309] Applied PyTorch memory optimizations: expandable_segments, cudnn.benchmark=False
2025-12-14 17:52:17 [INFO] [lib.training.slowfast:102] torchvision SlowFast not available. Trying PyTorch Hub (pytorchvideo)...
2025-12-14 17:52:17 [INFO] [lib.training.slowfast:108] Loading SlowFast R50 from PyTorch Hub (facebookresearch/pytorchvideo)...
2025-12-14 17:52:18 [INFO] [lib.training.slowfast:163] ✓ Loaded SlowFast from PyTorch Hub (pytorchvideo)
2025-12-14 17:52:18 [INFO] [lib.training.slowfast:188] ✓ Verified SlowFast model structure: Net
2025-12-14 17:52:18 [INFO] [lib.mlops.mlflow_tracker:89] MLflow run started: 306edb36a5724a05bf1e1affa09f869a (experiment: slowfast)
2025-12-14 17:52:18 [INFO] [lib.training.pipeline:2374] Training PyTorch model slowfast on fold 1 (full dataset)...
2025-12-14 17:52:18 [INFO] [lib.training.pipeline:2382] Performing HYPER-AGGRESSIVE GC before training slowfast...
2025-12-14 17:52:20 [INFO] [lib.training.pipeline:2392] Hyper-aggressive GC complete. GPU memory cleared.
2025-12-14 17:52:20 [INFO] [lib.training.trainer:260] Warmup will be handled in training loop (2 epochs)
2025-12-14 17:52:35 [WARNING] [lib.training.slowfast:524] SlowFast temporal dimension mismatch: Sizes of tensors must match except in dimension 1. Expected size 63 but got size 125 for tensor number 1 in the list.. Input shape: (N=1, C=3, T=500, H=256, W=256), Slow pathway T: 63, Fast pathway T: 500. This may indicate the input temporal dimension (500) is not compatible with SlowFast's dual-pathway architecture (alpha=8). Re-raising to allow caller to handle gracefully.
2025-12-14 17:52:35 [ERROR] [lib.training.pipeline:2520] Error training final fold 1: Sizes of tensors must match except in dimension 1. Expected size 63 but got size 125 for tensor number 1 in the list.
Traceback (most recent call last):
  File "/gpfs/accounts/si670f25_class_root/si670f25_class/santoshd/fvc/lib/training/pipeline.py", line 2396, in stage5_train_models
    model = fit(
            ^^^^
  File "/gpfs/accounts/si670f25_class_root/si670f25_class/santoshd/fvc/lib/training/trainer.py", line 793, in fit
    train_loss = train_one_epoch(
                 ^^^^^^^^^^^^^^^^
  File "/gpfs/accounts/si670f25_class_root/si670f25_class/santoshd/fvc/lib/training/trainer.py", line 370, in train_one_epoch
    logits = model(clips)
             ^^^^^^^^^^^^
  File "/gpfs/accounts/si670f25_class_root/si670f25_class/santoshd/fvc/venv/lib/python3.11/site-packages/torch/nn/modules/module.py", line 1775, in _wrapped_call_impl
    return self._call_impl(*args, **kwargs)
           ^^^^^^^^^^^^^^^^^^^^^^^^^^^^^^^^
  File "/gpfs/accounts/si670f25_class_root/si670f25_class/santoshd/fvc/venv/lib/python3.11/site-packages/torch/nn/modules/module.py", line 1786, in _call_impl
    return forward_call(*args, **kwargs)
           ^^^^^^^^^^^^^^^^^^^^^^^^^^^^^
  File "/gpfs/accounts/si670f25_class_root/si670f25_class/santoshd/fvc/lib/training/slowfast.py", line 518, in forward
    return self.backbone([slow_x, fast_x])
           ^^^^^^^^^^^^^^^^^^^^^^^^^^^^^^^
  File "/gpfs/accounts/si670f25_class_root/si670f25_class/santoshd/fvc/venv/lib/python3.11/site-packages/torch/nn/modules/module.py", line 1775, in _wrapped_call_impl
    return self._call_impl(*args, **kwargs)
           ^^^^^^^^^^^^^^^^^^^^^^^^^^^^^^^^
  File "/gpfs/accounts/si670f25_class_root/si670f25_class/santoshd/fvc/venv/lib/python3.11/site-packages/torch/nn/modules/module.py", line 1786, in _call_impl
    return forward_call(*args, **kwargs)
           ^^^^^^^^^^^^^^^^^^^^^^^^^^^^^
  File "/home/suzanef/.cache/torch/hub/facebookresearch_pytorchvideo_main/pytorchvideo/models/net.py", line 43, in forward
    x = block(x)
        ^^^^^^^^
  File "/gpfs/accounts/si670f25_class_root/si670f25_class/santoshd/fvc/venv/lib/python3.11/site-packages/torch/nn/modules/module.py", line 1775, in _wrapped_call_impl
    return self._call_impl(*args, **kwargs)
           ^^^^^^^^^^^^^^^^^^^^^^^^^^^^^^^^
  File "/gpfs/accounts/si670f25_class_root/si670f25_class/santoshd/fvc/venv/lib/python3.11/site-packages/torch/nn/modules/module.py", line 1786, in _call_impl
    return forward_call(*args, **kwargs)
           ^^^^^^^^^^^^^^^^^^^^^^^^^^^^^
  File "/home/suzanef/.cache/torch/hub/facebookresearch_pytorchvideo_main/pytorchvideo/models/net.py", line 121, in forward
    x_out = self.multipathway_fusion(x_out)
            ^^^^^^^^^^^^^^^^^^^^^^^^^^^^^^^
  File "/gpfs/accounts/si670f25_class_root/si670f25_class/santoshd/fvc/venv/lib/python3.11/site-packages/torch/nn/modules/module.py", line 1775, in _wrapped_call_impl
    return self._call_impl(*args, **kwargs)
           ^^^^^^^^^^^^^^^^^^^^^^^^^^^^^^^^
  File "/gpfs/accounts/si670f25_class_root/si670f25_class/santoshd/fvc/venv/lib/python3.11/site-packages/torch/nn/modules/module.py", line 1786, in _call_impl
    return forward_call(*args, **kwargs)
           ^^^^^^^^^^^^^^^^^^^^^^^^^^^^^
  File "/home/suzanef/.cache/torch/hub/facebookresearch_pytorchvideo_main/pytorchvideo/models/slowfast.py", line 728, in forward
    x_s_fuse = torch.cat([x_s, fuse], 1)
               ^^^^^^^^^^^^^^^^^^^^^^^^^
RuntimeError: Sizes of tensors must match except in dimension 1. Expected size 63 but got size 125 for tensor number 1 in the list.
2025-12-14 17:52:35 [INFO] [lib.training.pipeline:2209] 
Final Training - slowfast - Fold 2/5 (full dataset)
2025-12-14 17:52:35 [INFO] [lib.training.pipeline:2309] Applied PyTorch memory optimizations: expandable_segments, cudnn.benchmark=False
2025-12-14 17:52:35 [INFO] [lib.training.slowfast:102] torchvision SlowFast not available. Trying PyTorch Hub (pytorchvideo)...
2025-12-14 17:52:35 [INFO] [lib.training.slowfast:108] Loading SlowFast R50 from PyTorch Hub (facebookresearch/pytorchvideo)...
2025-12-14 17:52:36 [INFO] [lib.training.slowfast:163] ✓ Loaded SlowFast from PyTorch Hub (pytorchvideo)
2025-12-14 17:52:36 [INFO] [lib.training.slowfast:188] ✓ Verified SlowFast model structure: Net
2025-12-14 17:52:37 [INFO] [lib.mlops.mlflow_tracker:89] MLflow run started: 5f6bd671df5d4aaea4490aaf0228b53d (experiment: slowfast)
2025-12-14 17:52:37 [INFO] [lib.training.pipeline:2374] Training PyTorch model slowfast on fold 2 (full dataset)...
2025-12-14 17:52:37 [INFO] [lib.training.pipeline:2382] Performing HYPER-AGGRESSIVE GC before training slowfast...
2025-12-14 17:52:39 [INFO] [lib.training.pipeline:2392] Hyper-aggressive GC complete. GPU memory cleared.
2025-12-14 17:52:39 [INFO] [lib.training.trainer:260] Warmup will be handled in training loop (2 epochs)
2025-12-14 17:52:49 [INFO] [lib.models.video:462] Chunk size increased from 10 to 20 (after 3 successes, increment: 10)
2025-12-14 17:52:52 [WARNING] [lib.training.slowfast:524] SlowFast temporal dimension mismatch: Sizes of tensors must match except in dimension 1. Expected size 63 but got size 125 for tensor number 1 in the list.. Input shape: (N=1, C=3, T=500, H=256, W=256), Slow pathway T: 63, Fast pathway T: 500. This may indicate the input temporal dimension (500) is not compatible with SlowFast's dual-pathway architecture (alpha=8). Re-raising to allow caller to handle gracefully.
2025-12-14 17:52:52 [ERROR] [lib.training.pipeline:2520] Error training final fold 2: Sizes of tensors must match except in dimension 1. Expected size 63 but got size 125 for tensor number 1 in the list.
Traceback (most recent call last):
  File "/gpfs/accounts/si670f25_class_root/si670f25_class/santoshd/fvc/lib/training/pipeline.py", line 2396, in stage5_train_models
    model = fit(
            ^^^^
  File "/gpfs/accounts/si670f25_class_root/si670f25_class/santoshd/fvc/lib/training/trainer.py", line 793, in fit
    train_loss = train_one_epoch(
                 ^^^^^^^^^^^^^^^^
  File "/gpfs/accounts/si670f25_class_root/si670f25_class/santoshd/fvc/lib/training/trainer.py", line 370, in train_one_epoch
    logits = model(clips)
             ^^^^^^^^^^^^
  File "/gpfs/accounts/si670f25_class_root/si670f25_class/santoshd/fvc/venv/lib/python3.11/site-packages/torch/nn/modules/module.py", line 1775, in _wrapped_call_impl
    return self._call_impl(*args, **kwargs)
           ^^^^^^^^^^^^^^^^^^^^^^^^^^^^^^^^
  File "/gpfs/accounts/si670f25_class_root/si670f25_class/santoshd/fvc/venv/lib/python3.11/site-packages/torch/nn/modules/module.py", line 1786, in _call_impl
    return forward_call(*args, **kwargs)
           ^^^^^^^^^^^^^^^^^^^^^^^^^^^^^
  File "/gpfs/accounts/si670f25_class_root/si670f25_class/santoshd/fvc/lib/training/slowfast.py", line 518, in forward
    return self.backbone([slow_x, fast_x])
           ^^^^^^^^^^^^^^^^^^^^^^^^^^^^^^^
  File "/gpfs/accounts/si670f25_class_root/si670f25_class/santoshd/fvc/venv/lib/python3.11/site-packages/torch/nn/modules/module.py", line 1775, in _wrapped_call_impl
    return self._call_impl(*args, **kwargs)
           ^^^^^^^^^^^^^^^^^^^^^^^^^^^^^^^^
  File "/gpfs/accounts/si670f25_class_root/si670f25_class/santoshd/fvc/venv/lib/python3.11/site-packages/torch/nn/modules/module.py", line 1786, in _call_impl
    return forward_call(*args, **kwargs)
           ^^^^^^^^^^^^^^^^^^^^^^^^^^^^^
  File "/home/suzanef/.cache/torch/hub/facebookresearch_pytorchvideo_main/pytorchvideo/models/net.py", line 43, in forward
    x = block(x)
        ^^^^^^^^
  File "/gpfs/accounts/si670f25_class_root/si670f25_class/santoshd/fvc/venv/lib/python3.11/site-packages/torch/nn/modules/module.py", line 1775, in _wrapped_call_impl
    return self._call_impl(*args, **kwargs)
           ^^^^^^^^^^^^^^^^^^^^^^^^^^^^^^^^
  File "/gpfs/accounts/si670f25_class_root/si670f25_class/santoshd/fvc/venv/lib/python3.11/site-packages/torch/nn/modules/module.py", line 1786, in _call_impl
    return forward_call(*args, **kwargs)
           ^^^^^^^^^^^^^^^^^^^^^^^^^^^^^
  File "/home/suzanef/.cache/torch/hub/facebookresearch_pytorchvideo_main/pytorchvideo/models/net.py", line 121, in forward
    x_out = self.multipathway_fusion(x_out)
            ^^^^^^^^^^^^^^^^^^^^^^^^^^^^^^^
  File "/gpfs/accounts/si670f25_class_root/si670f25_class/santoshd/fvc/venv/lib/python3.11/site-packages/torch/nn/modules/module.py", line 1775, in _wrapped_call_impl
    return self._call_impl(*args, **kwargs)
           ^^^^^^^^^^^^^^^^^^^^^^^^^^^^^^^^
  File "/gpfs/accounts/si670f25_class_root/si670f25_class/santoshd/fvc/venv/lib/python3.11/site-packages/torch/nn/modules/module.py", line 1786, in _call_impl
    return forward_call(*args, **kwargs)
           ^^^^^^^^^^^^^^^^^^^^^^^^^^^^^
  File "/home/suzanef/.cache/torch/hub/facebookresearch_pytorchvideo_main/pytorchvideo/models/slowfast.py", line 728, in forward
    x_s_fuse = torch.cat([x_s, fuse], 1)
               ^^^^^^^^^^^^^^^^^^^^^^^^^
RuntimeError: Sizes of tensors must match except in dimension 1. Expected size 63 but got size 125 for tensor number 1 in the list.
2025-12-14 17:52:52 [INFO] [lib.training.pipeline:2209] 
Final Training - slowfast - Fold 3/5 (full dataset)
2025-12-14 17:52:53 [INFO] [lib.training.pipeline:2309] Applied PyTorch memory optimizations: expandable_segments, cudnn.benchmark=False
2025-12-14 17:52:53 [INFO] [lib.training.slowfast:102] torchvision SlowFast not available. Trying PyTorch Hub (pytorchvideo)...
2025-12-14 17:52:53 [INFO] [lib.training.slowfast:108] Loading SlowFast R50 from PyTorch Hub (facebookresearch/pytorchvideo)...
2025-12-14 17:52:54 [INFO] [lib.training.slowfast:163] ✓ Loaded SlowFast from PyTorch Hub (pytorchvideo)
2025-12-14 17:52:54 [INFO] [lib.training.slowfast:188] ✓ Verified SlowFast model structure: Net
2025-12-14 17:52:54 [INFO] [lib.mlops.mlflow_tracker:89] MLflow run started: 21e443e20cd24fe58409a64eb701fdfa (experiment: slowfast)
2025-12-14 17:52:54 [INFO] [lib.training.pipeline:2374] Training PyTorch model slowfast on fold 3 (full dataset)...
2025-12-14 17:52:54 [INFO] [lib.training.pipeline:2382] Performing HYPER-AGGRESSIVE GC before training slowfast...
2025-12-14 17:52:56 [INFO] [lib.training.pipeline:2392] Hyper-aggressive GC complete. GPU memory cleared.
2025-12-14 17:52:56 [INFO] [lib.training.trainer:260] Warmup will be handled in training loop (2 epochs)
2025-12-14 17:53:11 [WARNING] [lib.training.slowfast:524] SlowFast temporal dimension mismatch: Sizes of tensors must match except in dimension 1. Expected size 63 but got size 125 for tensor number 1 in the list.. Input shape: (N=1, C=3, T=500, H=256, W=256), Slow pathway T: 63, Fast pathway T: 500. This may indicate the input temporal dimension (500) is not compatible with SlowFast's dual-pathway architecture (alpha=8). Re-raising to allow caller to handle gracefully.
2025-12-14 17:53:11 [ERROR] [lib.training.pipeline:2520] Error training final fold 3: Sizes of tensors must match except in dimension 1. Expected size 63 but got size 125 for tensor number 1 in the list.
Traceback (most recent call last):
  File "/gpfs/accounts/si670f25_class_root/si670f25_class/santoshd/fvc/lib/training/pipeline.py", line 2396, in stage5_train_models
    model = fit(
            ^^^^
  File "/gpfs/accounts/si670f25_class_root/si670f25_class/santoshd/fvc/lib/training/trainer.py", line 793, in fit
    train_loss = train_one_epoch(
                 ^^^^^^^^^^^^^^^^
  File "/gpfs/accounts/si670f25_class_root/si670f25_class/santoshd/fvc/lib/training/trainer.py", line 370, in train_one_epoch
    logits = model(clips)
             ^^^^^^^^^^^^
  File "/gpfs/accounts/si670f25_class_root/si670f25_class/santoshd/fvc/venv/lib/python3.11/site-packages/torch/nn/modules/module.py", line 1775, in _wrapped_call_impl
    return self._call_impl(*args, **kwargs)
           ^^^^^^^^^^^^^^^^^^^^^^^^^^^^^^^^
  File "/gpfs/accounts/si670f25_class_root/si670f25_class/santoshd/fvc/venv/lib/python3.11/site-packages/torch/nn/modules/module.py", line 1786, in _call_impl
    return forward_call(*args, **kwargs)
           ^^^^^^^^^^^^^^^^^^^^^^^^^^^^^
  File "/gpfs/accounts/si670f25_class_root/si670f25_class/santoshd/fvc/lib/training/slowfast.py", line 518, in forward
    return self.backbone([slow_x, fast_x])
           ^^^^^^^^^^^^^^^^^^^^^^^^^^^^^^^
  File "/gpfs/accounts/si670f25_class_root/si670f25_class/santoshd/fvc/venv/lib/python3.11/site-packages/torch/nn/modules/module.py", line 1775, in _wrapped_call_impl
    return self._call_impl(*args, **kwargs)
           ^^^^^^^^^^^^^^^^^^^^^^^^^^^^^^^^
  File "/gpfs/accounts/si670f25_class_root/si670f25_class/santoshd/fvc/venv/lib/python3.11/site-packages/torch/nn/modules/module.py", line 1786, in _call_impl
    return forward_call(*args, **kwargs)
           ^^^^^^^^^^^^^^^^^^^^^^^^^^^^^
  File "/home/suzanef/.cache/torch/hub/facebookresearch_pytorchvideo_main/pytorchvideo/models/net.py", line 43, in forward
    x = block(x)
        ^^^^^^^^
  File "/gpfs/accounts/si670f25_class_root/si670f25_class/santoshd/fvc/venv/lib/python3.11/site-packages/torch/nn/modules/module.py", line 1775, in _wrapped_call_impl
    return self._call_impl(*args, **kwargs)
           ^^^^^^^^^^^^^^^^^^^^^^^^^^^^^^^^
  File "/gpfs/accounts/si670f25_class_root/si670f25_class/santoshd/fvc/venv/lib/python3.11/site-packages/torch/nn/modules/module.py", line 1786, in _call_impl
    return forward_call(*args, **kwargs)
           ^^^^^^^^^^^^^^^^^^^^^^^^^^^^^
  File "/home/suzanef/.cache/torch/hub/facebookresearch_pytorchvideo_main/pytorchvideo/models/net.py", line 121, in forward
    x_out = self.multipathway_fusion(x_out)
            ^^^^^^^^^^^^^^^^^^^^^^^^^^^^^^^
  File "/gpfs/accounts/si670f25_class_root/si670f25_class/santoshd/fvc/venv/lib/python3.11/site-packages/torch/nn/modules/module.py", line 1775, in _wrapped_call_impl
    return self._call_impl(*args, **kwargs)
           ^^^^^^^^^^^^^^^^^^^^^^^^^^^^^^^^
  File "/gpfs/accounts/si670f25_class_root/si670f25_class/santoshd/fvc/venv/lib/python3.11/site-packages/torch/nn/modules/module.py", line 1786, in _call_impl
    return forward_call(*args, **kwargs)
           ^^^^^^^^^^^^^^^^^^^^^^^^^^^^^
  File "/home/suzanef/.cache/torch/hub/facebookresearch_pytorchvideo_main/pytorchvideo/models/slowfast.py", line 728, in forward
    x_s_fuse = torch.cat([x_s, fuse], 1)
               ^^^^^^^^^^^^^^^^^^^^^^^^^
RuntimeError: Sizes of tensors must match except in dimension 1. Expected size 63 but got size 125 for tensor number 1 in the list.
2025-12-14 17:53:11 [INFO] [lib.training.pipeline:2209] 
Final Training - slowfast - Fold 4/5 (full dataset)
2025-12-14 17:53:11 [INFO] [lib.training.pipeline:2309] Applied PyTorch memory optimizations: expandable_segments, cudnn.benchmark=False
2025-12-14 17:53:11 [INFO] [lib.training.slowfast:102] torchvision SlowFast not available. Trying PyTorch Hub (pytorchvideo)...
2025-12-14 17:53:11 [INFO] [lib.training.slowfast:108] Loading SlowFast R50 from PyTorch Hub (facebookresearch/pytorchvideo)...
2025-12-14 17:53:12 [INFO] [lib.training.slowfast:163] ✓ Loaded SlowFast from PyTorch Hub (pytorchvideo)
2025-12-14 17:53:12 [INFO] [lib.training.slowfast:188] ✓ Verified SlowFast model structure: Net
2025-12-14 17:53:12 [INFO] [lib.mlops.mlflow_tracker:89] MLflow run started: 726e86f2074a4cfa837584b315892d8b (experiment: slowfast)
2025-12-14 17:53:12 [INFO] [lib.training.pipeline:2374] Training PyTorch model slowfast on fold 4 (full dataset)...
2025-12-14 17:53:12 [INFO] [lib.training.pipeline:2382] Performing HYPER-AGGRESSIVE GC before training slowfast...
2025-12-14 17:53:14 [INFO] [lib.training.pipeline:2392] Hyper-aggressive GC complete. GPU memory cleared.
2025-12-14 17:53:14 [INFO] [lib.training.trainer:260] Warmup will be handled in training loop (2 epochs)
2025-12-14 17:53:32 [WARNING] [lib.training.slowfast:524] SlowFast temporal dimension mismatch: Sizes of tensors must match except in dimension 1. Expected size 63 but got size 125 for tensor number 1 in the list.. Input shape: (N=1, C=3, T=500, H=256, W=256), Slow pathway T: 63, Fast pathway T: 500. This may indicate the input temporal dimension (500) is not compatible with SlowFast's dual-pathway architecture (alpha=8). Re-raising to allow caller to handle gracefully.
2025-12-14 17:53:32 [ERROR] [lib.training.pipeline:2520] Error training final fold 4: Sizes of tensors must match except in dimension 1. Expected size 63 but got size 125 for tensor number 1 in the list.
Traceback (most recent call last):
  File "/gpfs/accounts/si670f25_class_root/si670f25_class/santoshd/fvc/lib/training/pipeline.py", line 2396, in stage5_train_models
    model = fit(
            ^^^^
  File "/gpfs/accounts/si670f25_class_root/si670f25_class/santoshd/fvc/lib/training/trainer.py", line 793, in fit
    train_loss = train_one_epoch(
                 ^^^^^^^^^^^^^^^^
  File "/gpfs/accounts/si670f25_class_root/si670f25_class/santoshd/fvc/lib/training/trainer.py", line 370, in train_one_epoch
    logits = model(clips)
             ^^^^^^^^^^^^
  File "/gpfs/accounts/si670f25_class_root/si670f25_class/santoshd/fvc/venv/lib/python3.11/site-packages/torch/nn/modules/module.py", line 1775, in _wrapped_call_impl
    return self._call_impl(*args, **kwargs)
           ^^^^^^^^^^^^^^^^^^^^^^^^^^^^^^^^
  File "/gpfs/accounts/si670f25_class_root/si670f25_class/santoshd/fvc/venv/lib/python3.11/site-packages/torch/nn/modules/module.py", line 1786, in _call_impl
    return forward_call(*args, **kwargs)
           ^^^^^^^^^^^^^^^^^^^^^^^^^^^^^
  File "/gpfs/accounts/si670f25_class_root/si670f25_class/santoshd/fvc/lib/training/slowfast.py", line 518, in forward
    return self.backbone([slow_x, fast_x])
           ^^^^^^^^^^^^^^^^^^^^^^^^^^^^^^^
  File "/gpfs/accounts/si670f25_class_root/si670f25_class/santoshd/fvc/venv/lib/python3.11/site-packages/torch/nn/modules/module.py", line 1775, in _wrapped_call_impl
    return self._call_impl(*args, **kwargs)
           ^^^^^^^^^^^^^^^^^^^^^^^^^^^^^^^^
  File "/gpfs/accounts/si670f25_class_root/si670f25_class/santoshd/fvc/venv/lib/python3.11/site-packages/torch/nn/modules/module.py", line 1786, in _call_impl
    return forward_call(*args, **kwargs)
           ^^^^^^^^^^^^^^^^^^^^^^^^^^^^^
  File "/home/suzanef/.cache/torch/hub/facebookresearch_pytorchvideo_main/pytorchvideo/models/net.py", line 43, in forward
    x = block(x)
        ^^^^^^^^
  File "/gpfs/accounts/si670f25_class_root/si670f25_class/santoshd/fvc/venv/lib/python3.11/site-packages/torch/nn/modules/module.py", line 1775, in _wrapped_call_impl
    return self._call_impl(*args, **kwargs)
           ^^^^^^^^^^^^^^^^^^^^^^^^^^^^^^^^
  File "/gpfs/accounts/si670f25_class_root/si670f25_class/santoshd/fvc/venv/lib/python3.11/site-packages/torch/nn/modules/module.py", line 1786, in _call_impl
    return forward_call(*args, **kwargs)
           ^^^^^^^^^^^^^^^^^^^^^^^^^^^^^
  File "/home/suzanef/.cache/torch/hub/facebookresearch_pytorchvideo_main/pytorchvideo/models/net.py", line 121, in forward
    x_out = self.multipathway_fusion(x_out)
            ^^^^^^^^^^^^^^^^^^^^^^^^^^^^^^^
  File "/gpfs/accounts/si670f25_class_root/si670f25_class/santoshd/fvc/venv/lib/python3.11/site-packages/torch/nn/modules/module.py", line 1775, in _wrapped_call_impl
    return self._call_impl(*args, **kwargs)
           ^^^^^^^^^^^^^^^^^^^^^^^^^^^^^^^^
  File "/gpfs/accounts/si670f25_class_root/si670f25_class/santoshd/fvc/venv/lib/python3.11/site-packages/torch/nn/modules/module.py", line 1786, in _call_impl
    return forward_call(*args, **kwargs)
           ^^^^^^^^^^^^^^^^^^^^^^^^^^^^^
  File "/home/suzanef/.cache/torch/hub/facebookresearch_pytorchvideo_main/pytorchvideo/models/slowfast.py", line 728, in forward
    x_s_fuse = torch.cat([x_s, fuse], 1)
               ^^^^^^^^^^^^^^^^^^^^^^^^^
RuntimeError: Sizes of tensors must match except in dimension 1. Expected size 63 but got size 125 for tensor number 1 in the list.
2025-12-14 17:53:32 [INFO] [lib.training.pipeline:2209] 
Final Training - slowfast - Fold 5/5 (full dataset)
2025-12-14 17:53:32 [INFO] [lib.training.pipeline:2309] Applied PyTorch memory optimizations: expandable_segments, cudnn.benchmark=False
2025-12-14 17:53:32 [INFO] [lib.training.slowfast:102] torchvision SlowFast not available. Trying PyTorch Hub (pytorchvideo)...
2025-12-14 17:53:32 [INFO] [lib.training.slowfast:108] Loading SlowFast R50 from PyTorch Hub (facebookresearch/pytorchvideo)...
2025-12-14 17:53:33 [INFO] [lib.training.slowfast:163] ✓ Loaded SlowFast from PyTorch Hub (pytorchvideo)
2025-12-14 17:53:33 [INFO] [lib.training.slowfast:188] ✓ Verified SlowFast model structure: Net
2025-12-14 17:53:34 [INFO] [lib.mlops.mlflow_tracker:89] MLflow run started: 226af465038c4cb3acec4012a41f825f (experiment: slowfast)
2025-12-14 17:53:34 [INFO] [lib.training.pipeline:2374] Training PyTorch model slowfast on fold 5 (full dataset)...
2025-12-14 17:53:34 [INFO] [lib.training.pipeline:2382] Performing HYPER-AGGRESSIVE GC before training slowfast...
2025-12-14 17:53:36 [INFO] [lib.training.pipeline:2392] Hyper-aggressive GC complete. GPU memory cleared.
2025-12-14 17:53:36 [INFO] [lib.training.trainer:260] Warmup will be handled in training loop (2 epochs)
2025-12-14 17:53:46 [INFO] [lib.models.video:462] Chunk size increased from 10 to 20 (after 3 successes, increment: 10)
2025-12-14 17:53:50 [WARNING] [lib.training.slowfast:524] SlowFast temporal dimension mismatch: Sizes of tensors must match except in dimension 1. Expected size 63 but got size 125 for tensor number 1 in the list.. Input shape: (N=1, C=3, T=500, H=256, W=256), Slow pathway T: 63, Fast pathway T: 500. This may indicate the input temporal dimension (500) is not compatible with SlowFast's dual-pathway architecture (alpha=8). Re-raising to allow caller to handle gracefully.
2025-12-14 17:53:50 [ERROR] [lib.training.pipeline:2520] Error training final fold 5: Sizes of tensors must match except in dimension 1. Expected size 63 but got size 125 for tensor number 1 in the list.
Traceback (most recent call last):
  File "/gpfs/accounts/si670f25_class_root/si670f25_class/santoshd/fvc/lib/training/pipeline.py", line 2396, in stage5_train_models
    model = fit(
            ^^^^
  File "/gpfs/accounts/si670f25_class_root/si670f25_class/santoshd/fvc/lib/training/trainer.py", line 793, in fit
    train_loss = train_one_epoch(
                 ^^^^^^^^^^^^^^^^
  File "/gpfs/accounts/si670f25_class_root/si670f25_class/santoshd/fvc/lib/training/trainer.py", line 370, in train_one_epoch
    logits = model(clips)
             ^^^^^^^^^^^^
  File "/gpfs/accounts/si670f25_class_root/si670f25_class/santoshd/fvc/venv/lib/python3.11/site-packages/torch/nn/modules/module.py", line 1775, in _wrapped_call_impl
    return self._call_impl(*args, **kwargs)
           ^^^^^^^^^^^^^^^^^^^^^^^^^^^^^^^^
  File "/gpfs/accounts/si670f25_class_root/si670f25_class/santoshd/fvc/venv/lib/python3.11/site-packages/torch/nn/modules/module.py", line 1786, in _call_impl
    return forward_call(*args, **kwargs)
           ^^^^^^^^^^^^^^^^^^^^^^^^^^^^^
  File "/gpfs/accounts/si670f25_class_root/si670f25_class/santoshd/fvc/lib/training/slowfast.py", line 518, in forward
    return self.backbone([slow_x, fast_x])
           ^^^^^^^^^^^^^^^^^^^^^^^^^^^^^^^
  File "/gpfs/accounts/si670f25_class_root/si670f25_class/santoshd/fvc/venv/lib/python3.11/site-packages/torch/nn/modules/module.py", line 1775, in _wrapped_call_impl
    return self._call_impl(*args, **kwargs)
           ^^^^^^^^^^^^^^^^^^^^^^^^^^^^^^^^
  File "/gpfs/accounts/si670f25_class_root/si670f25_class/santoshd/fvc/venv/lib/python3.11/site-packages/torch/nn/modules/module.py", line 1786, in _call_impl
    return forward_call(*args, **kwargs)
           ^^^^^^^^^^^^^^^^^^^^^^^^^^^^^
  File "/home/suzanef/.cache/torch/hub/facebookresearch_pytorchvideo_main/pytorchvideo/models/net.py", line 43, in forward
    x = block(x)
        ^^^^^^^^
  File "/gpfs/accounts/si670f25_class_root/si670f25_class/santoshd/fvc/venv/lib/python3.11/site-packages/torch/nn/modules/module.py", line 1775, in _wrapped_call_impl
    return self._call_impl(*args, **kwargs)
           ^^^^^^^^^^^^^^^^^^^^^^^^^^^^^^^^
  File "/gpfs/accounts/si670f25_class_root/si670f25_class/santoshd/fvc/venv/lib/python3.11/site-packages/torch/nn/modules/module.py", line 1786, in _call_impl
    return forward_call(*args, **kwargs)
           ^^^^^^^^^^^^^^^^^^^^^^^^^^^^^
  File "/home/suzanef/.cache/torch/hub/facebookresearch_pytorchvideo_main/pytorchvideo/models/net.py", line 121, in forward
    x_out = self.multipathway_fusion(x_out)
            ^^^^^^^^^^^^^^^^^^^^^^^^^^^^^^^
  File "/gpfs/accounts/si670f25_class_root/si670f25_class/santoshd/fvc/venv/lib/python3.11/site-packages/torch/nn/modules/module.py", line 1775, in _wrapped_call_impl
    return self._call_impl(*args, **kwargs)
           ^^^^^^^^^^^^^^^^^^^^^^^^^^^^^^^^
  File "/gpfs/accounts/si670f25_class_root/si670f25_class/santoshd/fvc/venv/lib/python3.11/site-packages/torch/nn/modules/module.py", line 1786, in _call_impl
    return forward_call(*args, **kwargs)
           ^^^^^^^^^^^^^^^^^^^^^^^^^^^^^
  File "/home/suzanef/.cache/torch/hub/facebookresearch_pytorchvideo_main/pytorchvideo/models/slowfast.py", line 728, in forward
    x_s_fuse = torch.cat([x_s, fuse], 1)
               ^^^^^^^^^^^^^^^^^^^^^^^^^
RuntimeError: Sizes of tensors must match except in dimension 1. Expected size 63 but got size 125 for tensor number 1 in the list.
2025-12-14 17:53:50 [WARNING] [lib.training.pipeline:114] No model files found in /gpfs/accounts/si670f25_class_root/si670f25_class/santoshd/fvc/data/stage5/slowfast/fold_1 to copy
2025-12-14 17:53:50 [INFO] [lib.training.pipeline:2593] 
slowfast - Avg Val Loss: nan, Avg Val Acc: nan, Avg Val F1: nan
2025-12-14 17:53:53 [INFO] [lib.training.visualization:256] Saved CV fold comparison to /gpfs/accounts/si670f25_class_root/si670f25_class/santoshd/fvc/data/stage5/slowfast/plots/cv_fold_comparison.png
2025-12-14 17:53:53 [INFO] [lib.training.pipeline:2621] Generated plots for slowfast in /gpfs/accounts/si670f25_class_root/si670f25_class/santoshd/fvc/data/stage5/slowfast/plots
2025-12-14 17:53:53 [INFO] [lib.training.pipeline:2658] ================================================================================
2025-12-14 17:53:53 [INFO] [lib.training.pipeline:2659] Stage 5: Model Training Pipeline Completed
2025-12-14 17:53:53 [INFO] [lib.training.pipeline:2660] ================================================================================
2025-12-14 17:53:53 [INFO] [__main__:401] ================================================================================
2025-12-14 17:53:53 [INFO] [__main__:402] STAGE 5 COMPLETED SUCCESSFULLY
2025-12-14 17:53:53 [INFO] [__main__:403] ================================================================================
2025-12-14 17:53:53 [INFO] [__main__:404] Execution time: 210.78 seconds (3.51 minutes)
2025-12-14 17:53:53 [INFO] [__main__:406] Output directory: /gpfs/accounts/si670f25_class_root/si670f25_class/santoshd/fvc/data/stage5
2025-12-14 17:53:53 [INFO] [__main__:407] Models trained: ['slowfast']
2025-12-14 17:53:53 [INFO] [__main__:408] K-fold splits: 5
2025-12-14 17:53:53 [INFO] [__main__:414] ================================================================================
2025-12-14 17:53:53 [INFO] [__main__:415] Final memory statistics:
2025-12-14 17:53:53 [INFO] [__main__:416] ================================================================================
2025-12-14 17:53:53 [INFO] [lib.utils.memory:91] Memory stats (Stage 5: after training): {'cpu_memory_mb': 3545.6796875, 'cpu_memory_gb': 3.4625778198242188, 'cpu_vms_mb': 50836.6875, 'gpu_allocated_gb': 0.0, 'gpu_reserved_gb': 0.914358272, 'gpu_total_gb': 16.928342016, 'gpu_free_gb': 16.013983744}
2025-12-14 17:53:53 [INFO] [__main__:419] ================================================================================
2025-12-14 17:53:53 [INFO] [__main__:420] Training complete!
2025-12-14 17:53:53 [INFO] [__main__:421] Results saved to: /gpfs/accounts/si670f25_class_root/si670f25_class/santoshd/fvc/data/stage5
2025-12-14 17:53:53 [INFO] [__main__:422] ================================================================================
