2025-12-11 21:45:15 [INFO] [__main__:266] ================================================================================
2025-12-11 21:45:15 [INFO] [__main__:267] STAGE 1: VIDEO AUGMENTATION
2025-12-11 21:45:15 [INFO] [__main__:268] ================================================================================
2025-12-11 21:45:15 [INFO] [__main__:269] Project root: /gpfs/accounts/si670f25_class_root/si670f25_class/santoshd/fvc
2025-12-11 21:45:15 [INFO] [__main__:270] Output directory: /gpfs/accounts/si670f25_class_root/si670f25_class/santoshd/fvc/data/augmented_videos
2025-12-11 21:45:15 [INFO] [__main__:271] Number of augmentations per video: 10
2025-12-11 21:45:15 [INFO] [__main__:272] Resume mode: Enabled
2025-12-11 21:45:15 [INFO] [__main__:273] Delete existing augmentations: No (preserved)
2025-12-11 21:45:15 [INFO] [__main__:278] Log file: /gpfs/accounts/si670f25_class_root/si670f25_class/santoshd/fvc/logs/stage1_augmentation_1765507514.log
2025-12-11 21:45:15 [DEBUG] [__main__:279] Python version: 3.11.7 (main, Dec 15 2023, 18:12:31) [GCC 11.2.0]
2025-12-11 21:45:15 [DEBUG] [__main__:280] Python executable: /gpfs/accounts/si670f25_class_root/si670f25_class/santoshd/fvc/venv/bin/python
2025-12-11 21:45:15 [DEBUG] [__main__:281] Working directory: /gpfs/accounts/si670f25_class_root/si670f25_class/santoshd/fvc
2025-12-11 21:45:15 [DEBUG] [__main__:282] Command line arguments: ['src/scripts/run_stage1_augmentation.py', '--resume']
2025-12-11 21:45:15 [INFO] [__main__:285] ================================================================================
2025-12-11 21:45:15 [INFO] [__main__:286] Checking prerequisites...
2025-12-11 21:45:15 [INFO] [__main__:287] ================================================================================
2025-12-11 21:45:15 [INFO] [__main__:295] ✓ Metadata file found: /gpfs/accounts/si670f25_class_root/si670f25_class/santoshd/fvc/data/video_index_input.csv
2025-12-11 21:45:15 [INFO] [__main__:311] ✓ Videos directory found: /gpfs/accounts/si670f25_class_root/si670f25_class/santoshd/fvc/videos
2025-12-11 21:45:15 [DEBUG] [__main__:316] System information:
2025-12-11 21:45:15 [DEBUG] [__main__:317]   CPU count: 72
2025-12-11 21:45:15 [DEBUG] [__main__:318]   Total memory: 200.67 GB
2025-12-11 21:45:15 [DEBUG] [__main__:319]   Available memory: 123.97 GB
2025-12-11 21:45:15 [INFO] [__main__:324] ================================================================================
2025-12-11 21:45:15 [INFO] [__main__:325] Initial memory statistics:
2025-12-11 21:45:15 [INFO] [__main__:326] ================================================================================
2025-12-11 21:45:15 [INFO] [lib.utils.memory:89] Memory stats (Stage 1: before augmentation): {'cpu_memory_mb': 611.49609375, 'cpu_memory_gb': 0.5971641540527344, 'cpu_vms_mb': 7537.625, 'gpu_allocated_gb': 0.0, 'gpu_reserved_gb': 0.0, 'gpu_total_gb': 0.0, 'gpu_free_gb': 0.0}
2025-12-11 21:45:15 [DEBUG] [lib.utils.memory:95] CPU percent: 0.0%
2025-12-11 21:45:15 [DEBUG] [lib.utils.memory:96] Num threads: 66
2025-12-11 21:45:15 [INFO] [__main__:330] ================================================================================
2025-12-11 21:45:15 [INFO] [__main__:331] Starting Stage 1: Video Augmentation
2025-12-11 21:45:15 [INFO] [__main__:332] ================================================================================
2025-12-11 21:45:15 [INFO] [__main__:333] This may take a while depending on dataset size...
2025-12-11 21:45:15 [INFO] [__main__:334] Progress will be logged in real-time
2025-12-11 21:45:15 [INFO] [__main__:335] ================================================================================
2025-12-11 21:45:15 [INFO] [__main__:342] ================================================================================
2025-12-11 21:45:15 [INFO] [__main__:343] RESUME MODE: Two-Pass Augmentation
2025-12-11 21:45:15 [INFO] [__main__:344] ================================================================================
2025-12-11 21:45:15 [INFO] [__main__:64] PASS 1: Checking which videos need augmentations...
2025-12-11 21:45:17 [INFO] [__main__:176] Checked 100/298 videos... (97 complete, 3 need augmentations)
2025-12-11 21:45:17 [INFO] [__main__:176] Checked 200/298 videos... (197 complete, 3 need augmentations)
2025-12-11 21:45:18 [INFO] [__main__:357] ================================================================================
2025-12-11 21:45:18 [INFO] [__main__:358] PASS 1 COMPLETE: Augmentation Status Check
2025-12-11 21:45:18 [INFO] [__main__:359] ================================================================================
2025-12-11 21:45:18 [INFO] [__main__:360] Check duration: 3.18 seconds (0.05 minutes)
2025-12-11 21:45:18 [INFO] [__main__:361] Total videos checked: 298
2025-12-11 21:45:18 [INFO] [__main__:362] Videos with complete augmentations: 295
2025-12-11 21:45:18 [INFO] [__main__:363] Videos needing augmentations: 3
2025-12-11 21:45:18 [INFO] [__main__:364] ================================================================================
2025-12-11 21:45:18 [INFO] [__main__:371] ================================================================================
2025-12-11 21:45:18 [INFO] [__main__:372] PASS 2: Generating augmentations for 3 videos...
2025-12-11 21:45:18 [INFO] [__main__:373] ================================================================================
2025-12-11 21:45:20 [INFO] [__main__:415] Created temporary metadata file with 3 videos needing augmentations
2025-12-11 21:45:20 [INFO] [lib.augmentation.pipeline:498] Stage 1: Loading video metadata...
2025-12-11 21:45:20 [INFO] [lib.augmentation.pipeline:504] Using metadata file: /gpfs/accounts/si670f25_class_root/si670f25_class/santoshd/fvc/data/video_index_input.csv
2025-12-11 21:45:20 [INFO] [lib.augmentation.pipeline:530] Stage 1: Processing all 3 videos
2025-12-11 21:45:20 [INFO] [lib.augmentation.pipeline:532] Stage 1: Found 3 videos to process
2025-12-11 21:45:20 [INFO] [lib.augmentation.pipeline:533] Stage 1: Generating 10 augmentation(s) per video
2025-12-11 21:45:20 [INFO] [lib.augmentation.pipeline:534] Stage 1: Output directory: /gpfs/accounts/si670f25_class_root/si670f25_class/santoshd/fvc/data/augmented_videos
2025-12-11 21:45:20 [INFO] [lib.augmentation.pipeline:535] Stage 1: Delete existing augmentations: False
2025-12-11 21:45:20 [INFO] [lib.augmentation.pipeline:596] Stage 1: Found 295 videos with all 10 augmentations
2025-12-11 21:45:20 [INFO] [lib.augmentation.pipeline:750] 
================================================================================
2025-12-11 21:45:20 [INFO] [lib.augmentation.pipeline:751] Stage 1: Processing video 1/3: video.mp4
2025-12-11 21:45:20 [INFO] [lib.augmentation.pipeline:752] ================================================================================
2025-12-11 21:45:20 [INFO] [lib.utils.memory:89] Memory stats (Stage 1: before video 1): {'cpu_memory_mb': 621.17578125, 'cpu_memory_gb': 0.6066169738769531, 'cpu_vms_mb': 7822.05078125, 'gpu_allocated_gb': 0.0, 'gpu_reserved_gb': 0.0, 'gpu_total_gb': 0.0, 'gpu_free_gb': 0.0}
2025-12-11 21:45:20 [INFO] [lib.augmentation.pipeline:60] Loading video: /gpfs/accounts/si670f25_class_root/si670f25_class/santoshd/fvc/videos/FVC2/315546135255835/video.mp4
2025-12-11 21:45:20 [INFO] [lib.augmentation.pipeline:80] Video has 1327 frames (fps: 29.97), processing in chunks of 250
2025-12-11 21:45:20 [INFO] [lib.augmentation.pipeline:107] Processing 6 chunk(s)
2025-12-11 21:45:20 [DEBUG] [lib.augmentation.pipeline:120] Using checkpoint directory for chunks: /gpfs/accounts/si670f25_class_root/si670f25_class/santoshd/fvc/data/augmented_videos/.checkpoints/315546135255835
2025-12-11 21:45:20 [INFO] [lib.augmentation.pipeline:128] Checking for existing checkpoints...
2025-12-11 21:45:20 [INFO] [lib.augmentation.pipeline:190] Processing chunk 1/6 (frames 0-249)
2025-12-11 21:45:23 [DEBUG] [lib.augmentation.io:94] Loaded 250 frames from video.mp4 (frames 0-249)
2025-12-11 21:45:42 [INFO] [lib.augmentation.pipeline:236] Chunk 1: Checkpointed augmentation 1/10 with type 'saturation' (250 frames)
2025-12-11 21:45:56 [INFO] [lib.augmentation.pipeline:236] Chunk 1: Checkpointed augmentation 2/10 with type 'elastic' (250 frames)
2025-12-11 21:46:17 [INFO] [lib.augmentation.pipeline:236] Chunk 1: Checkpointed augmentation 3/10 with type 'gaussian_blur' (250 frames)
2025-12-11 21:46:31 [INFO] [lib.augmentation.pipeline:236] Chunk 1: Checkpointed augmentation 4/10 with type 'cutout' (250 frames)
2025-12-11 21:46:52 [INFO] [lib.augmentation.pipeline:236] Chunk 1: Checkpointed augmentation 5/10 with type 'brightness' (250 frames)
2025-12-11 21:48:05 [INFO] [lib.augmentation.pipeline:236] Chunk 1: Checkpointed augmentation 6/10 with type 'gaussian_noise' (250 frames)
2025-12-11 21:48:21 [INFO] [lib.augmentation.pipeline:236] Chunk 1: Checkpointed augmentation 7/10 with type 'flip' (250 frames)
2025-12-11 21:48:39 [INFO] [lib.augmentation.pipeline:236] Chunk 1: Checkpointed augmentation 8/10 with type 'rotation' (250 frames)
2025-12-11 21:52:50 [INFO] [lib.augmentation.pipeline:236] Chunk 1: Checkpointed augmentation 9/10 with type 'affine' (250 frames)
2025-12-11 21:53:10 [INFO] [lib.augmentation.pipeline:236] Chunk 1: Checkpointed augmentation 10/10 with type 'contrast' (250 frames)
2025-12-11 21:53:10 [INFO] [lib.augmentation.pipeline:190] Processing chunk 2/6 (frames 250-499)
2025-12-11 21:53:12 [DEBUG] [lib.augmentation.io:94] Loaded 250 frames from video.mp4 (frames 250-499)
2025-12-11 21:53:26 [INFO] [lib.augmentation.pipeline:236] Chunk 2: Checkpointed augmentation 1/10 with type 'saturation' (250 frames)
2025-12-11 21:53:37 [INFO] [lib.augmentation.pipeline:236] Chunk 2: Checkpointed augmentation 2/10 with type 'elastic' (250 frames)
2025-12-11 21:53:55 [INFO] [lib.augmentation.pipeline:236] Chunk 2: Checkpointed augmentation 3/10 with type 'gaussian_blur' (250 frames)
2025-12-11 21:54:06 [INFO] [lib.augmentation.pipeline:236] Chunk 2: Checkpointed augmentation 4/10 with type 'cutout' (250 frames)
2025-12-11 21:54:24 [INFO] [lib.augmentation.pipeline:236] Chunk 2: Checkpointed augmentation 5/10 with type 'brightness' (250 frames)
2025-12-11 21:55:30 [INFO] [lib.augmentation.pipeline:236] Chunk 2: Checkpointed augmentation 6/10 with type 'gaussian_noise' (250 frames)
2025-12-11 21:55:42 [INFO] [lib.augmentation.pipeline:236] Chunk 2: Checkpointed augmentation 7/10 with type 'flip' (250 frames)
2025-12-11 21:55:57 [INFO] [lib.augmentation.pipeline:236] Chunk 2: Checkpointed augmentation 8/10 with type 'rotation' (250 frames)
2025-12-11 21:59:56 [INFO] [lib.augmentation.pipeline:236] Chunk 2: Checkpointed augmentation 9/10 with type 'affine' (250 frames)
2025-12-11 22:00:13 [INFO] [lib.augmentation.pipeline:236] Chunk 2: Checkpointed augmentation 10/10 with type 'contrast' (250 frames)
2025-12-11 22:00:13 [INFO] [lib.augmentation.pipeline:190] Processing chunk 3/6 (frames 500-749)
2025-12-11 22:00:16 [DEBUG] [lib.augmentation.io:94] Loaded 250 frames from video.mp4 (frames 500-749)
2025-12-11 22:00:34 [INFO] [lib.augmentation.pipeline:236] Chunk 3: Checkpointed augmentation 1/10 with type 'saturation' (250 frames)
2025-12-11 22:00:46 [INFO] [lib.augmentation.pipeline:236] Chunk 3: Checkpointed augmentation 2/10 with type 'elastic' (250 frames)
2025-12-11 22:01:06 [INFO] [lib.augmentation.pipeline:236] Chunk 3: Checkpointed augmentation 3/10 with type 'gaussian_blur' (250 frames)
2025-12-11 22:01:19 [INFO] [lib.augmentation.pipeline:236] Chunk 3: Checkpointed augmentation 4/10 with type 'cutout' (250 frames)
2025-12-11 22:01:39 [INFO] [lib.augmentation.pipeline:236] Chunk 3: Checkpointed augmentation 5/10 with type 'brightness' (250 frames)
2025-12-11 22:02:44 [INFO] [lib.augmentation.pipeline:236] Chunk 3: Checkpointed augmentation 6/10 with type 'gaussian_noise' (250 frames)
2025-12-11 22:02:59 [INFO] [lib.augmentation.pipeline:236] Chunk 3: Checkpointed augmentation 7/10 with type 'flip' (250 frames)
2025-12-11 22:03:16 [INFO] [lib.augmentation.pipeline:236] Chunk 3: Checkpointed augmentation 8/10 with type 'rotation' (250 frames)
2025-12-11 22:07:35 [INFO] [lib.augmentation.pipeline:236] Chunk 3: Checkpointed augmentation 9/10 with type 'affine' (250 frames)
2025-12-11 22:07:55 [INFO] [lib.augmentation.pipeline:236] Chunk 3: Checkpointed augmentation 10/10 with type 'contrast' (250 frames)
2025-12-11 22:07:56 [INFO] [lib.augmentation.pipeline:190] Processing chunk 4/6 (frames 750-999)
2025-12-11 22:07:59 [DEBUG] [lib.augmentation.io:94] Loaded 250 frames from video.mp4 (frames 750-999)
2025-12-11 22:08:17 [INFO] [lib.augmentation.pipeline:236] Chunk 4: Checkpointed augmentation 1/10 with type 'saturation' (250 frames)
2025-12-11 22:08:30 [INFO] [lib.augmentation.pipeline:236] Chunk 4: Checkpointed augmentation 2/10 with type 'elastic' (250 frames)
2025-12-11 22:08:50 [INFO] [lib.augmentation.pipeline:236] Chunk 4: Checkpointed augmentation 3/10 with type 'gaussian_blur' (250 frames)
2025-12-11 22:09:03 [INFO] [lib.augmentation.pipeline:236] Chunk 4: Checkpointed augmentation 4/10 with type 'cutout' (250 frames)
2025-12-11 22:09:23 [INFO] [lib.augmentation.pipeline:236] Chunk 4: Checkpointed augmentation 5/10 with type 'brightness' (250 frames)
2025-12-11 22:10:31 [INFO] [lib.augmentation.pipeline:236] Chunk 4: Checkpointed augmentation 6/10 with type 'gaussian_noise' (250 frames)
2025-12-11 22:10:46 [INFO] [lib.augmentation.pipeline:236] Chunk 4: Checkpointed augmentation 7/10 with type 'flip' (250 frames)
2025-12-11 22:11:03 [INFO] [lib.augmentation.pipeline:236] Chunk 4: Checkpointed augmentation 8/10 with type 'rotation' (250 frames)
2025-12-11 22:15:10 [INFO] [lib.augmentation.pipeline:236] Chunk 4: Checkpointed augmentation 9/10 with type 'affine' (250 frames)
2025-12-11 22:15:30 [INFO] [lib.augmentation.pipeline:236] Chunk 4: Checkpointed augmentation 10/10 with type 'contrast' (250 frames)
2025-12-11 22:15:30 [INFO] [lib.augmentation.pipeline:190] Processing chunk 5/6 (frames 1000-1249)
2025-12-11 22:15:34 [DEBUG] [lib.augmentation.io:94] Loaded 250 frames from video.mp4 (frames 1000-1249)
2025-12-11 22:15:47 [INFO] [lib.augmentation.pipeline:236] Chunk 5: Checkpointed augmentation 1/10 with type 'saturation' (250 frames)
2025-12-11 22:15:56 [INFO] [lib.augmentation.pipeline:236] Chunk 5: Checkpointed augmentation 2/10 with type 'elastic' (250 frames)
2025-12-11 22:16:13 [INFO] [lib.augmentation.pipeline:236] Chunk 5: Checkpointed augmentation 3/10 with type 'gaussian_blur' (250 frames)
2025-12-11 22:16:23 [INFO] [lib.augmentation.pipeline:236] Chunk 5: Checkpointed augmentation 4/10 with type 'cutout' (250 frames)
2025-12-11 22:16:38 [INFO] [lib.augmentation.pipeline:236] Chunk 5: Checkpointed augmentation 5/10 with type 'brightness' (250 frames)
2025-12-11 22:17:39 [INFO] [lib.augmentation.pipeline:236] Chunk 5: Checkpointed augmentation 6/10 with type 'gaussian_noise' (250 frames)
2025-12-11 22:17:50 [INFO] [lib.augmentation.pipeline:236] Chunk 5: Checkpointed augmentation 7/10 with type 'flip' (250 frames)
2025-12-11 22:18:03 [INFO] [lib.augmentation.pipeline:236] Chunk 5: Checkpointed augmentation 8/10 with type 'rotation' (250 frames)
2025-12-11 22:22:13 [INFO] [lib.augmentation.pipeline:236] Chunk 5: Checkpointed augmentation 9/10 with type 'affine' (250 frames)
2025-12-11 22:22:27 [INFO] [lib.augmentation.pipeline:236] Chunk 5: Checkpointed augmentation 10/10 with type 'contrast' (250 frames)
2025-12-11 22:22:27 [INFO] [lib.augmentation.pipeline:190] Processing chunk 6/6 (frames 1250-1326)
2025-12-11 22:22:31 [DEBUG] [lib.augmentation.io:94] Loaded 77 frames from video.mp4 (frames 1250-1326)
2025-12-11 22:22:34 [INFO] [lib.augmentation.pipeline:236] Chunk 6: Checkpointed augmentation 1/10 with type 'saturation' (77 frames)
2025-12-11 22:22:35 [INFO] [lib.augmentation.pipeline:236] Chunk 6: Checkpointed augmentation 2/10 with type 'elastic' (77 frames)
2025-12-11 22:22:39 [INFO] [lib.augmentation.pipeline:236] Chunk 6: Checkpointed augmentation 3/10 with type 'gaussian_blur' (77 frames)
2025-12-11 22:22:41 [INFO] [lib.augmentation.pipeline:236] Chunk 6: Checkpointed augmentation 4/10 with type 'cutout' (77 frames)
2025-12-11 22:22:45 [INFO] [lib.augmentation.pipeline:236] Chunk 6: Checkpointed augmentation 5/10 with type 'brightness' (77 frames)
2025-12-11 22:23:00 [INFO] [lib.augmentation.pipeline:236] Chunk 6: Checkpointed augmentation 6/10 with type 'gaussian_noise' (77 frames)
2025-12-11 22:23:02 [INFO] [lib.augmentation.pipeline:236] Chunk 6: Checkpointed augmentation 7/10 with type 'flip' (77 frames)
2025-12-11 22:23:06 [INFO] [lib.augmentation.pipeline:236] Chunk 6: Checkpointed augmentation 8/10 with type 'rotation' (77 frames)
2025-12-11 22:24:18 [INFO] [lib.augmentation.pipeline:236] Chunk 6: Checkpointed augmentation 9/10 with type 'affine' (77 frames)
2025-12-11 22:24:22 [INFO] [lib.augmentation.pipeline:236] Chunk 6: Checkpointed augmentation 10/10 with type 'contrast' (77 frames)
2025-12-11 22:24:23 [INFO] [lib.augmentation.pipeline:247] Stitching intermediate chunks together...
2025-12-11 22:25:27 [INFO] [lib.augmentation.pipeline:264] Stitched augmentation 1/10 into /gpfs/accounts/si670f25_class_root/si670f25_class/santoshd/fvc/data/augmented_videos/315546135255835_aug0.mp4 from 6 chunks
2025-12-11 22:26:20 [INFO] [lib.augmentation.pipeline:264] Stitched augmentation 2/10 into /gpfs/accounts/si670f25_class_root/si670f25_class/santoshd/fvc/data/augmented_videos/315546135255835_aug1.mp4 from 6 chunks
2025-12-11 22:27:16 [INFO] [lib.augmentation.pipeline:264] Stitched augmentation 3/10 into /gpfs/accounts/si670f25_class_root/si670f25_class/santoshd/fvc/data/augmented_videos/315546135255835_aug2.mp4 from 6 chunks
2025-12-11 22:28:11 [INFO] [lib.augmentation.pipeline:264] Stitched augmentation 4/10 into /gpfs/accounts/si670f25_class_root/si670f25_class/santoshd/fvc/data/augmented_videos/315546135255835_aug3.mp4 from 6 chunks
2025-12-11 22:29:34 [INFO] [lib.augmentation.pipeline:264] Stitched augmentation 5/10 into /gpfs/accounts/si670f25_class_root/si670f25_class/santoshd/fvc/data/augmented_videos/315546135255835_aug4.mp4 from 6 chunks
2025-12-11 22:31:06 [INFO] [lib.augmentation.pipeline:264] Stitched augmentation 6/10 into /gpfs/accounts/si670f25_class_root/si670f25_class/santoshd/fvc/data/augmented_videos/315546135255835_aug5.mp4 from 6 chunks
2025-12-11 22:32:08 [INFO] [lib.augmentation.pipeline:264] Stitched augmentation 7/10 into /gpfs/accounts/si670f25_class_root/si670f25_class/santoshd/fvc/data/augmented_videos/315546135255835_aug6.mp4 from 6 chunks
2025-12-11 22:33:21 [INFO] [lib.augmentation.pipeline:264] Stitched augmentation 8/10 into /gpfs/accounts/si670f25_class_root/si670f25_class/santoshd/fvc/data/augmented_videos/315546135255835_aug7.mp4 from 6 chunks
2025-12-11 22:34:33 [INFO] [lib.augmentation.pipeline:264] Stitched augmentation 9/10 into /gpfs/accounts/si670f25_class_root/si670f25_class/santoshd/fvc/data/augmented_videos/315546135255835_aug8.mp4 from 6 chunks
2025-12-11 22:35:47 [INFO] [lib.augmentation.pipeline:264] Stitched augmentation 10/10 into /gpfs/accounts/si670f25_class_root/si670f25_class/santoshd/fvc/data/augmented_videos/315546135255835_aug9.mp4 from 6 chunks
2025-12-11 22:35:47 [INFO] [lib.augmentation.pipeline:275] Cleaning up checkpoint files after successful stitching...
2025-12-11 22:35:47 [DEBUG] [lib.augmentation.pipeline:280] Deleted checkpoint directory: /gpfs/accounts/si670f25_class_root/si670f25_class/santoshd/fvc/data/augmented_videos/.checkpoints/315546135255835
2025-12-11 22:35:47 [INFO] [lib.augmentation.pipeline:294] Completed augmentation. Generated files: ['/gpfs/accounts/si670f25_class_root/si670f25_class/santoshd/fvc/data/augmented_videos/315546135255835_aug0.mp4', '/gpfs/accounts/si670f25_class_root/si670f25_class/santoshd/fvc/data/augmented_videos/315546135255835_aug1.mp4', '/gpfs/accounts/si670f25_class_root/si670f25_class/santoshd/fvc/data/augmented_videos/315546135255835_aug2.mp4', '/gpfs/accounts/si670f25_class_root/si670f25_class/santoshd/fvc/data/augmented_videos/315546135255835_aug3.mp4', '/gpfs/accounts/si670f25_class_root/si670f25_class/santoshd/fvc/data/augmented_videos/315546135255835_aug4.mp4', '/gpfs/accounts/si670f25_class_root/si670f25_class/santoshd/fvc/data/augmented_videos/315546135255835_aug5.mp4', '/gpfs/accounts/si670f25_class_root/si670f25_class/santoshd/fvc/data/augmented_videos/315546135255835_aug6.mp4', '/gpfs/accounts/si670f25_class_root/si670f25_class/santoshd/fvc/data/augmented_videos/315546135255835_aug7.mp4', '/gpfs/accounts/si670f25_class_root/si670f25_class/santoshd/fvc/data/augmented_videos/315546135255835_aug8.mp4', '/gpfs/accounts/si670f25_class_root/si670f25_class/santoshd/fvc/data/augmented_videos/315546135255835_aug9.mp4']
2025-12-11 22:35:47 [INFO] [lib.augmentation.pipeline:845] Generated 10 augmentations, saving metadata...
2025-12-11 22:35:47 [INFO] [lib.augmentation.pipeline:877] ✓ Augmentation 1/10 available at /gpfs/accounts/si670f25_class_root/si670f25_class/santoshd/fvc/data/augmented_videos/315546135255835_aug0.mp4
2025-12-11 22:35:47 [INFO] [lib.augmentation.pipeline:877] ✓ Augmentation 2/10 available at /gpfs/accounts/si670f25_class_root/si670f25_class/santoshd/fvc/data/augmented_videos/315546135255835_aug1.mp4
2025-12-11 22:35:47 [INFO] [lib.augmentation.pipeline:877] ✓ Augmentation 3/10 available at /gpfs/accounts/si670f25_class_root/si670f25_class/santoshd/fvc/data/augmented_videos/315546135255835_aug2.mp4
2025-12-11 22:35:47 [INFO] [lib.augmentation.pipeline:877] ✓ Augmentation 4/10 available at /gpfs/accounts/si670f25_class_root/si670f25_class/santoshd/fvc/data/augmented_videos/315546135255835_aug3.mp4
2025-12-11 22:35:47 [INFO] [lib.augmentation.pipeline:877] ✓ Augmentation 5/10 available at /gpfs/accounts/si670f25_class_root/si670f25_class/santoshd/fvc/data/augmented_videos/315546135255835_aug4.mp4
2025-12-11 22:35:47 [INFO] [lib.augmentation.pipeline:877] ✓ Augmentation 6/10 available at /gpfs/accounts/si670f25_class_root/si670f25_class/santoshd/fvc/data/augmented_videos/315546135255835_aug5.mp4
2025-12-11 22:35:47 [INFO] [lib.augmentation.pipeline:877] ✓ Augmentation 7/10 available at /gpfs/accounts/si670f25_class_root/si670f25_class/santoshd/fvc/data/augmented_videos/315546135255835_aug6.mp4
2025-12-11 22:35:47 [INFO] [lib.augmentation.pipeline:877] ✓ Augmentation 8/10 available at /gpfs/accounts/si670f25_class_root/si670f25_class/santoshd/fvc/data/augmented_videos/315546135255835_aug7.mp4
2025-12-11 22:35:47 [INFO] [lib.augmentation.pipeline:877] ✓ Augmentation 9/10 available at /gpfs/accounts/si670f25_class_root/si670f25_class/santoshd/fvc/data/augmented_videos/315546135255835_aug8.mp4
2025-12-11 22:35:47 [INFO] [lib.augmentation.pipeline:877] ✓ Augmentation 10/10 available at /gpfs/accounts/si670f25_class_root/si670f25_class/santoshd/fvc/data/augmented_videos/315546135255835_aug9.mp4
2025-12-11 22:35:47 [INFO] [lib.augmentation.pipeline:750] 
================================================================================
2025-12-11 22:35:47 [INFO] [lib.augmentation.pipeline:751] Stage 1: Processing video 2/3: video.mp4
2025-12-11 22:35:47 [INFO] [lib.augmentation.pipeline:752] ================================================================================
2025-12-11 22:35:47 [INFO] [lib.utils.memory:89] Memory stats (Stage 1: before video 2): {'cpu_memory_mb': 1720.50390625, 'cpu_memory_gb': 1.6801795959472656, 'cpu_vms_mb': 11899.90234375, 'gpu_allocated_gb': 0.0, 'gpu_reserved_gb': 0.0, 'gpu_total_gb': 0.0, 'gpu_free_gb': 0.0}
2025-12-11 22:35:47 [INFO] [lib.augmentation.pipeline:60] Loading video: /gpfs/accounts/si670f25_class_root/si670f25_class/santoshd/fvc/videos/FVC1/youtube/-Wgsj0ne_9M/video.mp4
2025-12-11 22:35:47 [INFO] [lib.augmentation.pipeline:80] Video has 1349 frames (fps: 29.97), processing in chunks of 250
2025-12-11 22:35:47 [INFO] [lib.augmentation.pipeline:107] Processing 6 chunk(s)
2025-12-11 22:35:47 [DEBUG] [lib.augmentation.pipeline:120] Using checkpoint directory for chunks: /gpfs/accounts/si670f25_class_root/si670f25_class/santoshd/fvc/data/augmented_videos/.checkpoints/-Wgsj0ne_9M
2025-12-11 22:35:47 [INFO] [lib.augmentation.pipeline:128] Checking for existing checkpoints...
2025-12-11 22:35:47 [INFO] [lib.augmentation.pipeline:190] Processing chunk 1/6 (frames 0-249)
2025-12-11 22:35:47 [DEBUG] [lib.augmentation.io:94] Loaded 250 frames from video.mp4 (frames 0-249)
2025-12-11 22:35:49 [INFO] [lib.augmentation.pipeline:236] Chunk 1: Checkpointed augmentation 1/10 with type 'flip' (250 frames)
2025-12-11 22:35:51 [INFO] [lib.augmentation.pipeline:236] Chunk 1: Checkpointed augmentation 2/10 with type 'elastic' (250 frames)
2025-12-11 22:35:54 [INFO] [lib.augmentation.pipeline:236] Chunk 1: Checkpointed augmentation 3/10 with type 'saturation' (250 frames)
2025-12-11 22:35:56 [INFO] [lib.augmentation.pipeline:236] Chunk 1: Checkpointed augmentation 4/10 with type 'contrast' (250 frames)
2025-12-11 22:35:58 [INFO] [lib.augmentation.pipeline:236] Chunk 1: Checkpointed augmentation 5/10 with type 'cutout' (250 frames)
2025-12-11 22:36:01 [INFO] [lib.augmentation.pipeline:236] Chunk 1: Checkpointed augmentation 6/10 with type 'rotation' (250 frames)
2025-12-11 22:36:03 [INFO] [lib.augmentation.pipeline:236] Chunk 1: Checkpointed augmentation 7/10 with type 'brightness' (250 frames)
2025-12-11 22:37:57 [INFO] [lib.augmentation.pipeline:236] Chunk 1: Checkpointed augmentation 8/10 with type 'affine' (250 frames)
2025-12-11 22:38:00 [INFO] [lib.augmentation.pipeline:236] Chunk 1: Checkpointed augmentation 9/10 with type 'gaussian_blur' (250 frames)
2025-12-11 22:38:07 [INFO] [lib.augmentation.pipeline:236] Chunk 1: Checkpointed augmentation 10/10 with type 'gaussian_noise' (250 frames)
2025-12-11 22:38:08 [INFO] [lib.augmentation.pipeline:190] Processing chunk 2/6 (frames 250-499)
2025-12-11 22:38:08 [DEBUG] [lib.augmentation.io:94] Loaded 250 frames from video.mp4 (frames 250-499)
2025-12-11 22:38:11 [INFO] [lib.augmentation.pipeline:236] Chunk 2: Checkpointed augmentation 1/10 with type 'flip' (250 frames)
2025-12-11 22:38:13 [INFO] [lib.augmentation.pipeline:236] Chunk 2: Checkpointed augmentation 2/10 with type 'elastic' (250 frames)
2025-12-11 22:38:15 [INFO] [lib.augmentation.pipeline:236] Chunk 2: Checkpointed augmentation 3/10 with type 'saturation' (250 frames)
2025-12-11 22:38:18 [INFO] [lib.augmentation.pipeline:236] Chunk 2: Checkpointed augmentation 4/10 with type 'contrast' (250 frames)
2025-12-11 22:38:21 [INFO] [lib.augmentation.pipeline:236] Chunk 2: Checkpointed augmentation 5/10 with type 'cutout' (250 frames)
2025-12-11 22:38:23 [INFO] [lib.augmentation.pipeline:236] Chunk 2: Checkpointed augmentation 6/10 with type 'rotation' (250 frames)
2025-12-11 22:38:26 [INFO] [lib.augmentation.pipeline:236] Chunk 2: Checkpointed augmentation 7/10 with type 'brightness' (250 frames)
2025-12-11 22:40:44 [INFO] [lib.augmentation.pipeline:236] Chunk 2: Checkpointed augmentation 8/10 with type 'affine' (250 frames)
2025-12-11 22:40:47 [INFO] [lib.augmentation.pipeline:236] Chunk 2: Checkpointed augmentation 9/10 with type 'gaussian_blur' (250 frames)
2025-12-11 22:40:54 [INFO] [lib.augmentation.pipeline:236] Chunk 2: Checkpointed augmentation 10/10 with type 'gaussian_noise' (250 frames)
2025-12-11 22:40:55 [INFO] [lib.augmentation.pipeline:190] Processing chunk 3/6 (frames 500-749)
2025-12-11 22:40:55 [DEBUG] [lib.augmentation.io:94] Loaded 250 frames from video.mp4 (frames 500-749)
2025-12-11 22:40:58 [INFO] [lib.augmentation.pipeline:236] Chunk 3: Checkpointed augmentation 1/10 with type 'flip' (250 frames)
2025-12-11 22:41:00 [INFO] [lib.augmentation.pipeline:236] Chunk 3: Checkpointed augmentation 2/10 with type 'elastic' (250 frames)
2025-12-11 22:41:02 [INFO] [lib.augmentation.pipeline:236] Chunk 3: Checkpointed augmentation 3/10 with type 'saturation' (250 frames)
2025-12-11 22:41:05 [INFO] [lib.augmentation.pipeline:236] Chunk 3: Checkpointed augmentation 4/10 with type 'contrast' (250 frames)
2025-12-11 22:41:08 [INFO] [lib.augmentation.pipeline:236] Chunk 3: Checkpointed augmentation 5/10 with type 'cutout' (250 frames)
2025-12-11 22:41:10 [INFO] [lib.augmentation.pipeline:236] Chunk 3: Checkpointed augmentation 6/10 with type 'rotation' (250 frames)
2025-12-11 22:41:13 [INFO] [lib.augmentation.pipeline:236] Chunk 3: Checkpointed augmentation 7/10 with type 'brightness' (250 frames)
2025-12-11 22:43:15 [INFO] [lib.augmentation.pipeline:236] Chunk 3: Checkpointed augmentation 8/10 with type 'affine' (250 frames)
2025-12-11 22:43:18 [INFO] [lib.augmentation.pipeline:236] Chunk 3: Checkpointed augmentation 9/10 with type 'gaussian_blur' (250 frames)
2025-12-11 22:43:26 [INFO] [lib.augmentation.pipeline:236] Chunk 3: Checkpointed augmentation 10/10 with type 'gaussian_noise' (250 frames)
2025-12-11 22:43:26 [INFO] [lib.augmentation.pipeline:190] Processing chunk 4/6 (frames 750-999)
2025-12-11 22:43:27 [DEBUG] [lib.augmentation.io:94] Loaded 250 frames from video.mp4 (frames 750-999)
2025-12-11 22:43:29 [INFO] [lib.augmentation.pipeline:236] Chunk 4: Checkpointed augmentation 1/10 with type 'flip' (250 frames)
2025-12-11 22:43:31 [INFO] [lib.augmentation.pipeline:236] Chunk 4: Checkpointed augmentation 2/10 with type 'elastic' (250 frames)
2025-12-11 22:43:34 [INFO] [lib.augmentation.pipeline:236] Chunk 4: Checkpointed augmentation 3/10 with type 'saturation' (250 frames)
2025-12-11 22:43:37 [INFO] [lib.augmentation.pipeline:236] Chunk 4: Checkpointed augmentation 4/10 with type 'contrast' (250 frames)
2025-12-11 22:43:39 [INFO] [lib.augmentation.pipeline:236] Chunk 4: Checkpointed augmentation 5/10 with type 'cutout' (250 frames)
2025-12-11 22:43:42 [INFO] [lib.augmentation.pipeline:236] Chunk 4: Checkpointed augmentation 6/10 with type 'rotation' (250 frames)
2025-12-11 22:43:45 [INFO] [lib.augmentation.pipeline:236] Chunk 4: Checkpointed augmentation 7/10 with type 'brightness' (250 frames)
2025-12-11 22:45:38 [INFO] [lib.augmentation.pipeline:236] Chunk 4: Checkpointed augmentation 8/10 with type 'affine' (250 frames)
2025-12-11 22:45:41 [INFO] [lib.augmentation.pipeline:236] Chunk 4: Checkpointed augmentation 9/10 with type 'gaussian_blur' (250 frames)
2025-12-11 22:45:48 [INFO] [lib.augmentation.pipeline:236] Chunk 4: Checkpointed augmentation 10/10 with type 'gaussian_noise' (250 frames)
2025-12-11 22:45:49 [INFO] [lib.augmentation.pipeline:190] Processing chunk 5/6 (frames 1000-1249)
2025-12-11 22:45:49 [DEBUG] [lib.augmentation.io:94] Loaded 250 frames from video.mp4 (frames 1000-1249)
2025-12-11 22:45:52 [INFO] [lib.augmentation.pipeline:236] Chunk 5: Checkpointed augmentation 1/10 with type 'flip' (250 frames)
2025-12-11 22:45:54 [INFO] [lib.augmentation.pipeline:236] Chunk 5: Checkpointed augmentation 2/10 with type 'elastic' (250 frames)
2025-12-11 22:45:57 [INFO] [lib.augmentation.pipeline:236] Chunk 5: Checkpointed augmentation 3/10 with type 'saturation' (250 frames)
2025-12-11 22:45:59 [INFO] [lib.augmentation.pipeline:236] Chunk 5: Checkpointed augmentation 4/10 with type 'contrast' (250 frames)
2025-12-11 22:46:02 [INFO] [lib.augmentation.pipeline:236] Chunk 5: Checkpointed augmentation 5/10 with type 'cutout' (250 frames)
2025-12-11 22:46:05 [INFO] [lib.augmentation.pipeline:236] Chunk 5: Checkpointed augmentation 6/10 with type 'rotation' (250 frames)
2025-12-11 22:46:07 [INFO] [lib.augmentation.pipeline:236] Chunk 5: Checkpointed augmentation 7/10 with type 'brightness' (250 frames)
2025-12-11 22:48:05 [INFO] [lib.augmentation.pipeline:236] Chunk 5: Checkpointed augmentation 8/10 with type 'affine' (250 frames)
2025-12-11 22:48:08 [INFO] [lib.augmentation.pipeline:236] Chunk 5: Checkpointed augmentation 9/10 with type 'gaussian_blur' (250 frames)
2025-12-11 22:48:16 [INFO] [lib.augmentation.pipeline:236] Chunk 5: Checkpointed augmentation 10/10 with type 'gaussian_noise' (250 frames)
2025-12-11 22:48:16 [INFO] [lib.augmentation.pipeline:190] Processing chunk 6/6 (frames 1250-1348)
2025-12-11 22:48:17 [DEBUG] [lib.augmentation.io:94] Loaded 99 frames from video.mp4 (frames 1250-1348)
2025-12-11 22:48:18 [INFO] [lib.augmentation.pipeline:236] Chunk 6: Checkpointed augmentation 1/10 with type 'flip' (99 frames)
2025-12-11 22:48:19 [INFO] [lib.augmentation.pipeline:236] Chunk 6: Checkpointed augmentation 2/10 with type 'elastic' (99 frames)
2025-12-11 22:48:20 [INFO] [lib.augmentation.pipeline:236] Chunk 6: Checkpointed augmentation 3/10 with type 'saturation' (99 frames)
2025-12-11 22:48:21 [INFO] [lib.augmentation.pipeline:236] Chunk 6: Checkpointed augmentation 4/10 with type 'contrast' (99 frames)
2025-12-11 22:48:22 [INFO] [lib.augmentation.pipeline:236] Chunk 6: Checkpointed augmentation 5/10 with type 'cutout' (99 frames)
2025-12-11 22:48:23 [INFO] [lib.augmentation.pipeline:236] Chunk 6: Checkpointed augmentation 6/10 with type 'rotation' (99 frames)
2025-12-11 22:48:25 [INFO] [lib.augmentation.pipeline:236] Chunk 6: Checkpointed augmentation 7/10 with type 'brightness' (99 frames)
2025-12-11 22:49:14 [INFO] [lib.augmentation.pipeline:236] Chunk 6: Checkpointed augmentation 8/10 with type 'affine' (99 frames)
2025-12-11 22:49:15 [INFO] [lib.augmentation.pipeline:236] Chunk 6: Checkpointed augmentation 9/10 with type 'gaussian_blur' (99 frames)
2025-12-11 22:49:19 [INFO] [lib.augmentation.pipeline:236] Chunk 6: Checkpointed augmentation 10/10 with type 'gaussian_noise' (99 frames)
2025-12-11 22:49:19 [INFO] [lib.augmentation.pipeline:247] Stitching intermediate chunks together...
2025-12-11 22:49:28 [INFO] [lib.augmentation.pipeline:264] Stitched augmentation 1/10 into /gpfs/accounts/si670f25_class_root/si670f25_class/santoshd/fvc/data/augmented_videos/-Wgsj0ne_9M_aug0.mp4 from 6 chunks
2025-12-11 22:49:36 [INFO] [lib.augmentation.pipeline:264] Stitched augmentation 2/10 into /gpfs/accounts/si670f25_class_root/si670f25_class/santoshd/fvc/data/augmented_videos/-Wgsj0ne_9M_aug1.mp4 from 6 chunks
2025-12-11 22:49:44 [INFO] [lib.augmentation.pipeline:264] Stitched augmentation 3/10 into /gpfs/accounts/si670f25_class_root/si670f25_class/santoshd/fvc/data/augmented_videos/-Wgsj0ne_9M_aug2.mp4 from 6 chunks
2025-12-11 22:49:54 [INFO] [lib.augmentation.pipeline:264] Stitched augmentation 4/10 into /gpfs/accounts/si670f25_class_root/si670f25_class/santoshd/fvc/data/augmented_videos/-Wgsj0ne_9M_aug3.mp4 from 6 chunks
2025-12-11 22:50:03 [INFO] [lib.augmentation.pipeline:264] Stitched augmentation 5/10 into /gpfs/accounts/si670f25_class_root/si670f25_class/santoshd/fvc/data/augmented_videos/-Wgsj0ne_9M_aug4.mp4 from 6 chunks
2025-12-11 22:50:13 [INFO] [lib.augmentation.pipeline:264] Stitched augmentation 6/10 into /gpfs/accounts/si670f25_class_root/si670f25_class/santoshd/fvc/data/augmented_videos/-Wgsj0ne_9M_aug5.mp4 from 6 chunks
2025-12-11 22:50:24 [INFO] [lib.augmentation.pipeline:264] Stitched augmentation 7/10 into /gpfs/accounts/si670f25_class_root/si670f25_class/santoshd/fvc/data/augmented_videos/-Wgsj0ne_9M_aug6.mp4 from 6 chunks
2025-12-11 22:50:33 [INFO] [lib.augmentation.pipeline:264] Stitched augmentation 8/10 into /gpfs/accounts/si670f25_class_root/si670f25_class/santoshd/fvc/data/augmented_videos/-Wgsj0ne_9M_aug7.mp4 from 6 chunks
2025-12-11 22:50:41 [INFO] [lib.augmentation.pipeline:264] Stitched augmentation 9/10 into /gpfs/accounts/si670f25_class_root/si670f25_class/santoshd/fvc/data/augmented_videos/-Wgsj0ne_9M_aug8.mp4 from 6 chunks
2025-12-11 22:50:53 [INFO] [lib.augmentation.pipeline:264] Stitched augmentation 10/10 into /gpfs/accounts/si670f25_class_root/si670f25_class/santoshd/fvc/data/augmented_videos/-Wgsj0ne_9M_aug9.mp4 from 6 chunks
2025-12-11 22:50:53 [INFO] [lib.augmentation.pipeline:275] Cleaning up checkpoint files after successful stitching...
2025-12-11 22:50:53 [DEBUG] [lib.augmentation.pipeline:280] Deleted checkpoint directory: /gpfs/accounts/si670f25_class_root/si670f25_class/santoshd/fvc/data/augmented_videos/.checkpoints/-Wgsj0ne_9M
2025-12-11 22:50:53 [INFO] [lib.augmentation.pipeline:294] Completed augmentation. Generated files: ['/gpfs/accounts/si670f25_class_root/si670f25_class/santoshd/fvc/data/augmented_videos/-Wgsj0ne_9M_aug0.mp4', '/gpfs/accounts/si670f25_class_root/si670f25_class/santoshd/fvc/data/augmented_videos/-Wgsj0ne_9M_aug1.mp4', '/gpfs/accounts/si670f25_class_root/si670f25_class/santoshd/fvc/data/augmented_videos/-Wgsj0ne_9M_aug2.mp4', '/gpfs/accounts/si670f25_class_root/si670f25_class/santoshd/fvc/data/augmented_videos/-Wgsj0ne_9M_aug3.mp4', '/gpfs/accounts/si670f25_class_root/si670f25_class/santoshd/fvc/data/augmented_videos/-Wgsj0ne_9M_aug4.mp4', '/gpfs/accounts/si670f25_class_root/si670f25_class/santoshd/fvc/data/augmented_videos/-Wgsj0ne_9M_aug5.mp4', '/gpfs/accounts/si670f25_class_root/si670f25_class/santoshd/fvc/data/augmented_videos/-Wgsj0ne_9M_aug6.mp4', '/gpfs/accounts/si670f25_class_root/si670f25_class/santoshd/fvc/data/augmented_videos/-Wgsj0ne_9M_aug7.mp4', '/gpfs/accounts/si670f25_class_root/si670f25_class/santoshd/fvc/data/augmented_videos/-Wgsj0ne_9M_aug8.mp4', '/gpfs/accounts/si670f25_class_root/si670f25_class/santoshd/fvc/data/augmented_videos/-Wgsj0ne_9M_aug9.mp4']
2025-12-11 22:50:53 [INFO] [lib.augmentation.pipeline:845] Generated 10 augmentations, saving metadata...
2025-12-11 22:50:53 [INFO] [lib.augmentation.pipeline:877] ✓ Augmentation 1/10 available at /gpfs/accounts/si670f25_class_root/si670f25_class/santoshd/fvc/data/augmented_videos/-Wgsj0ne_9M_aug0.mp4
2025-12-11 22:50:53 [INFO] [lib.augmentation.pipeline:877] ✓ Augmentation 2/10 available at /gpfs/accounts/si670f25_class_root/si670f25_class/santoshd/fvc/data/augmented_videos/-Wgsj0ne_9M_aug1.mp4
2025-12-11 22:50:53 [INFO] [lib.augmentation.pipeline:877] ✓ Augmentation 3/10 available at /gpfs/accounts/si670f25_class_root/si670f25_class/santoshd/fvc/data/augmented_videos/-Wgsj0ne_9M_aug2.mp4
2025-12-11 22:50:53 [INFO] [lib.augmentation.pipeline:877] ✓ Augmentation 4/10 available at /gpfs/accounts/si670f25_class_root/si670f25_class/santoshd/fvc/data/augmented_videos/-Wgsj0ne_9M_aug3.mp4
2025-12-11 22:50:53 [INFO] [lib.augmentation.pipeline:877] ✓ Augmentation 5/10 available at /gpfs/accounts/si670f25_class_root/si670f25_class/santoshd/fvc/data/augmented_videos/-Wgsj0ne_9M_aug4.mp4
2025-12-11 22:50:53 [INFO] [lib.augmentation.pipeline:877] ✓ Augmentation 6/10 available at /gpfs/accounts/si670f25_class_root/si670f25_class/santoshd/fvc/data/augmented_videos/-Wgsj0ne_9M_aug5.mp4
2025-12-11 22:50:53 [INFO] [lib.augmentation.pipeline:877] ✓ Augmentation 7/10 available at /gpfs/accounts/si670f25_class_root/si670f25_class/santoshd/fvc/data/augmented_videos/-Wgsj0ne_9M_aug6.mp4
2025-12-11 22:50:53 [INFO] [lib.augmentation.pipeline:877] ✓ Augmentation 8/10 available at /gpfs/accounts/si670f25_class_root/si670f25_class/santoshd/fvc/data/augmented_videos/-Wgsj0ne_9M_aug7.mp4
2025-12-11 22:50:53 [INFO] [lib.augmentation.pipeline:877] ✓ Augmentation 9/10 available at /gpfs/accounts/si670f25_class_root/si670f25_class/santoshd/fvc/data/augmented_videos/-Wgsj0ne_9M_aug8.mp4
2025-12-11 22:50:53 [INFO] [lib.augmentation.pipeline:877] ✓ Augmentation 10/10 available at /gpfs/accounts/si670f25_class_root/si670f25_class/santoshd/fvc/data/augmented_videos/-Wgsj0ne_9M_aug9.mp4
2025-12-11 22:50:53 [INFO] [lib.augmentation.pipeline:750] 
================================================================================
2025-12-11 22:50:53 [INFO] [lib.augmentation.pipeline:751] Stage 1: Processing video 3/3: video.mp4
2025-12-11 22:50:53 [INFO] [lib.augmentation.pipeline:752] ================================================================================
2025-12-11 22:50:53 [INFO] [lib.utils.memory:89] Memory stats (Stage 1: before video 3): {'cpu_memory_mb': 1720.59375, 'cpu_memory_gb': 1.680267333984375, 'cpu_vms_mb': 11899.90234375, 'gpu_allocated_gb': 0.0, 'gpu_reserved_gb': 0.0, 'gpu_total_gb': 0.0, 'gpu_free_gb': 0.0}
2025-12-11 22:50:53 [INFO] [lib.augmentation.pipeline:60] Loading video: /gpfs/accounts/si670f25_class_root/si670f25_class/santoshd/fvc/videos/FVC2/164084910662284/video.mp4
2025-12-11 22:50:53 [INFO] [lib.augmentation.pipeline:80] Video has 3484 frames (fps: 29.90), processing in chunks of 250
2025-12-11 22:50:53 [INFO] [lib.augmentation.pipeline:107] Processing 14 chunk(s)
2025-12-11 22:50:53 [DEBUG] [lib.augmentation.pipeline:120] Using checkpoint directory for chunks: /gpfs/accounts/si670f25_class_root/si670f25_class/santoshd/fvc/data/augmented_videos/.checkpoints/164084910662284
2025-12-11 22:50:53 [INFO] [lib.augmentation.pipeline:128] Checking for existing checkpoints...
2025-12-11 22:50:53 [INFO] [lib.augmentation.pipeline:190] Processing chunk 1/14 (frames 0-249)
2025-12-11 22:50:53 [DEBUG] [lib.augmentation.io:94] Loaded 250 frames from video.mp4 (frames 0-249)
2025-12-11 22:50:55 [INFO] [lib.augmentation.pipeline:236] Chunk 1: Checkpointed augmentation 1/10 with type 'elastic' (250 frames)
2025-12-11 22:50:57 [INFO] [lib.augmentation.pipeline:236] Chunk 1: Checkpointed augmentation 2/10 with type 'contrast' (250 frames)
2025-12-11 22:51:04 [INFO] [lib.augmentation.pipeline:236] Chunk 1: Checkpointed augmentation 3/10 with type 'gaussian_noise' (250 frames)
2025-12-11 22:51:06 [INFO] [lib.augmentation.pipeline:236] Chunk 1: Checkpointed augmentation 4/10 with type 'cutout' (250 frames)
2025-12-11 22:51:08 [INFO] [lib.augmentation.pipeline:236] Chunk 1: Checkpointed augmentation 5/10 with type 'flip' (250 frames)
2025-12-11 22:53:05 [INFO] [lib.augmentation.pipeline:236] Chunk 1: Checkpointed augmentation 6/10 with type 'affine' (250 frames)
2025-12-11 22:53:07 [INFO] [lib.augmentation.pipeline:236] Chunk 1: Checkpointed augmentation 7/10 with type 'brightness' (250 frames)
2025-12-11 22:53:09 [INFO] [lib.augmentation.pipeline:236] Chunk 1: Checkpointed augmentation 8/10 with type 'rotation' (250 frames)
2025-12-11 22:53:11 [INFO] [lib.augmentation.pipeline:236] Chunk 1: Checkpointed augmentation 9/10 with type 'gaussian_blur' (250 frames)
2025-12-11 22:53:13 [INFO] [lib.augmentation.pipeline:236] Chunk 1: Checkpointed augmentation 10/10 with type 'saturation' (250 frames)
2025-12-11 22:53:14 [INFO] [lib.augmentation.pipeline:190] Processing chunk 2/14 (frames 250-499)
2025-12-11 22:53:14 [DEBUG] [lib.augmentation.io:94] Loaded 250 frames from video.mp4 (frames 250-499)
2025-12-11 22:53:15 [INFO] [lib.augmentation.pipeline:236] Chunk 2: Checkpointed augmentation 1/10 with type 'elastic' (250 frames)
2025-12-11 22:53:18 [INFO] [lib.augmentation.pipeline:236] Chunk 2: Checkpointed augmentation 2/10 with type 'contrast' (250 frames)
2025-12-11 22:53:25 [INFO] [lib.augmentation.pipeline:236] Chunk 2: Checkpointed augmentation 3/10 with type 'gaussian_noise' (250 frames)
2025-12-11 22:53:26 [INFO] [lib.augmentation.pipeline:236] Chunk 2: Checkpointed augmentation 4/10 with type 'cutout' (250 frames)
2025-12-11 22:53:28 [INFO] [lib.augmentation.pipeline:236] Chunk 2: Checkpointed augmentation 5/10 with type 'flip' (250 frames)
2025-12-11 22:55:15 [INFO] [lib.augmentation.pipeline:236] Chunk 2: Checkpointed augmentation 6/10 with type 'affine' (250 frames)
2025-12-11 22:55:18 [INFO] [lib.augmentation.pipeline:236] Chunk 2: Checkpointed augmentation 7/10 with type 'brightness' (250 frames)
2025-12-11 22:55:20 [INFO] [lib.augmentation.pipeline:236] Chunk 2: Checkpointed augmentation 8/10 with type 'rotation' (250 frames)
2025-12-11 22:55:22 [INFO] [lib.augmentation.pipeline:236] Chunk 2: Checkpointed augmentation 9/10 with type 'gaussian_blur' (250 frames)
2025-12-11 22:55:24 [INFO] [lib.augmentation.pipeline:236] Chunk 2: Checkpointed augmentation 10/10 with type 'saturation' (250 frames)
2025-12-11 22:55:25 [INFO] [lib.augmentation.pipeline:190] Processing chunk 3/14 (frames 500-749)
2025-12-11 22:55:25 [DEBUG] [lib.augmentation.io:94] Loaded 250 frames from video.mp4 (frames 500-749)
2025-12-11 22:55:26 [INFO] [lib.augmentation.pipeline:236] Chunk 3: Checkpointed augmentation 1/10 with type 'elastic' (250 frames)
2025-12-11 22:55:29 [INFO] [lib.augmentation.pipeline:236] Chunk 3: Checkpointed augmentation 2/10 with type 'contrast' (250 frames)
2025-12-11 22:55:36 [INFO] [lib.augmentation.pipeline:236] Chunk 3: Checkpointed augmentation 3/10 with type 'gaussian_noise' (250 frames)
2025-12-11 22:55:38 [INFO] [lib.augmentation.pipeline:236] Chunk 3: Checkpointed augmentation 4/10 with type 'cutout' (250 frames)
2025-12-11 22:55:40 [INFO] [lib.augmentation.pipeline:236] Chunk 3: Checkpointed augmentation 5/10 with type 'flip' (250 frames)
2025-12-11 22:57:20 [INFO] [lib.augmentation.pipeline:236] Chunk 3: Checkpointed augmentation 6/10 with type 'affine' (250 frames)
2025-12-11 22:57:23 [INFO] [lib.augmentation.pipeline:236] Chunk 3: Checkpointed augmentation 7/10 with type 'brightness' (250 frames)
2025-12-11 22:57:25 [INFO] [lib.augmentation.pipeline:236] Chunk 3: Checkpointed augmentation 8/10 with type 'rotation' (250 frames)
2025-12-11 22:57:27 [INFO] [lib.augmentation.pipeline:236] Chunk 3: Checkpointed augmentation 9/10 with type 'gaussian_blur' (250 frames)
2025-12-11 22:57:29 [INFO] [lib.augmentation.pipeline:236] Chunk 3: Checkpointed augmentation 10/10 with type 'saturation' (250 frames)
2025-12-11 22:57:29 [INFO] [lib.augmentation.pipeline:190] Processing chunk 4/14 (frames 750-999)
2025-12-11 22:57:29 [DEBUG] [lib.augmentation.io:94] Loaded 250 frames from video.mp4 (frames 750-999)
2025-12-11 22:57:31 [INFO] [lib.augmentation.pipeline:236] Chunk 4: Checkpointed augmentation 1/10 with type 'elastic' (250 frames)
2025-12-11 22:57:33 [INFO] [lib.augmentation.pipeline:236] Chunk 4: Checkpointed augmentation 2/10 with type 'contrast' (250 frames)
2025-12-11 22:57:40 [INFO] [lib.augmentation.pipeline:236] Chunk 4: Checkpointed augmentation 3/10 with type 'gaussian_noise' (250 frames)
2025-12-11 22:57:42 [INFO] [lib.augmentation.pipeline:236] Chunk 4: Checkpointed augmentation 4/10 with type 'cutout' (250 frames)
2025-12-11 22:57:44 [INFO] [lib.augmentation.pipeline:236] Chunk 4: Checkpointed augmentation 5/10 with type 'flip' (250 frames)
2025-12-11 22:59:33 [INFO] [lib.augmentation.pipeline:236] Chunk 4: Checkpointed augmentation 6/10 with type 'affine' (250 frames)
2025-12-11 22:59:35 [INFO] [lib.augmentation.pipeline:236] Chunk 4: Checkpointed augmentation 7/10 with type 'brightness' (250 frames)
2025-12-11 22:59:38 [INFO] [lib.augmentation.pipeline:236] Chunk 4: Checkpointed augmentation 8/10 with type 'rotation' (250 frames)
2025-12-11 22:59:40 [INFO] [lib.augmentation.pipeline:236] Chunk 4: Checkpointed augmentation 9/10 with type 'gaussian_blur' (250 frames)
2025-12-11 22:59:42 [INFO] [lib.augmentation.pipeline:236] Chunk 4: Checkpointed augmentation 10/10 with type 'saturation' (250 frames)
2025-12-11 22:59:42 [INFO] [lib.augmentation.pipeline:190] Processing chunk 5/14 (frames 1000-1249)
2025-12-11 22:59:42 [DEBUG] [lib.augmentation.io:94] Loaded 250 frames from video.mp4 (frames 1000-1249)
2025-12-11 22:59:44 [INFO] [lib.augmentation.pipeline:236] Chunk 5: Checkpointed augmentation 1/10 with type 'elastic' (250 frames)
2025-12-11 22:59:46 [INFO] [lib.augmentation.pipeline:236] Chunk 5: Checkpointed augmentation 2/10 with type 'contrast' (250 frames)
2025-12-11 22:59:53 [INFO] [lib.augmentation.pipeline:236] Chunk 5: Checkpointed augmentation 3/10 with type 'gaussian_noise' (250 frames)
2025-12-11 22:59:55 [INFO] [lib.augmentation.pipeline:236] Chunk 5: Checkpointed augmentation 4/10 with type 'cutout' (250 frames)
2025-12-11 22:59:57 [INFO] [lib.augmentation.pipeline:236] Chunk 5: Checkpointed augmentation 5/10 with type 'flip' (250 frames)
2025-12-11 23:01:46 [INFO] [lib.augmentation.pipeline:236] Chunk 5: Checkpointed augmentation 6/10 with type 'affine' (250 frames)
2025-12-11 23:01:49 [INFO] [lib.augmentation.pipeline:236] Chunk 5: Checkpointed augmentation 7/10 with type 'brightness' (250 frames)
2025-12-11 23:01:51 [INFO] [lib.augmentation.pipeline:236] Chunk 5: Checkpointed augmentation 8/10 with type 'rotation' (250 frames)
2025-12-11 23:01:53 [INFO] [lib.augmentation.pipeline:236] Chunk 5: Checkpointed augmentation 9/10 with type 'gaussian_blur' (250 frames)
2025-12-11 23:01:55 [INFO] [lib.augmentation.pipeline:236] Chunk 5: Checkpointed augmentation 10/10 with type 'saturation' (250 frames)
2025-12-11 23:01:55 [INFO] [lib.augmentation.pipeline:190] Processing chunk 6/14 (frames 1250-1499)
2025-12-11 23:01:55 [DEBUG] [lib.augmentation.io:94] Loaded 250 frames from video.mp4 (frames 1250-1499)
2025-12-11 23:01:57 [INFO] [lib.augmentation.pipeline:236] Chunk 6: Checkpointed augmentation 1/10 with type 'elastic' (250 frames)
2025-12-11 23:01:59 [INFO] [lib.augmentation.pipeline:236] Chunk 6: Checkpointed augmentation 2/10 with type 'contrast' (250 frames)
2025-12-11 23:02:06 [INFO] [lib.augmentation.pipeline:236] Chunk 6: Checkpointed augmentation 3/10 with type 'gaussian_noise' (250 frames)
2025-12-11 23:02:08 [INFO] [lib.augmentation.pipeline:236] Chunk 6: Checkpointed augmentation 4/10 with type 'cutout' (250 frames)
2025-12-11 23:02:10 [INFO] [lib.augmentation.pipeline:236] Chunk 6: Checkpointed augmentation 5/10 with type 'flip' (250 frames)
2025-12-11 23:03:50 [INFO] [lib.augmentation.pipeline:236] Chunk 6: Checkpointed augmentation 6/10 with type 'affine' (250 frames)
2025-12-11 23:03:52 [INFO] [lib.augmentation.pipeline:236] Chunk 6: Checkpointed augmentation 7/10 with type 'brightness' (250 frames)
2025-12-11 23:03:54 [INFO] [lib.augmentation.pipeline:236] Chunk 6: Checkpointed augmentation 8/10 with type 'rotation' (250 frames)
2025-12-11 23:03:56 [INFO] [lib.augmentation.pipeline:236] Chunk 6: Checkpointed augmentation 9/10 with type 'gaussian_blur' (250 frames)
2025-12-11 23:03:58 [INFO] [lib.augmentation.pipeline:236] Chunk 6: Checkpointed augmentation 10/10 with type 'saturation' (250 frames)
2025-12-11 23:03:58 [INFO] [lib.augmentation.pipeline:190] Processing chunk 7/14 (frames 1500-1749)
2025-12-11 23:03:59 [DEBUG] [lib.augmentation.io:94] Loaded 250 frames from video.mp4 (frames 1500-1749)
2025-12-11 23:04:00 [INFO] [lib.augmentation.pipeline:236] Chunk 7: Checkpointed augmentation 1/10 with type 'elastic' (250 frames)
2025-12-11 23:04:03 [INFO] [lib.augmentation.pipeline:236] Chunk 7: Checkpointed augmentation 2/10 with type 'contrast' (250 frames)
2025-12-11 23:04:09 [INFO] [lib.augmentation.pipeline:236] Chunk 7: Checkpointed augmentation 3/10 with type 'gaussian_noise' (250 frames)
2025-12-11 23:04:11 [INFO] [lib.augmentation.pipeline:236] Chunk 7: Checkpointed augmentation 4/10 with type 'cutout' (250 frames)
2025-12-11 23:04:13 [INFO] [lib.augmentation.pipeline:236] Chunk 7: Checkpointed augmentation 5/10 with type 'flip' (250 frames)
2025-12-11 23:05:54 [INFO] [lib.augmentation.pipeline:236] Chunk 7: Checkpointed augmentation 6/10 with type 'affine' (250 frames)
2025-12-11 23:05:56 [INFO] [lib.augmentation.pipeline:236] Chunk 7: Checkpointed augmentation 7/10 with type 'brightness' (250 frames)
2025-12-11 23:05:59 [INFO] [lib.augmentation.pipeline:236] Chunk 7: Checkpointed augmentation 8/10 with type 'rotation' (250 frames)
2025-12-11 23:06:01 [INFO] [lib.augmentation.pipeline:236] Chunk 7: Checkpointed augmentation 9/10 with type 'gaussian_blur' (250 frames)
2025-12-11 23:06:03 [INFO] [lib.augmentation.pipeline:236] Chunk 7: Checkpointed augmentation 10/10 with type 'saturation' (250 frames)
2025-12-11 23:06:03 [INFO] [lib.augmentation.pipeline:190] Processing chunk 8/14 (frames 1750-1999)
2025-12-11 23:06:04 [DEBUG] [lib.augmentation.io:94] Loaded 250 frames from video.mp4 (frames 1750-1999)
2025-12-11 23:06:06 [INFO] [lib.augmentation.pipeline:236] Chunk 8: Checkpointed augmentation 1/10 with type 'elastic' (250 frames)
2025-12-11 23:06:08 [INFO] [lib.augmentation.pipeline:236] Chunk 8: Checkpointed augmentation 2/10 with type 'contrast' (250 frames)
2025-12-11 23:06:15 [INFO] [lib.augmentation.pipeline:236] Chunk 8: Checkpointed augmentation 3/10 with type 'gaussian_noise' (250 frames)
2025-12-11 23:06:17 [INFO] [lib.augmentation.pipeline:236] Chunk 8: Checkpointed augmentation 4/10 with type 'cutout' (250 frames)
2025-12-11 23:06:19 [INFO] [lib.augmentation.pipeline:236] Chunk 8: Checkpointed augmentation 5/10 with type 'flip' (250 frames)
2025-12-11 23:08:09 [INFO] [lib.augmentation.pipeline:236] Chunk 8: Checkpointed augmentation 6/10 with type 'affine' (250 frames)
2025-12-11 23:08:12 [INFO] [lib.augmentation.pipeline:236] Chunk 8: Checkpointed augmentation 7/10 with type 'brightness' (250 frames)
2025-12-11 23:08:14 [INFO] [lib.augmentation.pipeline:236] Chunk 8: Checkpointed augmentation 8/10 with type 'rotation' (250 frames)
2025-12-11 23:08:16 [INFO] [lib.augmentation.pipeline:236] Chunk 8: Checkpointed augmentation 9/10 with type 'gaussian_blur' (250 frames)
2025-12-11 23:08:18 [INFO] [lib.augmentation.pipeline:236] Chunk 8: Checkpointed augmentation 10/10 with type 'saturation' (250 frames)
2025-12-11 23:08:19 [INFO] [lib.augmentation.pipeline:190] Processing chunk 9/14 (frames 2000-2249)
2025-12-11 23:08:19 [DEBUG] [lib.augmentation.io:94] Loaded 250 frames from video.mp4 (frames 2000-2249)
2025-12-11 23:08:21 [INFO] [lib.augmentation.pipeline:236] Chunk 9: Checkpointed augmentation 1/10 with type 'elastic' (250 frames)
2025-12-11 23:08:23 [INFO] [lib.augmentation.pipeline:236] Chunk 9: Checkpointed augmentation 2/10 with type 'contrast' (250 frames)
2025-12-11 23:08:30 [INFO] [lib.augmentation.pipeline:236] Chunk 9: Checkpointed augmentation 3/10 with type 'gaussian_noise' (250 frames)
2025-12-11 23:08:32 [INFO] [lib.augmentation.pipeline:236] Chunk 9: Checkpointed augmentation 4/10 with type 'cutout' (250 frames)
2025-12-11 23:08:34 [INFO] [lib.augmentation.pipeline:236] Chunk 9: Checkpointed augmentation 5/10 with type 'flip' (250 frames)
2025-12-11 23:11:04 [INFO] [lib.augmentation.pipeline:236] Chunk 9: Checkpointed augmentation 6/10 with type 'affine' (250 frames)
2025-12-11 23:11:07 [INFO] [lib.augmentation.pipeline:236] Chunk 9: Checkpointed augmentation 7/10 with type 'brightness' (250 frames)
2025-12-11 23:11:09 [INFO] [lib.augmentation.pipeline:236] Chunk 9: Checkpointed augmentation 8/10 with type 'rotation' (250 frames)
2025-12-11 23:11:11 [INFO] [lib.augmentation.pipeline:236] Chunk 9: Checkpointed augmentation 9/10 with type 'gaussian_blur' (250 frames)
2025-12-11 23:11:14 [INFO] [lib.augmentation.pipeline:236] Chunk 9: Checkpointed augmentation 10/10 with type 'saturation' (250 frames)
2025-12-11 23:11:14 [INFO] [lib.augmentation.pipeline:190] Processing chunk 10/14 (frames 2250-2499)
2025-12-11 23:11:14 [DEBUG] [lib.augmentation.io:94] Loaded 250 frames from video.mp4 (frames 2250-2499)
2025-12-11 23:11:16 [INFO] [lib.augmentation.pipeline:236] Chunk 10: Checkpointed augmentation 1/10 with type 'elastic' (250 frames)
2025-12-11 23:11:18 [INFO] [lib.augmentation.pipeline:236] Chunk 10: Checkpointed augmentation 2/10 with type 'contrast' (250 frames)
2025-12-11 23:11:25 [INFO] [lib.augmentation.pipeline:236] Chunk 10: Checkpointed augmentation 3/10 with type 'gaussian_noise' (250 frames)
2025-12-11 23:11:27 [INFO] [lib.augmentation.pipeline:236] Chunk 10: Checkpointed augmentation 4/10 with type 'cutout' (250 frames)
2025-12-11 23:11:29 [INFO] [lib.augmentation.pipeline:236] Chunk 10: Checkpointed augmentation 5/10 with type 'flip' (250 frames)
2025-12-11 23:13:15 [INFO] [lib.augmentation.pipeline:236] Chunk 10: Checkpointed augmentation 6/10 with type 'affine' (250 frames)
2025-12-11 23:13:18 [INFO] [lib.augmentation.pipeline:236] Chunk 10: Checkpointed augmentation 7/10 with type 'brightness' (250 frames)
2025-12-11 23:13:20 [INFO] [lib.augmentation.pipeline:236] Chunk 10: Checkpointed augmentation 8/10 with type 'rotation' (250 frames)
2025-12-11 23:13:22 [INFO] [lib.augmentation.pipeline:236] Chunk 10: Checkpointed augmentation 9/10 with type 'gaussian_blur' (250 frames)
2025-12-11 23:13:24 [INFO] [lib.augmentation.pipeline:236] Chunk 10: Checkpointed augmentation 10/10 with type 'saturation' (250 frames)
2025-12-11 23:13:24 [INFO] [lib.augmentation.pipeline:190] Processing chunk 11/14 (frames 2500-2749)
2025-12-11 23:13:25 [DEBUG] [lib.augmentation.io:94] Loaded 250 frames from video.mp4 (frames 2500-2749)
2025-12-11 23:13:27 [INFO] [lib.augmentation.pipeline:236] Chunk 11: Checkpointed augmentation 1/10 with type 'elastic' (250 frames)
2025-12-11 23:13:29 [INFO] [lib.augmentation.pipeline:236] Chunk 11: Checkpointed augmentation 2/10 with type 'contrast' (250 frames)
2025-12-11 23:13:36 [INFO] [lib.augmentation.pipeline:236] Chunk 11: Checkpointed augmentation 3/10 with type 'gaussian_noise' (250 frames)
2025-12-11 23:13:37 [INFO] [lib.augmentation.pipeline:236] Chunk 11: Checkpointed augmentation 4/10 with type 'cutout' (250 frames)
2025-12-11 23:13:39 [INFO] [lib.augmentation.pipeline:236] Chunk 11: Checkpointed augmentation 5/10 with type 'flip' (250 frames)
2025-12-11 23:15:26 [INFO] [lib.augmentation.pipeline:236] Chunk 11: Checkpointed augmentation 6/10 with type 'affine' (250 frames)
2025-12-11 23:15:28 [INFO] [lib.augmentation.pipeline:236] Chunk 11: Checkpointed augmentation 7/10 with type 'brightness' (250 frames)
2025-12-11 23:15:30 [INFO] [lib.augmentation.pipeline:236] Chunk 11: Checkpointed augmentation 8/10 with type 'rotation' (250 frames)
2025-12-11 23:15:33 [INFO] [lib.augmentation.pipeline:236] Chunk 11: Checkpointed augmentation 9/10 with type 'gaussian_blur' (250 frames)
2025-12-11 23:15:34 [INFO] [lib.augmentation.pipeline:236] Chunk 11: Checkpointed augmentation 10/10 with type 'saturation' (250 frames)
2025-12-11 23:15:35 [INFO] [lib.augmentation.pipeline:190] Processing chunk 12/14 (frames 2750-2999)
2025-12-11 23:15:35 [DEBUG] [lib.augmentation.io:94] Loaded 250 frames from video.mp4 (frames 2750-2999)
2025-12-11 23:15:37 [INFO] [lib.augmentation.pipeline:236] Chunk 12: Checkpointed augmentation 1/10 with type 'elastic' (250 frames)
2025-12-11 23:15:39 [INFO] [lib.augmentation.pipeline:236] Chunk 12: Checkpointed augmentation 2/10 with type 'contrast' (250 frames)
2025-12-11 23:15:46 [INFO] [lib.augmentation.pipeline:236] Chunk 12: Checkpointed augmentation 3/10 with type 'gaussian_noise' (250 frames)
2025-12-11 23:15:48 [INFO] [lib.augmentation.pipeline:236] Chunk 12: Checkpointed augmentation 4/10 with type 'cutout' (250 frames)
2025-12-11 23:15:50 [INFO] [lib.augmentation.pipeline:236] Chunk 12: Checkpointed augmentation 5/10 with type 'flip' (250 frames)
2025-12-11 23:17:43 [INFO] [lib.augmentation.pipeline:236] Chunk 12: Checkpointed augmentation 6/10 with type 'affine' (250 frames)
2025-12-11 23:17:45 [INFO] [lib.augmentation.pipeline:236] Chunk 12: Checkpointed augmentation 7/10 with type 'brightness' (250 frames)
2025-12-11 23:17:48 [INFO] [lib.augmentation.pipeline:236] Chunk 12: Checkpointed augmentation 8/10 with type 'rotation' (250 frames)
2025-12-11 23:17:50 [INFO] [lib.augmentation.pipeline:236] Chunk 12: Checkpointed augmentation 9/10 with type 'gaussian_blur' (250 frames)
2025-12-11 23:17:52 [INFO] [lib.augmentation.pipeline:236] Chunk 12: Checkpointed augmentation 10/10 with type 'saturation' (250 frames)
2025-12-11 23:17:53 [INFO] [lib.augmentation.pipeline:190] Processing chunk 13/14 (frames 3000-3249)
2025-12-11 23:17:54 [DEBUG] [lib.augmentation.io:94] Loaded 250 frames from video.mp4 (frames 3000-3249)
2025-12-11 23:17:56 [INFO] [lib.augmentation.pipeline:236] Chunk 13: Checkpointed augmentation 1/10 with type 'elastic' (250 frames)
2025-12-11 23:17:59 [INFO] [lib.augmentation.pipeline:236] Chunk 13: Checkpointed augmentation 2/10 with type 'contrast' (250 frames)
2025-12-11 23:18:06 [INFO] [lib.augmentation.pipeline:236] Chunk 13: Checkpointed augmentation 3/10 with type 'gaussian_noise' (250 frames)
2025-12-11 23:18:09 [INFO] [lib.augmentation.pipeline:236] Chunk 13: Checkpointed augmentation 4/10 with type 'cutout' (250 frames)
2025-12-11 23:18:11 [INFO] [lib.augmentation.pipeline:236] Chunk 13: Checkpointed augmentation 5/10 with type 'flip' (250 frames)
2025-12-11 23:20:15 [INFO] [lib.augmentation.pipeline:236] Chunk 13: Checkpointed augmentation 6/10 with type 'affine' (250 frames)
2025-12-11 23:20:18 [INFO] [lib.augmentation.pipeline:236] Chunk 13: Checkpointed augmentation 7/10 with type 'brightness' (250 frames)
2025-12-11 23:20:21 [INFO] [lib.augmentation.pipeline:236] Chunk 13: Checkpointed augmentation 8/10 with type 'rotation' (250 frames)
2025-12-11 23:20:24 [INFO] [lib.augmentation.pipeline:236] Chunk 13: Checkpointed augmentation 9/10 with type 'gaussian_blur' (250 frames)
2025-12-11 23:20:26 [INFO] [lib.augmentation.pipeline:236] Chunk 13: Checkpointed augmentation 10/10 with type 'saturation' (250 frames)
2025-12-11 23:20:26 [INFO] [lib.augmentation.pipeline:190] Processing chunk 14/14 (frames 3250-3483)
2025-12-11 23:20:27 [DEBUG] [lib.augmentation.io:94] Loaded 234 frames from video.mp4 (frames 3250-3483)
2025-12-11 23:20:29 [INFO] [lib.augmentation.pipeline:236] Chunk 14: Checkpointed augmentation 1/10 with type 'elastic' (234 frames)
2025-12-11 23:20:31 [INFO] [lib.augmentation.pipeline:236] Chunk 14: Checkpointed augmentation 2/10 with type 'contrast' (234 frames)
2025-12-11 23:20:38 [INFO] [lib.augmentation.pipeline:236] Chunk 14: Checkpointed augmentation 3/10 with type 'gaussian_noise' (234 frames)
2025-12-11 23:20:40 [INFO] [lib.augmentation.pipeline:236] Chunk 14: Checkpointed augmentation 4/10 with type 'cutout' (234 frames)
2025-12-11 23:20:42 [INFO] [lib.augmentation.pipeline:236] Chunk 14: Checkpointed augmentation 5/10 with type 'flip' (234 frames)
2025-12-11 23:22:39 [INFO] [lib.augmentation.pipeline:236] Chunk 14: Checkpointed augmentation 6/10 with type 'affine' (234 frames)
2025-12-11 23:22:41 [INFO] [lib.augmentation.pipeline:236] Chunk 14: Checkpointed augmentation 7/10 with type 'brightness' (234 frames)
2025-12-11 23:22:43 [INFO] [lib.augmentation.pipeline:236] Chunk 14: Checkpointed augmentation 8/10 with type 'rotation' (234 frames)
2025-12-11 23:22:45 [INFO] [lib.augmentation.pipeline:236] Chunk 14: Checkpointed augmentation 9/10 with type 'gaussian_blur' (234 frames)
2025-12-11 23:22:47 [INFO] [lib.augmentation.pipeline:236] Chunk 14: Checkpointed augmentation 10/10 with type 'saturation' (234 frames)
2025-12-11 23:22:48 [INFO] [lib.augmentation.pipeline:247] Stitching intermediate chunks together...
2025-12-11 23:23:01 [INFO] [lib.augmentation.pipeline:264] Stitched augmentation 1/10 into /gpfs/accounts/si670f25_class_root/si670f25_class/santoshd/fvc/data/augmented_videos/164084910662284_aug0.mp4 from 14 chunks
2025-12-11 23:23:21 [INFO] [lib.augmentation.pipeline:264] Stitched augmentation 2/10 into /gpfs/accounts/si670f25_class_root/si670f25_class/santoshd/fvc/data/augmented_videos/164084910662284_aug1.mp4 from 14 chunks
2025-12-11 23:23:48 [INFO] [lib.augmentation.pipeline:264] Stitched augmentation 3/10 into /gpfs/accounts/si670f25_class_root/si670f25_class/santoshd/fvc/data/augmented_videos/164084910662284_aug2.mp4 from 14 chunks
2025-12-11 23:24:02 [INFO] [lib.augmentation.pipeline:264] Stitched augmentation 4/10 into /gpfs/accounts/si670f25_class_root/si670f25_class/santoshd/fvc/data/augmented_videos/164084910662284_aug3.mp4 from 14 chunks
2025-12-11 23:24:19 [INFO] [lib.augmentation.pipeline:264] Stitched augmentation 5/10 into /gpfs/accounts/si670f25_class_root/si670f25_class/santoshd/fvc/data/augmented_videos/164084910662284_aug4.mp4 from 14 chunks
2025-12-11 23:24:37 [INFO] [lib.augmentation.pipeline:264] Stitched augmentation 6/10 into /gpfs/accounts/si670f25_class_root/si670f25_class/santoshd/fvc/data/augmented_videos/164084910662284_aug5.mp4 from 14 chunks
2025-12-11 23:24:59 [INFO] [lib.augmentation.pipeline:264] Stitched augmentation 7/10 into /gpfs/accounts/si670f25_class_root/si670f25_class/santoshd/fvc/data/augmented_videos/164084910662284_aug6.mp4 from 14 chunks
2025-12-11 23:25:19 [INFO] [lib.augmentation.pipeline:264] Stitched augmentation 8/10 into /gpfs/accounts/si670f25_class_root/si670f25_class/santoshd/fvc/data/augmented_videos/164084910662284_aug7.mp4 from 14 chunks
2025-12-11 23:25:33 [INFO] [lib.augmentation.pipeline:264] Stitched augmentation 9/10 into /gpfs/accounts/si670f25_class_root/si670f25_class/santoshd/fvc/data/augmented_videos/164084910662284_aug8.mp4 from 14 chunks
2025-12-11 23:25:48 [INFO] [lib.augmentation.pipeline:264] Stitched augmentation 10/10 into /gpfs/accounts/si670f25_class_root/si670f25_class/santoshd/fvc/data/augmented_videos/164084910662284_aug9.mp4 from 14 chunks
2025-12-11 23:25:48 [INFO] [lib.augmentation.pipeline:275] Cleaning up checkpoint files after successful stitching...
2025-12-11 23:25:48 [DEBUG] [lib.augmentation.pipeline:280] Deleted checkpoint directory: /gpfs/accounts/si670f25_class_root/si670f25_class/santoshd/fvc/data/augmented_videos/.checkpoints/164084910662284
2025-12-11 23:25:48 [INFO] [lib.augmentation.pipeline:294] Completed augmentation. Generated files: ['/gpfs/accounts/si670f25_class_root/si670f25_class/santoshd/fvc/data/augmented_videos/164084910662284_aug0.mp4', '/gpfs/accounts/si670f25_class_root/si670f25_class/santoshd/fvc/data/augmented_videos/164084910662284_aug1.mp4', '/gpfs/accounts/si670f25_class_root/si670f25_class/santoshd/fvc/data/augmented_videos/164084910662284_aug2.mp4', '/gpfs/accounts/si670f25_class_root/si670f25_class/santoshd/fvc/data/augmented_videos/164084910662284_aug3.mp4', '/gpfs/accounts/si670f25_class_root/si670f25_class/santoshd/fvc/data/augmented_videos/164084910662284_aug4.mp4', '/gpfs/accounts/si670f25_class_root/si670f25_class/santoshd/fvc/data/augmented_videos/164084910662284_aug5.mp4', '/gpfs/accounts/si670f25_class_root/si670f25_class/santoshd/fvc/data/augmented_videos/164084910662284_aug6.mp4', '/gpfs/accounts/si670f25_class_root/si670f25_class/santoshd/fvc/data/augmented_videos/164084910662284_aug7.mp4', '/gpfs/accounts/si670f25_class_root/si670f25_class/santoshd/fvc/data/augmented_videos/164084910662284_aug8.mp4', '/gpfs/accounts/si670f25_class_root/si670f25_class/santoshd/fvc/data/augmented_videos/164084910662284_aug9.mp4']
2025-12-11 23:25:48 [INFO] [lib.augmentation.pipeline:845] Generated 10 augmentations, saving metadata...
2025-12-11 23:25:48 [INFO] [lib.augmentation.pipeline:877] ✓ Augmentation 1/10 available at /gpfs/accounts/si670f25_class_root/si670f25_class/santoshd/fvc/data/augmented_videos/164084910662284_aug0.mp4
2025-12-11 23:25:48 [INFO] [lib.augmentation.pipeline:877] ✓ Augmentation 2/10 available at /gpfs/accounts/si670f25_class_root/si670f25_class/santoshd/fvc/data/augmented_videos/164084910662284_aug1.mp4
2025-12-11 23:25:48 [INFO] [lib.augmentation.pipeline:877] ✓ Augmentation 3/10 available at /gpfs/accounts/si670f25_class_root/si670f25_class/santoshd/fvc/data/augmented_videos/164084910662284_aug2.mp4
2025-12-11 23:25:48 [INFO] [lib.augmentation.pipeline:877] ✓ Augmentation 4/10 available at /gpfs/accounts/si670f25_class_root/si670f25_class/santoshd/fvc/data/augmented_videos/164084910662284_aug3.mp4
2025-12-11 23:25:48 [INFO] [lib.augmentation.pipeline:877] ✓ Augmentation 5/10 available at /gpfs/accounts/si670f25_class_root/si670f25_class/santoshd/fvc/data/augmented_videos/164084910662284_aug4.mp4
2025-12-11 23:25:48 [INFO] [lib.augmentation.pipeline:877] ✓ Augmentation 6/10 available at /gpfs/accounts/si670f25_class_root/si670f25_class/santoshd/fvc/data/augmented_videos/164084910662284_aug5.mp4
2025-12-11 23:25:48 [INFO] [lib.augmentation.pipeline:877] ✓ Augmentation 7/10 available at /gpfs/accounts/si670f25_class_root/si670f25_class/santoshd/fvc/data/augmented_videos/164084910662284_aug6.mp4
2025-12-11 23:25:48 [INFO] [lib.augmentation.pipeline:877] ✓ Augmentation 8/10 available at /gpfs/accounts/si670f25_class_root/si670f25_class/santoshd/fvc/data/augmented_videos/164084910662284_aug7.mp4
2025-12-11 23:25:48 [INFO] [lib.augmentation.pipeline:877] ✓ Augmentation 9/10 available at /gpfs/accounts/si670f25_class_root/si670f25_class/santoshd/fvc/data/augmented_videos/164084910662284_aug8.mp4
2025-12-11 23:25:48 [INFO] [lib.augmentation.pipeline:877] ✓ Augmentation 10/10 available at /gpfs/accounts/si670f25_class_root/si670f25_class/santoshd/fvc/data/augmented_videos/164084910662284_aug9.mp4
2025-12-11 23:25:48 [INFO] [lib.augmentation.pipeline:884] ================================================================================
2025-12-11 23:25:48 [INFO] [lib.augmentation.pipeline:885] Stage 1: Merging new augmentations with existing metadata...
2025-12-11 23:25:48 [INFO] [lib.augmentation.pipeline:886] ================================================================================
2025-12-11 23:25:48 [INFO] [lib.augmentation.pipeline:900] Loaded existing metadata: 3244 entries
2025-12-11 23:25:48 [INFO] [lib.augmentation.pipeline:908] New augmentations to add: 30 entries
2025-12-11 23:25:48 [INFO] [lib.augmentation.pipeline:935] After deduplication: 30 new entries to add
2025-12-11 23:25:48 [INFO] [lib.augmentation.pipeline:944] Writing final metadata file with 3274 total entries...
2025-12-11 23:25:48 [DEBUG] [lib.utils.paths:527] Atomically wrote metadata to /gpfs/accounts/si670f25_class_root/si670f25_class/santoshd/fvc/data/augmented_videos/augmented_metadata.arrow
2025-12-11 23:25:48 [INFO] [lib.augmentation.pipeline:957] ✓ Saved metadata as Arrow IPC: /gpfs/accounts/si670f25_class_root/si670f25_class/santoshd/fvc/data/augmented_videos/augmented_metadata.arrow
2025-12-11 23:25:48 [INFO] [lib.augmentation.pipeline:979] ✓ Final metadata file written: /gpfs/accounts/si670f25_class_root/si670f25_class/santoshd/fvc/data/augmented_videos/augmented_metadata.arrow
2025-12-11 23:25:48 [INFO] [lib.augmentation.pipeline:980]   Total entries: 3274
2025-12-11 23:25:48 [INFO] [lib.augmentation.pipeline:981]   Original entries: 3244
2025-12-11 23:25:48 [INFO] [lib.augmentation.pipeline:982]   New entries added: 30
2025-12-11 23:25:48 [INFO] [__main__:463] ================================================================================
2025-12-11 23:25:48 [INFO] [__main__:464] STAGE 1 COMPLETED SUCCESSFULLY
2025-12-11 23:25:48 [INFO] [__main__:465] ================================================================================
2025-12-11 23:25:48 [INFO] [__main__:466] Execution time: 6033.26 seconds (100.55 minutes)
2025-12-11 23:25:48 [INFO] [__main__:468] Output directory: /gpfs/accounts/si670f25_class_root/si670f25_class/santoshd/fvc/data/augmented_videos
2025-12-11 23:25:48 [INFO] [__main__:469] Metadata file: /gpfs/accounts/si670f25_class_root/si670f25_class/santoshd/fvc/data/augmented_videos/augmented_metadata.csv
2025-12-11 23:25:48 [INFO] [__main__:472] Total videos processed: 3274
2025-12-11 23:25:48 [DEBUG] [__main__:473] Result DataFrame shape: (3274, 5)
2025-12-11 23:25:48 [INFO] [__main__:480] Original videos: 294
2025-12-11 23:25:48 [INFO] [__main__:481] Augmented videos: 2980
2025-12-11 23:25:48 [INFO] [__main__:482] Total videos (original + augmented): 3274
2025-12-11 23:25:48 [INFO] [__main__:489] ================================================================================
2025-12-11 23:25:48 [INFO] [__main__:490] Final memory statistics:
2025-12-11 23:25:48 [INFO] [__main__:491] ================================================================================
2025-12-11 23:25:48 [INFO] [lib.utils.memory:89] Memory stats (Stage 1: after augmentation): {'cpu_memory_mb': 1619.0, 'cpu_memory_gb': 1.5810546875, 'cpu_vms_mb': 11796.84375, 'gpu_allocated_gb': 0.0, 'gpu_reserved_gb': 0.0, 'gpu_total_gb': 0.0, 'gpu_free_gb': 0.0}
2025-12-11 23:25:48 [DEBUG] [lib.utils.memory:95] CPU percent: 0.0%
2025-12-11 23:25:48 [DEBUG] [lib.utils.memory:96] Num threads: 105
2025-12-11 23:25:48 [INFO] [__main__:494] ================================================================================
2025-12-11 23:25:48 [INFO] [__main__:495] Next steps:
2025-12-11 23:25:48 [INFO] [__main__:496]   - Run Stage 2: python src/scripts/run_stage2_features.py
2025-12-11 23:25:48 [INFO] [__main__:497]   - Or continue with full pipeline: python src/run_new_pipeline.py --skip-stage 1
2025-12-11 23:25:48 [INFO] [__main__:498] ================================================================================
