2025-12-13 04:21:32 [INFO] [__main__:310] ================================================================================
2025-12-13 04:21:32 [INFO] [__main__:311] STAGE 5: MODEL TRAINING
2025-12-13 04:21:32 [INFO] [__main__:312] ================================================================================
2025-12-13 04:21:32 [INFO] [__main__:313] Project root: /gpfs/accounts/si670f25_class_root/si670f25_class/santoshd/fvc
2025-12-13 04:21:32 [INFO] [__main__:314] Scaled metadata: /gpfs/accounts/si670f25_class_root/si670f25_class/santoshd/fvc/data/scaled_videos/scaled_metadata.arrow
2025-12-13 04:21:32 [INFO] [__main__:315] Features Stage 2: /gpfs/accounts/si670f25_class_root/si670f25_class/santoshd/fvc/data/features_stage2/features_metadata.arrow
2025-12-13 04:21:32 [INFO] [__main__:316] Features Stage 4: /gpfs/accounts/si670f25_class_root/si670f25_class/santoshd/fvc/data/features_stage4/features_scaled_metadata.arrow
2025-12-13 04:21:32 [INFO] [__main__:317] Model types: ['xgboost_pretrained_inception']
2025-12-13 04:21:32 [INFO] [__main__:318] K-fold splits: 5
2025-12-13 04:21:32 [INFO] [__main__:319] Number of frames: 1000
2025-12-13 04:21:32 [INFO] [__main__:320] Output directory: /gpfs/accounts/si670f25_class_root/si670f25_class/santoshd/fvc/data/stage5
2025-12-13 04:21:32 [INFO] [__main__:321] Experiment tracking: Enabled
2025-12-13 04:21:32 [INFO] [__main__:324] Delete existing: True
2025-12-13 04:21:32 [INFO] [__main__:325] Resume mode: True
2025-12-13 04:21:32 [INFO] [__main__:326] Log file: /gpfs/accounts/si670f25_class_root/si670f25_class/santoshd/fvc/logs/stage5_training_1765617692.log
2025-12-13 04:21:32 [INFO] [__main__:333] ================================================================================
2025-12-13 04:21:32 [INFO] [__main__:334] Checking prerequisites...
2025-12-13 04:21:32 [INFO] [__main__:335] ================================================================================
2025-12-13 04:21:32 [INFO] [__main__:342] ✓ Scaled metadata file found: /gpfs/accounts/si670f25_class_root/si670f25_class/santoshd/fvc/data/scaled_videos/scaled_metadata.arrow
2025-12-13 04:21:32 [INFO] [__main__:352] ✓ All model types are valid
2025-12-13 04:21:32 [INFO] [__main__:358] ================================================================================
2025-12-13 04:21:32 [INFO] [__main__:359] Initial memory statistics:
2025-12-13 04:21:32 [INFO] [__main__:360] ================================================================================
2025-12-13 04:21:32 [INFO] [lib.utils.memory:91] Memory stats (Stage 5: before training): {'cpu_memory_mb': 735.6796875, 'cpu_memory_gb': 0.7184371948242188, 'cpu_vms_mb': 10218.64453125, 'gpu_allocated_gb': 0.0, 'gpu_reserved_gb': 0.0, 'gpu_total_gb': 16.928342016, 'gpu_free_gb': 16.928342016}
2025-12-13 04:21:32 [INFO] [__main__:364] ================================================================================
2025-12-13 04:21:32 [INFO] [__main__:365] Starting Stage 5: Model Training
2025-12-13 04:21:32 [INFO] [__main__:366] ================================================================================
2025-12-13 04:21:32 [INFO] [__main__:367] Training 1 model(s) with 5-fold cross-validation
2025-12-13 04:21:32 [INFO] [__main__:368] This may take a while depending on dataset size and model complexity...
2025-12-13 04:21:32 [INFO] [__main__:369] Progress will be logged in real-time
2025-12-13 04:21:32 [INFO] [__main__:370] ================================================================================
2025-12-13 04:21:32 [INFO] [__main__:375] Calling Stage 5 training pipeline...
2025-12-13 04:21:32 [INFO] [__main__:376] This may take a while - progress will be logged in real-time
2025-12-13 04:21:32 [INFO] [lib.training.pipeline:497] ================================================================================
2025-12-13 04:21:32 [INFO] [lib.training.pipeline:498] Stage 5: Model Training Pipeline Started
2025-12-13 04:21:32 [INFO] [lib.training.pipeline:499] ================================================================================
2025-12-13 04:21:32 [INFO] [lib.training.pipeline:500] Model types: ['xgboost_pretrained_inception']
2025-12-13 04:21:32 [INFO] [lib.training.pipeline:501] K-fold splits: 5
2025-12-13 04:21:32 [INFO] [lib.training.pipeline:502] Frames per video: 1000
2025-12-13 04:21:32 [INFO] [lib.training.pipeline:503] Output directory: data/stage5
2025-12-13 04:21:32 [INFO] [lib.training.pipeline:504] Initializing pipeline...
2025-12-13 04:21:32 [INFO] [lib.training.pipeline:266] ================================================================================
2025-12-13 04:21:32 [INFO] [lib.training.pipeline:267] STAGE 5 PREREQUISITE VALIDATION
2025-12-13 04:21:32 [INFO] [lib.training.pipeline:268] ================================================================================
2025-12-13 04:21:32 [INFO] [lib.training.pipeline:271] 
[1/3] Checking Stage 3 (scaled videos) - REQUIRED for all models...
2025-12-13 04:21:33 [INFO] [lib.training.pipeline:280] ✓ Stage 3 metadata found: 3278 scaled videos
2025-12-13 04:21:33 [INFO] [lib.training.pipeline:281]   Path: /gpfs/accounts/si670f25_class_root/si670f25_class/santoshd/fvc/data/scaled_videos/scaled_metadata.arrow
2025-12-13 04:21:33 [INFO] [lib.training.pipeline:284] 
[2/3] Checking Stage 2 (features) - REQUIRED for *_stage2 models...
2025-12-13 04:21:33 [INFO] [lib.training.pipeline:292] ✓ Stage 2 metadata found: 3278 feature rows
2025-12-13 04:21:33 [INFO] [lib.training.pipeline:293]   Path: /gpfs/accounts/si670f25_class_root/si670f25_class/santoshd/fvc/data/features_stage2/features_metadata.arrow
2025-12-13 04:21:33 [INFO] [lib.training.pipeline:296] 
[3/3] Checking Stage 4 (scaled features) - REQUIRED for *_stage2_stage4 models...
2025-12-13 04:21:33 [INFO] [lib.training.pipeline:304] ✓ Stage 4 metadata found: 3277 feature rows
2025-12-13 04:21:33 [INFO] [lib.training.pipeline:305]   Path: /gpfs/accounts/si670f25_class_root/si670f25_class/santoshd/fvc/data/features_stage4/features_scaled_metadata.arrow
2025-12-13 04:21:33 [INFO] [lib.training.pipeline:308] 
================================================================================
2025-12-13 04:21:33 [INFO] [lib.training.pipeline:309] MODEL REQUIREMENTS CHECK
2025-12-13 04:21:33 [INFO] [lib.training.pipeline:310] ================================================================================
2025-12-13 04:21:33 [INFO] [lib.training.pipeline:334] ✓ xgboost_pretrained_inception: CAN RUN
2025-12-13 04:21:33 [INFO] [lib.training.pipeline:337] 
================================================================================
2025-12-13 04:21:33 [INFO] [lib.training.pipeline:338] VALIDATION SUMMARY
2025-12-13 04:21:33 [INFO] [lib.training.pipeline:339] ================================================================================
2025-12-13 04:21:33 [INFO] [lib.training.pipeline:340] Stage 3 (scaled videos): ✓ Available
2025-12-13 04:21:33 [INFO] [lib.training.pipeline:341]   Count: 3278 videos
2025-12-13 04:21:33 [INFO] [lib.training.pipeline:342] Stage 2 (features): ✓ Available
2025-12-13 04:21:33 [INFO] [lib.training.pipeline:343]   Count: 3278 feature rows
2025-12-13 04:21:33 [INFO] [lib.training.pipeline:344] Stage 4 (scaled features): ✓ Available
2025-12-13 04:21:33 [INFO] [lib.training.pipeline:345]   Count: 3277 feature rows
2025-12-13 04:21:33 [INFO] [lib.training.pipeline:346] 
Runnable models: 1/1
2025-12-13 04:21:33 [INFO] [lib.training.pipeline:347]   ['xgboost_pretrained_inception']
2025-12-13 04:21:33 [INFO] [lib.training.pipeline:354] ================================================================================
2025-12-13 04:21:33 [INFO] [lib.training.pipeline:590] 
Stage 5: Loading metadata...
2025-12-13 04:21:33 [INFO] [lib.training.pipeline:616] Loaded metadata: 3278 rows
2025-12-13 04:21:33 [INFO] [lib.training.pipeline:626] ✓ Data validation passed: 3278 rows (> 3000 required)
2025-12-13 04:21:33 [WARNING] [lib.utils.guardrails:171] Disk usage high: free=828043.73GB, used=1671796.27GB (66.9%)
2025-12-13 04:21:33 [INFO] [lib.training.pipeline:648] Loading Stage 2 and Stage 4 features (required for feature-based models)...
2025-12-13 04:21:33 [INFO] [lib.training.pipeline:658] Stage 5: Found 3278 scaled videos
2025-12-13 04:21:33 [INFO] [lib.training.pipeline:732] Frame caching enabled (default): cache_dir=data/.frame_cache. This will cache processed frames to disk to speed up training. First epoch will be slower (building cache), subsequent epochs will be faster. To disable, set FVC_USE_FRAME_CACHE=0
2025-12-13 04:21:33 [INFO] [lib.training.pipeline:798] Overriding num_frames to 250 for xgboost_pretrained_inception (XGBoost pretrained model) to prevent OOM. Original num_frames was 1000.
2025-12-13 04:21:33 [INFO] [lib.training.pipeline:832] Stage 5: Deleting existing model results (clean mode)...
2025-12-13 04:21:33 [INFO] [lib.training.pipeline:841] Deleted existing results for xgboost_pretrained_inception
2025-12-13 04:21:33 [INFO] [lib.training.pipeline:844] Stage 5: Deleted 1 existing model directories
2025-12-13 04:21:33 [INFO] [lib.training.pipeline:849] 
================================================================================
2025-12-13 04:21:33 [INFO] [lib.training.pipeline:850] Stage 5: Training model: xgboost_pretrained_inception
2025-12-13 04:21:33 [INFO] [lib.training.pipeline:851] ================================================================================
2025-12-13 04:21:33 [INFO] [lib.training.pipeline:870] Overriding model_config num_frames to 250 for xgboost_pretrained_inception (XGBoost pretrained model) to prevent OOM during feature extraction.
2025-12-13 04:21:35 [INFO] [lib.training.pipeline:890] Grid search: 1 hyperparameter combinations to try
2025-12-13 04:21:35 [INFO] [lib.training.pipeline:904] ================================================================================
2025-12-13 04:21:35 [INFO] [lib.training.pipeline:905] HYPERPARAMETER SEARCH: Using 10.0% stratified sample for efficiency
2025-12-13 04:21:35 [INFO] [lib.training.pipeline:906] ================================================================================
2025-12-13 04:21:35 [INFO] [lib.training.pipeline:916] Hyperparameter search sample: 327 rows (10.0% of 3278 total)
2025-12-13 04:21:35 [INFO] [lib.training.pipeline:917] To change sample size, set FVC_GRID_SEARCH_SAMPLE_SIZE environment variable (current: 0.1)
2025-12-13 04:21:37 [INFO] [lib.training.pipeline:930] Using 5-fold stratified cross-validation on 10.0% sample for hyperparameter search
2025-12-13 04:21:37 [INFO] [lib.training.pipeline:943] 
================================================================================
2025-12-13 04:21:37 [INFO] [lib.training.pipeline:944] Grid Search: Hyperparameter combination 1/1
2025-12-13 04:21:37 [INFO] [lib.training.pipeline:945] Parameters: {'n_estimators': 100, 'max_depth': 5, 'learning_rate': 0.1, 'subsample': 0.8, 'colsample_bytree': 0.8}
2025-12-13 04:21:37 [INFO] [lib.training.pipeline:946] ================================================================================
2025-12-13 04:21:37 [INFO] [lib.training.pipeline:975] 
Hyperparameter Search - xgboost_pretrained_inception - Fold 1/5 (10.0% sample)
2025-12-13 04:21:37 [INFO] [lib.training.pipeline:1561] Training XGBoost model xgboost_pretrained_inception on fold 1...
2025-12-13 04:21:37 [INFO] [lib.training._xgboost_pretrained:476] Training XGBoost on features from pretrained_inception...
2025-12-13 04:21:37 [INFO] [lib.training._xgboost_pretrained:477] Processing 261 videos...
2025-12-13 04:21:37 [INFO] [lib.training._xgboost_pretrained:381] Loading pretrained model: pretrained_inception (num_frames=250)
2025-12-13 04:21:38 [INFO] [lib.training._xgboost_pretrained:396] Loaded pretrained_inception model to GPU, cleared cache
2025-12-13 04:21:39 [INFO] [lib.training._xgboost_pretrained:444] Extracting features using pretrained_inception (num_frames=250)...
2025-12-13 04:21:39 [INFO] [lib.training._xgboost_pretrained:84] Applied PyTorch memory optimizations for feature extraction
2025-12-13 04:30:43 [INFO] [lib.training._xgboost_pretrained:272] Extracted features shape: (261, 512)
2025-12-13 04:30:43 [INFO] [lib.training._xgboost_pretrained:462] Cleared pretrained_inception model from GPU after feature extraction
2025-12-13 04:30:43 [INFO] [lib.training._xgboost_pretrained:500] Removing collinear features...
2025-12-13 04:30:43 [INFO] [lib.training.feature_preprocessing:77] Removed 0 features with zero variance
2025-12-13 04:30:44 [INFO] [lib.training.feature_preprocessing:139] Removed 0 collinear features (correlation >= 0.95)
2025-12-13 04:30:44 [INFO] [lib.training.feature_preprocessing:160] Final feature count: 512/512 (100.0% retained)
2025-12-13 04:30:44 [INFO] [lib.training._xgboost_pretrained:507] Using 512 features after collinearity removal
2025-12-13 04:30:44 [INFO] [lib.training._xgboost_pretrained:514] Training XGBoost...
2025-12-13 04:30:47 [INFO] [lib.training._xgboost_pretrained:519] ✓ XGBoost trained on pretrained model features
2025-12-13 04:30:47 [INFO] [lib.training._xgboost_pretrained:381] Loading pretrained model: pretrained_inception (num_frames=250)
2025-12-13 04:30:47 [INFO] [lib.training._xgboost_pretrained:396] Loaded pretrained_inception model to GPU, cleared cache
2025-12-13 04:30:48 [INFO] [lib.training._xgboost_pretrained:444] Extracting features using pretrained_inception (num_frames=250)...
2025-12-13 04:30:48 [INFO] [lib.training._xgboost_pretrained:84] Applied PyTorch memory optimizations for feature extraction
2025-12-13 04:33:01 [INFO] [lib.training._xgboost_pretrained:272] Extracted features shape: (66, 512)
2025-12-13 04:33:01 [INFO] [lib.training._xgboost_pretrained:462] Cleared pretrained_inception model from GPU after feature extraction
2025-12-13 04:33:01 [INFO] [lib.training.pipeline:1611] Fold 1 - Val Loss: 0.7680, Val Acc: 0.5303, Val F1: 0.2051, Val Precision: 0.8000, Val Recall: 0.1176
2025-12-13 04:33:01 [INFO] [lib.training.pipeline:1615]   Class 0 - Precision: 0.5082, Recall: 0.9688, F1: 0.6667
2025-12-13 04:33:01 [INFO] [lib.training.pipeline:1619]   Class 1 - Precision: 0.8000, Recall: 0.1176, F1: 0.2051
2025-12-13 04:33:01 [INFO] [lib.training._xgboost_pretrained:587] Saved XGBoost model to /gpfs/accounts/si670f25_class_root/si670f25_class/santoshd/fvc/data/stage5/xgboost_pretrained_inception/fold_1
2025-12-13 04:33:01 [INFO] [lib.training.pipeline:1626] Saved XGBoost model to /gpfs/accounts/si670f25_class_root/si670f25_class/santoshd/fvc/data/stage5/xgboost_pretrained_inception/fold_1
2025-12-13 04:33:02 [INFO] [lib.training.pipeline:975] 
Hyperparameter Search - xgboost_pretrained_inception - Fold 2/5 (10.0% sample)
2025-12-13 04:33:02 [INFO] [lib.training.pipeline:1561] Training XGBoost model xgboost_pretrained_inception on fold 2...
2025-12-13 04:33:02 [INFO] [lib.training._xgboost_pretrained:476] Training XGBoost on features from pretrained_inception...
2025-12-13 04:33:02 [INFO] [lib.training._xgboost_pretrained:477] Processing 261 videos...
2025-12-13 04:33:02 [INFO] [lib.training._xgboost_pretrained:381] Loading pretrained model: pretrained_inception (num_frames=250)
2025-12-13 04:33:03 [INFO] [lib.training._xgboost_pretrained:396] Loaded pretrained_inception model to GPU, cleared cache
2025-12-13 04:33:03 [INFO] [lib.training._xgboost_pretrained:444] Extracting features using pretrained_inception (num_frames=250)...
2025-12-13 04:33:03 [INFO] [lib.training._xgboost_pretrained:84] Applied PyTorch memory optimizations for feature extraction
2025-12-13 04:41:38 [INFO] [lib.training._xgboost_pretrained:272] Extracted features shape: (261, 512)
2025-12-13 04:41:38 [INFO] [lib.training._xgboost_pretrained:462] Cleared pretrained_inception model from GPU after feature extraction
2025-12-13 04:41:38 [INFO] [lib.training._xgboost_pretrained:500] Removing collinear features...
2025-12-13 04:41:38 [INFO] [lib.training.feature_preprocessing:77] Removed 0 features with zero variance
2025-12-13 04:41:38 [INFO] [lib.training.feature_preprocessing:139] Removed 0 collinear features (correlation >= 0.95)
2025-12-13 04:41:38 [INFO] [lib.training.feature_preprocessing:160] Final feature count: 512/512 (100.0% retained)
2025-12-13 04:41:38 [INFO] [lib.training._xgboost_pretrained:507] Using 512 features after collinearity removal
2025-12-13 04:41:38 [INFO] [lib.training._xgboost_pretrained:514] Training XGBoost...
2025-12-13 04:41:41 [INFO] [lib.training._xgboost_pretrained:519] ✓ XGBoost trained on pretrained model features
2025-12-13 04:41:41 [INFO] [lib.training._xgboost_pretrained:381] Loading pretrained model: pretrained_inception (num_frames=250)
2025-12-13 04:41:41 [INFO] [lib.training._xgboost_pretrained:396] Loaded pretrained_inception model to GPU, cleared cache
2025-12-13 04:41:42 [INFO] [lib.training._xgboost_pretrained:444] Extracting features using pretrained_inception (num_frames=250)...
2025-12-13 04:41:42 [INFO] [lib.training._xgboost_pretrained:84] Applied PyTorch memory optimizations for feature extraction
2025-12-13 04:43:57 [INFO] [lib.training._xgboost_pretrained:272] Extracted features shape: (66, 512)
2025-12-13 04:43:58 [INFO] [lib.training._xgboost_pretrained:462] Cleared pretrained_inception model from GPU after feature extraction
2025-12-13 04:43:58 [INFO] [lib.training.pipeline:1611] Fold 2 - Val Loss: 0.8250, Val Acc: 0.4242, Val F1: 0.5778, Val Precision: 0.4643, Val Recall: 0.7647
2025-12-13 04:43:58 [INFO] [lib.training.pipeline:1615]   Class 0 - Precision: 0.2000, Recall: 0.0625, F1: 0.0952
2025-12-13 04:43:58 [INFO] [lib.training.pipeline:1619]   Class 1 - Precision: 0.4643, Recall: 0.7647, F1: 0.5778
2025-12-13 04:43:58 [INFO] [lib.training._xgboost_pretrained:587] Saved XGBoost model to /gpfs/accounts/si670f25_class_root/si670f25_class/santoshd/fvc/data/stage5/xgboost_pretrained_inception/fold_2
2025-12-13 04:43:58 [INFO] [lib.training.pipeline:1626] Saved XGBoost model to /gpfs/accounts/si670f25_class_root/si670f25_class/santoshd/fvc/data/stage5/xgboost_pretrained_inception/fold_2
2025-12-13 04:43:58 [INFO] [lib.training.pipeline:975] 
Hyperparameter Search - xgboost_pretrained_inception - Fold 3/5 (10.0% sample)
2025-12-13 04:43:58 [INFO] [lib.training.pipeline:1561] Training XGBoost model xgboost_pretrained_inception on fold 3...
2025-12-13 04:43:58 [INFO] [lib.training._xgboost_pretrained:476] Training XGBoost on features from pretrained_inception...
2025-12-13 04:43:58 [INFO] [lib.training._xgboost_pretrained:477] Processing 262 videos...
2025-12-13 04:43:58 [INFO] [lib.training._xgboost_pretrained:381] Loading pretrained model: pretrained_inception (num_frames=250)
2025-12-13 04:43:59 [INFO] [lib.training._xgboost_pretrained:396] Loaded pretrained_inception model to GPU, cleared cache
2025-12-13 04:43:59 [INFO] [lib.training._xgboost_pretrained:444] Extracting features using pretrained_inception (num_frames=250)...
2025-12-13 04:43:59 [INFO] [lib.training._xgboost_pretrained:84] Applied PyTorch memory optimizations for feature extraction
2025-12-13 04:52:23 [INFO] [lib.training._xgboost_pretrained:272] Extracted features shape: (262, 512)
2025-12-13 04:52:23 [INFO] [lib.training._xgboost_pretrained:462] Cleared pretrained_inception model from GPU after feature extraction
2025-12-13 04:52:23 [INFO] [lib.training._xgboost_pretrained:500] Removing collinear features...
2025-12-13 04:52:23 [INFO] [lib.training.feature_preprocessing:77] Removed 0 features with zero variance
2025-12-13 04:52:23 [INFO] [lib.training.feature_preprocessing:139] Removed 0 collinear features (correlation >= 0.95)
2025-12-13 04:52:23 [INFO] [lib.training.feature_preprocessing:160] Final feature count: 512/512 (100.0% retained)
2025-12-13 04:52:23 [INFO] [lib.training._xgboost_pretrained:507] Using 512 features after collinearity removal
2025-12-13 04:52:23 [INFO] [lib.training._xgboost_pretrained:514] Training XGBoost...
2025-12-13 04:52:26 [INFO] [lib.training._xgboost_pretrained:519] ✓ XGBoost trained on pretrained model features
2025-12-13 04:52:26 [INFO] [lib.training._xgboost_pretrained:381] Loading pretrained model: pretrained_inception (num_frames=250)
2025-12-13 04:52:26 [INFO] [lib.training._xgboost_pretrained:396] Loaded pretrained_inception model to GPU, cleared cache
2025-12-13 04:52:27 [INFO] [lib.training._xgboost_pretrained:444] Extracting features using pretrained_inception (num_frames=250)...
2025-12-13 04:52:27 [INFO] [lib.training._xgboost_pretrained:84] Applied PyTorch memory optimizations for feature extraction
2025-12-13 04:54:46 [INFO] [lib.training._xgboost_pretrained:272] Extracted features shape: (65, 512)
2025-12-13 04:54:46 [INFO] [lib.training._xgboost_pretrained:462] Cleared pretrained_inception model from GPU after feature extraction
2025-12-13 04:54:46 [INFO] [lib.training.pipeline:1611] Fold 3 - Val Loss: 0.8120, Val Acc: 0.4769, Val F1: 0.6458, Val Precision: 0.4921, Val Recall: 0.9394
2025-12-13 04:54:46 [INFO] [lib.training.pipeline:1615]   Class 0 - Precision: 0.0000, Recall: 0.0000, F1: 0.0000
2025-12-13 04:54:46 [INFO] [lib.training.pipeline:1619]   Class 1 - Precision: 0.4921, Recall: 0.9394, F1: 0.6458
2025-12-13 04:54:46 [INFO] [lib.training._xgboost_pretrained:587] Saved XGBoost model to /gpfs/accounts/si670f25_class_root/si670f25_class/santoshd/fvc/data/stage5/xgboost_pretrained_inception/fold_3
2025-12-13 04:54:46 [INFO] [lib.training.pipeline:1626] Saved XGBoost model to /gpfs/accounts/si670f25_class_root/si670f25_class/santoshd/fvc/data/stage5/xgboost_pretrained_inception/fold_3
2025-12-13 04:54:47 [INFO] [lib.training.pipeline:975] 
Hyperparameter Search - xgboost_pretrained_inception - Fold 4/5 (10.0% sample)
2025-12-13 04:54:47 [INFO] [lib.training.pipeline:1561] Training XGBoost model xgboost_pretrained_inception on fold 4...
2025-12-13 04:54:47 [INFO] [lib.training._xgboost_pretrained:476] Training XGBoost on features from pretrained_inception...
2025-12-13 04:54:47 [INFO] [lib.training._xgboost_pretrained:477] Processing 262 videos...
2025-12-13 04:54:47 [INFO] [lib.training._xgboost_pretrained:381] Loading pretrained model: pretrained_inception (num_frames=250)
2025-12-13 04:54:47 [INFO] [lib.training._xgboost_pretrained:396] Loaded pretrained_inception model to GPU, cleared cache
2025-12-13 04:54:48 [INFO] [lib.training._xgboost_pretrained:444] Extracting features using pretrained_inception (num_frames=250)...
2025-12-13 04:54:48 [INFO] [lib.training._xgboost_pretrained:84] Applied PyTorch memory optimizations for feature extraction
2025-12-13 05:03:18 [INFO] [lib.training._xgboost_pretrained:272] Extracted features shape: (262, 512)
2025-12-13 05:03:19 [INFO] [lib.training._xgboost_pretrained:462] Cleared pretrained_inception model from GPU after feature extraction
2025-12-13 05:03:19 [INFO] [lib.training._xgboost_pretrained:500] Removing collinear features...
2025-12-13 05:03:19 [INFO] [lib.training.feature_preprocessing:77] Removed 0 features with zero variance
2025-12-13 05:03:19 [INFO] [lib.training.feature_preprocessing:139] Removed 0 collinear features (correlation >= 0.95)
2025-12-13 05:03:19 [INFO] [lib.training.feature_preprocessing:160] Final feature count: 512/512 (100.0% retained)
2025-12-13 05:03:19 [INFO] [lib.training._xgboost_pretrained:507] Using 512 features after collinearity removal
2025-12-13 05:03:19 [INFO] [lib.training._xgboost_pretrained:514] Training XGBoost...
2025-12-13 05:03:21 [INFO] [lib.training._xgboost_pretrained:519] ✓ XGBoost trained on pretrained model features
2025-12-13 05:03:21 [INFO] [lib.training._xgboost_pretrained:381] Loading pretrained model: pretrained_inception (num_frames=250)
2025-12-13 05:03:22 [INFO] [lib.training._xgboost_pretrained:396] Loaded pretrained_inception model to GPU, cleared cache
2025-12-13 05:03:22 [INFO] [lib.training._xgboost_pretrained:444] Extracting features using pretrained_inception (num_frames=250)...
2025-12-13 05:03:22 [INFO] [lib.training._xgboost_pretrained:84] Applied PyTorch memory optimizations for feature extraction
2025-12-13 05:05:33 [INFO] [lib.training._xgboost_pretrained:272] Extracted features shape: (65, 512)
2025-12-13 05:05:33 [INFO] [lib.training._xgboost_pretrained:462] Cleared pretrained_inception model from GPU after feature extraction
2025-12-13 05:05:33 [INFO] [lib.training.pipeline:1611] Fold 4 - Val Loss: 1.0079, Val Acc: 0.4923, Val F1: 0.0000, Val Precision: 0.0000, Val Recall: 0.0000
2025-12-13 05:05:33 [INFO] [lib.training.pipeline:1615]   Class 0 - Precision: 0.4923, Recall: 1.0000, F1: 0.6598
2025-12-13 05:05:33 [INFO] [lib.training.pipeline:1619]   Class 1 - Precision: 0.0000, Recall: 0.0000, F1: 0.0000
2025-12-13 05:05:33 [INFO] [lib.training._xgboost_pretrained:587] Saved XGBoost model to /gpfs/accounts/si670f25_class_root/si670f25_class/santoshd/fvc/data/stage5/xgboost_pretrained_inception/fold_4
2025-12-13 05:05:33 [INFO] [lib.training.pipeline:1626] Saved XGBoost model to /gpfs/accounts/si670f25_class_root/si670f25_class/santoshd/fvc/data/stage5/xgboost_pretrained_inception/fold_4
2025-12-13 05:05:33 [INFO] [lib.training.pipeline:975] 
Hyperparameter Search - xgboost_pretrained_inception - Fold 5/5 (10.0% sample)
2025-12-13 05:05:33 [INFO] [lib.training.pipeline:1561] Training XGBoost model xgboost_pretrained_inception on fold 5...
2025-12-13 05:05:33 [INFO] [lib.training._xgboost_pretrained:476] Training XGBoost on features from pretrained_inception...
2025-12-13 05:05:33 [INFO] [lib.training._xgboost_pretrained:477] Processing 262 videos...
2025-12-13 05:05:34 [INFO] [lib.training._xgboost_pretrained:381] Loading pretrained model: pretrained_inception (num_frames=250)
2025-12-13 05:05:34 [INFO] [lib.training._xgboost_pretrained:396] Loaded pretrained_inception model to GPU, cleared cache
2025-12-13 05:05:34 [INFO] [lib.training._xgboost_pretrained:444] Extracting features using pretrained_inception (num_frames=250)...
2025-12-13 05:05:35 [INFO] [lib.training._xgboost_pretrained:84] Applied PyTorch memory optimizations for feature extraction
2025-12-13 05:14:17 [INFO] [lib.training._xgboost_pretrained:272] Extracted features shape: (262, 512)
2025-12-13 05:14:17 [INFO] [lib.training._xgboost_pretrained:462] Cleared pretrained_inception model from GPU after feature extraction
2025-12-13 05:14:18 [INFO] [lib.training._xgboost_pretrained:500] Removing collinear features...
2025-12-13 05:14:18 [INFO] [lib.training.feature_preprocessing:77] Removed 0 features with zero variance
2025-12-13 05:14:18 [INFO] [lib.training.feature_preprocessing:139] Removed 0 collinear features (correlation >= 0.95)
2025-12-13 05:14:18 [INFO] [lib.training.feature_preprocessing:160] Final feature count: 512/512 (100.0% retained)
2025-12-13 05:14:18 [INFO] [lib.training._xgboost_pretrained:507] Using 512 features after collinearity removal
2025-12-13 05:14:18 [INFO] [lib.training._xgboost_pretrained:514] Training XGBoost...
2025-12-13 05:14:20 [INFO] [lib.training._xgboost_pretrained:519] ✓ XGBoost trained on pretrained model features
2025-12-13 05:14:20 [INFO] [lib.training._xgboost_pretrained:381] Loading pretrained model: pretrained_inception (num_frames=250)
2025-12-13 05:14:21 [INFO] [lib.training._xgboost_pretrained:396] Loaded pretrained_inception model to GPU, cleared cache
2025-12-13 05:14:21 [INFO] [lib.training._xgboost_pretrained:444] Extracting features using pretrained_inception (num_frames=250)...
2025-12-13 05:14:21 [INFO] [lib.training._xgboost_pretrained:84] Applied PyTorch memory optimizations for feature extraction
2025-12-13 05:16:18 [INFO] [lib.training._xgboost_pretrained:272] Extracted features shape: (65, 512)
2025-12-13 05:16:19 [INFO] [lib.training._xgboost_pretrained:462] Cleared pretrained_inception model from GPU after feature extraction
2025-12-13 05:16:19 [INFO] [lib.training.pipeline:1611] Fold 5 - Val Loss: 0.8566, Val Acc: 0.5077, Val F1: 0.6735, Val Precision: 0.5077, Val Recall: 1.0000
2025-12-13 05:16:19 [INFO] [lib.training.pipeline:1615]   Class 0 - Precision: 0.0000, Recall: 0.0000, F1: 0.0000
2025-12-13 05:16:19 [INFO] [lib.training.pipeline:1619]   Class 1 - Precision: 0.5077, Recall: 1.0000, F1: 0.6735
2025-12-13 05:16:19 [INFO] [lib.training._xgboost_pretrained:587] Saved XGBoost model to /gpfs/accounts/si670f25_class_root/si670f25_class/santoshd/fvc/data/stage5/xgboost_pretrained_inception/fold_5
2025-12-13 05:16:19 [INFO] [lib.training.pipeline:1626] Saved XGBoost model to /gpfs/accounts/si670f25_class_root/si670f25_class/santoshd/fvc/data/stage5/xgboost_pretrained_inception/fold_5
2025-12-13 05:16:19 [INFO] [lib.training.pipeline:1883] Parameter combination 1 - Mean F1: 0.4204, Mean Acc: 0.4863
2025-12-13 05:16:19 [INFO] [lib.training.pipeline:1895] Using single parameter combination: {'n_estimators': 100, 'max_depth': 5, 'learning_rate': 0.1, 'subsample': 0.8, 'colsample_bytree': 0.8}
2025-12-13 05:16:19 [INFO] [lib.training.pipeline:1898] ================================================================================
2025-12-13 05:16:19 [INFO] [lib.training.pipeline:1899] FINAL TRAINING: Using full dataset with best hyperparameters
2025-12-13 05:16:19 [INFO] [lib.training.pipeline:1900] ================================================================================
2025-12-13 05:16:19 [INFO] [lib.training.pipeline:1913] Final training: Using 5-fold stratified cross-validation on full dataset (3278 rows)
2025-12-13 05:16:19 [INFO] [lib.training.pipeline:1921] Final training using best hyperparameters: {'n_estimators': 100, 'max_depth': 5, 'learning_rate': 0.1, 'subsample': 0.8, 'colsample_bytree': 0.8}
2025-12-13 05:16:19 [INFO] [lib.training.pipeline:1927] 
Final Training - xgboost_pretrained_inception - Fold 1/5 (full dataset)
2025-12-13 05:16:19 [INFO] [lib.training.pipeline:1936] Deleted existing final training fold 1 directory (clean mode)
2025-12-13 05:16:19 [INFO] [lib.training._xgboost_pretrained:476] Training XGBoost on features from pretrained_inception...
2025-12-13 05:16:19 [INFO] [lib.training._xgboost_pretrained:477] Processing 2621 videos...
2025-12-13 05:16:20 [INFO] [lib.training._xgboost_pretrained:381] Loading pretrained model: pretrained_inception (num_frames=250)
2025-12-13 05:16:20 [INFO] [lib.training._xgboost_pretrained:396] Loaded pretrained_inception model to GPU, cleared cache
2025-12-13 05:16:20 [INFO] [lib.training._xgboost_pretrained:444] Extracting features using pretrained_inception (num_frames=250)...
2025-12-13 05:16:21 [INFO] [lib.training._xgboost_pretrained:84] Applied PyTorch memory optimizations for feature extraction
2025-12-13 06:15:22 [ERROR] [libav.mov,mp4,m4a,3gp,3g2,mj2:337] moov atom not found
2025-12-13 06:15:22 [WARNING] [lib.models.video:911] Video has no frames at index 1650: /gpfs/accounts/si670f25_class_root/si670f25_class/santoshd/fvc/data/scaled_videos/FX5aeuJFQ64_aug1_scaled_aug1.mp4. Skipping this video. Consider running filter_existing_videos(..., check_frames=True) to filter these upfront.
2025-12-13 06:48:28 [INFO] [lib.training._xgboost_pretrained:272] Extracted features shape: (2621, 512)
2025-12-13 06:48:28 [INFO] [lib.training._xgboost_pretrained:462] Cleared pretrained_inception model from GPU after feature extraction
2025-12-13 06:48:29 [INFO] [lib.training._xgboost_pretrained:500] Removing collinear features...
2025-12-13 06:48:29 [INFO] [lib.training.feature_preprocessing:77] Removed 0 features with zero variance
2025-12-13 06:48:29 [INFO] [lib.training.feature_preprocessing:139] Removed 0 collinear features (correlation >= 0.95)
2025-12-13 06:48:29 [INFO] [lib.training.feature_preprocessing:160] Final feature count: 512/512 (100.0% retained)
2025-12-13 06:48:29 [INFO] [lib.training._xgboost_pretrained:507] Using 512 features after collinearity removal
2025-12-13 06:48:29 [INFO] [lib.training._xgboost_pretrained:514] Training XGBoost...
2025-12-13 06:48:37 [INFO] [lib.training._xgboost_pretrained:519] ✓ XGBoost trained on pretrained model features
2025-12-13 06:48:38 [INFO] [lib.training._xgboost_pretrained:381] Loading pretrained model: pretrained_inception (num_frames=250)
2025-12-13 06:48:38 [INFO] [lib.training._xgboost_pretrained:396] Loaded pretrained_inception model to GPU, cleared cache
2025-12-13 06:48:39 [INFO] [lib.training._xgboost_pretrained:444] Extracting features using pretrained_inception (num_frames=250)...
2025-12-13 06:48:39 [INFO] [lib.training._xgboost_pretrained:84] Applied PyTorch memory optimizations for feature extraction
2025-12-13 07:11:18 [INFO] [lib.training._xgboost_pretrained:272] Extracted features shape: (657, 512)
2025-12-13 07:11:19 [INFO] [lib.training._xgboost_pretrained:462] Cleared pretrained_inception model from GPU after feature extraction
2025-12-13 07:11:19 [INFO] [lib.training.pipeline:2212] Fold 1 - Val Loss: 0.7651, Val Acc: 0.4658, Val F1: 0.1780, Val Precision: 0.4130, Val Recall: 0.1134
2025-12-13 07:11:19 [INFO] [lib.training._xgboost_pretrained:587] Saved XGBoost model to /gpfs/accounts/si670f25_class_root/si670f25_class/santoshd/fvc/data/stage5/xgboost_pretrained_inception/fold_1
2025-12-13 07:11:19 [INFO] [lib.training.pipeline:1927] 
Final Training - xgboost_pretrained_inception - Fold 2/5 (full dataset)
2025-12-13 07:11:19 [INFO] [lib.training.pipeline:1936] Deleted existing final training fold 2 directory (clean mode)
2025-12-13 07:11:19 [INFO] [lib.training._xgboost_pretrained:476] Training XGBoost on features from pretrained_inception...
2025-12-13 07:11:19 [INFO] [lib.training._xgboost_pretrained:477] Processing 2622 videos...
2025-12-13 07:11:19 [INFO] [lib.training._xgboost_pretrained:381] Loading pretrained model: pretrained_inception (num_frames=250)
2025-12-13 07:11:20 [INFO] [lib.training._xgboost_pretrained:396] Loaded pretrained_inception model to GPU, cleared cache
2025-12-13 07:11:20 [INFO] [lib.training._xgboost_pretrained:444] Extracting features using pretrained_inception (num_frames=250)...
2025-12-13 07:11:20 [INFO] [lib.training._xgboost_pretrained:84] Applied PyTorch memory optimizations for feature extraction
