2025-12-12 00:12:12 [INFO] [__main__:274] ================================================================================
2025-12-12 00:12:12 [INFO] [__main__:275] STAGE 1: VIDEO AUGMENTATION
2025-12-12 00:12:12 [INFO] [__main__:276] ================================================================================
2025-12-12 00:12:12 [INFO] [__main__:277] Project root: /gpfs/accounts/si670f25_class_root/si670f25_class/santoshd/fvc
2025-12-12 00:12:12 [INFO] [__main__:278] Output directory: /gpfs/accounts/si670f25_class_root/si670f25_class/santoshd/fvc/data/augmented_videos
2025-12-12 00:12:12 [INFO] [__main__:279] Number of augmentations per video: 10
2025-12-12 00:12:12 [INFO] [__main__:280] Resume mode: Enabled
2025-12-12 00:12:12 [INFO] [__main__:281] Delete existing augmentations: No (preserved)
2025-12-12 00:12:12 [INFO] [__main__:286] Log file: /gpfs/accounts/si670f25_class_root/si670f25_class/santoshd/fvc/logs/stage1_augmentation_1765516332.log
2025-12-12 00:12:12 [DEBUG] [__main__:287] Python version: 3.11.7 (main, Dec 15 2023, 18:12:31) [GCC 11.2.0]
2025-12-12 00:12:12 [DEBUG] [__main__:288] Python executable: /gpfs/accounts/si670f25_class_root/si670f25_class/santoshd/fvc/venv/bin/python
2025-12-12 00:12:12 [DEBUG] [__main__:289] Working directory: /gpfs/accounts/si670f25_class_root/si670f25_class/santoshd/fvc
2025-12-12 00:12:12 [DEBUG] [__main__:290] Command line arguments: ['src/scripts/run_stage1_augmentation.py', '--resume']
2025-12-12 00:12:12 [INFO] [__main__:293] ================================================================================
2025-12-12 00:12:12 [INFO] [__main__:294] Checking prerequisites...
2025-12-12 00:12:12 [INFO] [__main__:295] ================================================================================
2025-12-12 00:12:12 [INFO] [__main__:303] ✓ Metadata file found: /gpfs/accounts/si670f25_class_root/si670f25_class/santoshd/fvc/data/video_index_input.csv
2025-12-12 00:12:12 [INFO] [__main__:319] ✓ Videos directory found: /gpfs/accounts/si670f25_class_root/si670f25_class/santoshd/fvc/videos
2025-12-12 00:12:12 [DEBUG] [__main__:324] System information:
2025-12-12 00:12:12 [DEBUG] [__main__:325]   CPU count: 72
2025-12-12 00:12:12 [DEBUG] [__main__:326]   Total memory: 200.67 GB
2025-12-12 00:12:12 [DEBUG] [__main__:327]   Available memory: 136.57 GB
2025-12-12 00:12:12 [INFO] [__main__:332] ================================================================================
2025-12-12 00:12:12 [INFO] [__main__:333] Initial memory statistics:
2025-12-12 00:12:12 [INFO] [__main__:334] ================================================================================
2025-12-12 00:12:12 [INFO] [lib.utils.memory:89] Memory stats (Stage 1: before augmentation): {'cpu_memory_mb': 611.68359375, 'cpu_memory_gb': 0.5973472595214844, 'cpu_vms_mb': 7538.75, 'gpu_allocated_gb': 0.0, 'gpu_reserved_gb': 0.0, 'gpu_total_gb': 0.0, 'gpu_free_gb': 0.0}
2025-12-12 00:12:12 [DEBUG] [lib.utils.memory:95] CPU percent: 0.0%
2025-12-12 00:12:12 [DEBUG] [lib.utils.memory:96] Num threads: 66
2025-12-12 00:12:12 [INFO] [__main__:338] ================================================================================
2025-12-12 00:12:12 [INFO] [__main__:339] Starting Stage 1: Video Augmentation
2025-12-12 00:12:12 [INFO] [__main__:340] ================================================================================
2025-12-12 00:12:12 [INFO] [__main__:341] This may take a while depending on dataset size...
2025-12-12 00:12:12 [INFO] [__main__:342] Progress will be logged in real-time
2025-12-12 00:12:12 [INFO] [__main__:343] ================================================================================
2025-12-12 00:12:12 [INFO] [__main__:350] ================================================================================
2025-12-12 00:12:12 [INFO] [__main__:351] RESUME MODE: Two-Pass Augmentation
2025-12-12 00:12:12 [INFO] [__main__:352] ================================================================================
2025-12-12 00:12:12 [INFO] [__main__:64] PASS 1: Checking which videos need augmentations...
2025-12-12 00:12:18 [INFO] [__main__:181] Checked 100/298 videos... (100 complete, 0 need augmentations)
2025-12-12 00:12:19 [INFO] [__main__:181] Checked 200/298 videos... (200 complete, 0 need augmentations)
2025-12-12 00:12:19 [INFO] [__main__:181] Checked 298/298 videos... (298 complete, 0 need augmentations)
2025-12-12 00:12:19 [INFO] [__main__:192] PASS 1 complete: Checked all 298 videos (298 complete, 0 need augmentations)
2025-12-12 00:12:19 [INFO] [__main__:365] ================================================================================
2025-12-12 00:12:19 [INFO] [__main__:366] PASS 1 COMPLETE: Augmentation Status Check
2025-12-12 00:12:19 [INFO] [__main__:367] ================================================================================
2025-12-12 00:12:19 [INFO] [__main__:368] Check duration: 7.10 seconds (0.12 minutes)
2025-12-12 00:12:19 [INFO] [__main__:369] Total videos checked: 298
2025-12-12 00:12:19 [INFO] [__main__:370] Videos with complete augmentations: 298
2025-12-12 00:12:19 [INFO] [__main__:371] Videos needing augmentations: 0
2025-12-12 00:12:19 [INFO] [__main__:372] ================================================================================
2025-12-12 00:12:19 [INFO] [__main__:375] All videos already have augmentations. Nothing to do.
