2025-12-12 20:01:12 [INFO] [__main__:310] ================================================================================
2025-12-12 20:01:12 [INFO] [__main__:311] STAGE 5: MODEL TRAINING
2025-12-12 20:01:12 [INFO] [__main__:312] ================================================================================
2025-12-12 20:01:12 [INFO] [__main__:313] Project root: /gpfs/accounts/si670f25_class_root/si670f25_class/santoshd/fvc
2025-12-12 20:01:12 [INFO] [__main__:314] Scaled metadata: /gpfs/accounts/si670f25_class_root/si670f25_class/santoshd/fvc/data/scaled_videos/scaled_metadata.arrow
2025-12-12 20:01:12 [INFO] [__main__:315] Features Stage 2: /gpfs/accounts/si670f25_class_root/si670f25_class/santoshd/fvc/data/features_stage2/features_metadata.arrow
2025-12-12 20:01:12 [INFO] [__main__:316] Features Stage 4: /gpfs/accounts/si670f25_class_root/si670f25_class/santoshd/fvc/data/features_stage4/features_scaled_metadata.arrow
2025-12-12 20:01:12 [INFO] [__main__:317] Model types: ['naive_cnn']
2025-12-12 20:01:12 [INFO] [__main__:318] K-fold splits: 5
2025-12-12 20:01:12 [INFO] [__main__:319] Number of frames: 1000
2025-12-12 20:01:12 [INFO] [__main__:320] Output directory: /gpfs/accounts/si670f25_class_root/si670f25_class/santoshd/fvc/data/stage5
2025-12-12 20:01:12 [INFO] [__main__:321] Experiment tracking: Enabled
2025-12-12 20:01:12 [INFO] [__main__:324] Delete existing: True
2025-12-12 20:01:12 [INFO] [__main__:325] Resume mode: True
2025-12-12 20:01:12 [INFO] [__main__:326] Log file: /gpfs/accounts/si670f25_class_root/si670f25_class/santoshd/fvc/logs/stage5_training_1765587672.log
2025-12-12 20:01:12 [INFO] [__main__:333] ================================================================================
2025-12-12 20:01:12 [INFO] [__main__:334] Checking prerequisites...
2025-12-12 20:01:12 [INFO] [__main__:335] ================================================================================
2025-12-12 20:01:12 [INFO] [__main__:342] ✓ Scaled metadata file found: /gpfs/accounts/si670f25_class_root/si670f25_class/santoshd/fvc/data/scaled_videos/scaled_metadata.arrow
2025-12-12 20:01:12 [INFO] [__main__:352] ✓ All model types are valid
2025-12-12 20:01:12 [INFO] [__main__:358] ================================================================================
2025-12-12 20:01:12 [INFO] [__main__:359] Initial memory statistics:
2025-12-12 20:01:12 [INFO] [__main__:360] ================================================================================
2025-12-12 20:01:12 [INFO] [lib.utils.memory:89] Memory stats (Stage 5: before training): {'cpu_memory_mb': 735.578125, 'cpu_memory_gb': 0.7183380126953125, 'cpu_vms_mb': 10217.5390625, 'gpu_allocated_gb': 0.0, 'gpu_reserved_gb': 0.0, 'gpu_total_gb': 16.928342016, 'gpu_free_gb': 16.928342016}
2025-12-12 20:01:12 [INFO] [__main__:364] ================================================================================
2025-12-12 20:01:12 [INFO] [__main__:365] Starting Stage 5: Model Training
2025-12-12 20:01:12 [INFO] [__main__:366] ================================================================================
2025-12-12 20:01:12 [INFO] [__main__:367] Training 1 model(s) with 5-fold cross-validation
2025-12-12 20:01:12 [INFO] [__main__:368] This may take a while depending on dataset size and model complexity...
2025-12-12 20:01:12 [INFO] [__main__:369] Progress will be logged in real-time
2025-12-12 20:01:12 [INFO] [__main__:370] ================================================================================
2025-12-12 20:01:12 [INFO] [__main__:375] Calling Stage 5 training pipeline...
2025-12-12 20:01:12 [INFO] [__main__:376] This may take a while - progress will be logged in real-time
2025-12-12 20:01:12 [INFO] [lib.training.pipeline:490] ================================================================================
2025-12-12 20:01:12 [INFO] [lib.training.pipeline:491] Stage 5: Model Training Pipeline Started
2025-12-12 20:01:12 [INFO] [lib.training.pipeline:492] ================================================================================
2025-12-12 20:01:12 [INFO] [lib.training.pipeline:493] Model types: ['naive_cnn']
2025-12-12 20:01:12 [INFO] [lib.training.pipeline:494] K-fold splits: 5
2025-12-12 20:01:12 [INFO] [lib.training.pipeline:495] Frames per video: 1000
2025-12-12 20:01:12 [INFO] [lib.training.pipeline:496] Output directory: data/stage5
2025-12-12 20:01:12 [INFO] [lib.training.pipeline:497] Initializing pipeline...
2025-12-12 20:01:12 [INFO] [lib.training.pipeline:265] ================================================================================
2025-12-12 20:01:12 [INFO] [lib.training.pipeline:266] STAGE 5 PREREQUISITE VALIDATION
2025-12-12 20:01:12 [INFO] [lib.training.pipeline:267] ================================================================================
2025-12-12 20:01:12 [INFO] [lib.training.pipeline:270] 
[1/3] Checking Stage 3 (scaled videos) - REQUIRED for all models...
2025-12-12 20:01:13 [INFO] [lib.training.pipeline:279] ✓ Stage 3 metadata found: 3278 scaled videos
2025-12-12 20:01:13 [INFO] [lib.training.pipeline:280]   Path: /gpfs/accounts/si670f25_class_root/si670f25_class/santoshd/fvc/data/scaled_videos/scaled_metadata.arrow
2025-12-12 20:01:13 [INFO] [lib.training.pipeline:283] 
[2/3] Checking Stage 2 (features) - REQUIRED for *_stage2 models...
2025-12-12 20:01:13 [INFO] [lib.training.pipeline:291] ✓ Stage 2 metadata found: 3278 feature rows
2025-12-12 20:01:13 [INFO] [lib.training.pipeline:292]   Path: /gpfs/accounts/si670f25_class_root/si670f25_class/santoshd/fvc/data/features_stage2/features_metadata.arrow
2025-12-12 20:01:13 [INFO] [lib.training.pipeline:295] 
[3/3] Checking Stage 4 (scaled features) - REQUIRED for *_stage2_stage4 models...
2025-12-12 20:01:13 [INFO] [lib.training.pipeline:303] ✓ Stage 4 metadata found: 3277 feature rows
2025-12-12 20:01:13 [INFO] [lib.training.pipeline:304]   Path: /gpfs/accounts/si670f25_class_root/si670f25_class/santoshd/fvc/data/features_stage4/features_scaled_metadata.arrow
2025-12-12 20:01:13 [INFO] [lib.training.pipeline:307] 
================================================================================
2025-12-12 20:01:13 [INFO] [lib.training.pipeline:308] MODEL REQUIREMENTS CHECK
2025-12-12 20:01:13 [INFO] [lib.training.pipeline:309] ================================================================================
2025-12-12 20:01:13 [INFO] [lib.training.pipeline:333] ✓ naive_cnn: CAN RUN
2025-12-12 20:01:13 [INFO] [lib.training.pipeline:336] 
================================================================================
2025-12-12 20:01:13 [INFO] [lib.training.pipeline:337] VALIDATION SUMMARY
2025-12-12 20:01:13 [INFO] [lib.training.pipeline:338] ================================================================================
2025-12-12 20:01:13 [INFO] [lib.training.pipeline:339] Stage 3 (scaled videos): ✓ Available
2025-12-12 20:01:13 [INFO] [lib.training.pipeline:340]   Count: 3278 videos
2025-12-12 20:01:13 [INFO] [lib.training.pipeline:341] Stage 2 (features): ✓ Available
2025-12-12 20:01:13 [INFO] [lib.training.pipeline:342]   Count: 3278 feature rows
2025-12-12 20:01:13 [INFO] [lib.training.pipeline:343] Stage 4 (scaled features): ✓ Available
2025-12-12 20:01:13 [INFO] [lib.training.pipeline:344]   Count: 3277 feature rows
2025-12-12 20:01:13 [INFO] [lib.training.pipeline:345] 
Runnable models: 1/1
2025-12-12 20:01:13 [INFO] [lib.training.pipeline:346]   ['naive_cnn']
2025-12-12 20:01:13 [INFO] [lib.training.pipeline:353] ================================================================================
2025-12-12 20:01:13 [INFO] [lib.training.pipeline:583] 
Stage 5: Loading metadata...
2025-12-12 20:01:13 [INFO] [lib.training.pipeline:609] Loaded metadata: 3278 rows
2025-12-12 20:01:13 [INFO] [lib.training.pipeline:619] ✓ Data validation passed: 3278 rows (> 3000 required)
2025-12-12 20:01:13 [WARNING] [lib.utils.guardrails:171] Disk usage high: free=833305.65GB, used=1666534.35GB (66.7%)
2025-12-12 20:01:13 [INFO] [lib.training.pipeline:651] Stage 5: Found 3278 scaled videos
2025-12-12 20:01:13 [INFO] [lib.training.pipeline:699] Enabling adaptive chunked frame loading for naive_cnn: initial_chunk_size=25, num_frames=1000. Chunk size will adapt automatically based on OOM events (AIMD algorithm).
2025-12-12 20:01:13 [INFO] [lib.training.pipeline:754] Stage 5: Deleting existing model results (clean mode)...
2025-12-12 20:01:13 [INFO] [lib.training.pipeline:763] Deleted existing results for naive_cnn
2025-12-12 20:01:13 [INFO] [lib.training.pipeline:766] Stage 5: Deleted 1 existing model directories
2025-12-12 20:01:13 [INFO] [lib.training.pipeline:771] 
================================================================================
2025-12-12 20:01:13 [INFO] [lib.training.pipeline:772] Stage 5: Training model: naive_cnn
2025-12-12 20:01:13 [INFO] [lib.training.pipeline:773] ================================================================================
2025-12-12 20:01:15 [INFO] [lib.training.pipeline:797] Grid search: 18 hyperparameter combinations to try
2025-12-12 20:01:15 [INFO] [lib.training.pipeline:805] ================================================================================
2025-12-12 20:01:15 [INFO] [lib.training.pipeline:806] HYPERPARAMETER SEARCH: Using 20% stratified sample for efficiency
2025-12-12 20:01:15 [INFO] [lib.training.pipeline:807] ================================================================================
2025-12-12 20:01:15 [INFO] [lib.training.pipeline:816] Hyperparameter search sample: 655 rows (20.0% of 3278 total)
2025-12-12 20:01:17 [INFO] [lib.training.pipeline:829] Using 5-fold stratified cross-validation on 20% sample for hyperparameter search
2025-12-12 20:01:17 [INFO] [lib.training.pipeline:842] 
================================================================================
2025-12-12 20:01:17 [INFO] [lib.training.pipeline:843] Grid Search: Hyperparameter combination 1/18
2025-12-12 20:01:17 [INFO] [lib.training.pipeline:844] Parameters: {'learning_rate': 0.0001, 'weight_decay': 1e-05, 'batch_size': 1, 'num_epochs': 20}
2025-12-12 20:01:17 [INFO] [lib.training.pipeline:845] ================================================================================
2025-12-12 20:01:17 [INFO] [lib.training.pipeline:874] 
Hyperparameter Search - naive_cnn - Fold 1/5 (20% sample)
2025-12-12 20:01:17 [INFO] [lib.training.pipeline:978] Training configuration - Batch size: 1, Gradient accumulation steps: 16, Effective batch size: 16
2025-12-12 20:01:27 [INFO] [lib.mlops.mlflow_tracker:89] MLflow run started: 8f23dbe6807e4b3f8dda60bfa2362fbf (experiment: naive_cnn)
2025-12-12 20:01:27 [INFO] [lib.training.pipeline:1097] Training PyTorch model naive_cnn on fold 1...
2025-12-12 20:01:51 [INFO] [lib.training.pipeline:1139] Model forward pass test successful. Output shape: torch.Size([1, 2])
2025-12-12 20:01:51 [INFO] [lib.training.trainer:260] Warmup will be handled in training loop (2 epochs)
2025-12-12 20:02:22 [ERROR] [lib.training._cnn:182] Runtime error in forward pass: CUDA out of memory. Tried to allocate 36.00 MiB. GPU 0 has a total capacity of 15.77 GiB of which 16.19 MiB is free. Including non-PyTorch memory, this process has 15.74 GiB memory in use. Of the allocated memory 15.23 GiB is allocated by PyTorch, and 149.38 MiB is reserved by PyTorch but unallocated. If reserved but unallocated memory is large try setting PYTORCH_CUDA_ALLOC_CONF=expandable_segments:True to avoid fragmentation.  See documentation for Memory Management  (https://pytorch.org/docs/stable/notes/cuda.html#environment-variables). Input shape: torch.Size([1, 3, 1000, 178, 256]), Model num_frames: 1000
2025-12-12 20:02:22 [ERROR] [lib.utils.memory:128] OOM error forward pass batch 0: CUDA out of memory. Tried to allocate 36.00 MiB. GPU 0 has a total capacity of 15.77 GiB of which 16.19 MiB is free. Including non-PyTorch memory, this process has 15.74 GiB memory in use. Of the allocated memory 15.23 GiB is allocated by PyTorch, and 149.38 MiB is reserved by PyTorch but unallocated. If reserved but unallocated memory is large try setting PYTORCH_CUDA_ALLOC_CONF=expandable_segments:True to avoid fragmentation.  See documentation for Memory Management  (https://pytorch.org/docs/stable/notes/cuda.html#environment-variables)
2025-12-12 20:02:23 [INFO] [lib.utils.memory:89] Memory stats (after OOM forward pass batch 0): {'cpu_memory_mb': 4594.62890625, 'cpu_memory_gb': 4.486942291259766, 'cpu_vms_mb': 51645.1953125, 'gpu_allocated_gb': 16.352145408, 'gpu_reserved_gb': 16.508780544, 'gpu_total_gb': 16.928342016, 'gpu_free_gb': 0.419561472}
2025-12-12 20:02:23 [WARNING] [lib.training.pipeline:1280] CUDA OOM during training (attempt 1/4): CUDA out of memory. Tried to allocate 36.00 MiB. GPU 0 has a total capacity of 15.77 GiB of which 16.19 MiB is free. Including non-PyTorch memory, this process has 15.74 GiB memory in use. Of the allocated memory 15.23 GiB is allocated by PyTorch, and 149.38 MiB is reserved by PyTorch but unallocated. If reserved but unallocated memory is large try setting PYTORCH_CUDA_ALLOC_CONF=expandable_segments:True to avoid fragmentation.  See documentation for Memory Management  (https://pytorch.org/docs/stable/notes/cuda.html#environment-variables). Model: naive_cnn, Fold: 1, Current batch size: 1
2025-12-12 20:02:23 [INFO] [lib.training.trainer:260] Warmup will be handled in training loop (2 epochs)
2025-12-12 20:02:33 [INFO] [lib.models.video:417] Chunk size increased from 200 to 210 (after 3 successes, increment: 10)
2025-12-12 20:03:32 [INFO] [lib.models.video:417] Chunk size increased from 200 to 210 (after 3 successes, increment: 10)
2025-12-12 20:04:02 [ERROR] [lib.training._cnn:182] Runtime error in forward pass: CUDA out of memory. Tried to allocate 36.00 MiB. GPU 0 has a total capacity of 15.77 GiB of which 4.19 MiB is free. Including non-PyTorch memory, this process has 15.75 GiB memory in use. Of the allocated memory 15.24 GiB is allocated by PyTorch, and 140.86 MiB is reserved by PyTorch but unallocated. If reserved but unallocated memory is large try setting PYTORCH_CUDA_ALLOC_CONF=expandable_segments:True to avoid fragmentation.  See documentation for Memory Management  (https://pytorch.org/docs/stable/notes/cuda.html#environment-variables). Input shape: torch.Size([1, 3, 1000, 178, 256]), Model num_frames: 1000
2025-12-12 20:04:02 [ERROR] [lib.utils.memory:128] OOM error forward pass batch 4: CUDA out of memory. Tried to allocate 36.00 MiB. GPU 0 has a total capacity of 15.77 GiB of which 4.19 MiB is free. Including non-PyTorch memory, this process has 15.75 GiB memory in use. Of the allocated memory 15.24 GiB is allocated by PyTorch, and 140.86 MiB is reserved by PyTorch but unallocated. If reserved but unallocated memory is large try setting PYTORCH_CUDA_ALLOC_CONF=expandable_segments:True to avoid fragmentation.  See documentation for Memory Management  (https://pytorch.org/docs/stable/notes/cuda.html#environment-variables)
2025-12-12 20:04:02 [INFO] [lib.utils.memory:89] Memory stats (after OOM forward pass batch 4): {'cpu_memory_mb': 5913.0859375, 'cpu_memory_gb': 5.774497985839844, 'cpu_vms_mb': 52998.11328125, 'gpu_allocated_gb': 16.36107776, 'gpu_reserved_gb': 16.508780544, 'gpu_total_gb': 16.928342016, 'gpu_free_gb': 0.419561472}
2025-12-12 20:04:02 [WARNING] [lib.training.pipeline:1280] CUDA OOM during training (attempt 2/4): CUDA out of memory. Tried to allocate 36.00 MiB. GPU 0 has a total capacity of 15.77 GiB of which 4.19 MiB is free. Including non-PyTorch memory, this process has 15.75 GiB memory in use. Of the allocated memory 15.24 GiB is allocated by PyTorch, and 140.86 MiB is reserved by PyTorch but unallocated. If reserved but unallocated memory is large try setting PYTORCH_CUDA_ALLOC_CONF=expandable_segments:True to avoid fragmentation.  See documentation for Memory Management  (https://pytorch.org/docs/stable/notes/cuda.html#environment-variables). Model: naive_cnn, Fold: 1, Current batch size: 1
2025-12-12 20:04:02 [INFO] [lib.training.trainer:260] Warmup will be handled in training loop (2 epochs)
2025-12-12 20:04:33 [INFO] [lib.models.video:417] Chunk size increased from 200 to 210 (after 3 successes, increment: 10)
2025-12-12 20:05:21 [INFO] [lib.models.video:417] Chunk size increased from 200 to 210 (after 3 successes, increment: 10)
2025-12-12 20:06:12 [INFO] [lib.models.video:417] Chunk size increased from 200 to 210 (after 3 successes, increment: 10)
2025-12-12 20:06:20 [ERROR] [lib.training._cnn:182] Runtime error in forward pass: CUDA out of memory. Tried to allocate 38.00 MiB. GPU 0 has a total capacity of 15.77 GiB of which 24.19 MiB is free. Including non-PyTorch memory, this process has 15.73 GiB memory in use. Of the allocated memory 15.23 GiB is allocated by PyTorch, and 126.19 MiB is reserved by PyTorch but unallocated. If reserved but unallocated memory is large try setting PYTORCH_CUDA_ALLOC_CONF=expandable_segments:True to avoid fragmentation.  See documentation for Memory Management  (https://pytorch.org/docs/stable/notes/cuda.html#environment-variables). Input shape: torch.Size([1, 3, 1000, 192, 256]), Model num_frames: 1000
2025-12-12 20:06:20 [ERROR] [lib.utils.memory:128] OOM error forward pass batch 7: CUDA out of memory. Tried to allocate 38.00 MiB. GPU 0 has a total capacity of 15.77 GiB of which 24.19 MiB is free. Including non-PyTorch memory, this process has 15.73 GiB memory in use. Of the allocated memory 15.23 GiB is allocated by PyTorch, and 126.19 MiB is reserved by PyTorch but unallocated. If reserved but unallocated memory is large try setting PYTORCH_CUDA_ALLOC_CONF=expandable_segments:True to avoid fragmentation.  See documentation for Memory Management  (https://pytorch.org/docs/stable/notes/cuda.html#environment-variables)
2025-12-12 20:06:20 [INFO] [lib.utils.memory:89] Memory stats (after OOM forward pass batch 7): {'cpu_memory_mb': 5914.515625, 'cpu_memory_gb': 5.7758941650390625, 'cpu_vms_mb': 52999.11328125, 'gpu_allocated_gb': 16.355489792, 'gpu_reserved_gb': 16.487809024, 'gpu_total_gb': 16.928342016, 'gpu_free_gb': 0.440532992}
2025-12-12 20:06:20 [WARNING] [lib.training.pipeline:1280] CUDA OOM during training (attempt 3/4): CUDA out of memory. Tried to allocate 38.00 MiB. GPU 0 has a total capacity of 15.77 GiB of which 24.19 MiB is free. Including non-PyTorch memory, this process has 15.73 GiB memory in use. Of the allocated memory 15.23 GiB is allocated by PyTorch, and 126.19 MiB is reserved by PyTorch but unallocated. If reserved but unallocated memory is large try setting PYTORCH_CUDA_ALLOC_CONF=expandable_segments:True to avoid fragmentation.  See documentation for Memory Management  (https://pytorch.org/docs/stable/notes/cuda.html#environment-variables). Model: naive_cnn, Fold: 1, Current batch size: 1
2025-12-12 20:06:20 [INFO] [lib.training.trainer:260] Warmup will be handled in training loop (2 epochs)
2025-12-12 20:06:43 [ERROR] [lib.training._cnn:182] Runtime error in forward pass: CUDA out of memory. Tried to allocate 76.00 MiB. GPU 0 has a total capacity of 15.77 GiB of which 64.19 MiB is free. Including non-PyTorch memory, this process has 15.70 GiB memory in use. Of the allocated memory 15.19 GiB is allocated by PyTorch, and 126.45 MiB is reserved by PyTorch but unallocated. If reserved but unallocated memory is large try setting PYTORCH_CUDA_ALLOC_CONF=expandable_segments:True to avoid fragmentation.  See documentation for Memory Management  (https://pytorch.org/docs/stable/notes/cuda.html#environment-variables). Input shape: torch.Size([1, 3, 1000, 194, 256]), Model num_frames: 1000
2025-12-12 20:06:43 [ERROR] [lib.utils.memory:128] OOM error forward pass batch 0: CUDA out of memory. Tried to allocate 76.00 MiB. GPU 0 has a total capacity of 15.77 GiB of which 64.19 MiB is free. Including non-PyTorch memory, this process has 15.70 GiB memory in use. Of the allocated memory 15.19 GiB is allocated by PyTorch, and 126.45 MiB is reserved by PyTorch but unallocated. If reserved but unallocated memory is large try setting PYTORCH_CUDA_ALLOC_CONF=expandable_segments:True to avoid fragmentation.  See documentation for Memory Management  (https://pytorch.org/docs/stable/notes/cuda.html#environment-variables)
2025-12-12 20:06:43 [INFO] [lib.utils.memory:89] Memory stats (after OOM forward pass batch 0): {'cpu_memory_mb': 5914.62109375, 'cpu_memory_gb': 5.775997161865234, 'cpu_vms_mb': 52999.11328125, 'gpu_allocated_gb': 16.313271296, 'gpu_reserved_gb': 16.445865984, 'gpu_total_gb': 16.928342016, 'gpu_free_gb': 0.482476032}
2025-12-12 20:06:43 [ERROR] [lib.training.pipeline:1295] CUDA OOM or runtime error during training (max retries reached): CUDA out of memory. Tried to allocate 76.00 MiB. GPU 0 has a total capacity of 15.77 GiB of which 64.19 MiB is free. Including non-PyTorch memory, this process has 15.70 GiB memory in use. Of the allocated memory 15.19 GiB is allocated by PyTorch, and 126.45 MiB is reserved by PyTorch but unallocated. If reserved but unallocated memory is large try setting PYTORCH_CUDA_ALLOC_CONF=expandable_segments:True to avoid fragmentation.  See documentation for Memory Management  (https://pytorch.org/docs/stable/notes/cuda.html#environment-variables). Model: naive_cnn, Fold: 1, Final batch size: 1
2025-12-12 20:06:43 [ERROR] [lib.training.pipeline:1674] Error training fold 1: CUDA out of memory. Tried to allocate 76.00 MiB. GPU 0 has a total capacity of 15.77 GiB of which 64.19 MiB is free. Including non-PyTorch memory, this process has 15.70 GiB memory in use. Of the allocated memory 15.19 GiB is allocated by PyTorch, and 126.45 MiB is reserved by PyTorch but unallocated. If reserved but unallocated memory is large try setting PYTORCH_CUDA_ALLOC_CONF=expandable_segments:True to avoid fragmentation.  See documentation for Memory Management  (https://pytorch.org/docs/stable/notes/cuda.html#environment-variables)
Traceback (most recent call last):
  File "/gpfs/accounts/si670f25_class_root/si670f25_class/santoshd/fvc/lib/training/pipeline.py", line 1244, in stage5_train_models
    model = fit(
            ^^^^
  File "/gpfs/accounts/si670f25_class_root/si670f25_class/santoshd/fvc/lib/training/trainer.py", line 624, in fit
    train_loss = train_one_epoch(
                 ^^^^^^^^^^^^^^^^
  File "/gpfs/accounts/si670f25_class_root/si670f25_class/santoshd/fvc/lib/training/trainer.py", line 342, in train_one_epoch
    logits = model(clips)
             ^^^^^^^^^^^^
  File "/gpfs/accounts/si670f25_class_root/si670f25_class/santoshd/fvc/venv/lib/python3.11/site-packages/torch/nn/modules/module.py", line 1775, in _wrapped_call_impl
    return self._call_impl(*args, **kwargs)
           ^^^^^^^^^^^^^^^^^^^^^^^^^^^^^^^^
  File "/gpfs/accounts/si670f25_class_root/si670f25_class/santoshd/fvc/venv/lib/python3.11/site-packages/torch/nn/modules/module.py", line 1786, in _call_impl
    return forward_call(*args, **kwargs)
           ^^^^^^^^^^^^^^^^^^^^^^^^^^^^^
  File "/gpfs/accounts/si670f25_class_root/si670f25_class/santoshd/fvc/lib/training/_cnn.py", line 131, in forward
    chunk = F.relu(self.bn1(self.conv1(chunk)))
                   ^^^^^^^^^^^^^^^^^^^^^^^^^^^
  File "/gpfs/accounts/si670f25_class_root/si670f25_class/santoshd/fvc/venv/lib/python3.11/site-packages/torch/nn/modules/module.py", line 1775, in _wrapped_call_impl
    return self._call_impl(*args, **kwargs)
           ^^^^^^^^^^^^^^^^^^^^^^^^^^^^^^^^
  File "/gpfs/accounts/si670f25_class_root/si670f25_class/santoshd/fvc/venv/lib/python3.11/site-packages/torch/nn/modules/module.py", line 1786, in _call_impl
    return forward_call(*args, **kwargs)
           ^^^^^^^^^^^^^^^^^^^^^^^^^^^^^
  File "/gpfs/accounts/si670f25_class_root/si670f25_class/santoshd/fvc/venv/lib/python3.11/site-packages/torch/nn/modules/batchnorm.py", line 193, in forward
    return F.batch_norm(
           ^^^^^^^^^^^^^
  File "/gpfs/accounts/si670f25_class_root/si670f25_class/santoshd/fvc/venv/lib/python3.11/site-packages/torch/nn/functional.py", line 2813, in batch_norm
    return torch.batch_norm(
           ^^^^^^^^^^^^^^^^^
torch.OutOfMemoryError: CUDA out of memory. Tried to allocate 76.00 MiB. GPU 0 has a total capacity of 15.77 GiB of which 64.19 MiB is free. Including non-PyTorch memory, this process has 15.70 GiB memory in use. Of the allocated memory 15.19 GiB is allocated by PyTorch, and 126.45 MiB is reserved by PyTorch but unallocated. If reserved but unallocated memory is large try setting PYTORCH_CUDA_ALLOC_CONF=expandable_segments:True to avoid fragmentation.  See documentation for Memory Management  (https://pytorch.org/docs/stable/notes/cuda.html#environment-variables)
2025-12-12 20:06:43 [INFO] [lib.mlops.mlflow_tracker:142] MLflow run ended: 8f23dbe6807e4b3f8dda60bfa2362fbf
2025-12-12 20:06:43 [INFO] [lib.training.pipeline:874] 
Hyperparameter Search - naive_cnn - Fold 2/5 (20% sample)
2025-12-12 20:06:43 [INFO] [lib.training.pipeline:978] Training configuration - Batch size: 1, Gradient accumulation steps: 16, Effective batch size: 16
2025-12-12 20:06:43 [INFO] [lib.mlops.mlflow_tracker:89] MLflow run started: 0d63f64d02b34c04b123acb72882dc58 (experiment: naive_cnn)
2025-12-12 20:06:43 [INFO] [lib.training.pipeline:1097] Training PyTorch model naive_cnn on fold 2...
2025-12-12 20:06:59 [INFO] [lib.training.pipeline:1139] Model forward pass test successful. Output shape: torch.Size([1, 2])
2025-12-12 20:06:59 [INFO] [lib.training.trainer:260] Warmup will be handled in training loop (2 epochs)
2025-12-12 20:07:06 [INFO] [lib.models.video:417] Chunk size increased from 200 to 210 (after 3 successes, increment: 10)
2025-12-12 20:07:39 [ERROR] [lib.training._cnn:182] Runtime error in forward pass: CUDA out of memory. Tried to allocate 38.00 MiB. GPU 0 has a total capacity of 15.77 GiB of which 4.19 MiB is free. Including non-PyTorch memory, this process has 15.75 GiB memory in use. Of the allocated memory 15.27 GiB is allocated by PyTorch, and 108.69 MiB is reserved by PyTorch but unallocated. If reserved but unallocated memory is large try setting PYTORCH_CUDA_ALLOC_CONF=expandable_segments:True to avoid fragmentation.  See documentation for Memory Management  (https://pytorch.org/docs/stable/notes/cuda.html#environment-variables). Input shape: torch.Size([1, 3, 1000, 192, 256]), Model num_frames: 1000
2025-12-12 20:07:39 [ERROR] [lib.utils.memory:128] OOM error forward pass batch 1: CUDA out of memory. Tried to allocate 38.00 MiB. GPU 0 has a total capacity of 15.77 GiB of which 4.19 MiB is free. Including non-PyTorch memory, this process has 15.75 GiB memory in use. Of the allocated memory 15.27 GiB is allocated by PyTorch, and 108.69 MiB is reserved by PyTorch but unallocated. If reserved but unallocated memory is large try setting PYTORCH_CUDA_ALLOC_CONF=expandable_segments:True to avoid fragmentation.  See documentation for Memory Management  (https://pytorch.org/docs/stable/notes/cuda.html#environment-variables)
2025-12-12 20:07:39 [INFO] [lib.utils.memory:89] Memory stats (after OOM forward pass batch 1): {'cpu_memory_mb': 5914.65625, 'cpu_memory_gb': 5.776031494140625, 'cpu_vms_mb': 52999.11328125, 'gpu_allocated_gb': 16.394811392, 'gpu_reserved_gb': 16.508780544, 'gpu_total_gb': 16.928342016, 'gpu_free_gb': 0.419561472}
2025-12-12 20:07:39 [WARNING] [lib.training.pipeline:1280] CUDA OOM during training (attempt 1/4): CUDA out of memory. Tried to allocate 38.00 MiB. GPU 0 has a total capacity of 15.77 GiB of which 4.19 MiB is free. Including non-PyTorch memory, this process has 15.75 GiB memory in use. Of the allocated memory 15.27 GiB is allocated by PyTorch, and 108.69 MiB is reserved by PyTorch but unallocated. If reserved but unallocated memory is large try setting PYTORCH_CUDA_ALLOC_CONF=expandable_segments:True to avoid fragmentation.  See documentation for Memory Management  (https://pytorch.org/docs/stable/notes/cuda.html#environment-variables). Model: naive_cnn, Fold: 2, Current batch size: 1
2025-12-12 20:07:39 [INFO] [lib.training.trainer:260] Warmup will be handled in training loop (2 epochs)
2025-12-12 20:08:12 [INFO] [lib.models.video:417] Chunk size increased from 200 to 210 (after 3 successes, increment: 10)
2025-12-12 20:08:52 [ERROR] [lib.training._cnn:182] Runtime error in forward pass: CUDA out of memory. Tried to allocate 38.00 MiB. GPU 0 has a total capacity of 15.77 GiB of which 24.19 MiB is free. Including non-PyTorch memory, this process has 15.73 GiB memory in use. Of the allocated memory 15.23 GiB is allocated by PyTorch, and 126.19 MiB is reserved by PyTorch but unallocated. If reserved but unallocated memory is large try setting PYTORCH_CUDA_ALLOC_CONF=expandable_segments:True to avoid fragmentation.  See documentation for Memory Management  (https://pytorch.org/docs/stable/notes/cuda.html#environment-variables). Input shape: torch.Size([1, 3, 1000, 192, 256]), Model num_frames: 1000
2025-12-12 20:08:52 [ERROR] [lib.utils.memory:128] OOM error forward pass batch 3: CUDA out of memory. Tried to allocate 38.00 MiB. GPU 0 has a total capacity of 15.77 GiB of which 24.19 MiB is free. Including non-PyTorch memory, this process has 15.73 GiB memory in use. Of the allocated memory 15.23 GiB is allocated by PyTorch, and 126.19 MiB is reserved by PyTorch but unallocated. If reserved but unallocated memory is large try setting PYTORCH_CUDA_ALLOC_CONF=expandable_segments:True to avoid fragmentation.  See documentation for Memory Management  (https://pytorch.org/docs/stable/notes/cuda.html#environment-variables)
2025-12-12 20:08:52 [INFO] [lib.utils.memory:89] Memory stats (after OOM forward pass batch 3): {'cpu_memory_mb': 5915.578125, 'cpu_memory_gb': 5.7769317626953125, 'cpu_vms_mb': 53000.11328125, 'gpu_allocated_gb': 16.355489792, 'gpu_reserved_gb': 16.487809024, 'gpu_total_gb': 16.928342016, 'gpu_free_gb': 0.440532992}
2025-12-12 20:08:52 [WARNING] [lib.training.pipeline:1280] CUDA OOM during training (attempt 2/4): CUDA out of memory. Tried to allocate 38.00 MiB. GPU 0 has a total capacity of 15.77 GiB of which 24.19 MiB is free. Including non-PyTorch memory, this process has 15.73 GiB memory in use. Of the allocated memory 15.23 GiB is allocated by PyTorch, and 126.19 MiB is reserved by PyTorch but unallocated. If reserved but unallocated memory is large try setting PYTORCH_CUDA_ALLOC_CONF=expandable_segments:True to avoid fragmentation.  See documentation for Memory Management  (https://pytorch.org/docs/stable/notes/cuda.html#environment-variables). Model: naive_cnn, Fold: 2, Current batch size: 1
2025-12-12 20:08:52 [INFO] [lib.training.trainer:260] Warmup will be handled in training loop (2 epochs)
2025-12-12 20:09:01 [INFO] [lib.models.video:417] Chunk size increased from 200 to 210 (after 3 successes, increment: 10)
2025-12-12 20:09:15 [ERROR] [lib.training._cnn:182] Runtime error in forward pass: CUDA out of memory. Tried to allocate 84.00 MiB. GPU 0 has a total capacity of 15.77 GiB of which 44.19 MiB is free. Including non-PyTorch memory, this process has 15.71 GiB memory in use. Of the allocated memory 15.22 GiB is allocated by PyTorch, and 123.48 MiB is reserved by PyTorch but unallocated. If reserved but unallocated memory is large try setting PYTORCH_CUDA_ALLOC_CONF=expandable_segments:True to avoid fragmentation.  See documentation for Memory Management  (https://pytorch.org/docs/stable/notes/cuda.html#environment-variables). Input shape: torch.Size([1, 3, 1000, 210, 256]), Model num_frames: 1000
2025-12-12 20:09:15 [ERROR] [lib.utils.memory:128] OOM error forward pass batch 0: CUDA out of memory. Tried to allocate 84.00 MiB. GPU 0 has a total capacity of 15.77 GiB of which 44.19 MiB is free. Including non-PyTorch memory, this process has 15.71 GiB memory in use. Of the allocated memory 15.22 GiB is allocated by PyTorch, and 123.48 MiB is reserved by PyTorch but unallocated. If reserved but unallocated memory is large try setting PYTORCH_CUDA_ALLOC_CONF=expandable_segments:True to avoid fragmentation.  See documentation for Memory Management  (https://pytorch.org/docs/stable/notes/cuda.html#environment-variables)
2025-12-12 20:09:15 [INFO] [lib.utils.memory:89] Memory stats (after OOM forward pass batch 0): {'cpu_memory_mb': 5915.65234375, 'cpu_memory_gb': 5.777004241943359, 'cpu_vms_mb': 53000.11328125, 'gpu_allocated_gb': 16.337354752, 'gpu_reserved_gb': 16.466837504, 'gpu_total_gb': 16.928342016, 'gpu_free_gb': 0.461504512}
2025-12-12 20:09:15 [WARNING] [lib.training.pipeline:1280] CUDA OOM during training (attempt 3/4): CUDA out of memory. Tried to allocate 84.00 MiB. GPU 0 has a total capacity of 15.77 GiB of which 44.19 MiB is free. Including non-PyTorch memory, this process has 15.71 GiB memory in use. Of the allocated memory 15.22 GiB is allocated by PyTorch, and 123.48 MiB is reserved by PyTorch but unallocated. If reserved but unallocated memory is large try setting PYTORCH_CUDA_ALLOC_CONF=expandable_segments:True to avoid fragmentation.  See documentation for Memory Management  (https://pytorch.org/docs/stable/notes/cuda.html#environment-variables). Model: naive_cnn, Fold: 2, Current batch size: 1
2025-12-12 20:09:15 [INFO] [lib.training.trainer:260] Warmup will be handled in training loop (2 epochs)
2025-12-12 20:09:54 [ERROR] [lib.training._cnn:182] Runtime error in forward pass: CUDA out of memory. Tried to allocate 100.00 MiB. GPU 0 has a total capacity of 15.77 GiB of which 4.19 MiB is free. Including non-PyTorch memory, this process has 15.75 GiB memory in use. Of the allocated memory 15.28 GiB is allocated by PyTorch, and 100.26 MiB is reserved by PyTorch but unallocated. If reserved but unallocated memory is large try setting PYTORCH_CUDA_ALLOC_CONF=expandable_segments:True to avoid fragmentation.  See documentation for Memory Management  (https://pytorch.org/docs/stable/notes/cuda.html#environment-variables). Input shape: torch.Size([1, 3, 1000, 256, 256]), Model num_frames: 1000
2025-12-12 20:09:54 [ERROR] [lib.utils.memory:128] OOM error forward pass batch 1: CUDA out of memory. Tried to allocate 100.00 MiB. GPU 0 has a total capacity of 15.77 GiB of which 4.19 MiB is free. Including non-PyTorch memory, this process has 15.75 GiB memory in use. Of the allocated memory 15.28 GiB is allocated by PyTorch, and 100.26 MiB is reserved by PyTorch but unallocated. If reserved but unallocated memory is large try setting PYTORCH_CUDA_ALLOC_CONF=expandable_segments:True to avoid fragmentation.  See documentation for Memory Management  (https://pytorch.org/docs/stable/notes/cuda.html#environment-variables)
2025-12-12 20:09:54 [INFO] [lib.utils.memory:89] Memory stats (after OOM forward pass batch 1): {'cpu_memory_mb': 5915.734375, 'cpu_memory_gb': 5.7770843505859375, 'cpu_vms_mb': 53000.11328125, 'gpu_allocated_gb': 16.403646464, 'gpu_reserved_gb': 16.508780544, 'gpu_total_gb': 16.928342016, 'gpu_free_gb': 0.419561472}
2025-12-12 20:09:54 [ERROR] [lib.training.pipeline:1295] CUDA OOM or runtime error during training (max retries reached): CUDA out of memory. Tried to allocate 100.00 MiB. GPU 0 has a total capacity of 15.77 GiB of which 4.19 MiB is free. Including non-PyTorch memory, this process has 15.75 GiB memory in use. Of the allocated memory 15.28 GiB is allocated by PyTorch, and 100.26 MiB is reserved by PyTorch but unallocated. If reserved but unallocated memory is large try setting PYTORCH_CUDA_ALLOC_CONF=expandable_segments:True to avoid fragmentation.  See documentation for Memory Management  (https://pytorch.org/docs/stable/notes/cuda.html#environment-variables). Model: naive_cnn, Fold: 2, Final batch size: 1
2025-12-12 20:09:54 [ERROR] [lib.training.pipeline:1674] Error training fold 2: CUDA out of memory. Tried to allocate 100.00 MiB. GPU 0 has a total capacity of 15.77 GiB of which 4.19 MiB is free. Including non-PyTorch memory, this process has 15.75 GiB memory in use. Of the allocated memory 15.28 GiB is allocated by PyTorch, and 100.26 MiB is reserved by PyTorch but unallocated. If reserved but unallocated memory is large try setting PYTORCH_CUDA_ALLOC_CONF=expandable_segments:True to avoid fragmentation.  See documentation for Memory Management  (https://pytorch.org/docs/stable/notes/cuda.html#environment-variables)
Traceback (most recent call last):
  File "/gpfs/accounts/si670f25_class_root/si670f25_class/santoshd/fvc/lib/training/pipeline.py", line 1244, in stage5_train_models
    model = fit(
            ^^^^
  File "/gpfs/accounts/si670f25_class_root/si670f25_class/santoshd/fvc/lib/training/trainer.py", line 624, in fit
    train_loss = train_one_epoch(
                 ^^^^^^^^^^^^^^^^
  File "/gpfs/accounts/si670f25_class_root/si670f25_class/santoshd/fvc/lib/training/trainer.py", line 342, in train_one_epoch
    logits = model(clips)
             ^^^^^^^^^^^^
  File "/gpfs/accounts/si670f25_class_root/si670f25_class/santoshd/fvc/venv/lib/python3.11/site-packages/torch/nn/modules/module.py", line 1775, in _wrapped_call_impl
    return self._call_impl(*args, **kwargs)
           ^^^^^^^^^^^^^^^^^^^^^^^^^^^^^^^^
  File "/gpfs/accounts/si670f25_class_root/si670f25_class/santoshd/fvc/venv/lib/python3.11/site-packages/torch/nn/modules/module.py", line 1786, in _call_impl
    return forward_call(*args, **kwargs)
           ^^^^^^^^^^^^^^^^^^^^^^^^^^^^^
  File "/gpfs/accounts/si670f25_class_root/si670f25_class/santoshd/fvc/lib/training/_cnn.py", line 131, in forward
    chunk = F.relu(self.bn1(self.conv1(chunk)))
                   ^^^^^^^^^^^^^^^^^^^^^^^^^^^
  File "/gpfs/accounts/si670f25_class_root/si670f25_class/santoshd/fvc/venv/lib/python3.11/site-packages/torch/nn/modules/module.py", line 1775, in _wrapped_call_impl
    return self._call_impl(*args, **kwargs)
           ^^^^^^^^^^^^^^^^^^^^^^^^^^^^^^^^
  File "/gpfs/accounts/si670f25_class_root/si670f25_class/santoshd/fvc/venv/lib/python3.11/site-packages/torch/nn/modules/module.py", line 1786, in _call_impl
    return forward_call(*args, **kwargs)
           ^^^^^^^^^^^^^^^^^^^^^^^^^^^^^
  File "/gpfs/accounts/si670f25_class_root/si670f25_class/santoshd/fvc/venv/lib/python3.11/site-packages/torch/nn/modules/batchnorm.py", line 193, in forward
    return F.batch_norm(
           ^^^^^^^^^^^^^
  File "/gpfs/accounts/si670f25_class_root/si670f25_class/santoshd/fvc/venv/lib/python3.11/site-packages/torch/nn/functional.py", line 2813, in batch_norm
    return torch.batch_norm(
           ^^^^^^^^^^^^^^^^^
torch.OutOfMemoryError: CUDA out of memory. Tried to allocate 100.00 MiB. GPU 0 has a total capacity of 15.77 GiB of which 4.19 MiB is free. Including non-PyTorch memory, this process has 15.75 GiB memory in use. Of the allocated memory 15.28 GiB is allocated by PyTorch, and 100.26 MiB is reserved by PyTorch but unallocated. If reserved but unallocated memory is large try setting PYTORCH_CUDA_ALLOC_CONF=expandable_segments:True to avoid fragmentation.  See documentation for Memory Management  (https://pytorch.org/docs/stable/notes/cuda.html#environment-variables)
2025-12-12 20:09:54 [INFO] [lib.mlops.mlflow_tracker:142] MLflow run ended: 0d63f64d02b34c04b123acb72882dc58
2025-12-12 20:09:55 [INFO] [lib.training.pipeline:874] 
Hyperparameter Search - naive_cnn - Fold 3/5 (20% sample)
2025-12-12 20:09:55 [INFO] [lib.training.pipeline:978] Training configuration - Batch size: 1, Gradient accumulation steps: 16, Effective batch size: 16
2025-12-12 20:09:55 [INFO] [lib.mlops.mlflow_tracker:89] MLflow run started: 8ad45582f0c94eb1bfa8426d1ed0192e (experiment: naive_cnn)
2025-12-12 20:09:55 [INFO] [lib.training.pipeline:1097] Training PyTorch model naive_cnn on fold 3...
2025-12-12 20:10:03 [INFO] [lib.models.video:417] Chunk size increased from 200 to 210 (after 3 successes, increment: 10)
2025-12-12 20:10:11 [INFO] [lib.training.pipeline:1139] Model forward pass test successful. Output shape: torch.Size([1, 2])
2025-12-12 20:10:11 [INFO] [lib.training.trainer:260] Warmup will be handled in training loop (2 epochs)
2025-12-12 20:10:58 [INFO] [lib.models.video:417] Chunk size increased from 200 to 210 (after 3 successes, increment: 10)
2025-12-12 20:11:49 [INFO] [lib.models.video:417] Chunk size increased from 200 to 210 (after 3 successes, increment: 10)
2025-12-12 20:12:37 [INFO] [lib.models.video:417] Chunk size increased from 200 to 210 (after 3 successes, increment: 10)
