2025-12-11 19:17:06 [INFO] [__main__:266] ================================================================================
2025-12-11 19:17:06 [INFO] [__main__:267] STAGE 1: VIDEO AUGMENTATION
2025-12-11 19:17:06 [INFO] [__main__:268] ================================================================================
2025-12-11 19:17:06 [INFO] [__main__:269] Project root: /gpfs/accounts/si670f25_class_root/si670f25_class/santoshd/fvc
2025-12-11 19:17:06 [INFO] [__main__:270] Output directory: /gpfs/accounts/si670f25_class_root/si670f25_class/santoshd/fvc/data/augmented_videos
2025-12-11 19:17:06 [INFO] [__main__:271] Number of augmentations per video: 10
2025-12-11 19:17:06 [INFO] [__main__:272] Resume mode: Enabled
2025-12-11 19:17:06 [INFO] [__main__:273] Delete existing augmentations: No (preserved)
2025-12-11 19:17:06 [INFO] [__main__:278] Log file: /gpfs/accounts/si670f25_class_root/si670f25_class/santoshd/fvc/logs/stage1_augmentation_1765498626.log
2025-12-11 19:17:06 [DEBUG] [__main__:279] Python version: 3.11.7 (main, Dec 15 2023, 18:12:31) [GCC 11.2.0]
2025-12-11 19:17:06 [DEBUG] [__main__:280] Python executable: /gpfs/accounts/si670f25_class_root/si670f25_class/santoshd/fvc/venv/bin/python
2025-12-11 19:17:06 [DEBUG] [__main__:281] Working directory: /gpfs/accounts/si670f25_class_root/si670f25_class/santoshd/fvc
2025-12-11 19:17:06 [DEBUG] [__main__:282] Command line arguments: ['src/scripts/run_stage1_augmentation.py', '--resume']
2025-12-11 19:17:06 [INFO] [__main__:285] ================================================================================
2025-12-11 19:17:06 [INFO] [__main__:286] Checking prerequisites...
2025-12-11 19:17:06 [INFO] [__main__:287] ================================================================================
2025-12-11 19:17:06 [INFO] [__main__:295] ✓ Metadata file found: /gpfs/accounts/si670f25_class_root/si670f25_class/santoshd/fvc/data/video_index_input.csv
2025-12-11 19:17:06 [INFO] [__main__:311] ✓ Videos directory found: /gpfs/accounts/si670f25_class_root/si670f25_class/santoshd/fvc/videos
2025-12-11 19:17:06 [DEBUG] [__main__:316] System information:
2025-12-11 19:17:06 [DEBUG] [__main__:317]   CPU count: 72
2025-12-11 19:17:06 [DEBUG] [__main__:318]   Total memory: 200.67 GB
2025-12-11 19:17:06 [DEBUG] [__main__:319]   Available memory: 121.11 GB
2025-12-11 19:17:06 [INFO] [__main__:324] ================================================================================
2025-12-11 19:17:06 [INFO] [__main__:325] Initial memory statistics:
2025-12-11 19:17:06 [INFO] [__main__:326] ================================================================================
2025-12-11 19:17:06 [INFO] [lib.utils.memory:89] Memory stats (Stage 1: before augmentation): {'cpu_memory_mb': 476.80859375, 'cpu_memory_gb': 0.4656333923339844, 'cpu_vms_mb': 7537.6015625, 'gpu_allocated_gb': 0.0, 'gpu_reserved_gb': 0.0, 'gpu_total_gb': 0.0, 'gpu_free_gb': 0.0}
2025-12-11 19:17:06 [DEBUG] [lib.utils.memory:95] CPU percent: 0.0%
2025-12-11 19:17:06 [DEBUG] [lib.utils.memory:96] Num threads: 66
2025-12-11 19:17:06 [INFO] [__main__:330] ================================================================================
2025-12-11 19:17:06 [INFO] [__main__:331] Starting Stage 1: Video Augmentation
2025-12-11 19:17:06 [INFO] [__main__:332] ================================================================================
2025-12-11 19:17:06 [INFO] [__main__:333] This may take a while depending on dataset size...
2025-12-11 19:17:06 [INFO] [__main__:334] Progress will be logged in real-time
2025-12-11 19:17:06 [INFO] [__main__:335] ================================================================================
2025-12-11 19:17:06 [INFO] [__main__:342] ================================================================================
2025-12-11 19:17:06 [INFO] [__main__:343] RESUME MODE: Two-Pass Augmentation
2025-12-11 19:17:06 [INFO] [__main__:344] ================================================================================
2025-12-11 19:17:06 [INFO] [__main__:64] PASS 1: Checking which videos need augmentations...
2025-12-11 19:17:11 [INFO] [__main__:176] Checked 100/298 videos... (97 complete, 3 need augmentations)
2025-12-11 19:17:11 [INFO] [__main__:176] Checked 200/298 videos... (197 complete, 3 need augmentations)
2025-12-11 19:17:11 [INFO] [__main__:357] ================================================================================
2025-12-11 19:17:11 [INFO] [__main__:358] PASS 1 COMPLETE: Augmentation Status Check
2025-12-11 19:17:11 [INFO] [__main__:359] ================================================================================
2025-12-11 19:17:11 [INFO] [__main__:360] Check duration: 5.07 seconds (0.08 minutes)
2025-12-11 19:17:11 [INFO] [__main__:361] Total videos checked: 298
2025-12-11 19:17:11 [INFO] [__main__:362] Videos with complete augmentations: 295
2025-12-11 19:17:11 [INFO] [__main__:363] Videos needing augmentations: 3
2025-12-11 19:17:11 [INFO] [__main__:364] ================================================================================
2025-12-11 19:17:11 [INFO] [__main__:371] ================================================================================
2025-12-11 19:17:11 [INFO] [__main__:372] PASS 2: Generating augmentations for 3 videos...
2025-12-11 19:17:11 [INFO] [__main__:373] ================================================================================
2025-12-11 19:17:12 [INFO] [__main__:415] Created temporary metadata file with 3 videos needing augmentations
2025-12-11 19:17:13 [INFO] [lib.augmentation.pipeline:498] Stage 1: Loading video metadata...
2025-12-11 19:17:13 [INFO] [lib.augmentation.pipeline:504] Using metadata file: /gpfs/accounts/si670f25_class_root/si670f25_class/santoshd/fvc/data/video_index_input.csv
2025-12-11 19:17:13 [INFO] [lib.augmentation.pipeline:530] Stage 1: Processing all 3 videos
2025-12-11 19:17:13 [INFO] [lib.augmentation.pipeline:532] Stage 1: Found 3 videos to process
2025-12-11 19:17:13 [INFO] [lib.augmentation.pipeline:533] Stage 1: Generating 10 augmentation(s) per video
2025-12-11 19:17:13 [INFO] [lib.augmentation.pipeline:534] Stage 1: Output directory: /gpfs/accounts/si670f25_class_root/si670f25_class/santoshd/fvc/data/augmented_videos
2025-12-11 19:17:13 [INFO] [lib.augmentation.pipeline:535] Stage 1: Delete existing augmentations: False
2025-12-11 19:17:13 [INFO] [lib.augmentation.pipeline:596] Stage 1: Found 295 videos with all 10 augmentations
2025-12-11 19:17:13 [INFO] [lib.augmentation.pipeline:750] 
================================================================================
2025-12-11 19:17:13 [INFO] [lib.augmentation.pipeline:751] Stage 1: Processing video 1/3: video.mp4
2025-12-11 19:17:13 [INFO] [lib.augmentation.pipeline:752] ================================================================================
2025-12-11 19:17:13 [INFO] [lib.utils.memory:89] Memory stats (Stage 1: before video 1): {'cpu_memory_mb': 483.96875, 'cpu_memory_gb': 0.472625732421875, 'cpu_vms_mb': 7819.52734375, 'gpu_allocated_gb': 0.0, 'gpu_reserved_gb': 0.0, 'gpu_total_gb': 0.0, 'gpu_free_gb': 0.0}
2025-12-11 19:17:13 [INFO] [lib.augmentation.pipeline:60] Loading video: /gpfs/accounts/si670f25_class_root/si670f25_class/santoshd/fvc/videos/FVC2/315546135255835/video.mp4
2025-12-11 19:17:13 [INFO] [lib.augmentation.pipeline:80] Video has 1327 frames (fps: 29.97), processing in chunks of 250
2025-12-11 19:17:13 [INFO] [lib.augmentation.pipeline:107] Processing 6 chunk(s)
2025-12-11 19:17:13 [DEBUG] [lib.augmentation.pipeline:120] Using checkpoint directory for chunks: /gpfs/accounts/si670f25_class_root/si670f25_class/santoshd/fvc/data/augmented_videos/.checkpoints/315546135255835
2025-12-11 19:17:13 [INFO] [lib.augmentation.pipeline:128] Checking for existing checkpoints...
2025-12-11 19:17:13 [INFO] [lib.augmentation.pipeline:190] Processing chunk 1/6 (frames 0-249)
2025-12-11 19:17:15 [DEBUG] [lib.augmentation.io:94] Loaded 250 frames from video.mp4 (frames 0-249)
2025-12-11 19:17:34 [INFO] [lib.augmentation.pipeline:236] Chunk 1: Checkpointed augmentation 1/10 with type 'saturation' (250 frames)
2025-12-11 19:17:48 [INFO] [lib.augmentation.pipeline:236] Chunk 1: Checkpointed augmentation 2/10 with type 'elastic' (250 frames)
2025-12-11 19:18:09 [INFO] [lib.augmentation.pipeline:236] Chunk 1: Checkpointed augmentation 3/10 with type 'gaussian_blur' (250 frames)
2025-12-11 19:18:24 [INFO] [lib.augmentation.pipeline:236] Chunk 1: Checkpointed augmentation 4/10 with type 'cutout' (250 frames)
2025-12-11 19:18:45 [INFO] [lib.augmentation.pipeline:236] Chunk 1: Checkpointed augmentation 5/10 with type 'brightness' (250 frames)
2025-12-11 19:19:49 [INFO] [lib.augmentation.pipeline:236] Chunk 1: Checkpointed augmentation 6/10 with type 'gaussian_noise' (250 frames)
2025-12-11 19:20:05 [INFO] [lib.augmentation.pipeline:236] Chunk 1: Checkpointed augmentation 7/10 with type 'flip' (250 frames)
2025-12-11 19:20:23 [INFO] [lib.augmentation.pipeline:236] Chunk 1: Checkpointed augmentation 8/10 with type 'rotation' (250 frames)
2025-12-11 19:24:56 [INFO] [lib.augmentation.pipeline:236] Chunk 1: Checkpointed augmentation 9/10 with type 'affine' (250 frames)
2025-12-11 19:25:16 [INFO] [lib.augmentation.pipeline:236] Chunk 1: Checkpointed augmentation 10/10 with type 'contrast' (250 frames)
2025-12-11 19:25:17 [INFO] [lib.augmentation.pipeline:190] Processing chunk 2/6 (frames 250-499)
2025-12-11 19:25:18 [DEBUG] [lib.augmentation.io:94] Loaded 250 frames from video.mp4 (frames 250-499)
2025-12-11 19:25:33 [INFO] [lib.augmentation.pipeline:236] Chunk 2: Checkpointed augmentation 1/10 with type 'saturation' (250 frames)
2025-12-11 19:25:43 [INFO] [lib.augmentation.pipeline:236] Chunk 2: Checkpointed augmentation 2/10 with type 'elastic' (250 frames)
2025-12-11 19:26:01 [INFO] [lib.augmentation.pipeline:236] Chunk 2: Checkpointed augmentation 3/10 with type 'gaussian_blur' (250 frames)
2025-12-11 19:26:12 [INFO] [lib.augmentation.pipeline:236] Chunk 2: Checkpointed augmentation 4/10 with type 'cutout' (250 frames)
2025-12-11 19:26:31 [INFO] [lib.augmentation.pipeline:236] Chunk 2: Checkpointed augmentation 5/10 with type 'brightness' (250 frames)
2025-12-11 19:27:32 [INFO] [lib.augmentation.pipeline:236] Chunk 2: Checkpointed augmentation 6/10 with type 'gaussian_noise' (250 frames)
2025-12-11 19:27:44 [INFO] [lib.augmentation.pipeline:236] Chunk 2: Checkpointed augmentation 7/10 with type 'flip' (250 frames)
2025-12-11 19:27:59 [INFO] [lib.augmentation.pipeline:236] Chunk 2: Checkpointed augmentation 8/10 with type 'rotation' (250 frames)
2025-12-11 19:31:57 [INFO] [lib.augmentation.pipeline:236] Chunk 2: Checkpointed augmentation 9/10 with type 'affine' (250 frames)
2025-12-11 19:32:15 [INFO] [lib.augmentation.pipeline:236] Chunk 2: Checkpointed augmentation 10/10 with type 'contrast' (250 frames)
2025-12-11 19:32:15 [INFO] [lib.augmentation.pipeline:190] Processing chunk 3/6 (frames 500-749)
2025-12-11 19:32:18 [DEBUG] [lib.augmentation.io:94] Loaded 250 frames from video.mp4 (frames 500-749)
2025-12-11 19:32:35 [INFO] [lib.augmentation.pipeline:236] Chunk 3: Checkpointed augmentation 1/10 with type 'saturation' (250 frames)
2025-12-11 19:32:49 [INFO] [lib.augmentation.pipeline:236] Chunk 3: Checkpointed augmentation 2/10 with type 'elastic' (250 frames)
2025-12-11 19:33:09 [INFO] [lib.augmentation.pipeline:236] Chunk 3: Checkpointed augmentation 3/10 with type 'gaussian_blur' (250 frames)
2025-12-11 19:33:23 [INFO] [lib.augmentation.pipeline:236] Chunk 3: Checkpointed augmentation 4/10 with type 'cutout' (250 frames)
2025-12-11 19:33:43 [INFO] [lib.augmentation.pipeline:236] Chunk 3: Checkpointed augmentation 5/10 with type 'brightness' (250 frames)
2025-12-11 19:34:46 [INFO] [lib.augmentation.pipeline:236] Chunk 3: Checkpointed augmentation 6/10 with type 'gaussian_noise' (250 frames)
2025-12-11 19:35:01 [INFO] [lib.augmentation.pipeline:236] Chunk 3: Checkpointed augmentation 7/10 with type 'flip' (250 frames)
2025-12-11 19:35:19 [INFO] [lib.augmentation.pipeline:236] Chunk 3: Checkpointed augmentation 8/10 with type 'rotation' (250 frames)
2025-12-11 19:39:32 [INFO] [lib.augmentation.pipeline:236] Chunk 3: Checkpointed augmentation 9/10 with type 'affine' (250 frames)
2025-12-11 19:39:52 [INFO] [lib.augmentation.pipeline:236] Chunk 3: Checkpointed augmentation 10/10 with type 'contrast' (250 frames)
2025-12-11 19:39:52 [INFO] [lib.augmentation.pipeline:190] Processing chunk 4/6 (frames 750-999)
2025-12-11 19:39:56 [DEBUG] [lib.augmentation.io:94] Loaded 250 frames from video.mp4 (frames 750-999)
2025-12-11 19:40:13 [INFO] [lib.augmentation.pipeline:236] Chunk 4: Checkpointed augmentation 1/10 with type 'saturation' (250 frames)
2025-12-11 19:40:27 [INFO] [lib.augmentation.pipeline:236] Chunk 4: Checkpointed augmentation 2/10 with type 'elastic' (250 frames)
2025-12-11 19:40:49 [INFO] [lib.augmentation.pipeline:236] Chunk 4: Checkpointed augmentation 3/10 with type 'gaussian_blur' (250 frames)
2025-12-11 19:41:03 [INFO] [lib.augmentation.pipeline:236] Chunk 4: Checkpointed augmentation 4/10 with type 'cutout' (250 frames)
2025-12-11 19:41:24 [INFO] [lib.augmentation.pipeline:236] Chunk 4: Checkpointed augmentation 5/10 with type 'brightness' (250 frames)
2025-12-11 19:42:27 [INFO] [lib.augmentation.pipeline:236] Chunk 4: Checkpointed augmentation 6/10 with type 'gaussian_noise' (250 frames)
2025-12-11 19:42:42 [INFO] [lib.augmentation.pipeline:236] Chunk 4: Checkpointed augmentation 7/10 with type 'flip' (250 frames)
2025-12-11 19:43:00 [INFO] [lib.augmentation.pipeline:236] Chunk 4: Checkpointed augmentation 8/10 with type 'rotation' (250 frames)
2025-12-11 19:47:28 [INFO] [lib.augmentation.pipeline:236] Chunk 4: Checkpointed augmentation 9/10 with type 'affine' (250 frames)
2025-12-11 19:47:47 [INFO] [lib.augmentation.pipeline:236] Chunk 4: Checkpointed augmentation 10/10 with type 'contrast' (250 frames)
2025-12-11 19:47:48 [INFO] [lib.augmentation.pipeline:190] Processing chunk 5/6 (frames 1000-1249)
2025-12-11 19:47:51 [DEBUG] [lib.augmentation.io:94] Loaded 250 frames from video.mp4 (frames 1000-1249)
2025-12-11 19:48:04 [INFO] [lib.augmentation.pipeline:236] Chunk 5: Checkpointed augmentation 1/10 with type 'saturation' (250 frames)
2025-12-11 19:48:13 [INFO] [lib.augmentation.pipeline:236] Chunk 5: Checkpointed augmentation 2/10 with type 'elastic' (250 frames)
2025-12-11 19:48:30 [INFO] [lib.augmentation.pipeline:236] Chunk 5: Checkpointed augmentation 3/10 with type 'gaussian_blur' (250 frames)
2025-12-11 19:48:39 [INFO] [lib.augmentation.pipeline:236] Chunk 5: Checkpointed augmentation 4/10 with type 'cutout' (250 frames)
2025-12-11 19:48:54 [INFO] [lib.augmentation.pipeline:236] Chunk 5: Checkpointed augmentation 5/10 with type 'brightness' (250 frames)
2025-12-11 19:49:55 [INFO] [lib.augmentation.pipeline:236] Chunk 5: Checkpointed augmentation 6/10 with type 'gaussian_noise' (250 frames)
2025-12-11 19:50:05 [INFO] [lib.augmentation.pipeline:236] Chunk 5: Checkpointed augmentation 7/10 with type 'flip' (250 frames)
2025-12-11 19:50:19 [INFO] [lib.augmentation.pipeline:236] Chunk 5: Checkpointed augmentation 8/10 with type 'rotation' (250 frames)
2025-12-11 19:54:35 [INFO] [lib.augmentation.pipeline:236] Chunk 5: Checkpointed augmentation 9/10 with type 'affine' (250 frames)
2025-12-11 19:54:49 [INFO] [lib.augmentation.pipeline:236] Chunk 5: Checkpointed augmentation 10/10 with type 'contrast' (250 frames)
2025-12-11 19:54:50 [INFO] [lib.augmentation.pipeline:190] Processing chunk 6/6 (frames 1250-1326)
2025-12-11 19:54:53 [DEBUG] [lib.augmentation.io:94] Loaded 77 frames from video.mp4 (frames 1250-1326)
2025-12-11 19:54:55 [INFO] [lib.augmentation.pipeline:236] Chunk 6: Checkpointed augmentation 1/10 with type 'saturation' (77 frames)
2025-12-11 19:54:57 [INFO] [lib.augmentation.pipeline:236] Chunk 6: Checkpointed augmentation 2/10 with type 'elastic' (77 frames)
2025-12-11 19:55:01 [INFO] [lib.augmentation.pipeline:236] Chunk 6: Checkpointed augmentation 3/10 with type 'gaussian_blur' (77 frames)
2025-12-11 19:55:03 [INFO] [lib.augmentation.pipeline:236] Chunk 6: Checkpointed augmentation 4/10 with type 'cutout' (77 frames)
2025-12-11 19:55:06 [INFO] [lib.augmentation.pipeline:236] Chunk 6: Checkpointed augmentation 5/10 with type 'brightness' (77 frames)
2025-12-11 19:55:23 [INFO] [lib.augmentation.pipeline:236] Chunk 6: Checkpointed augmentation 6/10 with type 'gaussian_noise' (77 frames)
2025-12-11 19:55:24 [INFO] [lib.augmentation.pipeline:236] Chunk 6: Checkpointed augmentation 7/10 with type 'flip' (77 frames)
2025-12-11 19:55:28 [INFO] [lib.augmentation.pipeline:236] Chunk 6: Checkpointed augmentation 8/10 with type 'rotation' (77 frames)
2025-12-11 19:56:45 [INFO] [lib.augmentation.pipeline:236] Chunk 6: Checkpointed augmentation 9/10 with type 'affine' (77 frames)
2025-12-11 19:56:48 [INFO] [lib.augmentation.pipeline:236] Chunk 6: Checkpointed augmentation 10/10 with type 'contrast' (77 frames)
2025-12-11 19:56:49 [INFO] [lib.augmentation.pipeline:247] Stitching intermediate chunks together...
2025-12-11 19:57:53 [INFO] [lib.augmentation.pipeline:264] Stitched augmentation 1/10 into /gpfs/accounts/si670f25_class_root/si670f25_class/santoshd/fvc/data/augmented_videos/315546135255835_aug0.mp4 from 6 chunks
2025-12-11 19:58:47 [INFO] [lib.augmentation.pipeline:264] Stitched augmentation 2/10 into /gpfs/accounts/si670f25_class_root/si670f25_class/santoshd/fvc/data/augmented_videos/315546135255835_aug1.mp4 from 6 chunks
2025-12-11 19:59:41 [INFO] [lib.augmentation.pipeline:264] Stitched augmentation 3/10 into /gpfs/accounts/si670f25_class_root/si670f25_class/santoshd/fvc/data/augmented_videos/315546135255835_aug2.mp4 from 6 chunks
2025-12-11 20:00:35 [INFO] [lib.augmentation.pipeline:264] Stitched augmentation 4/10 into /gpfs/accounts/si670f25_class_root/si670f25_class/santoshd/fvc/data/augmented_videos/315546135255835_aug3.mp4 from 6 chunks
2025-12-11 20:01:58 [INFO] [lib.augmentation.pipeline:264] Stitched augmentation 5/10 into /gpfs/accounts/si670f25_class_root/si670f25_class/santoshd/fvc/data/augmented_videos/315546135255835_aug4.mp4 from 6 chunks
2025-12-11 20:03:30 [INFO] [lib.augmentation.pipeline:264] Stitched augmentation 6/10 into /gpfs/accounts/si670f25_class_root/si670f25_class/santoshd/fvc/data/augmented_videos/315546135255835_aug5.mp4 from 6 chunks
2025-12-11 20:04:32 [INFO] [lib.augmentation.pipeline:264] Stitched augmentation 7/10 into /gpfs/accounts/si670f25_class_root/si670f25_class/santoshd/fvc/data/augmented_videos/315546135255835_aug6.mp4 from 6 chunks
2025-12-11 20:05:45 [INFO] [lib.augmentation.pipeline:264] Stitched augmentation 8/10 into /gpfs/accounts/si670f25_class_root/si670f25_class/santoshd/fvc/data/augmented_videos/315546135255835_aug7.mp4 from 6 chunks
2025-12-11 20:06:58 [INFO] [lib.augmentation.pipeline:264] Stitched augmentation 9/10 into /gpfs/accounts/si670f25_class_root/si670f25_class/santoshd/fvc/data/augmented_videos/315546135255835_aug8.mp4 from 6 chunks
2025-12-11 20:08:14 [INFO] [lib.augmentation.pipeline:264] Stitched augmentation 10/10 into /gpfs/accounts/si670f25_class_root/si670f25_class/santoshd/fvc/data/augmented_videos/315546135255835_aug9.mp4 from 6 chunks
2025-12-11 20:08:14 [INFO] [lib.augmentation.pipeline:275] Cleaning up checkpoint files after successful stitching...
2025-12-11 20:08:14 [DEBUG] [lib.augmentation.pipeline:280] Deleted checkpoint directory: /gpfs/accounts/si670f25_class_root/si670f25_class/santoshd/fvc/data/augmented_videos/.checkpoints/315546135255835
2025-12-11 20:08:14 [INFO] [lib.augmentation.pipeline:294] Completed augmentation. Generated files: ['/gpfs/accounts/si670f25_class_root/si670f25_class/santoshd/fvc/data/augmented_videos/315546135255835_aug0.mp4', '/gpfs/accounts/si670f25_class_root/si670f25_class/santoshd/fvc/data/augmented_videos/315546135255835_aug1.mp4', '/gpfs/accounts/si670f25_class_root/si670f25_class/santoshd/fvc/data/augmented_videos/315546135255835_aug2.mp4', '/gpfs/accounts/si670f25_class_root/si670f25_class/santoshd/fvc/data/augmented_videos/315546135255835_aug3.mp4', '/gpfs/accounts/si670f25_class_root/si670f25_class/santoshd/fvc/data/augmented_videos/315546135255835_aug4.mp4', '/gpfs/accounts/si670f25_class_root/si670f25_class/santoshd/fvc/data/augmented_videos/315546135255835_aug5.mp4', '/gpfs/accounts/si670f25_class_root/si670f25_class/santoshd/fvc/data/augmented_videos/315546135255835_aug6.mp4', '/gpfs/accounts/si670f25_class_root/si670f25_class/santoshd/fvc/data/augmented_videos/315546135255835_aug7.mp4', '/gpfs/accounts/si670f25_class_root/si670f25_class/santoshd/fvc/data/augmented_videos/315546135255835_aug8.mp4', '/gpfs/accounts/si670f25_class_root/si670f25_class/santoshd/fvc/data/augmented_videos/315546135255835_aug9.mp4']
2025-12-11 20:08:14 [INFO] [lib.augmentation.pipeline:845] Generated 10 augmentations, saving metadata...
2025-12-11 20:08:15 [INFO] [lib.augmentation.pipeline:877] ✓ Augmentation 1/10 available at /gpfs/accounts/si670f25_class_root/si670f25_class/santoshd/fvc/data/augmented_videos/315546135255835_aug0.mp4
2025-12-11 20:08:15 [INFO] [lib.augmentation.pipeline:877] ✓ Augmentation 2/10 available at /gpfs/accounts/si670f25_class_root/si670f25_class/santoshd/fvc/data/augmented_videos/315546135255835_aug1.mp4
2025-12-11 20:08:15 [INFO] [lib.augmentation.pipeline:877] ✓ Augmentation 3/10 available at /gpfs/accounts/si670f25_class_root/si670f25_class/santoshd/fvc/data/augmented_videos/315546135255835_aug2.mp4
2025-12-11 20:08:15 [INFO] [lib.augmentation.pipeline:877] ✓ Augmentation 4/10 available at /gpfs/accounts/si670f25_class_root/si670f25_class/santoshd/fvc/data/augmented_videos/315546135255835_aug3.mp4
2025-12-11 20:08:15 [INFO] [lib.augmentation.pipeline:877] ✓ Augmentation 5/10 available at /gpfs/accounts/si670f25_class_root/si670f25_class/santoshd/fvc/data/augmented_videos/315546135255835_aug4.mp4
2025-12-11 20:08:15 [INFO] [lib.augmentation.pipeline:877] ✓ Augmentation 6/10 available at /gpfs/accounts/si670f25_class_root/si670f25_class/santoshd/fvc/data/augmented_videos/315546135255835_aug5.mp4
2025-12-11 20:08:15 [INFO] [lib.augmentation.pipeline:877] ✓ Augmentation 7/10 available at /gpfs/accounts/si670f25_class_root/si670f25_class/santoshd/fvc/data/augmented_videos/315546135255835_aug6.mp4
2025-12-11 20:08:15 [INFO] [lib.augmentation.pipeline:877] ✓ Augmentation 8/10 available at /gpfs/accounts/si670f25_class_root/si670f25_class/santoshd/fvc/data/augmented_videos/315546135255835_aug7.mp4
2025-12-11 20:08:15 [INFO] [lib.augmentation.pipeline:877] ✓ Augmentation 9/10 available at /gpfs/accounts/si670f25_class_root/si670f25_class/santoshd/fvc/data/augmented_videos/315546135255835_aug8.mp4
2025-12-11 20:08:15 [INFO] [lib.augmentation.pipeline:877] ✓ Augmentation 10/10 available at /gpfs/accounts/si670f25_class_root/si670f25_class/santoshd/fvc/data/augmented_videos/315546135255835_aug9.mp4
2025-12-11 20:08:15 [INFO] [lib.augmentation.pipeline:750] 
================================================================================
2025-12-11 20:08:15 [INFO] [lib.augmentation.pipeline:751] Stage 1: Processing video 2/3: video.mp4
2025-12-11 20:08:15 [INFO] [lib.augmentation.pipeline:752] ================================================================================
2025-12-11 20:08:15 [INFO] [lib.utils.memory:89] Memory stats (Stage 1: before video 2): {'cpu_memory_mb': 1907.83984375, 'cpu_memory_gb': 1.8631248474121094, 'cpu_vms_mb': 12281.015625, 'gpu_allocated_gb': 0.0, 'gpu_reserved_gb': 0.0, 'gpu_total_gb': 0.0, 'gpu_free_gb': 0.0}
2025-12-11 20:08:15 [INFO] [lib.augmentation.pipeline:60] Loading video: /gpfs/accounts/si670f25_class_root/si670f25_class/santoshd/fvc/videos/FVC1/youtube/-Wgsj0ne_9M/video.mp4
2025-12-11 20:08:15 [INFO] [lib.augmentation.pipeline:80] Video has 1349 frames (fps: 29.97), processing in chunks of 250
2025-12-11 20:08:15 [INFO] [lib.augmentation.pipeline:107] Processing 6 chunk(s)
2025-12-11 20:08:15 [DEBUG] [lib.augmentation.pipeline:120] Using checkpoint directory for chunks: /gpfs/accounts/si670f25_class_root/si670f25_class/santoshd/fvc/data/augmented_videos/.checkpoints/-Wgsj0ne_9M
2025-12-11 20:08:15 [INFO] [lib.augmentation.pipeline:128] Checking for existing checkpoints...
2025-12-11 20:08:15 [INFO] [lib.augmentation.pipeline:190] Processing chunk 1/6 (frames 0-249)
2025-12-11 20:08:16 [DEBUG] [lib.augmentation.io:94] Loaded 250 frames from video.mp4 (frames 0-249)
2025-12-11 20:08:18 [INFO] [lib.augmentation.pipeline:236] Chunk 1: Checkpointed augmentation 1/10 with type 'flip' (250 frames)
2025-12-11 20:08:20 [INFO] [lib.augmentation.pipeline:236] Chunk 1: Checkpointed augmentation 2/10 with type 'elastic' (250 frames)
2025-12-11 20:08:22 [INFO] [lib.augmentation.pipeline:236] Chunk 1: Checkpointed augmentation 3/10 with type 'saturation' (250 frames)
2025-12-11 20:08:25 [INFO] [lib.augmentation.pipeline:236] Chunk 1: Checkpointed augmentation 4/10 with type 'contrast' (250 frames)
2025-12-11 20:08:27 [INFO] [lib.augmentation.pipeline:236] Chunk 1: Checkpointed augmentation 5/10 with type 'cutout' (250 frames)
2025-12-11 20:08:29 [INFO] [lib.augmentation.pipeline:236] Chunk 1: Checkpointed augmentation 6/10 with type 'rotation' (250 frames)
2025-12-11 20:08:32 [INFO] [lib.augmentation.pipeline:236] Chunk 1: Checkpointed augmentation 7/10 with type 'brightness' (250 frames)
2025-12-11 20:10:29 [INFO] [lib.augmentation.pipeline:236] Chunk 1: Checkpointed augmentation 8/10 with type 'affine' (250 frames)
2025-12-11 20:10:32 [INFO] [lib.augmentation.pipeline:236] Chunk 1: Checkpointed augmentation 9/10 with type 'gaussian_blur' (250 frames)
2025-12-11 20:10:39 [INFO] [lib.augmentation.pipeline:236] Chunk 1: Checkpointed augmentation 10/10 with type 'gaussian_noise' (250 frames)
2025-12-11 20:10:39 [INFO] [lib.augmentation.pipeline:190] Processing chunk 2/6 (frames 250-499)
2025-12-11 20:10:40 [DEBUG] [lib.augmentation.io:94] Loaded 250 frames from video.mp4 (frames 250-499)
2025-12-11 20:10:42 [INFO] [lib.augmentation.pipeline:236] Chunk 2: Checkpointed augmentation 1/10 with type 'flip' (250 frames)
2025-12-11 20:10:44 [INFO] [lib.augmentation.pipeline:236] Chunk 2: Checkpointed augmentation 2/10 with type 'elastic' (250 frames)
2025-12-11 20:10:47 [INFO] [lib.augmentation.pipeline:236] Chunk 2: Checkpointed augmentation 3/10 with type 'saturation' (250 frames)
2025-12-11 20:10:50 [INFO] [lib.augmentation.pipeline:236] Chunk 2: Checkpointed augmentation 4/10 with type 'contrast' (250 frames)
2025-12-11 20:10:52 [INFO] [lib.augmentation.pipeline:236] Chunk 2: Checkpointed augmentation 5/10 with type 'cutout' (250 frames)
2025-12-11 20:10:54 [INFO] [lib.augmentation.pipeline:236] Chunk 2: Checkpointed augmentation 6/10 with type 'rotation' (250 frames)
2025-12-11 20:10:57 [INFO] [lib.augmentation.pipeline:236] Chunk 2: Checkpointed augmentation 7/10 with type 'brightness' (250 frames)
2025-12-11 20:12:55 [INFO] [lib.augmentation.pipeline:236] Chunk 2: Checkpointed augmentation 8/10 with type 'affine' (250 frames)
2025-12-11 20:12:58 [INFO] [lib.augmentation.pipeline:236] Chunk 2: Checkpointed augmentation 9/10 with type 'gaussian_blur' (250 frames)
2025-12-11 20:13:06 [INFO] [lib.augmentation.pipeline:236] Chunk 2: Checkpointed augmentation 10/10 with type 'gaussian_noise' (250 frames)
2025-12-11 20:13:07 [INFO] [lib.augmentation.pipeline:190] Processing chunk 3/6 (frames 500-749)
2025-12-11 20:13:07 [DEBUG] [lib.augmentation.io:94] Loaded 250 frames from video.mp4 (frames 500-749)
2025-12-11 20:13:09 [INFO] [lib.augmentation.pipeline:236] Chunk 3: Checkpointed augmentation 1/10 with type 'flip' (250 frames)
2025-12-11 20:13:12 [INFO] [lib.augmentation.pipeline:236] Chunk 3: Checkpointed augmentation 2/10 with type 'elastic' (250 frames)
2025-12-11 20:13:14 [INFO] [lib.augmentation.pipeline:236] Chunk 3: Checkpointed augmentation 3/10 with type 'saturation' (250 frames)
2025-12-11 20:13:17 [INFO] [lib.augmentation.pipeline:236] Chunk 3: Checkpointed augmentation 4/10 with type 'contrast' (250 frames)
2025-12-11 20:13:20 [INFO] [lib.augmentation.pipeline:236] Chunk 3: Checkpointed augmentation 5/10 with type 'cutout' (250 frames)
2025-12-11 20:13:22 [INFO] [lib.augmentation.pipeline:236] Chunk 3: Checkpointed augmentation 6/10 with type 'rotation' (250 frames)
2025-12-11 20:13:25 [INFO] [lib.augmentation.pipeline:236] Chunk 3: Checkpointed augmentation 7/10 with type 'brightness' (250 frames)
2025-12-11 20:15:22 [INFO] [lib.augmentation.pipeline:236] Chunk 3: Checkpointed augmentation 8/10 with type 'affine' (250 frames)
2025-12-11 20:15:25 [INFO] [lib.augmentation.pipeline:236] Chunk 3: Checkpointed augmentation 9/10 with type 'gaussian_blur' (250 frames)
2025-12-11 20:15:33 [INFO] [lib.augmentation.pipeline:236] Chunk 3: Checkpointed augmentation 10/10 with type 'gaussian_noise' (250 frames)
2025-12-11 20:15:33 [INFO] [lib.augmentation.pipeline:190] Processing chunk 4/6 (frames 750-999)
2025-12-11 20:15:34 [DEBUG] [lib.augmentation.io:94] Loaded 250 frames from video.mp4 (frames 750-999)
2025-12-11 20:15:37 [INFO] [lib.augmentation.pipeline:236] Chunk 4: Checkpointed augmentation 1/10 with type 'flip' (250 frames)
2025-12-11 20:15:39 [INFO] [lib.augmentation.pipeline:236] Chunk 4: Checkpointed augmentation 2/10 with type 'elastic' (250 frames)
2025-12-11 20:15:41 [INFO] [lib.augmentation.pipeline:236] Chunk 4: Checkpointed augmentation 3/10 with type 'saturation' (250 frames)
2025-12-11 20:15:44 [INFO] [lib.augmentation.pipeline:236] Chunk 4: Checkpointed augmentation 4/10 with type 'contrast' (250 frames)
2025-12-11 20:15:47 [INFO] [lib.augmentation.pipeline:236] Chunk 4: Checkpointed augmentation 5/10 with type 'cutout' (250 frames)
2025-12-11 20:15:49 [INFO] [lib.augmentation.pipeline:236] Chunk 4: Checkpointed augmentation 6/10 with type 'rotation' (250 frames)
2025-12-11 20:15:52 [INFO] [lib.augmentation.pipeline:236] Chunk 4: Checkpointed augmentation 7/10 with type 'brightness' (250 frames)
2025-12-11 20:17:51 [INFO] [lib.augmentation.pipeline:236] Chunk 4: Checkpointed augmentation 8/10 with type 'affine' (250 frames)
2025-12-11 20:17:54 [INFO] [lib.augmentation.pipeline:236] Chunk 4: Checkpointed augmentation 9/10 with type 'gaussian_blur' (250 frames)
2025-12-11 20:18:01 [INFO] [lib.augmentation.pipeline:236] Chunk 4: Checkpointed augmentation 10/10 with type 'gaussian_noise' (250 frames)
2025-12-11 20:18:02 [INFO] [lib.augmentation.pipeline:190] Processing chunk 5/6 (frames 1000-1249)
2025-12-11 20:18:02 [DEBUG] [lib.augmentation.io:94] Loaded 250 frames from video.mp4 (frames 1000-1249)
2025-12-11 20:18:04 [INFO] [lib.augmentation.pipeline:236] Chunk 5: Checkpointed augmentation 1/10 with type 'flip' (250 frames)
2025-12-11 20:18:07 [INFO] [lib.augmentation.pipeline:236] Chunk 5: Checkpointed augmentation 2/10 with type 'elastic' (250 frames)
2025-12-11 20:18:09 [INFO] [lib.augmentation.pipeline:236] Chunk 5: Checkpointed augmentation 3/10 with type 'saturation' (250 frames)
2025-12-11 20:18:12 [INFO] [lib.augmentation.pipeline:236] Chunk 5: Checkpointed augmentation 4/10 with type 'contrast' (250 frames)
2025-12-11 20:18:14 [INFO] [lib.augmentation.pipeline:236] Chunk 5: Checkpointed augmentation 5/10 with type 'cutout' (250 frames)
2025-12-11 20:18:17 [INFO] [lib.augmentation.pipeline:236] Chunk 5: Checkpointed augmentation 6/10 with type 'rotation' (250 frames)
2025-12-11 20:18:19 [INFO] [lib.augmentation.pipeline:236] Chunk 5: Checkpointed augmentation 7/10 with type 'brightness' (250 frames)
2025-12-11 20:20:03 [INFO] [lib.augmentation.pipeline:236] Chunk 5: Checkpointed augmentation 8/10 with type 'affine' (250 frames)
2025-12-11 20:20:06 [INFO] [lib.augmentation.pipeline:236] Chunk 5: Checkpointed augmentation 9/10 with type 'gaussian_blur' (250 frames)
2025-12-11 20:20:13 [INFO] [lib.augmentation.pipeline:236] Chunk 5: Checkpointed augmentation 10/10 with type 'gaussian_noise' (250 frames)
2025-12-11 20:20:13 [INFO] [lib.augmentation.pipeline:190] Processing chunk 6/6 (frames 1250-1348)
2025-12-11 20:20:14 [DEBUG] [lib.augmentation.io:94] Loaded 99 frames from video.mp4 (frames 1250-1348)
2025-12-11 20:20:15 [INFO] [lib.augmentation.pipeline:236] Chunk 6: Checkpointed augmentation 1/10 with type 'flip' (99 frames)
2025-12-11 20:20:16 [INFO] [lib.augmentation.pipeline:236] Chunk 6: Checkpointed augmentation 2/10 with type 'elastic' (99 frames)
2025-12-11 20:20:17 [INFO] [lib.augmentation.pipeline:236] Chunk 6: Checkpointed augmentation 3/10 with type 'saturation' (99 frames)
2025-12-11 20:20:18 [INFO] [lib.augmentation.pipeline:236] Chunk 6: Checkpointed augmentation 4/10 with type 'contrast' (99 frames)
2025-12-11 20:20:19 [INFO] [lib.augmentation.pipeline:236] Chunk 6: Checkpointed augmentation 5/10 with type 'cutout' (99 frames)
2025-12-11 20:20:21 [INFO] [lib.augmentation.pipeline:236] Chunk 6: Checkpointed augmentation 6/10 with type 'rotation' (99 frames)
2025-12-11 20:20:22 [INFO] [lib.augmentation.pipeline:236] Chunk 6: Checkpointed augmentation 7/10 with type 'brightness' (99 frames)
2025-12-11 20:21:00 [INFO] [lib.augmentation.pipeline:236] Chunk 6: Checkpointed augmentation 8/10 with type 'affine' (99 frames)
2025-12-11 20:21:02 [INFO] [lib.augmentation.pipeline:236] Chunk 6: Checkpointed augmentation 9/10 with type 'gaussian_blur' (99 frames)
2025-12-11 20:21:05 [INFO] [lib.augmentation.pipeline:236] Chunk 6: Checkpointed augmentation 10/10 with type 'gaussian_noise' (99 frames)
2025-12-11 20:21:05 [INFO] [lib.augmentation.pipeline:247] Stitching intermediate chunks together...
2025-12-11 20:21:14 [INFO] [lib.augmentation.pipeline:264] Stitched augmentation 1/10 into /gpfs/accounts/si670f25_class_root/si670f25_class/santoshd/fvc/data/augmented_videos/-Wgsj0ne_9M_aug0.mp4 from 6 chunks
2025-12-11 20:21:22 [INFO] [lib.augmentation.pipeline:264] Stitched augmentation 2/10 into /gpfs/accounts/si670f25_class_root/si670f25_class/santoshd/fvc/data/augmented_videos/-Wgsj0ne_9M_aug1.mp4 from 6 chunks
2025-12-11 20:21:31 [INFO] [lib.augmentation.pipeline:264] Stitched augmentation 3/10 into /gpfs/accounts/si670f25_class_root/si670f25_class/santoshd/fvc/data/augmented_videos/-Wgsj0ne_9M_aug2.mp4 from 6 chunks
2025-12-11 20:21:41 [INFO] [lib.augmentation.pipeline:264] Stitched augmentation 4/10 into /gpfs/accounts/si670f25_class_root/si670f25_class/santoshd/fvc/data/augmented_videos/-Wgsj0ne_9M_aug3.mp4 from 6 chunks
2025-12-11 20:21:49 [INFO] [lib.augmentation.pipeline:264] Stitched augmentation 5/10 into /gpfs/accounts/si670f25_class_root/si670f25_class/santoshd/fvc/data/augmented_videos/-Wgsj0ne_9M_aug4.mp4 from 6 chunks
2025-12-11 20:21:59 [INFO] [lib.augmentation.pipeline:264] Stitched augmentation 6/10 into /gpfs/accounts/si670f25_class_root/si670f25_class/santoshd/fvc/data/augmented_videos/-Wgsj0ne_9M_aug5.mp4 from 6 chunks
2025-12-11 20:22:10 [INFO] [lib.augmentation.pipeline:264] Stitched augmentation 7/10 into /gpfs/accounts/si670f25_class_root/si670f25_class/santoshd/fvc/data/augmented_videos/-Wgsj0ne_9M_aug6.mp4 from 6 chunks
2025-12-11 20:22:20 [INFO] [lib.augmentation.pipeline:264] Stitched augmentation 8/10 into /gpfs/accounts/si670f25_class_root/si670f25_class/santoshd/fvc/data/augmented_videos/-Wgsj0ne_9M_aug7.mp4 from 6 chunks
2025-12-11 20:22:28 [INFO] [lib.augmentation.pipeline:264] Stitched augmentation 9/10 into /gpfs/accounts/si670f25_class_root/si670f25_class/santoshd/fvc/data/augmented_videos/-Wgsj0ne_9M_aug8.mp4 from 6 chunks
2025-12-11 20:22:39 [INFO] [lib.augmentation.pipeline:264] Stitched augmentation 10/10 into /gpfs/accounts/si670f25_class_root/si670f25_class/santoshd/fvc/data/augmented_videos/-Wgsj0ne_9M_aug9.mp4 from 6 chunks
2025-12-11 20:22:39 [INFO] [lib.augmentation.pipeline:275] Cleaning up checkpoint files after successful stitching...
2025-12-11 20:22:39 [DEBUG] [lib.augmentation.pipeline:280] Deleted checkpoint directory: /gpfs/accounts/si670f25_class_root/si670f25_class/santoshd/fvc/data/augmented_videos/.checkpoints/-Wgsj0ne_9M
2025-12-11 20:22:39 [INFO] [lib.augmentation.pipeline:294] Completed augmentation. Generated files: ['/gpfs/accounts/si670f25_class_root/si670f25_class/santoshd/fvc/data/augmented_videos/-Wgsj0ne_9M_aug0.mp4', '/gpfs/accounts/si670f25_class_root/si670f25_class/santoshd/fvc/data/augmented_videos/-Wgsj0ne_9M_aug1.mp4', '/gpfs/accounts/si670f25_class_root/si670f25_class/santoshd/fvc/data/augmented_videos/-Wgsj0ne_9M_aug2.mp4', '/gpfs/accounts/si670f25_class_root/si670f25_class/santoshd/fvc/data/augmented_videos/-Wgsj0ne_9M_aug3.mp4', '/gpfs/accounts/si670f25_class_root/si670f25_class/santoshd/fvc/data/augmented_videos/-Wgsj0ne_9M_aug4.mp4', '/gpfs/accounts/si670f25_class_root/si670f25_class/santoshd/fvc/data/augmented_videos/-Wgsj0ne_9M_aug5.mp4', '/gpfs/accounts/si670f25_class_root/si670f25_class/santoshd/fvc/data/augmented_videos/-Wgsj0ne_9M_aug6.mp4', '/gpfs/accounts/si670f25_class_root/si670f25_class/santoshd/fvc/data/augmented_videos/-Wgsj0ne_9M_aug7.mp4', '/gpfs/accounts/si670f25_class_root/si670f25_class/santoshd/fvc/data/augmented_videos/-Wgsj0ne_9M_aug8.mp4', '/gpfs/accounts/si670f25_class_root/si670f25_class/santoshd/fvc/data/augmented_videos/-Wgsj0ne_9M_aug9.mp4']
2025-12-11 20:22:39 [INFO] [lib.augmentation.pipeline:845] Generated 10 augmentations, saving metadata...
2025-12-11 20:22:39 [INFO] [lib.augmentation.pipeline:877] ✓ Augmentation 1/10 available at /gpfs/accounts/si670f25_class_root/si670f25_class/santoshd/fvc/data/augmented_videos/-Wgsj0ne_9M_aug0.mp4
2025-12-11 20:22:39 [INFO] [lib.augmentation.pipeline:877] ✓ Augmentation 2/10 available at /gpfs/accounts/si670f25_class_root/si670f25_class/santoshd/fvc/data/augmented_videos/-Wgsj0ne_9M_aug1.mp4
2025-12-11 20:22:39 [INFO] [lib.augmentation.pipeline:877] ✓ Augmentation 3/10 available at /gpfs/accounts/si670f25_class_root/si670f25_class/santoshd/fvc/data/augmented_videos/-Wgsj0ne_9M_aug2.mp4
2025-12-11 20:22:39 [INFO] [lib.augmentation.pipeline:877] ✓ Augmentation 4/10 available at /gpfs/accounts/si670f25_class_root/si670f25_class/santoshd/fvc/data/augmented_videos/-Wgsj0ne_9M_aug3.mp4
2025-12-11 20:22:39 [INFO] [lib.augmentation.pipeline:877] ✓ Augmentation 5/10 available at /gpfs/accounts/si670f25_class_root/si670f25_class/santoshd/fvc/data/augmented_videos/-Wgsj0ne_9M_aug4.mp4
2025-12-11 20:22:39 [INFO] [lib.augmentation.pipeline:877] ✓ Augmentation 6/10 available at /gpfs/accounts/si670f25_class_root/si670f25_class/santoshd/fvc/data/augmented_videos/-Wgsj0ne_9M_aug5.mp4
2025-12-11 20:22:39 [INFO] [lib.augmentation.pipeline:877] ✓ Augmentation 7/10 available at /gpfs/accounts/si670f25_class_root/si670f25_class/santoshd/fvc/data/augmented_videos/-Wgsj0ne_9M_aug6.mp4
2025-12-11 20:22:39 [INFO] [lib.augmentation.pipeline:877] ✓ Augmentation 8/10 available at /gpfs/accounts/si670f25_class_root/si670f25_class/santoshd/fvc/data/augmented_videos/-Wgsj0ne_9M_aug7.mp4
2025-12-11 20:22:39 [INFO] [lib.augmentation.pipeline:877] ✓ Augmentation 9/10 available at /gpfs/accounts/si670f25_class_root/si670f25_class/santoshd/fvc/data/augmented_videos/-Wgsj0ne_9M_aug8.mp4
2025-12-11 20:22:39 [INFO] [lib.augmentation.pipeline:877] ✓ Augmentation 10/10 available at /gpfs/accounts/si670f25_class_root/si670f25_class/santoshd/fvc/data/augmented_videos/-Wgsj0ne_9M_aug9.mp4
2025-12-11 20:22:39 [INFO] [lib.augmentation.pipeline:750] 
================================================================================
2025-12-11 20:22:39 [INFO] [lib.augmentation.pipeline:751] Stage 1: Processing video 3/3: video.mp4
2025-12-11 20:22:39 [INFO] [lib.augmentation.pipeline:752] ================================================================================
2025-12-11 20:22:39 [INFO] [lib.utils.memory:89] Memory stats (Stage 1: before video 3): {'cpu_memory_mb': 1907.8828125, 'cpu_memory_gb': 1.8631668090820312, 'cpu_vms_mb': 12281.015625, 'gpu_allocated_gb': 0.0, 'gpu_reserved_gb': 0.0, 'gpu_total_gb': 0.0, 'gpu_free_gb': 0.0}
2025-12-11 20:22:39 [INFO] [lib.augmentation.pipeline:60] Loading video: /gpfs/accounts/si670f25_class_root/si670f25_class/santoshd/fvc/videos/FVC2/164084910662284/video.mp4
2025-12-11 20:22:39 [INFO] [lib.augmentation.pipeline:80] Video has 3484 frames (fps: 29.90), processing in chunks of 250
2025-12-11 20:22:39 [INFO] [lib.augmentation.pipeline:107] Processing 14 chunk(s)
2025-12-11 20:22:39 [DEBUG] [lib.augmentation.pipeline:120] Using checkpoint directory for chunks: /gpfs/accounts/si670f25_class_root/si670f25_class/santoshd/fvc/data/augmented_videos/.checkpoints/164084910662284
2025-12-11 20:22:39 [INFO] [lib.augmentation.pipeline:128] Checking for existing checkpoints...
2025-12-11 20:22:39 [DEBUG] [lib.augmentation.pipeline:134] Found checkpoint: chunk 1 for augmentation 1
2025-12-11 20:22:39 [DEBUG] [lib.augmentation.pipeline:134] Found checkpoint: chunk 2 for augmentation 1
2025-12-11 20:22:39 [DEBUG] [lib.augmentation.pipeline:134] Found checkpoint: chunk 3 for augmentation 1
2025-12-11 20:22:39 [DEBUG] [lib.augmentation.pipeline:134] Found checkpoint: chunk 4 for augmentation 1
2025-12-11 20:22:39 [DEBUG] [lib.augmentation.pipeline:134] Found checkpoint: chunk 1 for augmentation 2
2025-12-11 20:22:39 [DEBUG] [lib.augmentation.pipeline:134] Found checkpoint: chunk 2 for augmentation 2
2025-12-11 20:22:39 [DEBUG] [lib.augmentation.pipeline:134] Found checkpoint: chunk 3 for augmentation 2
2025-12-11 20:22:39 [DEBUG] [lib.augmentation.pipeline:134] Found checkpoint: chunk 4 for augmentation 2
2025-12-11 20:22:39 [DEBUG] [lib.augmentation.pipeline:134] Found checkpoint: chunk 1 for augmentation 3
2025-12-11 20:22:39 [DEBUG] [lib.augmentation.pipeline:134] Found checkpoint: chunk 2 for augmentation 3
2025-12-11 20:22:39 [DEBUG] [lib.augmentation.pipeline:134] Found checkpoint: chunk 3 for augmentation 3
2025-12-11 20:22:39 [DEBUG] [lib.augmentation.pipeline:134] Found checkpoint: chunk 4 for augmentation 3
2025-12-11 20:22:39 [DEBUG] [lib.augmentation.pipeline:134] Found checkpoint: chunk 1 for augmentation 4
2025-12-11 20:22:39 [DEBUG] [lib.augmentation.pipeline:134] Found checkpoint: chunk 2 for augmentation 4
2025-12-11 20:22:39 [DEBUG] [lib.augmentation.pipeline:134] Found checkpoint: chunk 3 for augmentation 4
2025-12-11 20:22:39 [DEBUG] [lib.augmentation.pipeline:134] Found checkpoint: chunk 4 for augmentation 4
2025-12-11 20:22:39 [DEBUG] [lib.augmentation.pipeline:134] Found checkpoint: chunk 1 for augmentation 5
2025-12-11 20:22:39 [DEBUG] [lib.augmentation.pipeline:134] Found checkpoint: chunk 2 for augmentation 5
2025-12-11 20:22:39 [DEBUG] [lib.augmentation.pipeline:134] Found checkpoint: chunk 3 for augmentation 5
2025-12-11 20:22:39 [DEBUG] [lib.augmentation.pipeline:134] Found checkpoint: chunk 4 for augmentation 5
2025-12-11 20:22:39 [DEBUG] [lib.augmentation.pipeline:134] Found checkpoint: chunk 1 for augmentation 6
2025-12-11 20:22:39 [DEBUG] [lib.augmentation.pipeline:134] Found checkpoint: chunk 2 for augmentation 6
2025-12-11 20:22:39 [DEBUG] [lib.augmentation.pipeline:134] Found checkpoint: chunk 3 for augmentation 6
2025-12-11 20:22:39 [DEBUG] [lib.augmentation.pipeline:134] Found checkpoint: chunk 1 for augmentation 7
2025-12-11 20:22:39 [DEBUG] [lib.augmentation.pipeline:134] Found checkpoint: chunk 2 for augmentation 7
2025-12-11 20:22:39 [DEBUG] [lib.augmentation.pipeline:134] Found checkpoint: chunk 3 for augmentation 7
2025-12-11 20:22:39 [DEBUG] [lib.augmentation.pipeline:134] Found checkpoint: chunk 1 for augmentation 8
2025-12-11 20:22:39 [DEBUG] [lib.augmentation.pipeline:134] Found checkpoint: chunk 2 for augmentation 8
2025-12-11 20:22:39 [DEBUG] [lib.augmentation.pipeline:134] Found checkpoint: chunk 3 for augmentation 8
2025-12-11 20:22:39 [DEBUG] [lib.augmentation.pipeline:134] Found checkpoint: chunk 1 for augmentation 9
2025-12-11 20:22:39 [DEBUG] [lib.augmentation.pipeline:134] Found checkpoint: chunk 2 for augmentation 9
2025-12-11 20:22:39 [DEBUG] [lib.augmentation.pipeline:134] Found checkpoint: chunk 3 for augmentation 9
2025-12-11 20:22:39 [DEBUG] [lib.augmentation.pipeline:134] Found checkpoint: chunk 1 for augmentation 10
2025-12-11 20:22:39 [DEBUG] [lib.augmentation.pipeline:134] Found checkpoint: chunk 2 for augmentation 10
2025-12-11 20:22:39 [DEBUG] [lib.augmentation.pipeline:134] Found checkpoint: chunk 3 for augmentation 10
2025-12-11 20:22:39 [INFO] [lib.augmentation.pipeline:155] Resuming from chunk 5/14
2025-12-11 20:22:39 [INFO] [lib.augmentation.pipeline:178] Chunk 1/14 already checkpointed, skipping...
2025-12-11 20:22:39 [INFO] [lib.augmentation.pipeline:178] Chunk 2/14 already checkpointed, skipping...
2025-12-11 20:22:39 [INFO] [lib.augmentation.pipeline:178] Chunk 3/14 already checkpointed, skipping...
2025-12-11 20:22:39 [INFO] [lib.augmentation.pipeline:190] Processing chunk 4/14 (frames 750-999)
2025-12-11 20:22:40 [DEBUG] [lib.augmentation.io:94] Loaded 250 frames from video.mp4 (frames 750-999)
2025-12-11 20:22:41 [INFO] [lib.augmentation.pipeline:236] Chunk 4: Checkpointed augmentation 1/10 with type 'elastic' (250 frames)
2025-12-11 20:22:44 [INFO] [lib.augmentation.pipeline:236] Chunk 4: Checkpointed augmentation 2/10 with type 'contrast' (250 frames)
2025-12-11 20:22:51 [INFO] [lib.augmentation.pipeline:236] Chunk 4: Checkpointed augmentation 3/10 with type 'gaussian_noise' (250 frames)
2025-12-11 20:22:52 [INFO] [lib.augmentation.pipeline:236] Chunk 4: Checkpointed augmentation 4/10 with type 'cutout' (250 frames)
2025-12-11 20:22:54 [INFO] [lib.augmentation.pipeline:236] Chunk 4: Checkpointed augmentation 5/10 with type 'flip' (250 frames)
2025-12-11 20:24:37 [INFO] [lib.augmentation.pipeline:236] Chunk 4: Checkpointed augmentation 6/10 with type 'affine' (250 frames)
2025-12-11 20:24:39 [INFO] [lib.augmentation.pipeline:236] Chunk 4: Checkpointed augmentation 7/10 with type 'brightness' (250 frames)
2025-12-11 20:24:42 [INFO] [lib.augmentation.pipeline:236] Chunk 4: Checkpointed augmentation 8/10 with type 'rotation' (250 frames)
2025-12-11 20:24:44 [INFO] [lib.augmentation.pipeline:236] Chunk 4: Checkpointed augmentation 9/10 with type 'gaussian_blur' (250 frames)
2025-12-11 20:24:46 [INFO] [lib.augmentation.pipeline:236] Chunk 4: Checkpointed augmentation 10/10 with type 'saturation' (250 frames)
2025-12-11 20:24:46 [INFO] [lib.augmentation.pipeline:190] Processing chunk 5/14 (frames 1000-1249)
2025-12-11 20:24:46 [DEBUG] [lib.augmentation.io:94] Loaded 250 frames from video.mp4 (frames 1000-1249)
2025-12-11 20:24:48 [INFO] [lib.augmentation.pipeline:236] Chunk 5: Checkpointed augmentation 1/10 with type 'elastic' (250 frames)
2025-12-11 20:24:51 [INFO] [lib.augmentation.pipeline:236] Chunk 5: Checkpointed augmentation 2/10 with type 'contrast' (250 frames)
2025-12-11 20:24:57 [INFO] [lib.augmentation.pipeline:236] Chunk 5: Checkpointed augmentation 3/10 with type 'gaussian_noise' (250 frames)
2025-12-11 20:24:59 [INFO] [lib.augmentation.pipeline:236] Chunk 5: Checkpointed augmentation 4/10 with type 'cutout' (250 frames)
2025-12-11 20:25:01 [INFO] [lib.augmentation.pipeline:236] Chunk 5: Checkpointed augmentation 5/10 with type 'flip' (250 frames)
2025-12-11 20:26:40 [INFO] [lib.augmentation.pipeline:236] Chunk 5: Checkpointed augmentation 6/10 with type 'affine' (250 frames)
2025-12-11 20:26:42 [INFO] [lib.augmentation.pipeline:236] Chunk 5: Checkpointed augmentation 7/10 with type 'brightness' (250 frames)
2025-12-11 20:26:44 [INFO] [lib.augmentation.pipeline:236] Chunk 5: Checkpointed augmentation 8/10 with type 'rotation' (250 frames)
2025-12-11 20:26:47 [INFO] [lib.augmentation.pipeline:236] Chunk 5: Checkpointed augmentation 9/10 with type 'gaussian_blur' (250 frames)
2025-12-11 20:26:48 [INFO] [lib.augmentation.pipeline:236] Chunk 5: Checkpointed augmentation 10/10 with type 'saturation' (250 frames)
2025-12-11 20:26:49 [INFO] [lib.augmentation.pipeline:190] Processing chunk 6/14 (frames 1250-1499)
2025-12-11 20:26:49 [DEBUG] [lib.augmentation.io:94] Loaded 250 frames from video.mp4 (frames 1250-1499)
2025-12-11 20:26:51 [INFO] [lib.augmentation.pipeline:236] Chunk 6: Checkpointed augmentation 1/10 with type 'elastic' (250 frames)
2025-12-11 20:26:53 [INFO] [lib.augmentation.pipeline:236] Chunk 6: Checkpointed augmentation 2/10 with type 'contrast' (250 frames)
2025-12-11 20:27:00 [INFO] [lib.augmentation.pipeline:236] Chunk 6: Checkpointed augmentation 3/10 with type 'gaussian_noise' (250 frames)
2025-12-11 20:27:02 [INFO] [lib.augmentation.pipeline:236] Chunk 6: Checkpointed augmentation 4/10 with type 'cutout' (250 frames)
2025-12-11 20:27:03 [INFO] [lib.augmentation.pipeline:236] Chunk 6: Checkpointed augmentation 5/10 with type 'flip' (250 frames)
2025-12-11 20:28:42 [INFO] [lib.augmentation.pipeline:236] Chunk 6: Checkpointed augmentation 6/10 with type 'affine' (250 frames)
2025-12-11 20:28:44 [INFO] [lib.augmentation.pipeline:236] Chunk 6: Checkpointed augmentation 7/10 with type 'brightness' (250 frames)
2025-12-11 20:28:46 [INFO] [lib.augmentation.pipeline:236] Chunk 6: Checkpointed augmentation 8/10 with type 'rotation' (250 frames)
2025-12-11 20:28:48 [INFO] [lib.augmentation.pipeline:236] Chunk 6: Checkpointed augmentation 9/10 with type 'gaussian_blur' (250 frames)
2025-12-11 20:28:50 [INFO] [lib.augmentation.pipeline:236] Chunk 6: Checkpointed augmentation 10/10 with type 'saturation' (250 frames)
2025-12-11 20:28:51 [INFO] [lib.augmentation.pipeline:190] Processing chunk 7/14 (frames 1500-1749)
2025-12-11 20:28:51 [DEBUG] [lib.augmentation.io:94] Loaded 250 frames from video.mp4 (frames 1500-1749)
2025-12-11 20:28:53 [INFO] [lib.augmentation.pipeline:236] Chunk 7: Checkpointed augmentation 1/10 with type 'elastic' (250 frames)
2025-12-11 20:28:55 [INFO] [lib.augmentation.pipeline:236] Chunk 7: Checkpointed augmentation 2/10 with type 'contrast' (250 frames)
2025-12-11 20:29:02 [INFO] [lib.augmentation.pipeline:236] Chunk 7: Checkpointed augmentation 3/10 with type 'gaussian_noise' (250 frames)
2025-12-11 20:29:04 [INFO] [lib.augmentation.pipeline:236] Chunk 7: Checkpointed augmentation 4/10 with type 'cutout' (250 frames)
2025-12-11 20:29:06 [INFO] [lib.augmentation.pipeline:236] Chunk 7: Checkpointed augmentation 5/10 with type 'flip' (250 frames)
2025-12-11 20:30:48 [INFO] [lib.augmentation.pipeline:236] Chunk 7: Checkpointed augmentation 6/10 with type 'affine' (250 frames)
2025-12-11 20:30:50 [INFO] [lib.augmentation.pipeline:236] Chunk 7: Checkpointed augmentation 7/10 with type 'brightness' (250 frames)
2025-12-11 20:30:52 [INFO] [lib.augmentation.pipeline:236] Chunk 7: Checkpointed augmentation 8/10 with type 'rotation' (250 frames)
2025-12-11 20:30:55 [INFO] [lib.augmentation.pipeline:236] Chunk 7: Checkpointed augmentation 9/10 with type 'gaussian_blur' (250 frames)
2025-12-11 20:30:57 [INFO] [lib.augmentation.pipeline:236] Chunk 7: Checkpointed augmentation 10/10 with type 'saturation' (250 frames)
2025-12-11 20:30:57 [INFO] [lib.augmentation.pipeline:190] Processing chunk 8/14 (frames 1750-1999)
2025-12-11 20:30:57 [DEBUG] [lib.augmentation.io:94] Loaded 250 frames from video.mp4 (frames 1750-1999)
2025-12-11 20:30:59 [INFO] [lib.augmentation.pipeline:236] Chunk 8: Checkpointed augmentation 1/10 with type 'elastic' (250 frames)
2025-12-11 20:31:01 [INFO] [lib.augmentation.pipeline:236] Chunk 8: Checkpointed augmentation 2/10 with type 'contrast' (250 frames)
2025-12-11 20:31:08 [INFO] [lib.augmentation.pipeline:236] Chunk 8: Checkpointed augmentation 3/10 with type 'gaussian_noise' (250 frames)
2025-12-11 20:31:10 [INFO] [lib.augmentation.pipeline:236] Chunk 8: Checkpointed augmentation 4/10 with type 'cutout' (250 frames)
2025-12-11 20:31:12 [INFO] [lib.augmentation.pipeline:236] Chunk 8: Checkpointed augmentation 5/10 with type 'flip' (250 frames)
2025-12-11 20:33:00 [INFO] [lib.augmentation.pipeline:236] Chunk 8: Checkpointed augmentation 6/10 with type 'affine' (250 frames)
2025-12-11 20:33:02 [INFO] [lib.augmentation.pipeline:236] Chunk 8: Checkpointed augmentation 7/10 with type 'brightness' (250 frames)
2025-12-11 20:33:04 [INFO] [lib.augmentation.pipeline:236] Chunk 8: Checkpointed augmentation 8/10 with type 'rotation' (250 frames)
2025-12-11 20:33:07 [INFO] [lib.augmentation.pipeline:236] Chunk 8: Checkpointed augmentation 9/10 with type 'gaussian_blur' (250 frames)
2025-12-11 20:33:08 [INFO] [lib.augmentation.pipeline:236] Chunk 8: Checkpointed augmentation 10/10 with type 'saturation' (250 frames)
2025-12-11 20:33:09 [INFO] [lib.augmentation.pipeline:190] Processing chunk 9/14 (frames 2000-2249)
2025-12-11 20:33:09 [DEBUG] [lib.augmentation.io:94] Loaded 250 frames from video.mp4 (frames 2000-2249)
2025-12-11 20:33:11 [INFO] [lib.augmentation.pipeline:236] Chunk 9: Checkpointed augmentation 1/10 with type 'elastic' (250 frames)
2025-12-11 20:33:13 [INFO] [lib.augmentation.pipeline:236] Chunk 9: Checkpointed augmentation 2/10 with type 'contrast' (250 frames)
2025-12-11 20:33:21 [INFO] [lib.augmentation.pipeline:236] Chunk 9: Checkpointed augmentation 3/10 with type 'gaussian_noise' (250 frames)
2025-12-11 20:33:22 [INFO] [lib.augmentation.pipeline:236] Chunk 9: Checkpointed augmentation 4/10 with type 'cutout' (250 frames)
2025-12-11 20:33:24 [INFO] [lib.augmentation.pipeline:236] Chunk 9: Checkpointed augmentation 5/10 with type 'flip' (250 frames)
2025-12-11 20:35:11 [INFO] [lib.augmentation.pipeline:236] Chunk 9: Checkpointed augmentation 6/10 with type 'affine' (250 frames)
2025-12-11 20:35:14 [INFO] [lib.augmentation.pipeline:236] Chunk 9: Checkpointed augmentation 7/10 with type 'brightness' (250 frames)
2025-12-11 20:35:16 [INFO] [lib.augmentation.pipeline:236] Chunk 9: Checkpointed augmentation 8/10 with type 'rotation' (250 frames)
2025-12-11 20:35:18 [INFO] [lib.augmentation.pipeline:236] Chunk 9: Checkpointed augmentation 9/10 with type 'gaussian_blur' (250 frames)
2025-12-11 20:35:20 [INFO] [lib.augmentation.pipeline:236] Chunk 9: Checkpointed augmentation 10/10 with type 'saturation' (250 frames)
2025-12-11 20:35:21 [INFO] [lib.augmentation.pipeline:190] Processing chunk 10/14 (frames 2250-2499)
2025-12-11 20:35:21 [DEBUG] [lib.augmentation.io:94] Loaded 250 frames from video.mp4 (frames 2250-2499)
2025-12-11 20:35:23 [INFO] [lib.augmentation.pipeline:236] Chunk 10: Checkpointed augmentation 1/10 with type 'elastic' (250 frames)
2025-12-11 20:35:25 [INFO] [lib.augmentation.pipeline:236] Chunk 10: Checkpointed augmentation 2/10 with type 'contrast' (250 frames)
2025-12-11 20:35:32 [INFO] [lib.augmentation.pipeline:236] Chunk 10: Checkpointed augmentation 3/10 with type 'gaussian_noise' (250 frames)
2025-12-11 20:35:34 [INFO] [lib.augmentation.pipeline:236] Chunk 10: Checkpointed augmentation 4/10 with type 'cutout' (250 frames)
2025-12-11 20:35:36 [INFO] [lib.augmentation.pipeline:236] Chunk 10: Checkpointed augmentation 5/10 with type 'flip' (250 frames)
2025-12-11 20:37:21 [INFO] [lib.augmentation.pipeline:236] Chunk 10: Checkpointed augmentation 6/10 with type 'affine' (250 frames)
2025-12-11 20:37:23 [INFO] [lib.augmentation.pipeline:236] Chunk 10: Checkpointed augmentation 7/10 with type 'brightness' (250 frames)
2025-12-11 20:37:25 [INFO] [lib.augmentation.pipeline:236] Chunk 10: Checkpointed augmentation 8/10 with type 'rotation' (250 frames)
2025-12-11 20:37:28 [INFO] [lib.augmentation.pipeline:236] Chunk 10: Checkpointed augmentation 9/10 with type 'gaussian_blur' (250 frames)
2025-12-11 20:37:29 [INFO] [lib.augmentation.pipeline:236] Chunk 10: Checkpointed augmentation 10/10 with type 'saturation' (250 frames)
2025-12-11 20:37:30 [INFO] [lib.augmentation.pipeline:190] Processing chunk 11/14 (frames 2500-2749)
2025-12-11 20:37:31 [DEBUG] [lib.augmentation.io:94] Loaded 250 frames from video.mp4 (frames 2500-2749)
2025-12-11 20:37:33 [INFO] [lib.augmentation.pipeline:236] Chunk 11: Checkpointed augmentation 1/10 with type 'elastic' (250 frames)
2025-12-11 20:37:35 [INFO] [lib.augmentation.pipeline:236] Chunk 11: Checkpointed augmentation 2/10 with type 'contrast' (250 frames)
2025-12-11 20:37:42 [INFO] [lib.augmentation.pipeline:236] Chunk 11: Checkpointed augmentation 3/10 with type 'gaussian_noise' (250 frames)
2025-12-11 20:37:44 [INFO] [lib.augmentation.pipeline:236] Chunk 11: Checkpointed augmentation 4/10 with type 'cutout' (250 frames)
2025-12-11 20:37:46 [INFO] [lib.augmentation.pipeline:236] Chunk 11: Checkpointed augmentation 5/10 with type 'flip' (250 frames)
2025-12-11 20:40:31 [INFO] [lib.augmentation.pipeline:236] Chunk 11: Checkpointed augmentation 6/10 with type 'affine' (250 frames)
2025-12-11 20:40:34 [INFO] [lib.augmentation.pipeline:236] Chunk 11: Checkpointed augmentation 7/10 with type 'brightness' (250 frames)
2025-12-11 20:40:36 [INFO] [lib.augmentation.pipeline:236] Chunk 11: Checkpointed augmentation 8/10 with type 'rotation' (250 frames)
2025-12-11 20:40:39 [INFO] [lib.augmentation.pipeline:236] Chunk 11: Checkpointed augmentation 9/10 with type 'gaussian_blur' (250 frames)
2025-12-11 20:40:41 [INFO] [lib.augmentation.pipeline:236] Chunk 11: Checkpointed augmentation 10/10 with type 'saturation' (250 frames)
2025-12-11 20:40:41 [INFO] [lib.augmentation.pipeline:190] Processing chunk 12/14 (frames 2750-2999)
2025-12-11 20:40:42 [DEBUG] [lib.augmentation.io:94] Loaded 250 frames from video.mp4 (frames 2750-2999)
2025-12-11 20:40:44 [INFO] [lib.augmentation.pipeline:236] Chunk 12: Checkpointed augmentation 1/10 with type 'elastic' (250 frames)
2025-12-11 20:40:46 [INFO] [lib.augmentation.pipeline:236] Chunk 12: Checkpointed augmentation 2/10 with type 'contrast' (250 frames)
2025-12-11 20:40:53 [INFO] [lib.augmentation.pipeline:236] Chunk 12: Checkpointed augmentation 3/10 with type 'gaussian_noise' (250 frames)
2025-12-11 20:40:55 [INFO] [lib.augmentation.pipeline:236] Chunk 12: Checkpointed augmentation 4/10 with type 'cutout' (250 frames)
2025-12-11 20:40:57 [INFO] [lib.augmentation.pipeline:236] Chunk 12: Checkpointed augmentation 5/10 with type 'flip' (250 frames)
2025-12-11 20:44:04 [INFO] [lib.augmentation.pipeline:236] Chunk 12: Checkpointed augmentation 6/10 with type 'affine' (250 frames)
2025-12-11 20:44:06 [INFO] [lib.augmentation.pipeline:236] Chunk 12: Checkpointed augmentation 7/10 with type 'brightness' (250 frames)
2025-12-11 20:44:08 [INFO] [lib.augmentation.pipeline:236] Chunk 12: Checkpointed augmentation 8/10 with type 'rotation' (250 frames)
2025-12-11 20:44:11 [INFO] [lib.augmentation.pipeline:236] Chunk 12: Checkpointed augmentation 9/10 with type 'gaussian_blur' (250 frames)
2025-12-11 20:44:13 [INFO] [lib.augmentation.pipeline:236] Chunk 12: Checkpointed augmentation 10/10 with type 'saturation' (250 frames)
2025-12-11 20:44:13 [INFO] [lib.augmentation.pipeline:190] Processing chunk 13/14 (frames 3000-3249)
2025-12-11 20:44:14 [DEBUG] [lib.augmentation.io:94] Loaded 250 frames from video.mp4 (frames 3000-3249)
2025-12-11 20:44:16 [INFO] [lib.augmentation.pipeline:236] Chunk 13: Checkpointed augmentation 1/10 with type 'elastic' (250 frames)
2025-12-11 20:44:19 [INFO] [lib.augmentation.pipeline:236] Chunk 13: Checkpointed augmentation 2/10 with type 'contrast' (250 frames)
2025-12-11 20:44:27 [INFO] [lib.augmentation.pipeline:236] Chunk 13: Checkpointed augmentation 3/10 with type 'gaussian_noise' (250 frames)
2025-12-11 20:44:29 [INFO] [lib.augmentation.pipeline:236] Chunk 13: Checkpointed augmentation 4/10 with type 'cutout' (250 frames)
2025-12-11 20:44:30 [INFO] [lib.augmentation.pipeline:236] Chunk 13: Checkpointed augmentation 5/10 with type 'flip' (250 frames)
2025-12-11 20:47:26 [INFO] [lib.augmentation.pipeline:236] Chunk 13: Checkpointed augmentation 6/10 with type 'affine' (250 frames)
2025-12-11 20:47:28 [INFO] [lib.augmentation.pipeline:236] Chunk 13: Checkpointed augmentation 7/10 with type 'brightness' (250 frames)
2025-12-11 20:47:30 [INFO] [lib.augmentation.pipeline:236] Chunk 13: Checkpointed augmentation 8/10 with type 'rotation' (250 frames)
2025-12-11 20:47:33 [INFO] [lib.augmentation.pipeline:236] Chunk 13: Checkpointed augmentation 9/10 with type 'gaussian_blur' (250 frames)
2025-12-11 20:47:35 [INFO] [lib.augmentation.pipeline:236] Chunk 13: Checkpointed augmentation 10/10 with type 'saturation' (250 frames)
2025-12-11 20:47:36 [INFO] [lib.augmentation.pipeline:190] Processing chunk 14/14 (frames 3250-3483)
2025-12-11 20:47:37 [DEBUG] [lib.augmentation.io:94] Loaded 234 frames from video.mp4 (frames 3250-3483)
2025-12-11 20:47:39 [INFO] [lib.augmentation.pipeline:236] Chunk 14: Checkpointed augmentation 1/10 with type 'elastic' (234 frames)
2025-12-11 20:47:41 [INFO] [lib.augmentation.pipeline:236] Chunk 14: Checkpointed augmentation 2/10 with type 'contrast' (234 frames)
2025-12-11 20:47:48 [INFO] [lib.augmentation.pipeline:236] Chunk 14: Checkpointed augmentation 3/10 with type 'gaussian_noise' (234 frames)
2025-12-11 20:47:50 [INFO] [lib.augmentation.pipeline:236] Chunk 14: Checkpointed augmentation 4/10 with type 'cutout' (234 frames)
2025-12-11 20:47:52 [INFO] [lib.augmentation.pipeline:236] Chunk 14: Checkpointed augmentation 5/10 with type 'flip' (234 frames)
2025-12-11 20:50:22 [INFO] [lib.augmentation.pipeline:236] Chunk 14: Checkpointed augmentation 6/10 with type 'affine' (234 frames)
2025-12-11 20:50:24 [INFO] [lib.augmentation.pipeline:236] Chunk 14: Checkpointed augmentation 7/10 with type 'brightness' (234 frames)
2025-12-11 20:50:26 [INFO] [lib.augmentation.pipeline:236] Chunk 14: Checkpointed augmentation 8/10 with type 'rotation' (234 frames)
2025-12-11 20:50:28 [INFO] [lib.augmentation.pipeline:236] Chunk 14: Checkpointed augmentation 9/10 with type 'gaussian_blur' (234 frames)
2025-12-11 20:50:31 [INFO] [lib.augmentation.pipeline:236] Chunk 14: Checkpointed augmentation 10/10 with type 'saturation' (234 frames)
2025-12-11 20:50:31 [INFO] [lib.augmentation.pipeline:247] Stitching intermediate chunks together...
2025-12-11 20:50:46 [INFO] [lib.augmentation.pipeline:264] Stitched augmentation 1/10 into /gpfs/accounts/si670f25_class_root/si670f25_class/santoshd/fvc/data/augmented_videos/164084910662284_aug0.mp4 from 14 chunks
2025-12-11 20:51:07 [INFO] [lib.augmentation.pipeline:264] Stitched augmentation 2/10 into /gpfs/accounts/si670f25_class_root/si670f25_class/santoshd/fvc/data/augmented_videos/164084910662284_aug1.mp4 from 14 chunks
2025-12-11 20:51:37 [INFO] [lib.augmentation.pipeline:264] Stitched augmentation 3/10 into /gpfs/accounts/si670f25_class_root/si670f25_class/santoshd/fvc/data/augmented_videos/164084910662284_aug2.mp4 from 14 chunks
2025-12-11 20:51:52 [INFO] [lib.augmentation.pipeline:264] Stitched augmentation 4/10 into /gpfs/accounts/si670f25_class_root/si670f25_class/santoshd/fvc/data/augmented_videos/164084910662284_aug3.mp4 from 14 chunks
2025-12-11 20:52:10 [INFO] [lib.augmentation.pipeline:264] Stitched augmentation 5/10 into /gpfs/accounts/si670f25_class_root/si670f25_class/santoshd/fvc/data/augmented_videos/164084910662284_aug4.mp4 from 14 chunks
2025-12-11 20:52:29 [INFO] [lib.augmentation.pipeline:264] Stitched augmentation 6/10 into /gpfs/accounts/si670f25_class_root/si670f25_class/santoshd/fvc/data/augmented_videos/164084910662284_aug5.mp4 from 14 chunks
2025-12-11 20:52:53 [INFO] [lib.augmentation.pipeline:264] Stitched augmentation 7/10 into /gpfs/accounts/si670f25_class_root/si670f25_class/santoshd/fvc/data/augmented_videos/164084910662284_aug6.mp4 from 14 chunks
2025-12-11 20:53:14 [INFO] [lib.augmentation.pipeline:264] Stitched augmentation 8/10 into /gpfs/accounts/si670f25_class_root/si670f25_class/santoshd/fvc/data/augmented_videos/164084910662284_aug7.mp4 from 14 chunks
2025-12-11 20:53:30 [INFO] [lib.augmentation.pipeline:264] Stitched augmentation 9/10 into /gpfs/accounts/si670f25_class_root/si670f25_class/santoshd/fvc/data/augmented_videos/164084910662284_aug8.mp4 from 14 chunks
2025-12-11 20:53:46 [INFO] [lib.augmentation.pipeline:264] Stitched augmentation 10/10 into /gpfs/accounts/si670f25_class_root/si670f25_class/santoshd/fvc/data/augmented_videos/164084910662284_aug9.mp4 from 14 chunks
2025-12-11 20:53:46 [INFO] [lib.augmentation.pipeline:275] Cleaning up checkpoint files after successful stitching...
2025-12-11 20:53:46 [DEBUG] [lib.augmentation.pipeline:280] Deleted checkpoint directory: /gpfs/accounts/si670f25_class_root/si670f25_class/santoshd/fvc/data/augmented_videos/.checkpoints/164084910662284
2025-12-11 20:53:46 [INFO] [lib.augmentation.pipeline:294] Completed augmentation. Generated files: ['/gpfs/accounts/si670f25_class_root/si670f25_class/santoshd/fvc/data/augmented_videos/164084910662284_aug0.mp4', '/gpfs/accounts/si670f25_class_root/si670f25_class/santoshd/fvc/data/augmented_videos/164084910662284_aug1.mp4', '/gpfs/accounts/si670f25_class_root/si670f25_class/santoshd/fvc/data/augmented_videos/164084910662284_aug2.mp4', '/gpfs/accounts/si670f25_class_root/si670f25_class/santoshd/fvc/data/augmented_videos/164084910662284_aug3.mp4', '/gpfs/accounts/si670f25_class_root/si670f25_class/santoshd/fvc/data/augmented_videos/164084910662284_aug4.mp4', '/gpfs/accounts/si670f25_class_root/si670f25_class/santoshd/fvc/data/augmented_videos/164084910662284_aug5.mp4', '/gpfs/accounts/si670f25_class_root/si670f25_class/santoshd/fvc/data/augmented_videos/164084910662284_aug6.mp4', '/gpfs/accounts/si670f25_class_root/si670f25_class/santoshd/fvc/data/augmented_videos/164084910662284_aug7.mp4', '/gpfs/accounts/si670f25_class_root/si670f25_class/santoshd/fvc/data/augmented_videos/164084910662284_aug8.mp4', '/gpfs/accounts/si670f25_class_root/si670f25_class/santoshd/fvc/data/augmented_videos/164084910662284_aug9.mp4']
2025-12-11 20:53:46 [INFO] [lib.augmentation.pipeline:845] Generated 10 augmentations, saving metadata...
2025-12-11 20:53:46 [INFO] [lib.augmentation.pipeline:877] ✓ Augmentation 1/10 available at /gpfs/accounts/si670f25_class_root/si670f25_class/santoshd/fvc/data/augmented_videos/164084910662284_aug0.mp4
2025-12-11 20:53:46 [INFO] [lib.augmentation.pipeline:877] ✓ Augmentation 2/10 available at /gpfs/accounts/si670f25_class_root/si670f25_class/santoshd/fvc/data/augmented_videos/164084910662284_aug1.mp4
2025-12-11 20:53:46 [INFO] [lib.augmentation.pipeline:877] ✓ Augmentation 3/10 available at /gpfs/accounts/si670f25_class_root/si670f25_class/santoshd/fvc/data/augmented_videos/164084910662284_aug2.mp4
2025-12-11 20:53:46 [INFO] [lib.augmentation.pipeline:877] ✓ Augmentation 4/10 available at /gpfs/accounts/si670f25_class_root/si670f25_class/santoshd/fvc/data/augmented_videos/164084910662284_aug3.mp4
2025-12-11 20:53:46 [INFO] [lib.augmentation.pipeline:877] ✓ Augmentation 5/10 available at /gpfs/accounts/si670f25_class_root/si670f25_class/santoshd/fvc/data/augmented_videos/164084910662284_aug4.mp4
2025-12-11 20:53:46 [INFO] [lib.augmentation.pipeline:877] ✓ Augmentation 6/10 available at /gpfs/accounts/si670f25_class_root/si670f25_class/santoshd/fvc/data/augmented_videos/164084910662284_aug5.mp4
2025-12-11 20:53:46 [INFO] [lib.augmentation.pipeline:877] ✓ Augmentation 7/10 available at /gpfs/accounts/si670f25_class_root/si670f25_class/santoshd/fvc/data/augmented_videos/164084910662284_aug6.mp4
2025-12-11 20:53:46 [INFO] [lib.augmentation.pipeline:877] ✓ Augmentation 8/10 available at /gpfs/accounts/si670f25_class_root/si670f25_class/santoshd/fvc/data/augmented_videos/164084910662284_aug7.mp4
2025-12-11 20:53:46 [INFO] [lib.augmentation.pipeline:877] ✓ Augmentation 9/10 available at /gpfs/accounts/si670f25_class_root/si670f25_class/santoshd/fvc/data/augmented_videos/164084910662284_aug8.mp4
2025-12-11 20:53:46 [INFO] [lib.augmentation.pipeline:877] ✓ Augmentation 10/10 available at /gpfs/accounts/si670f25_class_root/si670f25_class/santoshd/fvc/data/augmented_videos/164084910662284_aug9.mp4
2025-12-11 20:53:48 [INFO] [lib.augmentation.pipeline:938] 
✓ Stage 1 complete: Metadata available at /gpfs/accounts/si670f25_class_root/si670f25_class/santoshd/fvc/data/augmented_videos/augmented_metadata.arrow
2025-12-11 20:53:48 [INFO] [lib.augmentation.pipeline:939] ✓ Stage 1: Total entries in metadata: 3244
2025-12-11 20:53:48 [INFO] [lib.augmentation.pipeline:941] ✓ Stage 1: Processed 30 videos in this run
2025-12-11 20:53:48 [INFO] [__main__:463] ================================================================================
2025-12-11 20:53:48 [INFO] [__main__:464] STAGE 1 COMPLETED SUCCESSFULLY
2025-12-11 20:53:48 [INFO] [__main__:465] ================================================================================
2025-12-11 20:53:48 [INFO] [__main__:466] Execution time: 5802.06 seconds (96.70 minutes)
2025-12-11 20:53:48 [INFO] [__main__:468] Output directory: /gpfs/accounts/si670f25_class_root/si670f25_class/santoshd/fvc/data/augmented_videos
2025-12-11 20:53:48 [INFO] [__main__:469] Metadata file: /gpfs/accounts/si670f25_class_root/si670f25_class/santoshd/fvc/data/augmented_videos/augmented_metadata.csv
2025-12-11 20:53:48 [INFO] [__main__:472] Total videos processed: 3244
2025-12-11 20:53:48 [DEBUG] [__main__:473] Result DataFrame shape: (3244, 5)
2025-12-11 20:53:50 [INFO] [__main__:480] Original videos: 294
2025-12-11 20:53:50 [INFO] [__main__:481] Augmented videos: 2950
2025-12-11 20:53:50 [INFO] [__main__:482] Total videos (original + augmented): 3244
2025-12-11 20:53:50 [INFO] [__main__:489] ================================================================================
2025-12-11 20:53:50 [INFO] [__main__:490] Final memory statistics:
2025-12-11 20:53:50 [INFO] [__main__:491] ================================================================================
2025-12-11 20:53:50 [INFO] [lib.utils.memory:89] Memory stats (Stage 1: after augmentation): {'cpu_memory_mb': 1908.83984375, 'cpu_memory_gb': 1.8641014099121094, 'cpu_vms_mb': 12281.015625, 'gpu_allocated_gb': 0.0, 'gpu_reserved_gb': 0.0, 'gpu_total_gb': 0.0, 'gpu_free_gb': 0.0}
2025-12-11 20:53:51 [DEBUG] [lib.utils.memory:95] CPU percent: 0.0%
2025-12-11 20:53:51 [DEBUG] [lib.utils.memory:96] Num threads: 105
2025-12-11 20:53:51 [INFO] [__main__:494] ================================================================================
2025-12-11 20:53:51 [INFO] [__main__:495] Next steps:
2025-12-11 20:53:51 [INFO] [__main__:496]   - Run Stage 2: python src/scripts/run_stage2_features.py
2025-12-11 20:53:51 [INFO] [__main__:497]   - Or continue with full pipeline: python src/run_new_pipeline.py --skip-stage 1
2025-12-11 20:53:51 [INFO] [__main__:498] ================================================================================
