2025-12-12 00:53:39 [INFO] [__main__:219] ================================================================================
2025-12-12 00:53:39 [INFO] [__main__:220] STAGE 3: VIDEO SCALING
2025-12-12 00:53:39 [INFO] [__main__:221] ================================================================================
2025-12-12 00:53:39 [INFO] [__main__:222] Project root: /gpfs/accounts/si670f25_class_root/si670f25_class/santoshd/fvc
2025-12-12 00:53:39 [INFO] [__main__:223] Augmented metadata: /gpfs/accounts/si670f25_class_root/si670f25_class/santoshd/fvc/data/augmented_videos/augmented_metadata.arrow
2025-12-12 00:53:39 [INFO] [__main__:224] Output directory: /gpfs/accounts/si670f25_class_root/si670f25_class/santoshd/fvc/data/scaled_videos
2025-12-12 00:53:39 [INFO] [__main__:225] Scaling method: autoencoder
2025-12-12 00:53:39 [INFO] [__main__:226] Target max dimension: 256 pixels
2025-12-12 00:53:39 [INFO] [__main__:228] Video range: [2870, 3278)
2025-12-12 00:53:39 [INFO] [__main__:231] Delete existing: False
2025-12-12 00:53:39 [INFO] [__main__:232] Resume mode: True
2025-12-12 00:53:39 [INFO] [__main__:233] Execution order: reverse
2025-12-12 00:53:39 [INFO] [__main__:234] Log file: /gpfs/accounts/si670f25_class_root/si670f25_class/santoshd/fvc/logs/stage3_scaling_1765518819.log
2025-12-12 00:53:39 [DEBUG] [__main__:235] Python version: 3.11.7 (main, Dec 15 2023, 18:12:31) [GCC 11.2.0]
2025-12-12 00:53:39 [DEBUG] [__main__:236] Python executable: /gpfs/accounts/si670f25_class_root/si670f25_class/santoshd/fvc/venv/bin/python
2025-12-12 00:53:39 [DEBUG] [__main__:237] Working directory: /gpfs/accounts/si670f25_class_root/si670f25_class/santoshd/fvc
2025-12-12 00:53:39 [DEBUG] [__main__:238] Command line arguments: ['/gpfs/accounts/si670f25_class_root/si670f25_class/santoshd/fvc/src/scripts/run_stage3_scaling.py', '--project-root', '/gpfs/accounts/si670f25_class_root/si670f25_class/santoshd/fvc', '--augmented-metadata', '/gpfs/accounts/si670f25_class_root/si670f25_class/santoshd/fvc/data/augmented_videos/augmented_metadata.arrow', '--method', 'autoencoder', '--target-size', '256', '--chunk-size', '400', '--output-dir', 'data/scaled_videos', '--start-idx', '2870', '--end-idx', '3278', '--execution-order', 'reverse', '--resume']
2025-12-12 00:53:39 [INFO] [__main__:241] ================================================================================
2025-12-12 00:53:39 [INFO] [__main__:242] Checking prerequisites...
2025-12-12 00:53:39 [INFO] [__main__:243] ================================================================================
2025-12-12 00:53:39 [INFO] [__main__:249] ✓ Augmented metadata file found: /gpfs/accounts/si670f25_class_root/si670f25_class/santoshd/fvc/data/augmented_videos/augmented_metadata.arrow
2025-12-12 00:53:39 [DEBUG] [__main__:254] System information:
2025-12-12 00:53:39 [DEBUG] [__main__:255]   CPU count: 40
2025-12-12 00:53:39 [DEBUG] [__main__:256]   Total memory: 200.81 GB
2025-12-12 00:53:39 [DEBUG] [__main__:257]   Available memory: 191.76 GB
2025-12-12 00:53:39 [INFO] [__main__:262] ================================================================================
2025-12-12 00:53:39 [INFO] [__main__:263] Initial memory statistics:
2025-12-12 00:53:39 [INFO] [__main__:264] ================================================================================
2025-12-12 00:53:39 [INFO] [lib.utils.memory:89] Memory stats (Stage 3: before scaling): {'cpu_memory_mb': 722.8671875, 'cpu_memory_gb': 0.7059249877929688, 'cpu_vms_mb': 6030.984375, 'gpu_allocated_gb': 0.0, 'gpu_reserved_gb': 0.0, 'gpu_total_gb': 16.928342016, 'gpu_free_gb': 16.928342016}
2025-12-12 00:53:39 [DEBUG] [lib.utils.memory:95] CPU percent: 0.0%
2025-12-12 00:53:39 [DEBUG] [lib.utils.memory:96] Num threads: 10
2025-12-12 00:53:39 [INFO] [__main__:268] ================================================================================
2025-12-12 00:53:39 [INFO] [__main__:269] Starting Stage 3: Video Scaling
2025-12-12 00:53:39 [INFO] [__main__:270] ================================================================================
2025-12-12 00:53:39 [INFO] [__main__:271] This may take a while depending on dataset size...
2025-12-12 00:53:39 [INFO] [__main__:272] Progress will be logged in real-time
2025-12-12 00:53:39 [INFO] [__main__:273] ================================================================================
2025-12-12 00:53:39 [INFO] [lib.scaling.pipeline:348] Stage 3: Loading augmented metadata...
2025-12-12 00:53:40 [INFO] [lib.scaling.pipeline:384] Stage 3: Processing video range [2870, 3278) of 3278 total videos
2025-12-12 00:53:40 [INFO] [lib.scaling.pipeline:393] Stage 3: Processing 408 videos in this range
2025-12-12 00:53:40 [INFO] [lib.scaling.pipeline:394] Stage 3: Target max dimension: 256 pixels
2025-12-12 00:53:40 [INFO] [lib.scaling.pipeline:400] Stage 3: Method: autoencoder
2025-12-12 00:53:40 [INFO] [lib.scaling.pipeline:401] Stage 3: Chunk size: 400 frames
2025-12-12 00:53:40 [INFO] [lib.scaling.pipeline:408] Stage 3: Loading Hugging Face autoencoder: stabilityai/sd-vae-ft-mse
2025-12-12 00:53:40 [INFO] [lib.scaling.methods:111] Loading Hugging Face autoencoder: stabilityai/sd-vae-ft-mse on cuda
2025-12-12 00:53:40 [DEBUG] [lib.scaling.methods:128] Attempting to load as standalone VAE (no subfolder)
2025-12-12 00:53:40 [DEBUG] [urllib3.connectionpool:1049] Starting new HTTPS connection (1): huggingface.co:443
2025-12-12 00:53:40 [DEBUG] [urllib3.connectionpool:544] https://huggingface.co:443 "HEAD /stabilityai/sd-vae-ft-mse/resolve/main/config.json HTTP/1.1" 307 0
2025-12-12 00:53:40 [DEBUG] [urllib3.connectionpool:544] https://huggingface.co:443 "HEAD /api/resolve-cache/models/stabilityai/sd-vae-ft-mse/31f26fdeee1355a5c34592e401dd41e45d25a493/config.json HTTP/1.1" 200 0
2025-12-12 00:53:41 [DEBUG] [urllib3.connectionpool:544] https://huggingface.co:443 "HEAD /stabilityai/sd-vae-ft-mse/resolve/31f26fdeee1355a5c34592e401dd41e45d25a493/diffusion_pytorch_model.safetensors.index.json HTTP/1.1" 404 0
2025-12-12 00:53:41 [INFO] [lib.scaling.methods:163] ✓ Loaded autoencoder: stabilityai/sd-vae-ft-mse
2025-12-12 00:53:41 [INFO] [lib.scaling.pipeline:410] ✓ Autoencoder loaded successfully
2025-12-12 00:53:42 [INFO] [lib.scaling.pipeline:429] Stage 3: Found 3244 existing scaled videos (resume mode)
2025-12-12 00:53:42 [INFO] [lib.scaling.pipeline:463] Stage 3: Processing videos in REVERSE order (from end to start)
2025-12-12 00:53:43 [INFO] [lib.scaling.pipeline:589] Scaling 1098601336923702_original.mp4 to 1098601336923702_original_scaled_original.mp4
2025-12-12 00:53:43 [DEBUG] [lib.scaling.pipeline:106] Video has 1246 frames, processing in chunks of 400
2025-12-12 00:53:43 [DEBUG] [lib.scaling.pipeline:122] Processing chunk 1/4 (frames 0-399)
2025-12-12 00:53:45 [DEBUG] [lib.augmentation.io:94] Loaded 400 frames from 1098601336923702_original.mp4 (frames 0-399)
2025-12-12 00:54:10 [DEBUG] [lib.scaling.pipeline:228] Saved chunk 1 with 400 frames
2025-12-12 00:54:10 [DEBUG] [lib.scaling.pipeline:122] Processing chunk 2/4 (frames 400-799)
2025-12-12 00:54:13 [DEBUG] [lib.augmentation.io:94] Loaded 400 frames from 1098601336923702_original.mp4 (frames 400-799)
2025-12-12 00:54:22 [DEBUG] [lib.scaling.pipeline:228] Saved chunk 2 with 400 frames
2025-12-12 00:54:22 [DEBUG] [lib.scaling.pipeline:122] Processing chunk 3/4 (frames 800-1199)
2025-12-12 00:54:25 [DEBUG] [lib.augmentation.io:94] Loaded 400 frames from 1098601336923702_original.mp4 (frames 800-1199)
2025-12-12 00:54:34 [DEBUG] [lib.scaling.pipeline:228] Saved chunk 3 with 400 frames
2025-12-12 00:54:35 [DEBUG] [lib.scaling.pipeline:122] Processing chunk 4/4 (frames 1200-1245)
2025-12-12 00:54:37 [DEBUG] [lib.augmentation.io:94] Loaded 46 frames from 1098601336923702_original.mp4 (frames 1200-1245)
2025-12-12 00:54:39 [DEBUG] [lib.scaling.pipeline:228] Saved chunk 4 with 46 frames
2025-12-12 00:54:39 [DEBUG] [lib.scaling.pipeline:238] Concatenating 4 chunks into final video...
2025-12-12 00:54:41 [INFO] [lib.scaling.pipeline:614] ✓ Scaled: 1098601336923702_original_scaled_original.mp4
2025-12-12 00:54:42 [INFO] [lib.scaling.pipeline:589] Scaling 1zR9zNSmH-A_original.mp4 to 1zR9zNSmH-A_original_scaled_original.mp4
2025-12-12 00:54:42 [DEBUG] [lib.scaling.pipeline:106] Video has 2324 frames, processing in chunks of 400
2025-12-12 00:54:42 [DEBUG] [lib.scaling.pipeline:122] Processing chunk 1/6 (frames 0-399)
2025-12-12 00:54:42 [DEBUG] [lib.augmentation.io:94] Loaded 400 frames from 1zR9zNSmH-A_original.mp4 (frames 0-399)
2025-12-12 00:54:52 [DEBUG] [lib.scaling.pipeline:228] Saved chunk 1 with 400 frames
2025-12-12 00:54:52 [DEBUG] [lib.scaling.pipeline:122] Processing chunk 2/6 (frames 400-799)
2025-12-12 00:54:52 [DEBUG] [lib.augmentation.io:94] Loaded 400 frames from 1zR9zNSmH-A_original.mp4 (frames 400-799)
2025-12-12 00:55:02 [DEBUG] [lib.scaling.pipeline:228] Saved chunk 2 with 400 frames
2025-12-12 00:55:02 [DEBUG] [lib.scaling.pipeline:122] Processing chunk 3/6 (frames 800-1199)
2025-12-12 00:55:02 [DEBUG] [lib.augmentation.io:94] Loaded 400 frames from 1zR9zNSmH-A_original.mp4 (frames 800-1199)
2025-12-12 00:55:12 [DEBUG] [lib.scaling.pipeline:228] Saved chunk 3 with 400 frames
2025-12-12 00:55:12 [DEBUG] [lib.scaling.pipeline:122] Processing chunk 4/6 (frames 1200-1599)
2025-12-12 00:55:13 [DEBUG] [lib.augmentation.io:94] Loaded 400 frames from 1zR9zNSmH-A_original.mp4 (frames 1200-1599)
2025-12-12 00:55:22 [DEBUG] [lib.scaling.pipeline:228] Saved chunk 4 with 400 frames
2025-12-12 00:55:22 [DEBUG] [lib.scaling.pipeline:122] Processing chunk 5/6 (frames 1600-1999)
2025-12-12 00:55:23 [DEBUG] [lib.augmentation.io:94] Loaded 400 frames from 1zR9zNSmH-A_original.mp4 (frames 1600-1999)
2025-12-12 00:55:33 [DEBUG] [lib.scaling.pipeline:228] Saved chunk 5 with 400 frames
2025-12-12 00:55:33 [DEBUG] [lib.scaling.pipeline:122] Processing chunk 6/6 (frames 2000-2323)
2025-12-12 00:55:34 [DEBUG] [lib.augmentation.io:94] Loaded 324 frames from 1zR9zNSmH-A_original.mp4 (frames 2000-2323)
2025-12-12 00:55:42 [DEBUG] [lib.scaling.pipeline:228] Saved chunk 6 with 324 frames
2025-12-12 00:55:42 [DEBUG] [lib.scaling.pipeline:238] Concatenating 6 chunks into final video...
2025-12-12 00:55:48 [INFO] [lib.scaling.pipeline:614] ✓ Scaled: 1zR9zNSmH-A_original_scaled_original.mp4
2025-12-12 00:55:48 [INFO] [lib.scaling.pipeline:589] Scaling MOeWw4rQn_w_original.mp4 to MOeWw4rQn_w_original_scaled_original.mp4
2025-12-12 00:55:49 [DEBUG] [lib.scaling.pipeline:106] Video has 1129 frames, processing in chunks of 400
2025-12-12 00:55:49 [DEBUG] [lib.scaling.pipeline:122] Processing chunk 1/3 (frames 0-399)
2025-12-12 00:55:49 [DEBUG] [lib.augmentation.io:94] Loaded 400 frames from MOeWw4rQn_w_original.mp4 (frames 0-399)
2025-12-12 00:55:59 [DEBUG] [lib.scaling.pipeline:228] Saved chunk 1 with 400 frames
2025-12-12 00:55:59 [DEBUG] [lib.scaling.pipeline:122] Processing chunk 2/3 (frames 400-799)
2025-12-12 00:55:59 [DEBUG] [lib.augmentation.io:94] Loaded 400 frames from MOeWw4rQn_w_original.mp4 (frames 400-799)
2025-12-12 00:56:08 [DEBUG] [lib.scaling.pipeline:228] Saved chunk 2 with 400 frames
2025-12-12 00:56:08 [DEBUG] [lib.scaling.pipeline:122] Processing chunk 3/3 (frames 800-1128)
2025-12-12 00:56:09 [DEBUG] [lib.augmentation.io:94] Loaded 329 frames from MOeWw4rQn_w_original.mp4 (frames 800-1128)
2025-12-12 00:56:16 [DEBUG] [lib.scaling.pipeline:228] Saved chunk 3 with 329 frames
2025-12-12 00:56:16 [DEBUG] [lib.scaling.pipeline:238] Concatenating 3 chunks into final video...
2025-12-12 00:56:19 [INFO] [lib.scaling.pipeline:614] ✓ Scaled: MOeWw4rQn_w_original_scaled_original.mp4
2025-12-12 00:56:19 [INFO] [lib.scaling.pipeline:589] Scaling 0EqX6HZKak4_original.mp4 to 0EqX6HZKak4_original_scaled_original.mp4
2025-12-12 00:56:20 [DEBUG] [lib.scaling.pipeline:106] Video has 3006 frames, processing in chunks of 400
2025-12-12 00:56:20 [DEBUG] [lib.scaling.pipeline:122] Processing chunk 1/8 (frames 0-399)
2025-12-12 00:56:20 [DEBUG] [lib.augmentation.io:94] Loaded 400 frames from 0EqX6HZKak4_original.mp4 (frames 0-399)
2025-12-12 00:56:29 [DEBUG] [lib.scaling.pipeline:228] Saved chunk 1 with 400 frames
2025-12-12 00:56:30 [DEBUG] [lib.scaling.pipeline:122] Processing chunk 2/8 (frames 400-799)
2025-12-12 00:56:30 [DEBUG] [lib.augmentation.io:94] Loaded 400 frames from 0EqX6HZKak4_original.mp4 (frames 400-799)
2025-12-12 00:56:40 [DEBUG] [lib.scaling.pipeline:228] Saved chunk 2 with 400 frames
2025-12-12 00:56:40 [DEBUG] [lib.scaling.pipeline:122] Processing chunk 3/8 (frames 800-1199)
2025-12-12 00:56:40 [DEBUG] [lib.augmentation.io:94] Loaded 400 frames from 0EqX6HZKak4_original.mp4 (frames 800-1199)
2025-12-12 00:56:50 [DEBUG] [lib.scaling.pipeline:228] Saved chunk 3 with 400 frames
2025-12-12 00:56:50 [DEBUG] [lib.scaling.pipeline:122] Processing chunk 4/8 (frames 1200-1599)
2025-12-12 00:56:51 [DEBUG] [lib.augmentation.io:94] Loaded 400 frames from 0EqX6HZKak4_original.mp4 (frames 1200-1599)
2025-12-12 00:57:00 [DEBUG] [lib.scaling.pipeline:228] Saved chunk 4 with 400 frames
2025-12-12 00:57:01 [DEBUG] [lib.scaling.pipeline:122] Processing chunk 5/8 (frames 1600-1999)
2025-12-12 00:57:01 [DEBUG] [lib.augmentation.io:94] Loaded 400 frames from 0EqX6HZKak4_original.mp4 (frames 1600-1999)
2025-12-12 00:57:11 [DEBUG] [lib.scaling.pipeline:228] Saved chunk 5 with 400 frames
2025-12-12 00:57:11 [DEBUG] [lib.scaling.pipeline:122] Processing chunk 6/8 (frames 2000-2399)
2025-12-12 00:57:12 [DEBUG] [lib.augmentation.io:94] Loaded 400 frames from 0EqX6HZKak4_original.mp4 (frames 2000-2399)
2025-12-12 00:57:22 [DEBUG] [lib.scaling.pipeline:228] Saved chunk 6 with 400 frames
2025-12-12 00:57:22 [DEBUG] [lib.scaling.pipeline:122] Processing chunk 7/8 (frames 2400-2799)
2025-12-12 00:57:23 [DEBUG] [lib.augmentation.io:94] Loaded 400 frames from 0EqX6HZKak4_original.mp4 (frames 2400-2799)
2025-12-12 00:57:32 [DEBUG] [lib.scaling.pipeline:228] Saved chunk 7 with 400 frames
2025-12-12 00:57:33 [DEBUG] [lib.scaling.pipeline:122] Processing chunk 8/8 (frames 2800-3005)
2025-12-12 00:57:34 [DEBUG] [lib.augmentation.io:94] Loaded 206 frames from 0EqX6HZKak4_original.mp4 (frames 2800-3005)
2025-12-12 00:57:39 [DEBUG] [lib.scaling.pipeline:228] Saved chunk 8 with 206 frames
2025-12-12 00:57:40 [DEBUG] [lib.scaling.pipeline:238] Concatenating 8 chunks into final video...
2025-12-12 00:57:48 [INFO] [lib.scaling.pipeline:614] ✓ Scaled: 0EqX6HZKak4_original_scaled_original.mp4
2025-12-12 00:57:48 [INFO] [lib.scaling.pipeline:589] Scaling 164084910662284_aug9.mp4 to 164084910662284_aug9_scaled_aug9.mp4
2025-12-12 00:57:48 [DEBUG] [lib.scaling.pipeline:106] Video has 3484 frames, processing in chunks of 400
2025-12-12 00:57:48 [DEBUG] [lib.scaling.pipeline:122] Processing chunk 1/9 (frames 0-399)
2025-12-12 00:57:49 [DEBUG] [lib.augmentation.io:94] Loaded 400 frames from 164084910662284_aug9.mp4 (frames 0-399)
2025-12-12 00:57:58 [DEBUG] [lib.scaling.pipeline:228] Saved chunk 1 with 400 frames
2025-12-12 00:57:58 [DEBUG] [lib.scaling.pipeline:122] Processing chunk 2/9 (frames 400-799)
2025-12-12 00:57:58 [DEBUG] [lib.augmentation.io:94] Loaded 400 frames from 164084910662284_aug9.mp4 (frames 400-799)
2025-12-12 00:58:07 [DEBUG] [lib.scaling.pipeline:228] Saved chunk 2 with 400 frames
2025-12-12 00:58:08 [DEBUG] [lib.scaling.pipeline:122] Processing chunk 3/9 (frames 800-1199)
2025-12-12 00:58:08 [DEBUG] [lib.augmentation.io:94] Loaded 400 frames from 164084910662284_aug9.mp4 (frames 800-1199)
2025-12-12 00:58:17 [DEBUG] [lib.scaling.pipeline:228] Saved chunk 3 with 400 frames
2025-12-12 00:58:17 [DEBUG] [lib.scaling.pipeline:122] Processing chunk 4/9 (frames 1200-1599)
2025-12-12 00:58:17 [DEBUG] [lib.augmentation.io:94] Loaded 400 frames from 164084910662284_aug9.mp4 (frames 1200-1599)
2025-12-12 00:58:26 [DEBUG] [lib.scaling.pipeline:228] Saved chunk 4 with 400 frames
2025-12-12 00:58:27 [DEBUG] [lib.scaling.pipeline:122] Processing chunk 5/9 (frames 1600-1999)
2025-12-12 00:58:27 [DEBUG] [lib.augmentation.io:94] Loaded 400 frames from 164084910662284_aug9.mp4 (frames 1600-1999)
2025-12-12 00:58:36 [DEBUG] [lib.scaling.pipeline:228] Saved chunk 5 with 400 frames
2025-12-12 00:58:37 [DEBUG] [lib.scaling.pipeline:122] Processing chunk 6/9 (frames 2000-2399)
2025-12-12 00:58:37 [DEBUG] [lib.augmentation.io:94] Loaded 400 frames from 164084910662284_aug9.mp4 (frames 2000-2399)
2025-12-12 00:58:47 [DEBUG] [lib.scaling.pipeline:228] Saved chunk 6 with 400 frames
2025-12-12 00:58:47 [DEBUG] [lib.scaling.pipeline:122] Processing chunk 7/9 (frames 2400-2799)
2025-12-12 00:58:47 [DEBUG] [lib.augmentation.io:94] Loaded 400 frames from 164084910662284_aug9.mp4 (frames 2400-2799)
2025-12-12 00:58:57 [DEBUG] [lib.scaling.pipeline:228] Saved chunk 7 with 400 frames
2025-12-12 00:58:57 [DEBUG] [lib.scaling.pipeline:122] Processing chunk 8/9 (frames 2800-3199)
2025-12-12 00:58:58 [DEBUG] [lib.augmentation.io:94] Loaded 400 frames from 164084910662284_aug9.mp4 (frames 2800-3199)
2025-12-12 00:59:07 [DEBUG] [lib.scaling.pipeline:228] Saved chunk 8 with 400 frames
2025-12-12 00:59:08 [DEBUG] [lib.scaling.pipeline:122] Processing chunk 9/9 (frames 3200-3483)
2025-12-12 00:59:08 [DEBUG] [lib.augmentation.io:94] Loaded 284 frames from 164084910662284_aug9.mp4 (frames 3200-3483)
2025-12-12 00:59:15 [DEBUG] [lib.scaling.pipeline:228] Saved chunk 9 with 284 frames
2025-12-12 00:59:16 [DEBUG] [lib.scaling.pipeline:238] Concatenating 9 chunks into final video...
2025-12-12 00:59:22 [INFO] [lib.scaling.pipeline:614] ✓ Scaled: 164084910662284_aug9_scaled_aug9.mp4
2025-12-12 00:59:23 [INFO] [lib.scaling.pipeline:589] Scaling 164084910662284_aug8.mp4 to 164084910662284_aug8_scaled_aug8.mp4
2025-12-12 00:59:23 [DEBUG] [lib.scaling.pipeline:106] Video has 3484 frames, processing in chunks of 400
2025-12-12 00:59:23 [DEBUG] [lib.scaling.pipeline:122] Processing chunk 1/9 (frames 0-399)
2025-12-12 00:59:23 [DEBUG] [lib.augmentation.io:94] Loaded 400 frames from 164084910662284_aug8.mp4 (frames 0-399)
2025-12-12 00:59:32 [DEBUG] [lib.scaling.pipeline:228] Saved chunk 1 with 400 frames
2025-12-12 00:59:32 [DEBUG] [lib.scaling.pipeline:122] Processing chunk 2/9 (frames 400-799)
2025-12-12 00:59:33 [DEBUG] [lib.augmentation.io:94] Loaded 400 frames from 164084910662284_aug8.mp4 (frames 400-799)
2025-12-12 00:59:42 [DEBUG] [lib.scaling.pipeline:228] Saved chunk 2 with 400 frames
2025-12-12 00:59:42 [DEBUG] [lib.scaling.pipeline:122] Processing chunk 3/9 (frames 800-1199)
2025-12-12 00:59:42 [DEBUG] [lib.augmentation.io:94] Loaded 400 frames from 164084910662284_aug8.mp4 (frames 800-1199)
2025-12-12 00:59:51 [DEBUG] [lib.scaling.pipeline:228] Saved chunk 3 with 400 frames
2025-12-12 00:59:52 [DEBUG] [lib.scaling.pipeline:122] Processing chunk 4/9 (frames 1200-1599)
2025-12-12 00:59:52 [DEBUG] [lib.augmentation.io:94] Loaded 400 frames from 164084910662284_aug8.mp4 (frames 1200-1599)
2025-12-12 01:00:01 [DEBUG] [lib.scaling.pipeline:228] Saved chunk 4 with 400 frames
2025-12-12 01:00:01 [DEBUG] [lib.scaling.pipeline:122] Processing chunk 5/9 (frames 1600-1999)
2025-12-12 01:00:01 [DEBUG] [lib.augmentation.io:94] Loaded 400 frames from 164084910662284_aug8.mp4 (frames 1600-1999)
2025-12-12 01:00:10 [DEBUG] [lib.scaling.pipeline:228] Saved chunk 5 with 400 frames
2025-12-12 01:00:11 [DEBUG] [lib.scaling.pipeline:122] Processing chunk 6/9 (frames 2000-2399)
2025-12-12 01:00:11 [DEBUG] [lib.augmentation.io:94] Loaded 400 frames from 164084910662284_aug8.mp4 (frames 2000-2399)
2025-12-12 01:00:20 [DEBUG] [lib.scaling.pipeline:228] Saved chunk 6 with 400 frames
2025-12-12 01:00:21 [DEBUG] [lib.scaling.pipeline:122] Processing chunk 7/9 (frames 2400-2799)
2025-12-12 01:00:21 [DEBUG] [lib.augmentation.io:94] Loaded 400 frames from 164084910662284_aug8.mp4 (frames 2400-2799)
2025-12-12 01:00:30 [DEBUG] [lib.scaling.pipeline:228] Saved chunk 7 with 400 frames
2025-12-12 01:00:30 [DEBUG] [lib.scaling.pipeline:122] Processing chunk 8/9 (frames 2800-3199)
2025-12-12 01:00:31 [DEBUG] [lib.augmentation.io:94] Loaded 400 frames from 164084910662284_aug8.mp4 (frames 2800-3199)
2025-12-12 01:00:40 [DEBUG] [lib.scaling.pipeline:228] Saved chunk 8 with 400 frames
2025-12-12 01:00:40 [DEBUG] [lib.scaling.pipeline:122] Processing chunk 9/9 (frames 3200-3483)
2025-12-12 01:00:41 [DEBUG] [lib.augmentation.io:94] Loaded 284 frames from 164084910662284_aug8.mp4 (frames 3200-3483)
2025-12-12 01:00:48 [DEBUG] [lib.scaling.pipeline:228] Saved chunk 9 with 284 frames
2025-12-12 01:00:48 [DEBUG] [lib.scaling.pipeline:238] Concatenating 9 chunks into final video...
2025-12-12 01:00:55 [INFO] [lib.scaling.pipeline:614] ✓ Scaled: 164084910662284_aug8_scaled_aug8.mp4
2025-12-12 01:00:55 [INFO] [lib.scaling.pipeline:589] Scaling 164084910662284_aug7.mp4 to 164084910662284_aug7_scaled_aug7.mp4
2025-12-12 01:00:55 [DEBUG] [lib.scaling.pipeline:106] Video has 3484 frames, processing in chunks of 400
2025-12-12 01:00:55 [DEBUG] [lib.scaling.pipeline:122] Processing chunk 1/9 (frames 0-399)
2025-12-12 01:00:55 [DEBUG] [lib.augmentation.io:94] Loaded 400 frames from 164084910662284_aug7.mp4 (frames 0-399)
2025-12-12 01:01:05 [DEBUG] [lib.scaling.pipeline:228] Saved chunk 1 with 400 frames
2025-12-12 01:01:06 [DEBUG] [lib.scaling.pipeline:122] Processing chunk 2/9 (frames 400-799)
2025-12-12 01:01:06 [DEBUG] [lib.augmentation.io:94] Loaded 400 frames from 164084910662284_aug7.mp4 (frames 400-799)
2025-12-12 01:01:15 [DEBUG] [lib.scaling.pipeline:228] Saved chunk 2 with 400 frames
2025-12-12 01:01:16 [DEBUG] [lib.scaling.pipeline:122] Processing chunk 3/9 (frames 800-1199)
2025-12-12 01:01:16 [DEBUG] [lib.augmentation.io:94] Loaded 400 frames from 164084910662284_aug7.mp4 (frames 800-1199)
2025-12-12 01:01:26 [DEBUG] [lib.scaling.pipeline:228] Saved chunk 3 with 400 frames
2025-12-12 01:01:26 [DEBUG] [lib.scaling.pipeline:122] Processing chunk 4/9 (frames 1200-1599)
2025-12-12 01:01:26 [DEBUG] [lib.augmentation.io:94] Loaded 400 frames from 164084910662284_aug7.mp4 (frames 1200-1599)
2025-12-12 01:01:36 [DEBUG] [lib.scaling.pipeline:228] Saved chunk 4 with 400 frames
2025-12-12 01:01:36 [DEBUG] [lib.scaling.pipeline:122] Processing chunk 5/9 (frames 1600-1999)
2025-12-12 01:01:36 [DEBUG] [lib.augmentation.io:94] Loaded 400 frames from 164084910662284_aug7.mp4 (frames 1600-1999)
2025-12-12 01:01:46 [DEBUG] [lib.scaling.pipeline:228] Saved chunk 5 with 400 frames
2025-12-12 01:01:46 [DEBUG] [lib.scaling.pipeline:122] Processing chunk 6/9 (frames 2000-2399)
2025-12-12 01:01:46 [DEBUG] [lib.augmentation.io:94] Loaded 400 frames from 164084910662284_aug7.mp4 (frames 2000-2399)
2025-12-12 01:01:56 [DEBUG] [lib.scaling.pipeline:228] Saved chunk 6 with 400 frames
2025-12-12 01:01:56 [DEBUG] [lib.scaling.pipeline:122] Processing chunk 7/9 (frames 2400-2799)
2025-12-12 01:01:57 [DEBUG] [lib.augmentation.io:94] Loaded 400 frames from 164084910662284_aug7.mp4 (frames 2400-2799)
2025-12-12 01:02:06 [DEBUG] [lib.scaling.pipeline:228] Saved chunk 7 with 400 frames
2025-12-12 01:02:06 [DEBUG] [lib.scaling.pipeline:122] Processing chunk 8/9 (frames 2800-3199)
2025-12-12 01:02:07 [DEBUG] [lib.augmentation.io:94] Loaded 400 frames from 164084910662284_aug7.mp4 (frames 2800-3199)
2025-12-12 01:02:16 [DEBUG] [lib.scaling.pipeline:228] Saved chunk 8 with 400 frames
2025-12-12 01:02:17 [DEBUG] [lib.scaling.pipeline:122] Processing chunk 9/9 (frames 3200-3483)
2025-12-12 01:02:17 [DEBUG] [lib.augmentation.io:94] Loaded 284 frames from 164084910662284_aug7.mp4 (frames 3200-3483)
2025-12-12 01:02:24 [DEBUG] [lib.scaling.pipeline:228] Saved chunk 9 with 284 frames
2025-12-12 01:02:24 [DEBUG] [lib.scaling.pipeline:238] Concatenating 9 chunks into final video...
2025-12-12 01:02:33 [INFO] [lib.scaling.pipeline:614] ✓ Scaled: 164084910662284_aug7_scaled_aug7.mp4
2025-12-12 01:02:34 [INFO] [lib.scaling.pipeline:589] Scaling 164084910662284_aug6.mp4 to 164084910662284_aug6_scaled_aug6.mp4
2025-12-12 01:02:34 [DEBUG] [lib.scaling.pipeline:106] Video has 3484 frames, processing in chunks of 400
2025-12-12 01:02:34 [DEBUG] [lib.scaling.pipeline:122] Processing chunk 1/9 (frames 0-399)
2025-12-12 01:02:34 [DEBUG] [lib.augmentation.io:94] Loaded 400 frames from 164084910662284_aug6.mp4 (frames 0-399)
2025-12-12 01:02:43 [DEBUG] [lib.scaling.pipeline:228] Saved chunk 1 with 400 frames
2025-12-12 01:02:44 [DEBUG] [lib.scaling.pipeline:122] Processing chunk 2/9 (frames 400-799)
2025-12-12 01:02:44 [DEBUG] [lib.augmentation.io:94] Loaded 400 frames from 164084910662284_aug6.mp4 (frames 400-799)
2025-12-12 01:02:53 [DEBUG] [lib.scaling.pipeline:228] Saved chunk 2 with 400 frames
2025-12-12 01:02:54 [DEBUG] [lib.scaling.pipeline:122] Processing chunk 3/9 (frames 800-1199)
2025-12-12 01:02:54 [DEBUG] [lib.augmentation.io:94] Loaded 400 frames from 164084910662284_aug6.mp4 (frames 800-1199)
2025-12-12 01:03:03 [DEBUG] [lib.scaling.pipeline:228] Saved chunk 3 with 400 frames
2025-12-12 01:03:03 [DEBUG] [lib.scaling.pipeline:122] Processing chunk 4/9 (frames 1200-1599)
2025-12-12 01:03:04 [DEBUG] [lib.augmentation.io:94] Loaded 400 frames from 164084910662284_aug6.mp4 (frames 1200-1599)
2025-12-12 01:03:13 [DEBUG] [lib.scaling.pipeline:228] Saved chunk 4 with 400 frames
2025-12-12 01:03:14 [DEBUG] [lib.scaling.pipeline:122] Processing chunk 5/9 (frames 1600-1999)
2025-12-12 01:03:14 [DEBUG] [lib.augmentation.io:94] Loaded 400 frames from 164084910662284_aug6.mp4 (frames 1600-1999)
